[2024-12-01T12:44:20.939+0000] {local_task_job_runner.py:123} INFO - ::group::Pre task execution logs
[2024-12-01T12:44:20.952+0000] {taskinstance.py:2613} INFO - Dependencies all met for dep_context=non-requeueable deps ti=<TaskInstance: retreival_x_data.hashtag_retreive manual__2024-12-01T12:44:19.332677+00:00 [queued]>
[2024-12-01T12:44:20.958+0000] {taskinstance.py:2613} INFO - Dependencies all met for dep_context=requeueable deps ti=<TaskInstance: retreival_x_data.hashtag_retreive manual__2024-12-01T12:44:19.332677+00:00 [queued]>
[2024-12-01T12:44:20.959+0000] {taskinstance.py:2866} INFO - Starting attempt 1 of 1
[2024-12-01T12:44:20.971+0000] {taskinstance.py:2889} INFO - Executing <Task(PythonOperator): hashtag_retreive> on 2024-12-01 12:44:19.332677+00:00
[2024-12-01T12:44:20.979+0000] {warnings.py:112} WARNING - /home/***/.local/lib/python3.12/site-packages/***/task/task_runner/standard_task_runner.py:70: DeprecationWarning: This process (pid=1010) is multi-threaded, use of fork() may lead to deadlocks in the child.
  pid = os.fork()

[2024-12-01T12:44:20.980+0000] {standard_task_runner.py:72} INFO - Started process 1012 to run task
[2024-12-01T12:44:20.980+0000] {standard_task_runner.py:104} INFO - Running: ['***', 'tasks', 'run', 'retreival_x_data', 'hashtag_retreive', 'manual__2024-12-01T12:44:19.332677+00:00', '--job-id', '69', '--raw', '--subdir', 'DAGS_FOLDER/retreive_data.py', '--cfg-path', '/tmp/tmpceiyxv0_']
[2024-12-01T12:44:20.981+0000] {standard_task_runner.py:105} INFO - Job 69: Subtask hashtag_retreive
[2024-12-01T12:44:21.016+0000] {task_command.py:467} INFO - Running <TaskInstance: retreival_x_data.hashtag_retreive manual__2024-12-01T12:44:19.332677+00:00 [running]> on host e824da4198b6
[2024-12-01T12:44:21.077+0000] {taskinstance.py:3132} INFO - Exporting env vars: AIRFLOW_CTX_DAG_OWNER='nou' AIRFLOW_CTX_DAG_ID='retreival_x_data' AIRFLOW_CTX_TASK_ID='hashtag_retreive' AIRFLOW_CTX_EXECUTION_DATE='2024-12-01T12:44:19.332677+00:00' AIRFLOW_CTX_TRY_NUMBER='1' AIRFLOW_CTX_DAG_RUN_ID='manual__2024-12-01T12:44:19.332677+00:00'
[2024-12-01T12:44:21.079+0000] {logging_mixin.py:190} INFO - Task instance is in running state
[2024-12-01T12:44:21.079+0000] {logging_mixin.py:190} INFO -  Previous state of the Task instance: queued
[2024-12-01T12:44:21.079+0000] {logging_mixin.py:190} INFO - Current task name:hashtag_retreive state:running start_date:2024-12-01 12:44:20.953520+00:00
[2024-12-01T12:44:21.079+0000] {logging_mixin.py:190} INFO - Dag name:retreival_x_data and current dag run status:running
[2024-12-01T12:44:21.080+0000] {taskinstance.py:731} INFO - ::endgroup::
[2024-12-01T12:44:22.191+0000] {logging_mixin.py:190} INFO - CompletedProcess(args=['python', '/opt/***/dags/selenium_twitter_scraper_master/scraper', 'ht==stocks'], returncode=1, stdout='', stderr='Traceback (most recent call last):\n  File "<frozen runpy>", line 198, in _run_module_as_main\n  File "<frozen runpy>", line 88, in _run_code\n  File "/opt/***/dags/selenium_twitter_scraper_master/scraper/__main__.py", line 7, in <module>\n    from twitter_scraper import Twitter_Scraper\n  File "/opt/***/dags/selenium_twitter_scraper_master/scraper/twitter_scraper.py", line 6, in <module>\n    from tweet import Tweet\n  File "/opt/***/dags/selenium_twitter_scraper_master/scraper/tweet.py", line 2, in <module>\n    from selenium.common.exceptions import (\nModuleNotFoundError: No module named \'selenium\'\n')
[2024-12-01T12:44:22.192+0000] {logging_mixin.py:190} INFO - Traceback (most recent call last):
  File "<frozen runpy>", line 198, in _run_module_as_main
  File "<frozen runpy>", line 88, in _run_code
  File "/opt/***/dags/selenium_twitter_scraper_master/scraper/__main__.py", line 7, in <module>
    from twitter_scraper import Twitter_Scraper
  File "/opt/***/dags/selenium_twitter_scraper_master/scraper/twitter_scraper.py", line 6, in <module>
    from tweet import Tweet
  File "/opt/***/dags/selenium_twitter_scraper_master/scraper/tweet.py", line 2, in <module>
    from selenium.common.exceptions import (
ModuleNotFoundError: No module named 'selenium'
[2024-12-01T12:44:22.192+0000] {logging_mixin.py:190} INFO - rer
[2024-12-01T12:44:22.192+0000] {python.py:240} INFO - Done. Returned value was: None
[2024-12-01T12:44:22.201+0000] {taskinstance.py:340} INFO - ::group::Post task execution logs
[2024-12-01T12:44:22.201+0000] {taskinstance.py:352} INFO - Marking task as SUCCESS. dag_id=retreival_x_data, task_id=hashtag_retreive, run_id=manual__2024-12-01T12:44:19.332677+00:00, execution_date=20241201T124419, start_date=20241201T124420, end_date=20241201T124422
[2024-12-01T12:44:22.210+0000] {logging_mixin.py:190} INFO - Task instance in success state
[2024-12-01T12:44:22.210+0000] {logging_mixin.py:190} INFO -  Previous state of the Task instance: running
[2024-12-01T12:44:22.210+0000] {logging_mixin.py:190} INFO - Dag name:retreival_x_data queued_at:2024-12-01 12:44:19.346964+00:00
[2024-12-01T12:44:22.211+0000] {logging_mixin.py:190} INFO - Task hostname:e824da4198b6 operator:PythonOperator
[2024-12-01T12:44:22.239+0000] {local_task_job_runner.py:266} INFO - Task exited with return code 0
[2024-12-01T12:44:22.251+0000] {taskinstance.py:3895} INFO - 0 downstream tasks scheduled from follow-on schedule check
[2024-12-01T12:44:22.253+0000] {local_task_job_runner.py:245} INFO - ::endgroup::
