[2024-12-02T14:42:30.972+0000] {local_task_job_runner.py:123} INFO - ::group::Pre task execution logs
[2024-12-02T14:42:30.996+0000] {taskinstance.py:2613} INFO - Dependencies all met for dep_context=non-requeueable deps ti=<TaskInstance: retreival_x_data.hashtag_retreive scheduled__2024-12-01T00:00:00+00:00 [queued]>
[2024-12-02T14:42:31.022+0000] {taskinstance.py:2613} INFO - Dependencies all met for dep_context=requeueable deps ti=<TaskInstance: retreival_x_data.hashtag_retreive scheduled__2024-12-01T00:00:00+00:00 [queued]>
[2024-12-02T14:42:31.022+0000] {taskinstance.py:2866} INFO - Starting attempt 1 of 1
[2024-12-02T14:42:31.046+0000] {taskinstance.py:2889} INFO - Executing <Task(PythonOperator): hashtag_retreive> on 2024-12-01 00:00:00+00:00
[2024-12-02T14:42:31.196+0000] {warnings.py:112} WARNING - /home/***/.local/lib/python3.12/site-packages/***/task/task_runner/standard_task_runner.py:70: DeprecationWarning: This process (pid=80) is multi-threaded, use of fork() may lead to deadlocks in the child.
  pid = os.fork()

[2024-12-02T14:42:31.199+0000] {standard_task_runner.py:72} INFO - Started process 83 to run task
[2024-12-02T14:42:31.200+0000] {standard_task_runner.py:104} INFO - Running: ['***', 'tasks', 'run', 'retreival_x_data', 'hashtag_retreive', 'scheduled__2024-12-01T00:00:00+00:00', '--job-id', '103', '--raw', '--subdir', 'DAGS_FOLDER/retreive_data.py', '--cfg-path', '/tmp/tmp9th2_ed0']
[2024-12-02T14:42:31.202+0000] {standard_task_runner.py:105} INFO - Job 103: Subtask hashtag_retreive
[2024-12-02T14:42:31.260+0000] {task_command.py:467} INFO - Running <TaskInstance: retreival_x_data.hashtag_retreive scheduled__2024-12-01T00:00:00+00:00 [running]> on host 3903981c8fb7
[2024-12-02T14:42:31.376+0000] {taskinstance.py:3132} INFO - Exporting env vars: AIRFLOW_CTX_DAG_OWNER='nou' AIRFLOW_CTX_DAG_ID='retreival_x_data' AIRFLOW_CTX_TASK_ID='hashtag_retreive' AIRFLOW_CTX_EXECUTION_DATE='2024-12-01T00:00:00+00:00' AIRFLOW_CTX_TRY_NUMBER='1' AIRFLOW_CTX_DAG_RUN_ID='scheduled__2024-12-01T00:00:00+00:00'
[2024-12-02T14:42:31.378+0000] {logging_mixin.py:190} INFO - Task instance is in running state
[2024-12-02T14:42:31.379+0000] {logging_mixin.py:190} INFO -  Previous state of the Task instance: queued
[2024-12-02T14:42:31.380+0000] {logging_mixin.py:190} INFO - Current task name:hashtag_retreive state:running start_date:2024-12-02 14:42:30.996859+00:00
[2024-12-02T14:42:31.381+0000] {logging_mixin.py:190} INFO - Dag name:retreival_x_data and current dag run status:running
[2024-12-02T14:42:31.381+0000] {taskinstance.py:731} INFO - ::endgroup::
[2024-12-02T14:42:31.382+0000] {logging_mixin.py:190} INFO - finsihed task
[2024-12-02T14:43:30.049+0000] {logging_mixin.py:190} INFO - Loading .env file
Loaded .env file


Initializing Twitter Scraper...
Failed to connect to Kafka broker: NoBrokersAvailable
Setup WebDriver...
Initializing FirefoxDriver...
WebDriver Setup Complete

Logging in to Twitter...

Login Successful

Scraping Latest Tweets from stocks invest finance min_faves:1000 search...

Progress: [[----------------------------------------]] 0.00% 0 of 50                                                  
Progress: [[----------------------------------------]] 0.00% 0 of 50                                                  @FluentInFinance
scraping 1825584512257896522 comments
Initializing Twitter Scraper...
Failed to connect to Kafka broker: NoBrokersAvailable
Scraping Tweets from Home...

Progress: [[----------------------------------------]] 0.00% 0 of 3                                                  @FluentInFinance
comment: 1825631616946913763 of https://x.com/FluentInFinance/status/1825584512257896522

Progress: [[=============---------------------------]] 33.33% 1 of 3                                                  @Bernou11i
comment: 1825629036099391970 of https://x.com/FluentInFinance/status/1825584512257896522

Progress: [[==========================--------------]] 66.67% 2 of 3                                                  @DJ1P2
comment: 1825618641938956616 of https://x.com/FluentInFinance/status/1825584512257896522

Progress: [[========================================]] 100.00% 3 of 3                                                  

Error scraping tweets: 'Twitter_Scraper' object has no attribute 'producer'

Scraping Complete
Tweets: 3 out of 3

Saving Tweets to CSV...
comments data self: [{'Name': 'Andrew Lokenauth | TheFinanceNewsletter.com', 'Handle': '@FluentInFinance', 'Timestamp': '2024-08-19T20:31:10.000Z', 'Verified': True, 'Content': "If you liked this post, you'll enjoy my weekly newsletter ― Join 50,000+ readers and sign-up at http://TheFinanceNewsletter.com!", 'Comments': None, 'Retweets': '0', 'Likes': '1', 'Analytics': '12K', 'Tags': [], 'Mentions': [], 'Emojis': [], 'Profile Image': 'https://pbs.twimg.com/profile_images/1747282104990175232/DSMtFE0E_normal.jpg', 'Tweet Link': 'https://x.com/FluentInFinance/status/1825631616946913763', 'Tweet ID': 'tweet_id:1825631616946913763'}, {'Name': 'Moon Doge', 'Handle': '@Bernou11i', 'Timestamp': '2024-08-19T20:20:55.000Z', 'Verified': False, 'Content': 'Folks going to RiteAid and Blockbuster said this too', 'Comments': None, 'Retweets': '0', 'Likes': '1', 'Analytics': '63', 'Tags': [], 'Mentions': [], 'Emojis': [], 'Profile Image': 'https://pbs.twimg.com/profile_images/1562774850707640320/FhDAhnh7_normal.jpg', 'Tweet Link': 'https://x.com/Bernou11i/status/1825629036099391970', 'Tweet ID': 'tweet_id:1825629036099391970'}, {'Name': 'DazzP', 'Handle': '@DJ1P2', 'Timestamp': '2024-08-19T19:39:37.000Z', 'Verified': False, 'Content': 'Yes sir. Great philosophy. \nMy only challenge now is moving to  radio or Argentina so I can use MELI , as it’s my second largest holding', 'Comments': None, 'Retweets': '0', 'Likes': '1', 'Analytics': '62', 'Tags': [], 'Mentions': [], 'Emojis': ['\\U0001f923'], 'Profile Image': 'https://pbs.twimg.com/profile_images/1648666701129728001/1eqH9j-o_normal.jpg', 'Tweet Link': 'https://x.com/DJ1P2/status/1825618641938956616', 'Tweet ID': 'tweet_id:1825618641938956616'}]


Error scraping tweets: 'Twitter_Scraper' object has no attribute 'producer'

Scraping Incomplete
Tweets: 1 out of 50

Saving Tweets to CSV...
[2024-12-02T14:43:30.110+0000] {logging_mixin.py:190} INFO - The geckodriver version (0.32.0) detected in PATH at /usr/local/bin/geckodriver might not be compatible with the detected firefox version (133.0); currently, geckodriver 0.35.0 is recommended for firefox 133.*, so it is advised to delete the driver in PATH and retry
[2024-12-02T14:43:30.113+0000] {logging_mixin.py:190} INFO - finsihed task
[2024-12-02T14:43:30.125+0000] {python.py:240} INFO - Done. Returned value was: None
[2024-12-02T14:43:30.621+0000] {taskinstance.py:340} INFO - ::group::Post task execution logs
[2024-12-02T14:43:30.647+0000] {taskinstance.py:352} INFO - Marking task as SUCCESS. dag_id=retreival_x_data, task_id=hashtag_retreive, run_id=scheduled__2024-12-01T00:00:00+00:00, execution_date=20241201T000000, start_date=20241202T144230, end_date=20241202T144330
[2024-12-02T14:43:30.969+0000] {logging_mixin.py:190} INFO - Task instance in success state
[2024-12-02T14:43:30.970+0000] {logging_mixin.py:190} INFO -  Previous state of the Task instance: running
[2024-12-02T14:43:30.972+0000] {logging_mixin.py:190} INFO - Dag name:retreival_x_data queued_at:2024-12-02 14:42:15.045363+00:00
[2024-12-02T14:43:30.972+0000] {logging_mixin.py:190} INFO - Task hostname:3903981c8fb7 operator:PythonOperator
[2024-12-02T14:43:31.170+0000] {local_task_job_runner.py:266} INFO - Task exited with return code 0
[2024-12-02T14:43:31.602+0000] {taskinstance.py:3895} INFO - 0 downstream tasks scheduled from follow-on schedule check
[2024-12-02T14:43:31.621+0000] {local_task_job_runner.py:245} INFO - ::endgroup::
[2024-12-02T14:43:31.704+0000] {standard_task_runner.py:217} INFO - Process not found (most likely exited), stop collecting metrics
