[2024-12-01T23:42:03.609+0000] {local_task_job_runner.py:123} INFO - ::group::Pre task execution logs
[2024-12-01T23:42:03.630+0000] {taskinstance.py:2613} INFO - Dependencies all met for dep_context=non-requeueable deps ti=<TaskInstance: retreival_x_data.hashtag_retreive manual__2024-12-01T23:41:54.180249+00:00 [queued]>
[2024-12-01T23:42:03.642+0000] {taskinstance.py:2613} INFO - Dependencies all met for dep_context=requeueable deps ti=<TaskInstance: retreival_x_data.hashtag_retreive manual__2024-12-01T23:41:54.180249+00:00 [queued]>
[2024-12-01T23:42:03.643+0000] {taskinstance.py:2866} INFO - Starting attempt 1 of 1
[2024-12-01T23:42:03.674+0000] {taskinstance.py:2889} INFO - Executing <Task(PythonOperator): hashtag_retreive> on 2024-12-01 23:41:54.180249+00:00
[2024-12-01T23:42:03.690+0000] {warnings.py:112} WARNING - /home/***/.local/lib/python3.12/site-packages/***/task/task_runner/standard_task_runner.py:70: DeprecationWarning: This process (pid=132) is multi-threaded, use of fork() may lead to deadlocks in the child.
  pid = os.fork()

[2024-12-01T23:42:03.692+0000] {standard_task_runner.py:72} INFO - Started process 142 to run task
[2024-12-01T23:42:03.692+0000] {standard_task_runner.py:104} INFO - Running: ['***', 'tasks', 'run', 'retreival_x_data', 'hashtag_retreive', 'manual__2024-12-01T23:41:54.180249+00:00', '--job-id', '100', '--raw', '--subdir', 'DAGS_FOLDER/retreive_data.py', '--cfg-path', '/tmp/tmp8xug0jc2']
[2024-12-01T23:42:03.693+0000] {standard_task_runner.py:105} INFO - Job 100: Subtask hashtag_retreive
[2024-12-01T23:42:04.133+0000] {task_command.py:467} INFO - Running <TaskInstance: retreival_x_data.hashtag_retreive manual__2024-12-01T23:41:54.180249+00:00 [running]> on host 3903981c8fb7
[2024-12-01T23:42:04.236+0000] {taskinstance.py:3132} INFO - Exporting env vars: AIRFLOW_CTX_DAG_OWNER='nou' AIRFLOW_CTX_DAG_ID='retreival_x_data' AIRFLOW_CTX_TASK_ID='hashtag_retreive' AIRFLOW_CTX_EXECUTION_DATE='2024-12-01T23:41:54.180249+00:00' AIRFLOW_CTX_TRY_NUMBER='1' AIRFLOW_CTX_DAG_RUN_ID='manual__2024-12-01T23:41:54.180249+00:00'
[2024-12-01T23:42:04.238+0000] {logging_mixin.py:190} INFO - Task instance is in running state
[2024-12-01T23:42:04.238+0000] {logging_mixin.py:190} INFO -  Previous state of the Task instance: queued
[2024-12-01T23:42:04.239+0000] {logging_mixin.py:190} INFO - Current task name:hashtag_retreive state:running start_date:2024-12-01 23:42:03.631310+00:00
[2024-12-01T23:42:04.239+0000] {logging_mixin.py:190} INFO - Dag name:retreival_x_data and current dag run status:running
[2024-12-01T23:42:04.240+0000] {taskinstance.py:731} INFO - ::endgroup::
[2024-12-01T23:42:04.241+0000] {logging_mixin.py:190} INFO - finsihed task
[2024-12-01T23:46:55.226+0000] {logging_mixin.py:190} INFO - Loading .env file
Loaded .env file


Initializing Twitter Scraper...
Setup WebDriver...
Initializing FirefoxDriver...
WebDriver Setup Complete

Logging in to Twitter...

Login Failed: HTTPConnectionPool(host='localhost', port=38797): Read timed out. (read timeout=120)
[2024-12-01T23:46:55.278+0000] {logging_mixin.py:190} INFO - The geckodriver version (0.32.0) detected in PATH at /usr/local/bin/geckodriver might not be compatible with the detected firefox version (133.0); currently, geckodriver 0.35.0 is recommended for firefox 133.*, so it is advised to delete the driver in PATH and retry
[2024-12-01T23:46:55.281+0000] {logging_mixin.py:190} INFO - finsihed task
[2024-12-01T23:46:55.291+0000] {python.py:240} INFO - Done. Returned value was: None
[2024-12-01T23:46:55.556+0000] {taskinstance.py:340} INFO - ::group::Post task execution logs
[2024-12-01T23:46:55.565+0000] {taskinstance.py:352} INFO - Marking task as SUCCESS. dag_id=retreival_x_data, task_id=hashtag_retreive, run_id=manual__2024-12-01T23:41:54.180249+00:00, execution_date=20241201T234154, start_date=20241201T234203, end_date=20241201T234655
[2024-12-01T23:46:55.670+0000] {logging_mixin.py:190} INFO - Task instance in success state
[2024-12-01T23:46:55.672+0000] {logging_mixin.py:190} INFO -  Previous state of the Task instance: running
[2024-12-01T23:46:55.673+0000] {logging_mixin.py:190} INFO - Dag name:retreival_x_data queued_at:2024-12-01 23:41:54.357547+00:00
[2024-12-01T23:46:55.673+0000] {logging_mixin.py:190} INFO - Task hostname:3903981c8fb7 operator:PythonOperator
[2024-12-01T23:46:55.743+0000] {local_task_job_runner.py:266} INFO - Task exited with return code 0
[2024-12-01T23:46:55.869+0000] {taskinstance.py:3895} INFO - 0 downstream tasks scheduled from follow-on schedule check
[2024-12-01T23:46:55.873+0000] {local_task_job_runner.py:245} INFO - ::endgroup::
