[2024-12-01T12:53:54.015+0000] {local_task_job_runner.py:123} INFO - ::group::Pre task execution logs
[2024-12-01T12:53:54.030+0000] {taskinstance.py:2613} INFO - Dependencies all met for dep_context=non-requeueable deps ti=<TaskInstance: retreival_x_data.hashtag_retreive manual__2024-12-01T12:53:52.575246+00:00 [queued]>
[2024-12-01T12:53:54.037+0000] {taskinstance.py:2613} INFO - Dependencies all met for dep_context=requeueable deps ti=<TaskInstance: retreival_x_data.hashtag_retreive manual__2024-12-01T12:53:52.575246+00:00 [queued]>
[2024-12-01T12:53:54.038+0000] {taskinstance.py:2866} INFO - Starting attempt 1 of 1
[2024-12-01T12:53:54.059+0000] {taskinstance.py:2889} INFO - Executing <Task(PythonOperator): hashtag_retreive> on 2024-12-01 12:53:52.575246+00:00
[2024-12-01T12:53:54.067+0000] {warnings.py:112} WARNING - /home/***/.local/lib/python3.12/site-packages/***/task/task_runner/standard_task_runner.py:70: DeprecationWarning: This process (pid=18361) is multi-threaded, use of fork() may lead to deadlocks in the child.
  pid = os.fork()

[2024-12-01T12:53:54.068+0000] {standard_task_runner.py:72} INFO - Started process 18364 to run task
[2024-12-01T12:53:54.068+0000] {standard_task_runner.py:104} INFO - Running: ['***', 'tasks', 'run', 'retreival_x_data', 'hashtag_retreive', 'manual__2024-12-01T12:53:52.575246+00:00', '--job-id', '71', '--raw', '--subdir', 'DAGS_FOLDER/retreive_data.py', '--cfg-path', '/tmp/tmpsesqswe0']
[2024-12-01T12:53:54.069+0000] {standard_task_runner.py:105} INFO - Job 71: Subtask hashtag_retreive
[2024-12-01T12:53:54.112+0000] {task_command.py:467} INFO - Running <TaskInstance: retreival_x_data.hashtag_retreive manual__2024-12-01T12:53:52.575246+00:00 [running]> on host e824da4198b6
[2024-12-01T12:53:54.187+0000] {taskinstance.py:3132} INFO - Exporting env vars: AIRFLOW_CTX_DAG_OWNER='nou' AIRFLOW_CTX_DAG_ID='retreival_x_data' AIRFLOW_CTX_TASK_ID='hashtag_retreive' AIRFLOW_CTX_EXECUTION_DATE='2024-12-01T12:53:52.575246+00:00' AIRFLOW_CTX_TRY_NUMBER='1' AIRFLOW_CTX_DAG_RUN_ID='manual__2024-12-01T12:53:52.575246+00:00'
[2024-12-01T12:53:54.188+0000] {logging_mixin.py:190} INFO - Task instance is in running state
[2024-12-01T12:53:54.189+0000] {logging_mixin.py:190} INFO -  Previous state of the Task instance: queued
[2024-12-01T12:53:54.189+0000] {logging_mixin.py:190} INFO - Current task name:hashtag_retreive state:running start_date:2024-12-01 12:53:54.030916+00:00
[2024-12-01T12:53:54.189+0000] {logging_mixin.py:190} INFO - Dag name:retreival_x_data and current dag run status:running
[2024-12-01T12:53:54.190+0000] {taskinstance.py:731} INFO - ::endgroup::
[2024-12-01T12:55:11.451+0000] {logging_mixin.py:190} INFO - Loading .env file
Loaded .env file


Initializing Twitter Scraper...
Setup WebDriver...
Initializing FirefoxDriver...
Downloading FirefoxDriver...
Initializing FirefoxDriver...
Error setting up WebDriver: Message: Process unexpectedly closed with status 255
[2024-12-01T12:55:11.452+0000] {logging_mixin.py:190} INFO - finsihed task
[2024-12-01T12:55:11.452+0000] {python.py:240} INFO - Done. Returned value was: None
[2024-12-01T12:55:11.656+0000] {taskinstance.py:340} INFO - ::group::Post task execution logs
[2024-12-01T12:55:11.657+0000] {taskinstance.py:352} INFO - Marking task as SUCCESS. dag_id=retreival_x_data, task_id=hashtag_retreive, run_id=manual__2024-12-01T12:53:52.575246+00:00, execution_date=20241201T125352, start_date=20241201T125354, end_date=20241201T125511
[2024-12-01T12:55:11.666+0000] {logging_mixin.py:190} INFO - Task instance in success state
[2024-12-01T12:55:11.666+0000] {logging_mixin.py:190} INFO -  Previous state of the Task instance: running
[2024-12-01T12:55:11.667+0000] {logging_mixin.py:190} INFO - Dag name:retreival_x_data queued_at:2024-12-01 12:53:52.583714+00:00
[2024-12-01T12:55:11.667+0000] {logging_mixin.py:190} INFO - Task hostname:e824da4198b6 operator:PythonOperator
[2024-12-01T12:55:11.683+0000] {local_task_job_runner.py:266} INFO - Task exited with return code 0
[2024-12-01T12:55:11.695+0000] {taskinstance.py:3895} INFO - 0 downstream tasks scheduled from follow-on schedule check
[2024-12-01T12:55:11.697+0000] {local_task_job_runner.py:245} INFO - ::endgroup::
