[2024-12-01T16:40:24.900+0000] {local_task_job_runner.py:123} INFO - ::group::Pre task execution logs
[2024-12-01T16:40:24.919+0000] {taskinstance.py:2613} INFO - Dependencies all met for dep_context=non-requeueable deps ti=<TaskInstance: retreival_x_data.hashtag_retreive manual__2024-12-01T16:40:17.755816+00:00 [queued]>
[2024-12-01T16:40:24.928+0000] {taskinstance.py:2613} INFO - Dependencies all met for dep_context=requeueable deps ti=<TaskInstance: retreival_x_data.hashtag_retreive manual__2024-12-01T16:40:17.755816+00:00 [queued]>
[2024-12-01T16:40:24.929+0000] {taskinstance.py:2866} INFO - Starting attempt 1 of 1
[2024-12-01T16:40:24.943+0000] {taskinstance.py:2889} INFO - Executing <Task(PythonOperator): hashtag_retreive> on 2024-12-01 16:40:17.755816+00:00
[2024-12-01T16:40:24.953+0000] {warnings.py:112} WARNING - /home/***/.local/lib/python3.12/site-packages/***/task/task_runner/standard_task_runner.py:70: DeprecationWarning: This process (pid=12304) is multi-threaded, use of fork() may lead to deadlocks in the child.
  pid = os.fork()

[2024-12-01T16:40:24.955+0000] {standard_task_runner.py:72} INFO - Started process 12314 to run task
[2024-12-01T16:40:24.954+0000] {standard_task_runner.py:104} INFO - Running: ['***', 'tasks', 'run', 'retreival_x_data', 'hashtag_retreive', 'manual__2024-12-01T16:40:17.755816+00:00', '--job-id', '91', '--raw', '--subdir', 'DAGS_FOLDER/retreive_data.py', '--cfg-path', '/tmp/tmp95ufd0n3']
[2024-12-01T16:40:24.955+0000] {standard_task_runner.py:105} INFO - Job 91: Subtask hashtag_retreive
[2024-12-01T16:40:24.995+0000] {task_command.py:467} INFO - Running <TaskInstance: retreival_x_data.hashtag_retreive manual__2024-12-01T16:40:17.755816+00:00 [running]> on host 3903981c8fb7
[2024-12-01T16:40:25.081+0000] {taskinstance.py:3132} INFO - Exporting env vars: AIRFLOW_CTX_DAG_OWNER='nou' AIRFLOW_CTX_DAG_ID='retreival_x_data' AIRFLOW_CTX_TASK_ID='hashtag_retreive' AIRFLOW_CTX_EXECUTION_DATE='2024-12-01T16:40:17.755816+00:00' AIRFLOW_CTX_TRY_NUMBER='1' AIRFLOW_CTX_DAG_RUN_ID='manual__2024-12-01T16:40:17.755816+00:00'
[2024-12-01T16:40:25.082+0000] {logging_mixin.py:190} INFO - Task instance is in running state
[2024-12-01T16:40:25.082+0000] {logging_mixin.py:190} INFO -  Previous state of the Task instance: queued
[2024-12-01T16:40:25.082+0000] {logging_mixin.py:190} INFO - Current task name:hashtag_retreive state:running start_date:2024-12-01 16:40:24.920117+00:00
[2024-12-01T16:40:25.082+0000] {logging_mixin.py:190} INFO - Dag name:retreival_x_data and current dag run status:running
[2024-12-01T16:40:25.083+0000] {taskinstance.py:731} INFO - ::endgroup::
[2024-12-01T16:40:25.083+0000] {logging_mixin.py:190} INFO - finsihed task
[2024-12-01T16:41:49.578+0000] {job.py:229} INFO - Heartbeat recovered after 59.35 seconds
[2024-12-01T16:41:52.939+0000] {logging_mixin.py:190} INFO - Loading .env file
Loaded .env file


Initializing Twitter Scraper...
Setup WebDriver...
Initializing FirefoxDriver...
WebDriver Setup Complete

Logging in to Twitter...

Login Successful

Scraping Latest Tweets from #HalaMadrid...

Progress: [[----------------------------------------]] 0.00% 0 of 50                                                  

Error scraping tweets: Message: Browsing context has been discarded
Stacktrace:
RemoteError@chrome://remote/content/shared/RemoteError.sys.mjs:8:8
WebDriverError@chrome://remote/content/shared/webdriver/Errors.sys.mjs:193:5
NoSuchWindowError@chrome://remote/content/shared/webdriver/Errors.sys.mjs:679:5
assert.that/<@chrome://remote/content/shared/webdriver/Assert.sys.mjs:515:13
assert.open@chrome://remote/content/shared/webdriver/Assert.sys.mjs:147:4
GeckoDriver.prototype.getElementText@chrome://remote/content/marionette/driver.sys.mjs:1928:15
despatch@chrome://remote/content/marionette/server.sys.mjs:318:40
execute@chrome://remote/content/marionette/server.sys.mjs:289:16
onPacket/<@chrome://remote/content/marionette/server.sys.mjs:262:20
onPacket@chrome://remote/content/marionette/server.sys.mjs:263:9
_onJSONObjectReady/<@chrome://remote/content/marionette/transport.sys.mjs:494:20


Scraping Incomplete
Tweets: 0 out of 50

Saving Tweets to CSV...
b'{\n    "Name": [],\n    "Handle": [],\n    "Timestamp": [],\n    "Verified": [],\n    "Content": [],\n    "Comments": [],\n    "Retweets": [],\n    "Likes": [],\n    "Analytics": [],\n    "Tags": [],\n    "Mentions": [],\n    "Emojis": [],\n    "Profile Image": [],\n    "Tweet Link": [],\n    "Tweet ID": []\n}'
Failed to connect to Kafka broker: NoBrokersAvailable
Error: Message: Failed to decode response from marionette
[2024-12-01T16:41:52.965+0000] {logging_mixin.py:190} INFO - The geckodriver version (0.32.0) detected in PATH at /usr/local/bin/geckodriver might not be compatible with the detected firefox version (133.0); currently, geckodriver 0.35.0 is recommended for firefox 133.*, so it is advised to delete the driver in PATH and retry
[2024-12-01T16:41:52.968+0000] {logging_mixin.py:190} INFO - finsihed task
[2024-12-01T16:41:52.974+0000] {python.py:240} INFO - Done. Returned value was: None
[2024-12-01T16:41:54.768+0000] {taskinstance.py:340} INFO - ::group::Post task execution logs
[2024-12-01T16:41:54.769+0000] {taskinstance.py:352} INFO - Marking task as SUCCESS. dag_id=retreival_x_data, task_id=hashtag_retreive, run_id=manual__2024-12-01T16:40:17.755816+00:00, execution_date=20241201T164017, start_date=20241201T164024, end_date=20241201T164154
[2024-12-01T16:41:54.781+0000] {logging_mixin.py:190} INFO - Task instance in success state
[2024-12-01T16:41:54.782+0000] {logging_mixin.py:190} INFO -  Previous state of the Task instance: running
[2024-12-01T16:41:54.782+0000] {logging_mixin.py:190} INFO - Dag name:retreival_x_data queued_at:2024-12-01 16:40:17.957035+00:00
[2024-12-01T16:41:54.782+0000] {logging_mixin.py:190} INFO - Task hostname:3903981c8fb7 operator:PythonOperator
[2024-12-01T16:41:54.811+0000] {local_task_job_runner.py:266} INFO - Task exited with return code 0
[2024-12-01T16:41:54.838+0000] {taskinstance.py:3895} INFO - 0 downstream tasks scheduled from follow-on schedule check
[2024-12-01T16:41:54.839+0000] {local_task_job_runner.py:245} INFO - ::endgroup::
