[2024-12-01T15:57:50.613+0000] {local_task_job_runner.py:123} INFO - ::group::Pre task execution logs
[2024-12-01T15:57:50.629+0000] {taskinstance.py:2613} INFO - Dependencies all met for dep_context=non-requeueable deps ti=<TaskInstance: retreival_x_data.hashtag_retreive manual__2024-12-01T15:57:46.487920+00:00 [queued]>
[2024-12-01T15:57:50.637+0000] {taskinstance.py:2613} INFO - Dependencies all met for dep_context=requeueable deps ti=<TaskInstance: retreival_x_data.hashtag_retreive manual__2024-12-01T15:57:46.487920+00:00 [queued]>
[2024-12-01T15:57:50.637+0000] {taskinstance.py:2866} INFO - Starting attempt 1 of 1
[2024-12-01T15:57:50.649+0000] {taskinstance.py:2889} INFO - Executing <Task(PythonOperator): hashtag_retreive> on 2024-12-01 15:57:46.487920+00:00
[2024-12-01T15:57:50.660+0000] {warnings.py:112} WARNING - /home/***/.local/lib/python3.12/site-packages/***/task/task_runner/standard_task_runner.py:70: DeprecationWarning: This process (pid=1212) is multi-threaded, use of fork() may lead to deadlocks in the child.
  pid = os.fork()

[2024-12-01T15:57:50.661+0000] {standard_task_runner.py:72} INFO - Started process 1215 to run task
[2024-12-01T15:57:50.661+0000] {standard_task_runner.py:104} INFO - Running: ['***', 'tasks', 'run', 'retreival_x_data', 'hashtag_retreive', 'manual__2024-12-01T15:57:46.487920+00:00', '--job-id', '82', '--raw', '--subdir', 'DAGS_FOLDER/retreive_data.py', '--cfg-path', '/tmp/tmpj0ndxbjk']
[2024-12-01T15:57:50.662+0000] {standard_task_runner.py:105} INFO - Job 82: Subtask hashtag_retreive
[2024-12-01T15:57:50.705+0000] {task_command.py:467} INFO - Running <TaskInstance: retreival_x_data.hashtag_retreive manual__2024-12-01T15:57:46.487920+00:00 [running]> on host 3903981c8fb7
[2024-12-01T15:57:50.784+0000] {taskinstance.py:3132} INFO - Exporting env vars: AIRFLOW_CTX_DAG_OWNER='nou' AIRFLOW_CTX_DAG_ID='retreival_x_data' AIRFLOW_CTX_TASK_ID='hashtag_retreive' AIRFLOW_CTX_EXECUTION_DATE='2024-12-01T15:57:46.487920+00:00' AIRFLOW_CTX_TRY_NUMBER='1' AIRFLOW_CTX_DAG_RUN_ID='manual__2024-12-01T15:57:46.487920+00:00'
[2024-12-01T15:57:50.786+0000] {logging_mixin.py:190} INFO - Task instance is in running state
[2024-12-01T15:57:50.786+0000] {logging_mixin.py:190} INFO -  Previous state of the Task instance: queued
[2024-12-01T15:57:50.787+0000] {logging_mixin.py:190} INFO - Current task name:hashtag_retreive state:running start_date:2024-12-01 15:57:50.630411+00:00
[2024-12-01T15:57:50.787+0000] {logging_mixin.py:190} INFO - Dag name:retreival_x_data and current dag run status:running
[2024-12-01T15:57:50.788+0000] {taskinstance.py:731} INFO - ::endgroup::
[2024-12-01T15:57:50.788+0000] {logging_mixin.py:190} INFO - finsihed task
[2024-12-01T15:57:55.404+0000] {logging_mixin.py:190} INFO - Loading .env file
Loaded .env file


Initializing Twitter Scraper...
Setup WebDriver...
Initializing FirefoxDriver...
Downloading FirefoxDriver...
Initializing FirefoxDriver...
Error setting up WebDriver: Message: Process unexpectedly closed with status 255
[2024-12-01T15:57:55.405+0000] {logging_mixin.py:190} INFO - finsihed task
[2024-12-01T15:57:55.405+0000] {python.py:240} INFO - Done. Returned value was: None
[2024-12-01T15:57:55.684+0000] {taskinstance.py:340} INFO - ::group::Post task execution logs
[2024-12-01T15:57:55.684+0000] {taskinstance.py:352} INFO - Marking task as SUCCESS. dag_id=retreival_x_data, task_id=hashtag_retreive, run_id=manual__2024-12-01T15:57:46.487920+00:00, execution_date=20241201T155746, start_date=20241201T155750, end_date=20241201T155755
[2024-12-01T15:57:55.692+0000] {logging_mixin.py:190} INFO - Task instance in success state
[2024-12-01T15:57:55.693+0000] {logging_mixin.py:190} INFO -  Previous state of the Task instance: running
[2024-12-01T15:57:55.693+0000] {logging_mixin.py:190} INFO - Dag name:retreival_x_data queued_at:2024-12-01 15:57:46.530327+00:00
[2024-12-01T15:57:55.693+0000] {logging_mixin.py:190} INFO - Task hostname:3903981c8fb7 operator:PythonOperator
[2024-12-01T15:57:55.710+0000] {local_task_job_runner.py:266} INFO - Task exited with return code 0
[2024-12-01T15:57:55.722+0000] {taskinstance.py:3895} INFO - 0 downstream tasks scheduled from follow-on schedule check
[2024-12-01T15:57:55.724+0000] {local_task_job_runner.py:245} INFO - ::endgroup::
