[2024-12-02T14:42:15.802+0000] {processor.py:186} INFO - Started process (PID=78) to work on /opt/airflow/dags/retreive_data.py
[2024-12-02T14:42:15.804+0000] {processor.py:914} INFO - Processing file /opt/airflow/dags/retreive_data.py for tasks to queue
[2024-12-02T14:42:15.807+0000] {logging_mixin.py:190} INFO - [2024-12-02T14:42:15.806+0000] {dagbag.py:588} INFO - Filling up the DagBag from /opt/airflow/dags/retreive_data.py
[2024-12-02T14:42:15.845+0000] {processor.py:925} INFO - DAG(s) 'retreival_x_data' retrieved from /opt/airflow/dags/retreive_data.py
[2024-12-02T14:42:15.912+0000] {logging_mixin.py:190} INFO - [2024-12-02T14:42:15.911+0000] {dag.py:3239} INFO - Sync 1 DAGs
[2024-12-02T14:42:15.963+0000] {logging_mixin.py:190} INFO - [2024-12-02T14:42:15.963+0000] {dag.py:4180} INFO - Setting next_dagrun for retreival_x_data to 2024-12-02 00:00:00+00:00, run_after=2024-12-03 00:00:00+00:00
[2024-12-02T14:42:15.986+0000] {processor.py:208} INFO - Processing /opt/airflow/dags/retreive_data.py took 0.192 seconds
[2024-12-02T14:42:46.784+0000] {processor.py:186} INFO - Started process (PID=142) to work on /opt/airflow/dags/retreive_data.py
[2024-12-02T14:42:46.786+0000] {processor.py:914} INFO - Processing file /opt/airflow/dags/retreive_data.py for tasks to queue
[2024-12-02T14:42:46.792+0000] {logging_mixin.py:190} INFO - [2024-12-02T14:42:46.791+0000] {dagbag.py:588} INFO - Filling up the DagBag from /opt/airflow/dags/retreive_data.py
[2024-12-02T14:42:46.837+0000] {processor.py:925} INFO - DAG(s) 'retreival_x_data' retrieved from /opt/airflow/dags/retreive_data.py
[2024-12-02T14:42:46.942+0000] {logging_mixin.py:190} INFO - [2024-12-02T14:42:46.942+0000] {dag.py:3239} INFO - Sync 1 DAGs
[2024-12-02T14:42:47.043+0000] {logging_mixin.py:190} INFO - [2024-12-02T14:42:47.043+0000] {dag.py:4180} INFO - Setting next_dagrun for retreival_x_data to 2024-12-02 00:00:00+00:00, run_after=2024-12-03 00:00:00+00:00
[2024-12-02T14:42:47.094+0000] {processor.py:208} INFO - Processing /opt/airflow/dags/retreive_data.py took 0.363 seconds
[2024-12-02T14:43:17.718+0000] {processor.py:186} INFO - Started process (PID=159) to work on /opt/airflow/dags/retreive_data.py
[2024-12-02T14:43:17.719+0000] {processor.py:914} INFO - Processing file /opt/airflow/dags/retreive_data.py for tasks to queue
[2024-12-02T14:43:17.722+0000] {logging_mixin.py:190} INFO - [2024-12-02T14:43:17.722+0000] {dagbag.py:588} INFO - Filling up the DagBag from /opt/airflow/dags/retreive_data.py
[2024-12-02T14:43:17.773+0000] {processor.py:925} INFO - DAG(s) 'retreival_x_data' retrieved from /opt/airflow/dags/retreive_data.py
[2024-12-02T14:43:17.800+0000] {logging_mixin.py:190} INFO - [2024-12-02T14:43:17.800+0000] {dag.py:3239} INFO - Sync 1 DAGs
[2024-12-02T14:43:17.844+0000] {logging_mixin.py:190} INFO - [2024-12-02T14:43:17.844+0000] {dag.py:4180} INFO - Setting next_dagrun for retreival_x_data to 2024-12-02 00:00:00+00:00, run_after=2024-12-03 00:00:00+00:00
[2024-12-02T14:43:17.875+0000] {processor.py:208} INFO - Processing /opt/airflow/dags/retreive_data.py took 0.168 seconds
[2024-12-02T14:43:49.522+0000] {processor.py:186} INFO - Started process (PID=223) to work on /opt/airflow/dags/retreive_data.py
[2024-12-02T14:43:49.523+0000] {processor.py:914} INFO - Processing file /opt/airflow/dags/retreive_data.py for tasks to queue
[2024-12-02T14:43:49.526+0000] {logging_mixin.py:190} INFO - [2024-12-02T14:43:49.525+0000] {dagbag.py:588} INFO - Filling up the DagBag from /opt/airflow/dags/retreive_data.py
[2024-12-02T14:43:49.544+0000] {processor.py:925} INFO - DAG(s) 'retreival_x_data' retrieved from /opt/airflow/dags/retreive_data.py
[2024-12-02T14:43:49.562+0000] {logging_mixin.py:190} INFO - [2024-12-02T14:43:49.562+0000] {dag.py:3239} INFO - Sync 1 DAGs
[2024-12-02T14:43:49.581+0000] {logging_mixin.py:190} INFO - [2024-12-02T14:43:49.581+0000] {dag.py:4180} INFO - Setting next_dagrun for retreival_x_data to 2024-12-02 00:00:00+00:00, run_after=2024-12-03 00:00:00+00:00
[2024-12-02T14:43:49.596+0000] {processor.py:208} INFO - Processing /opt/airflow/dags/retreive_data.py took 0.078 seconds
[2024-12-02T14:44:20.383+0000] {processor.py:186} INFO - Started process (PID=284) to work on /opt/airflow/dags/retreive_data.py
[2024-12-02T14:44:20.397+0000] {processor.py:914} INFO - Processing file /opt/airflow/dags/retreive_data.py for tasks to queue
[2024-12-02T14:44:20.404+0000] {logging_mixin.py:190} INFO - [2024-12-02T14:44:20.404+0000] {dagbag.py:588} INFO - Filling up the DagBag from /opt/airflow/dags/retreive_data.py
[2024-12-02T14:44:20.457+0000] {processor.py:925} INFO - DAG(s) 'retreival_x_data' retrieved from /opt/airflow/dags/retreive_data.py
[2024-12-02T14:44:20.541+0000] {logging_mixin.py:190} INFO - [2024-12-02T14:44:20.540+0000] {dag.py:3239} INFO - Sync 1 DAGs
[2024-12-02T14:44:20.623+0000] {logging_mixin.py:190} INFO - [2024-12-02T14:44:20.623+0000] {dag.py:4180} INFO - Setting next_dagrun for retreival_x_data to 2024-12-02 00:00:00+00:00, run_after=2024-12-03 00:00:00+00:00
[2024-12-02T14:44:20.644+0000] {processor.py:208} INFO - Processing /opt/airflow/dags/retreive_data.py took 0.289 seconds
[2024-12-02T14:44:51.503+0000] {processor.py:186} INFO - Started process (PID=348) to work on /opt/airflow/dags/retreive_data.py
[2024-12-02T14:44:51.504+0000] {processor.py:914} INFO - Processing file /opt/airflow/dags/retreive_data.py for tasks to queue
[2024-12-02T14:44:51.507+0000] {logging_mixin.py:190} INFO - [2024-12-02T14:44:51.506+0000] {dagbag.py:588} INFO - Filling up the DagBag from /opt/airflow/dags/retreive_data.py
[2024-12-02T14:44:51.526+0000] {processor.py:925} INFO - DAG(s) 'retreival_x_data' retrieved from /opt/airflow/dags/retreive_data.py
[2024-12-02T14:44:51.542+0000] {logging_mixin.py:190} INFO - [2024-12-02T14:44:51.541+0000] {dag.py:3239} INFO - Sync 1 DAGs
[2024-12-02T14:44:51.564+0000] {logging_mixin.py:190} INFO - [2024-12-02T14:44:51.564+0000] {dag.py:4180} INFO - Setting next_dagrun for retreival_x_data to 2024-12-02 00:00:00+00:00, run_after=2024-12-03 00:00:00+00:00
[2024-12-02T14:44:51.580+0000] {processor.py:208} INFO - Processing /opt/airflow/dags/retreive_data.py took 0.082 seconds
[2024-12-02T14:45:22.385+0000] {processor.py:186} INFO - Started process (PID=412) to work on /opt/airflow/dags/retreive_data.py
[2024-12-02T14:45:22.386+0000] {processor.py:914} INFO - Processing file /opt/airflow/dags/retreive_data.py for tasks to queue
[2024-12-02T14:45:22.388+0000] {logging_mixin.py:190} INFO - [2024-12-02T14:45:22.387+0000] {dagbag.py:588} INFO - Filling up the DagBag from /opt/airflow/dags/retreive_data.py
[2024-12-02T14:45:22.403+0000] {processor.py:925} INFO - DAG(s) 'retreival_x_data' retrieved from /opt/airflow/dags/retreive_data.py
[2024-12-02T14:45:22.415+0000] {logging_mixin.py:190} INFO - [2024-12-02T14:45:22.415+0000] {dag.py:3239} INFO - Sync 1 DAGs
[2024-12-02T14:45:22.433+0000] {logging_mixin.py:190} INFO - [2024-12-02T14:45:22.433+0000] {dag.py:4180} INFO - Setting next_dagrun for retreival_x_data to 2024-12-02 00:00:00+00:00, run_after=2024-12-03 00:00:00+00:00
[2024-12-02T14:45:22.447+0000] {processor.py:208} INFO - Processing /opt/airflow/dags/retreive_data.py took 0.066 seconds
[2024-12-02T14:45:52.558+0000] {processor.py:186} INFO - Started process (PID=476) to work on /opt/airflow/dags/retreive_data.py
[2024-12-02T14:45:52.559+0000] {processor.py:914} INFO - Processing file /opt/airflow/dags/retreive_data.py for tasks to queue
[2024-12-02T14:45:52.563+0000] {logging_mixin.py:190} INFO - [2024-12-02T14:45:52.563+0000] {dagbag.py:588} INFO - Filling up the DagBag from /opt/airflow/dags/retreive_data.py
[2024-12-02T14:45:52.585+0000] {processor.py:925} INFO - DAG(s) 'retreival_x_data' retrieved from /opt/airflow/dags/retreive_data.py
[2024-12-02T14:45:52.601+0000] {logging_mixin.py:190} INFO - [2024-12-02T14:45:52.601+0000] {dag.py:3239} INFO - Sync 1 DAGs
[2024-12-02T14:45:52.628+0000] {logging_mixin.py:190} INFO - [2024-12-02T14:45:52.628+0000] {dag.py:4180} INFO - Setting next_dagrun for retreival_x_data to 2024-12-02 00:00:00+00:00, run_after=2024-12-03 00:00:00+00:00
[2024-12-02T14:45:52.648+0000] {processor.py:208} INFO - Processing /opt/airflow/dags/retreive_data.py took 0.099 seconds
[2024-12-02T14:46:23.417+0000] {processor.py:186} INFO - Started process (PID=540) to work on /opt/airflow/dags/retreive_data.py
[2024-12-02T14:46:23.421+0000] {processor.py:914} INFO - Processing file /opt/airflow/dags/retreive_data.py for tasks to queue
[2024-12-02T14:46:23.431+0000] {logging_mixin.py:190} INFO - [2024-12-02T14:46:23.429+0000] {dagbag.py:588} INFO - Filling up the DagBag from /opt/airflow/dags/retreive_data.py
[2024-12-02T14:46:23.540+0000] {processor.py:925} INFO - DAG(s) 'retreival_x_data' retrieved from /opt/airflow/dags/retreive_data.py
[2024-12-02T14:46:23.589+0000] {logging_mixin.py:190} INFO - [2024-12-02T14:46:23.589+0000] {dag.py:3239} INFO - Sync 1 DAGs
[2024-12-02T14:46:23.681+0000] {logging_mixin.py:190} INFO - [2024-12-02T14:46:23.681+0000] {dag.py:4180} INFO - Setting next_dagrun for retreival_x_data to 2024-12-02 00:00:00+00:00, run_after=2024-12-03 00:00:00+00:00
[2024-12-02T14:46:23.699+0000] {processor.py:208} INFO - Processing /opt/airflow/dags/retreive_data.py took 0.391 seconds
[2024-12-02T14:46:54.311+0000] {processor.py:186} INFO - Started process (PID=604) to work on /opt/airflow/dags/retreive_data.py
[2024-12-02T14:46:54.312+0000] {processor.py:914} INFO - Processing file /opt/airflow/dags/retreive_data.py for tasks to queue
[2024-12-02T14:46:54.315+0000] {logging_mixin.py:190} INFO - [2024-12-02T14:46:54.314+0000] {dagbag.py:588} INFO - Filling up the DagBag from /opt/airflow/dags/retreive_data.py
[2024-12-02T14:46:54.334+0000] {processor.py:925} INFO - DAG(s) 'retreival_x_data' retrieved from /opt/airflow/dags/retreive_data.py
[2024-12-02T14:46:54.367+0000] {logging_mixin.py:190} INFO - [2024-12-02T14:46:54.367+0000] {dag.py:3239} INFO - Sync 1 DAGs
[2024-12-02T14:46:54.388+0000] {logging_mixin.py:190} INFO - [2024-12-02T14:46:54.388+0000] {dag.py:4180} INFO - Setting next_dagrun for retreival_x_data to 2024-12-02 00:00:00+00:00, run_after=2024-12-03 00:00:00+00:00
[2024-12-02T14:46:54.403+0000] {processor.py:208} INFO - Processing /opt/airflow/dags/retreive_data.py took 0.099 seconds
[2024-12-02T14:47:25.132+0000] {processor.py:186} INFO - Started process (PID=668) to work on /opt/airflow/dags/retreive_data.py
[2024-12-02T14:47:25.141+0000] {processor.py:914} INFO - Processing file /opt/airflow/dags/retreive_data.py for tasks to queue
[2024-12-02T14:47:25.143+0000] {logging_mixin.py:190} INFO - [2024-12-02T14:47:25.143+0000] {dagbag.py:588} INFO - Filling up the DagBag from /opt/airflow/dags/retreive_data.py
[2024-12-02T14:47:25.160+0000] {processor.py:925} INFO - DAG(s) 'retreival_x_data' retrieved from /opt/airflow/dags/retreive_data.py
[2024-12-02T14:47:25.173+0000] {logging_mixin.py:190} INFO - [2024-12-02T14:47:25.173+0000] {dag.py:3239} INFO - Sync 1 DAGs
[2024-12-02T14:47:25.198+0000] {logging_mixin.py:190} INFO - [2024-12-02T14:47:25.198+0000] {dag.py:4180} INFO - Setting next_dagrun for retreival_x_data to 2024-12-02 00:00:00+00:00, run_after=2024-12-03 00:00:00+00:00
[2024-12-02T14:47:25.213+0000] {processor.py:208} INFO - Processing /opt/airflow/dags/retreive_data.py took 0.087 seconds
[2024-12-02T14:47:55.552+0000] {processor.py:186} INFO - Started process (PID=732) to work on /opt/airflow/dags/retreive_data.py
[2024-12-02T14:47:55.553+0000] {processor.py:914} INFO - Processing file /opt/airflow/dags/retreive_data.py for tasks to queue
[2024-12-02T14:47:55.556+0000] {logging_mixin.py:190} INFO - [2024-12-02T14:47:55.556+0000] {dagbag.py:588} INFO - Filling up the DagBag from /opt/airflow/dags/retreive_data.py
[2024-12-02T14:47:55.582+0000] {processor.py:925} INFO - DAG(s) 'retreival_x_data' retrieved from /opt/airflow/dags/retreive_data.py
[2024-12-02T14:47:55.608+0000] {logging_mixin.py:190} INFO - [2024-12-02T14:47:55.608+0000] {dag.py:3239} INFO - Sync 1 DAGs
[2024-12-02T14:47:55.650+0000] {logging_mixin.py:190} INFO - [2024-12-02T14:47:55.650+0000] {dag.py:4180} INFO - Setting next_dagrun for retreival_x_data to 2024-12-02 00:00:00+00:00, run_after=2024-12-03 00:00:00+00:00
[2024-12-02T14:47:55.669+0000] {processor.py:208} INFO - Processing /opt/airflow/dags/retreive_data.py took 0.123 seconds
[2024-12-02T14:48:25.968+0000] {processor.py:186} INFO - Started process (PID=796) to work on /opt/airflow/dags/retreive_data.py
[2024-12-02T14:48:25.969+0000] {processor.py:914} INFO - Processing file /opt/airflow/dags/retreive_data.py for tasks to queue
[2024-12-02T14:48:25.970+0000] {logging_mixin.py:190} INFO - [2024-12-02T14:48:25.970+0000] {dagbag.py:588} INFO - Filling up the DagBag from /opt/airflow/dags/retreive_data.py
[2024-12-02T14:48:25.985+0000] {processor.py:925} INFO - DAG(s) 'retreival_x_data' retrieved from /opt/airflow/dags/retreive_data.py
[2024-12-02T14:48:25.999+0000] {logging_mixin.py:190} INFO - [2024-12-02T14:48:25.999+0000] {dag.py:3239} INFO - Sync 1 DAGs
[2024-12-02T14:48:26.017+0000] {logging_mixin.py:190} INFO - [2024-12-02T14:48:26.017+0000] {dag.py:4180} INFO - Setting next_dagrun for retreival_x_data to 2024-12-02 00:00:00+00:00, run_after=2024-12-03 00:00:00+00:00
[2024-12-02T14:48:26.031+0000] {processor.py:208} INFO - Processing /opt/airflow/dags/retreive_data.py took 0.068 seconds
[2024-12-02T14:48:56.742+0000] {processor.py:186} INFO - Started process (PID=860) to work on /opt/airflow/dags/retreive_data.py
[2024-12-02T14:48:56.743+0000] {processor.py:914} INFO - Processing file /opt/airflow/dags/retreive_data.py for tasks to queue
[2024-12-02T14:48:56.748+0000] {logging_mixin.py:190} INFO - [2024-12-02T14:48:56.748+0000] {dagbag.py:588} INFO - Filling up the DagBag from /opt/airflow/dags/retreive_data.py
[2024-12-02T14:48:56.777+0000] {processor.py:925} INFO - DAG(s) 'retreival_x_data' retrieved from /opt/airflow/dags/retreive_data.py
[2024-12-02T14:48:56.809+0000] {logging_mixin.py:190} INFO - [2024-12-02T14:48:56.809+0000] {dag.py:3239} INFO - Sync 1 DAGs
[2024-12-02T14:48:56.842+0000] {logging_mixin.py:190} INFO - [2024-12-02T14:48:56.842+0000] {dag.py:4180} INFO - Setting next_dagrun for retreival_x_data to 2024-12-02 00:00:00+00:00, run_after=2024-12-03 00:00:00+00:00
[2024-12-02T14:48:56.865+0000] {processor.py:208} INFO - Processing /opt/airflow/dags/retreive_data.py took 0.137 seconds
[2024-12-02T14:49:27.420+0000] {processor.py:186} INFO - Started process (PID=924) to work on /opt/airflow/dags/retreive_data.py
[2024-12-02T14:49:27.421+0000] {processor.py:914} INFO - Processing file /opt/airflow/dags/retreive_data.py for tasks to queue
[2024-12-02T14:49:27.423+0000] {logging_mixin.py:190} INFO - [2024-12-02T14:49:27.423+0000] {dagbag.py:588} INFO - Filling up the DagBag from /opt/airflow/dags/retreive_data.py
[2024-12-02T14:49:27.438+0000] {processor.py:925} INFO - DAG(s) 'retreival_x_data' retrieved from /opt/airflow/dags/retreive_data.py
[2024-12-02T14:49:27.452+0000] {logging_mixin.py:190} INFO - [2024-12-02T14:49:27.452+0000] {dag.py:3239} INFO - Sync 1 DAGs
[2024-12-02T14:49:27.471+0000] {logging_mixin.py:190} INFO - [2024-12-02T14:49:27.471+0000] {dag.py:4180} INFO - Setting next_dagrun for retreival_x_data to 2024-12-02 00:00:00+00:00, run_after=2024-12-03 00:00:00+00:00
[2024-12-02T14:49:27.486+0000] {processor.py:208} INFO - Processing /opt/airflow/dags/retreive_data.py took 0.070 seconds
[2024-12-02T14:49:58.121+0000] {processor.py:186} INFO - Started process (PID=988) to work on /opt/airflow/dags/retreive_data.py
[2024-12-02T14:49:58.122+0000] {processor.py:914} INFO - Processing file /opt/airflow/dags/retreive_data.py for tasks to queue
[2024-12-02T14:49:58.125+0000] {logging_mixin.py:190} INFO - [2024-12-02T14:49:58.125+0000] {dagbag.py:588} INFO - Filling up the DagBag from /opt/airflow/dags/retreive_data.py
[2024-12-02T14:49:58.146+0000] {processor.py:925} INFO - DAG(s) 'retreival_x_data' retrieved from /opt/airflow/dags/retreive_data.py
[2024-12-02T14:49:58.167+0000] {logging_mixin.py:190} INFO - [2024-12-02T14:49:58.167+0000] {dag.py:3239} INFO - Sync 1 DAGs
[2024-12-02T14:49:58.198+0000] {logging_mixin.py:190} INFO - [2024-12-02T14:49:58.198+0000] {dag.py:4180} INFO - Setting next_dagrun for retreival_x_data to 2024-12-02 00:00:00+00:00, run_after=2024-12-03 00:00:00+00:00
[2024-12-02T14:49:58.218+0000] {processor.py:208} INFO - Processing /opt/airflow/dags/retreive_data.py took 0.104 seconds
[2024-12-02T14:50:28.789+0000] {processor.py:186} INFO - Started process (PID=1052) to work on /opt/airflow/dags/retreive_data.py
[2024-12-02T14:50:28.790+0000] {processor.py:914} INFO - Processing file /opt/airflow/dags/retreive_data.py for tasks to queue
[2024-12-02T14:50:28.793+0000] {logging_mixin.py:190} INFO - [2024-12-02T14:50:28.792+0000] {dagbag.py:588} INFO - Filling up the DagBag from /opt/airflow/dags/retreive_data.py
[2024-12-02T14:50:28.811+0000] {processor.py:925} INFO - DAG(s) 'retreival_x_data' retrieved from /opt/airflow/dags/retreive_data.py
[2024-12-02T14:50:28.827+0000] {logging_mixin.py:190} INFO - [2024-12-02T14:50:28.827+0000] {dag.py:3239} INFO - Sync 1 DAGs
[2024-12-02T14:50:28.847+0000] {logging_mixin.py:190} INFO - [2024-12-02T14:50:28.847+0000] {dag.py:4180} INFO - Setting next_dagrun for retreival_x_data to 2024-12-02 00:00:00+00:00, run_after=2024-12-03 00:00:00+00:00
[2024-12-02T14:50:28.862+0000] {processor.py:208} INFO - Processing /opt/airflow/dags/retreive_data.py took 0.078 seconds
[2024-12-02T14:50:59.272+0000] {processor.py:186} INFO - Started process (PID=1116) to work on /opt/airflow/dags/retreive_data.py
[2024-12-02T14:50:59.273+0000] {processor.py:914} INFO - Processing file /opt/airflow/dags/retreive_data.py for tasks to queue
[2024-12-02T14:50:59.275+0000] {logging_mixin.py:190} INFO - [2024-12-02T14:50:59.274+0000] {dagbag.py:588} INFO - Filling up the DagBag from /opt/airflow/dags/retreive_data.py
[2024-12-02T14:50:59.290+0000] {processor.py:925} INFO - DAG(s) 'retreival_x_data' retrieved from /opt/airflow/dags/retreive_data.py
[2024-12-02T14:50:59.304+0000] {logging_mixin.py:190} INFO - [2024-12-02T14:50:59.303+0000] {dag.py:3239} INFO - Sync 1 DAGs
[2024-12-02T14:50:59.324+0000] {logging_mixin.py:190} INFO - [2024-12-02T14:50:59.324+0000] {dag.py:4180} INFO - Setting next_dagrun for retreival_x_data to 2024-12-02 00:00:00+00:00, run_after=2024-12-03 00:00:00+00:00
[2024-12-02T14:50:59.338+0000] {processor.py:208} INFO - Processing /opt/airflow/dags/retreive_data.py took 0.070 seconds
