[2024-12-01T22:47:47.155+0000] {local_task_job_runner.py:123} INFO - ::group::Pre task execution logs
[2024-12-01T22:47:47.174+0000] {taskinstance.py:2613} INFO - Dependencies all met for dep_context=non-requeueable deps ti=<TaskInstance: retreival_x_data.hashtag_retreive manual__2024-12-01T22:47:42.699376+00:00 [queued]>
[2024-12-01T22:47:47.184+0000] {taskinstance.py:2613} INFO - Dependencies all met for dep_context=requeueable deps ti=<TaskInstance: retreival_x_data.hashtag_retreive manual__2024-12-01T22:47:42.699376+00:00 [queued]>
[2024-12-01T22:47:47.184+0000] {taskinstance.py:2866} INFO - Starting attempt 1 of 1
[2024-12-01T22:47:47.202+0000] {taskinstance.py:2889} INFO - Executing <Task(PythonOperator): hashtag_retreive> on 2024-12-01 22:47:42.699376+00:00
[2024-12-01T22:47:47.217+0000] {warnings.py:112} WARNING - /home/***/.local/lib/python3.12/site-packages/***/task/task_runner/standard_task_runner.py:70: DeprecationWarning: This process (pid=545) is multi-threaded, use of fork() may lead to deadlocks in the child.
  pid = os.fork()

[2024-12-01T22:47:47.219+0000] {standard_task_runner.py:72} INFO - Started process 548 to run task
[2024-12-01T22:47:47.219+0000] {standard_task_runner.py:104} INFO - Running: ['***', 'tasks', 'run', 'retreival_x_data', 'hashtag_retreive', 'manual__2024-12-01T22:47:42.699376+00:00', '--job-id', '97', '--raw', '--subdir', 'DAGS_FOLDER/retreive_data.py', '--cfg-path', '/tmp/tmptc2_m3gn']
[2024-12-01T22:47:47.220+0000] {standard_task_runner.py:105} INFO - Job 97: Subtask hashtag_retreive
[2024-12-01T22:47:47.271+0000] {task_command.py:467} INFO - Running <TaskInstance: retreival_x_data.hashtag_retreive manual__2024-12-01T22:47:42.699376+00:00 [running]> on host 3903981c8fb7
[2024-12-01T22:47:47.369+0000] {taskinstance.py:3132} INFO - Exporting env vars: AIRFLOW_CTX_DAG_OWNER='nou' AIRFLOW_CTX_DAG_ID='retreival_x_data' AIRFLOW_CTX_TASK_ID='hashtag_retreive' AIRFLOW_CTX_EXECUTION_DATE='2024-12-01T22:47:42.699376+00:00' AIRFLOW_CTX_TRY_NUMBER='1' AIRFLOW_CTX_DAG_RUN_ID='manual__2024-12-01T22:47:42.699376+00:00'
[2024-12-01T22:47:47.371+0000] {logging_mixin.py:190} INFO - Task instance is in running state
[2024-12-01T22:47:47.372+0000] {logging_mixin.py:190} INFO -  Previous state of the Task instance: queued
[2024-12-01T22:47:47.372+0000] {logging_mixin.py:190} INFO - Current task name:hashtag_retreive state:running start_date:2024-12-01 22:47:47.175127+00:00
[2024-12-01T22:47:47.372+0000] {logging_mixin.py:190} INFO - Dag name:retreival_x_data and current dag run status:running
[2024-12-01T22:47:47.373+0000] {taskinstance.py:731} INFO - ::endgroup::
[2024-12-01T22:47:47.373+0000] {logging_mixin.py:190} INFO - finsihed task
[2024-12-01T22:48:18.321+0000] {logging_mixin.py:190} INFO - Loading .env file
Loaded .env file


Initializing Twitter Scraper...
Setup WebDriver...
Initializing FirefoxDriver...
WebDriver Setup Complete

Logging in to Twitter...

Login Successful

Scraping Latest Tweets from stocks invest finance min_faves:1000 search...

Progress: [[----------------------------------------]] 0.00% 0 of 50                                                  
Progress: [[----------------------------------------]] 2.00% 1 of 50                                                  
Progress: [[=---------------------------------------]] 4.00% 2 of 50                                                  
Progress: [[==--------------------------------------]] 6.00% 3 of 50                                                  
Progress: [[===-------------------------------------]] 8.00% 4 of 50                                                  
Progress: [[====------------------------------------]] 10.00% 5 of 50                                                  
Progress: [[====------------------------------------]] 10.00% 5 of 50                                                  
Progress: [[====------------------------------------]] 10.00% 5 of 50                                                  
Progress: [[====------------------------------------]] 10.00% 5 of 50                                                  
Progress: [[====------------------------------------]] 10.00% 5 of 50                                                  
Progress: [[====------------------------------------]] 10.00% 5 of 50                                                  
Progress: [[====------------------------------------]] 10.00% 5 of 50                                                  
Progress: [[====------------------------------------]] 10.00% 5 of 50                                                  
Progress: [[====------------------------------------]] 10.00% 5 of 50                                                  
Progress: [[====------------------------------------]] 10.00% 5 of 50                                                  
No more tweets to scrape

Scraping Incomplete
Tweets: 5 out of 50

Saving Tweets to CSV...
b'{\n    "Name": [\n        "Andrew Lokenauth | TheFinanceNewsletter.com",\n        "Nick Maggiulli",\n        "Yisus",\n        "Andrew Lokenauth | TheFinanceNewsletter.com",\n        "Finance Memes"\n    ],\n    "Handle": [\n        "@FluentInFinance",\n        "@dollarsanddata",\n        "@Yisus",\n        "@FluentInFinance",\n        "@Qid_Memez"\n    ],\n    "Timestamp": [\n        "2024-08-19T17:24:00.000Z",\n        "2023-12-27T13:32:39.000Z",\n        "2023-12-03T03:16:47.000Z",\n        "2023-06-14T21:12:21.000Z",\n        "2022-11-15T03:46:26.000Z"\n    ],\n    "Verified": [\n        true,\n        true,\n        true,\n        true,\n        false\n    ],\n    "Content": [\n        "I shop at Amazon, I own $AMZN.\\n\\nI use Instagram, I own $META.\\n\\nI use an iPhone, I own $AAPL.\\n\\nI use Google, I own $GOOGL.\\n\\nI drive a Tesla, I own $TSLA.\\n\\nI don\'t buy ",\n        "Personal finance tip: Anytime I splurge on something I take the same amount of money and invest it. So if I want to buy a $400 pair of shoes, I also have to buy $400 worth of stocks.\\n\\nIf you want to buy something nice, you have to afford it twice. I call this The 2x Rule.",\n        "Finance Explained in League of Legends Terms\\nIndex Funds\\n\\nImagine you could invest in the 500 HIGHEST ELO players in League based on how much gold they earn per game. Treating players as stocks, that\\u2019s essentially what popular index funds attempt to do\\n\\nHistorically, the most",\n        "Never invest in stocks without doing your own research, if you want to become a smarter investor always look at these 10 things:",\n        "Ek baar Adani stocks mein invest karke dekho, tumhari life ban jayegi "\n    ],\n    "Comments": [\n        "300",\n        "113",\n        "43",\n        "57",\n        "124"\n    ],\n    "Retweets": [\n        "230",\n        "186",\n        "349",\n        "724",\n        "438"\n    ],\n    "Likes": [\n        "2.3K",\n        "2K",\n        "4.2K",\n        "3K",\n        "5.3K"\n    ],\n    "Analytics": [\n        "291K",\n        "337K",\n        "520K",\n        "1.2M",\n        "0"\n    ],\n    "Tags": [\n        [],\n        [],\n        [],\n        [],\n        []\n    ],\n    "Mentions": [\n        [],\n        [],\n        [],\n        [],\n        []\n    ],\n    "Emojis": [\n        [],\n        [],\n        [],\n        [],\n        [\n            "\\\\U0001f602"\n        ]\n    ],\n    "Profile Image": [\n        "https://pbs.twimg.com/profile_images/1747282104990175232/DSMtFE0E_normal.jpg",\n        "https://pbs.twimg.com/profile_images/1363326782586327041/ec1MuIfP_normal.jpg",\n        "https://pbs.twimg.com/profile_images/1620610905976307713/aqqeIEFy_normal.jpg",\n        "https://pbs.twimg.com/profile_images/1747282104990175232/DSMtFE0E_normal.jpg",\n        "https://pbs.twimg.com/profile_images/1284192211706380288/63KljojK_normal.jpg"\n    ],\n    "Tweet Link": [\n        "https://x.com/FluentInFinance/status/1825584512257896522",\n        "https://x.com/dollarsanddata/status/1740002754913874188",\n        "https://x.com/Yisus/status/1731150459086278657",\n        "https://x.com/FluentInFinance/status/1669090423162167303",\n        "https://x.com/Qid_Memez/status/1592363370833117184"\n    ],\n    "Tweet ID": [\n        "tweet_id:1825584512257896522",\n        "tweet_id:1740002754913874188",\n        "tweet_id:1731150459086278657",\n        "tweet_id:1669090423162167303",\n        "tweet_id:1592363370833117184"\n    ]\n}'
<kafka.producer.kafka.KafkaProducer object at 0x7ff29dd95640>
[2024-12-01T22:48:18.322+0000] {logging_mixin.py:190} INFO - The geckodriver version (0.32.0) detected in PATH at /usr/local/bin/geckodriver might not be compatible with the detected firefox version (133.0); currently, geckodriver 0.35.0 is recommended for firefox 133.*, so it is advised to delete the driver in PATH and retry
[2024-12-01T22:48:18.323+0000] {logging_mixin.py:190} INFO - finsihed task
[2024-12-01T22:48:18.323+0000] {python.py:240} INFO - Done. Returned value was: None
[2024-12-01T22:48:18.334+0000] {taskinstance.py:340} INFO - ::group::Post task execution logs
[2024-12-01T22:48:18.335+0000] {taskinstance.py:352} INFO - Marking task as SUCCESS. dag_id=retreival_x_data, task_id=hashtag_retreive, run_id=manual__2024-12-01T22:47:42.699376+00:00, execution_date=20241201T224742, start_date=20241201T224747, end_date=20241201T224818
[2024-12-01T22:48:18.348+0000] {logging_mixin.py:190} INFO - Task instance in success state
[2024-12-01T22:48:18.349+0000] {logging_mixin.py:190} INFO -  Previous state of the Task instance: running
[2024-12-01T22:48:18.349+0000] {logging_mixin.py:190} INFO - Dag name:retreival_x_data queued_at:2024-12-01 22:47:42.813249+00:00
[2024-12-01T22:48:18.350+0000] {logging_mixin.py:190} INFO - Task hostname:3903981c8fb7 operator:PythonOperator
[2024-12-01T22:48:18.369+0000] {local_task_job_runner.py:266} INFO - Task exited with return code 0
[2024-12-01T22:48:18.389+0000] {taskinstance.py:3895} INFO - 0 downstream tasks scheduled from follow-on schedule check
[2024-12-01T22:48:18.391+0000] {local_task_job_runner.py:245} INFO - ::endgroup::
