[2024-12-01T13:26:44.578+0000] {local_task_job_runner.py:123} INFO - ::group::Pre task execution logs
[2024-12-01T13:26:44.595+0000] {taskinstance.py:2613} INFO - Dependencies all met for dep_context=non-requeueable deps ti=<TaskInstance: retreival_x_data.hashtag_retreive manual__2024-12-01T13:26:41.129261+00:00 [queued]>
[2024-12-01T13:26:44.602+0000] {taskinstance.py:2613} INFO - Dependencies all met for dep_context=requeueable deps ti=<TaskInstance: retreival_x_data.hashtag_retreive manual__2024-12-01T13:26:41.129261+00:00 [queued]>
[2024-12-01T13:26:44.603+0000] {taskinstance.py:2866} INFO - Starting attempt 1 of 1
[2024-12-01T13:26:44.615+0000] {taskinstance.py:2889} INFO - Executing <Task(PythonOperator): hashtag_retreive> on 2024-12-01 13:26:41.129261+00:00
[2024-12-01T13:26:44.623+0000] {warnings.py:112} WARNING - /home/***/.local/lib/python3.12/site-packages/***/task/task_runner/standard_task_runner.py:70: DeprecationWarning: This process (pid=53963) is multi-threaded, use of fork() may lead to deadlocks in the child.
  pid = os.fork()

[2024-12-01T13:26:44.625+0000] {standard_task_runner.py:72} INFO - Started process 53986 to run task
[2024-12-01T13:26:44.625+0000] {standard_task_runner.py:104} INFO - Running: ['***', 'tasks', 'run', 'retreival_x_data', 'hashtag_retreive', 'manual__2024-12-01T13:26:41.129261+00:00', '--job-id', '73', '--raw', '--subdir', 'DAGS_FOLDER/retreive_data.py', '--cfg-path', '/tmp/tmp1tsuif0v']
[2024-12-01T13:26:44.626+0000] {standard_task_runner.py:105} INFO - Job 73: Subtask hashtag_retreive
[2024-12-01T13:26:44.664+0000] {task_command.py:467} INFO - Running <TaskInstance: retreival_x_data.hashtag_retreive manual__2024-12-01T13:26:41.129261+00:00 [running]> on host e824da4198b6
[2024-12-01T13:26:44.732+0000] {taskinstance.py:3132} INFO - Exporting env vars: AIRFLOW_CTX_DAG_OWNER='nou' AIRFLOW_CTX_DAG_ID='retreival_x_data' AIRFLOW_CTX_TASK_ID='hashtag_retreive' AIRFLOW_CTX_EXECUTION_DATE='2024-12-01T13:26:41.129261+00:00' AIRFLOW_CTX_TRY_NUMBER='1' AIRFLOW_CTX_DAG_RUN_ID='manual__2024-12-01T13:26:41.129261+00:00'
[2024-12-01T13:26:44.733+0000] {logging_mixin.py:190} INFO - Task instance is in running state
[2024-12-01T13:26:44.734+0000] {logging_mixin.py:190} INFO -  Previous state of the Task instance: queued
[2024-12-01T13:26:44.734+0000] {logging_mixin.py:190} INFO - Current task name:hashtag_retreive state:running start_date:2024-12-01 13:26:44.596031+00:00
[2024-12-01T13:26:44.734+0000] {logging_mixin.py:190} INFO - Dag name:retreival_x_data and current dag run status:running
[2024-12-01T13:26:44.734+0000] {taskinstance.py:731} INFO - ::endgroup::
[2024-12-01T13:27:21.699+0000] {logging_mixin.py:190} INFO - Loading .env file
Loaded .env file


Initializing Twitter Scraper...
Setup WebDriver...
Initializing FirefoxDriver...
WebDriver Setup Complete

Logging in to Twitter...

Login Successful

Scraping Latest Tweets from #stocks...

Progress: [[----------------------------------------]] 0.00% 0 of 50                                                  
Progress: [[----------------------------------------]] 2.00% 1 of 50                                                  
Progress: [[=---------------------------------------]] 4.00% 2 of 50                                                  
Progress: [[==--------------------------------------]] 6.00% 3 of 50                                                  
Progress: [[===-------------------------------------]] 8.00% 4 of 50                                                  
Progress: [[====------------------------------------]] 10.00% 5 of 50                                                  
Progress: [[====------------------------------------]] 12.00% 6 of 50                                                  
Progress: [[=====-----------------------------------]] 14.00% 7 of 50                                                  
Progress: [[======----------------------------------]] 16.00% 8 of 50                                                  
Progress: [[=======---------------------------------]] 18.00% 9 of 50                                                  
Progress: [[========--------------------------------]] 20.00% 10 of 50                                                  
Progress: [[========--------------------------------]] 22.00% 11 of 50                                                  
Progress: [[=========-------------------------------]] 24.00% 12 of 50                                                  
Progress: [[=========-------------------------------]] 24.00% 12 of 50                                                  
Progress: [[=========-------------------------------]] 24.00% 12 of 50                                                  
Progress: [[=========-------------------------------]] 24.00% 12 of 50                                                  
Progress: [[=========-------------------------------]] 24.00% 12 of 50                                                  
Progress: [[=========-------------------------------]] 24.00% 12 of 50                                                  
Progress: [[=========-------------------------------]] 24.00% 12 of 50                                                  
Progress: [[=========-------------------------------]] 24.00% 12 of 50                                                  
Progress: [[=========-------------------------------]] 24.00% 12 of 50                                                  
Progress: [[=========-------------------------------]] 24.00% 12 of 50                                                  
No more tweets to scrape

Scraping Incomplete
Tweets: 12 out of 50

Saving Tweets to CSV...
Created Folder: tweets/
                           Name  ...                      Tweet ID
0                     Mark Seed  ...  tweet_id:1863213003862065448
1                   Hemadri.Inc  ...  tweet_id:1863212969578189064
2           Stock Market Phobia  ...  tweet_id:1863212823998075198
3                      GOGINENI  ...  tweet_id:1863212338788405677
4           Stock Market Phobia  ...  tweet_id:1863211916375855221
5                       Inferda  ...  tweet_id:1863211576108499002
6           Stock Market Phobia  ...  tweet_id:1863211269081502113
7                 Darshana Sett  ...  tweet_id:1863210990592016443
8   اعلانات سوق الأسهم السعودية  ...  tweet_id:1863210788787310655
9           Stock Market Phobia  ...  tweet_id:1863210668679410022
10                   T GaneishM  ...  tweet_id:1863210500185616581
11          Stock Market Phobia  ...  tweet_id:1863209962803253375

[12 rows x 15 columns]
CSV Saved: tweets/2024-12-01_13-27-20_tweets_1-12.csv
[2024-12-01T13:27:21.700+0000] {logging_mixin.py:190} INFO - The geckodriver version (0.32.0) detected in PATH at /usr/local/bin/geckodriver might not be compatible with the detected firefox version (128.5.0); currently, geckodriver 0.35.0 is recommended for firefox 128.*, so it is advised to delete the driver in PATH and retry
[2024-12-01T13:27:21.701+0000] {logging_mixin.py:190} INFO - finsihed task
[2024-12-01T13:27:21.701+0000] {python.py:240} INFO - Done. Returned value was: None
[2024-12-01T13:27:21.935+0000] {taskinstance.py:340} INFO - ::group::Post task execution logs
[2024-12-01T13:27:21.935+0000] {taskinstance.py:352} INFO - Marking task as SUCCESS. dag_id=retreival_x_data, task_id=hashtag_retreive, run_id=manual__2024-12-01T13:26:41.129261+00:00, execution_date=20241201T132641, start_date=20241201T132644, end_date=20241201T132721
[2024-12-01T13:27:21.945+0000] {logging_mixin.py:190} INFO - Task instance in success state
[2024-12-01T13:27:21.945+0000] {logging_mixin.py:190} INFO -  Previous state of the Task instance: running
[2024-12-01T13:27:21.946+0000] {logging_mixin.py:190} INFO - Dag name:retreival_x_data queued_at:2024-12-01 13:26:41.205285+00:00
[2024-12-01T13:27:21.946+0000] {logging_mixin.py:190} INFO - Task hostname:e824da4198b6 operator:PythonOperator
[2024-12-01T13:27:22.000+0000] {local_task_job_runner.py:266} INFO - Task exited with return code 0
[2024-12-01T13:27:22.014+0000] {taskinstance.py:3895} INFO - 0 downstream tasks scheduled from follow-on schedule check
[2024-12-01T13:27:22.015+0000] {local_task_job_runner.py:245} INFO - ::endgroup::
