[2024-12-01T13:16:27.221+0000] {local_task_job_runner.py:123} INFO - ::group::Pre task execution logs
[2024-12-01T13:16:27.237+0000] {taskinstance.py:2613} INFO - Dependencies all met for dep_context=non-requeueable deps ti=<TaskInstance: retreival_x_data.hashtag_retreive manual__2024-12-01T13:16:21.104589+00:00 [queued]>
[2024-12-01T13:16:27.245+0000] {taskinstance.py:2613} INFO - Dependencies all met for dep_context=requeueable deps ti=<TaskInstance: retreival_x_data.hashtag_retreive manual__2024-12-01T13:16:21.104589+00:00 [queued]>
[2024-12-01T13:16:27.246+0000] {taskinstance.py:2866} INFO - Starting attempt 1 of 1
[2024-12-01T13:16:27.258+0000] {taskinstance.py:2889} INFO - Executing <Task(PythonOperator): hashtag_retreive> on 2024-12-01 13:16:21.104589+00:00
[2024-12-01T13:16:27.268+0000] {standard_task_runner.py:104} INFO - Running: ['***', 'tasks', 'run', 'retreival_x_data', 'hashtag_retreive', 'manual__2024-12-01T13:16:21.104589+00:00', '--job-id', '72', '--raw', '--subdir', 'DAGS_FOLDER/retreive_data.py', '--cfg-path', '/tmp/tmp7arcqydi']
[2024-12-01T13:16:27.268+0000] {warnings.py:112} WARNING - /home/***/.local/lib/python3.12/site-packages/***/task/task_runner/standard_task_runner.py:70: DeprecationWarning: This process (pid=46960) is multi-threaded, use of fork() may lead to deadlocks in the child.
  pid = os.fork()

[2024-12-01T13:16:27.270+0000] {standard_task_runner.py:105} INFO - Job 72: Subtask hashtag_retreive
[2024-12-01T13:16:27.270+0000] {standard_task_runner.py:72} INFO - Started process 47016 to run task
[2024-12-01T13:16:27.308+0000] {task_command.py:467} INFO - Running <TaskInstance: retreival_x_data.hashtag_retreive manual__2024-12-01T13:16:21.104589+00:00 [running]> on host e824da4198b6
[2024-12-01T13:16:27.376+0000] {taskinstance.py:3132} INFO - Exporting env vars: AIRFLOW_CTX_DAG_OWNER='nou' AIRFLOW_CTX_DAG_ID='retreival_x_data' AIRFLOW_CTX_TASK_ID='hashtag_retreive' AIRFLOW_CTX_EXECUTION_DATE='2024-12-01T13:16:21.104589+00:00' AIRFLOW_CTX_TRY_NUMBER='1' AIRFLOW_CTX_DAG_RUN_ID='manual__2024-12-01T13:16:21.104589+00:00'
[2024-12-01T13:16:27.377+0000] {logging_mixin.py:190} INFO - Task instance is in running state
[2024-12-01T13:16:27.377+0000] {logging_mixin.py:190} INFO -  Previous state of the Task instance: queued
[2024-12-01T13:16:27.377+0000] {logging_mixin.py:190} INFO - Current task name:hashtag_retreive state:running start_date:2024-12-01 13:16:27.238728+00:00
[2024-12-01T13:16:27.378+0000] {logging_mixin.py:190} INFO - Dag name:retreival_x_data and current dag run status:running
[2024-12-01T13:16:27.378+0000] {taskinstance.py:731} INFO - ::endgroup::
[2024-12-01T13:16:57.681+0000] {logging_mixin.py:190} INFO - Loading .env file
Loaded .env file


Initializing Twitter Scraper...
Setup WebDriver...
Initializing FirefoxDriver...
WebDriver Setup Complete

Logging in to Twitter...

Login Successful

Scraping Latest Tweets from #stocks...

Progress: [[----------------------------------------]] 0.00% 0 of 50                                                  
Progress: [[----------------------------------------]] 2.00% 1 of 50                                                  
Progress: [[=---------------------------------------]] 4.00% 2 of 50                                                  
Progress: [[=---------------------------------------]] 4.00% 2 of 50                                                  
Progress: [[=---------------------------------------]] 4.00% 2 of 50                                                  
Progress: [[=---------------------------------------]] 4.00% 2 of 50                                                  
Progress: [[=---------------------------------------]] 4.00% 2 of 50                                                  
Progress: [[=---------------------------------------]] 4.00% 2 of 50                                                  
Progress: [[=---------------------------------------]] 4.00% 2 of 50                                                  
Progress: [[=---------------------------------------]] 4.00% 2 of 50                                                  
Progress: [[=---------------------------------------]] 4.00% 2 of 50                                                  
Progress: [[=---------------------------------------]] 4.00% 2 of 50                                                  
No more tweets to scrape

Scraping Incomplete
Tweets: 2 out of 50

Saving Tweets to CSV...
Created Folder: selenium_twitter_scraper_master/tweets/
                  Name  ...                      Tweet ID
0           T GaneishM  ...  tweet_id:1863210500185616581
1  Stock Market Phobia  ...  tweet_id:1863209962803253375

[2 rows x 15 columns]
CSV Saved: selenium_twitter_scraper_master/tweets/2024-12-01_13-16-56_tweets_1-2.csv
[2024-12-01T13:16:57.681+0000] {logging_mixin.py:190} INFO - The geckodriver version (0.32.0) detected in PATH at /usr/local/bin/geckodriver might not be compatible with the detected firefox version (128.5.0); currently, geckodriver 0.35.0 is recommended for firefox 128.*, so it is advised to delete the driver in PATH and retry
[2024-12-01T13:16:57.682+0000] {logging_mixin.py:190} INFO - finsihed task
[2024-12-01T13:16:57.682+0000] {python.py:240} INFO - Done. Returned value was: None
[2024-12-01T13:16:57.892+0000] {taskinstance.py:340} INFO - ::group::Post task execution logs
[2024-12-01T13:16:57.893+0000] {taskinstance.py:352} INFO - Marking task as SUCCESS. dag_id=retreival_x_data, task_id=hashtag_retreive, run_id=manual__2024-12-01T13:16:21.104589+00:00, execution_date=20241201T131621, start_date=20241201T131627, end_date=20241201T131657
[2024-12-01T13:16:57.903+0000] {logging_mixin.py:190} INFO - Task instance in success state
[2024-12-01T13:16:57.903+0000] {logging_mixin.py:190} INFO -  Previous state of the Task instance: running
[2024-12-01T13:16:57.903+0000] {logging_mixin.py:190} INFO - Dag name:retreival_x_data queued_at:2024-12-01 13:16:21.199480+00:00
[2024-12-01T13:16:57.904+0000] {logging_mixin.py:190} INFO - Task hostname:e824da4198b6 operator:PythonOperator
[2024-12-01T13:16:57.942+0000] {local_task_job_runner.py:266} INFO - Task exited with return code 0
[2024-12-01T13:16:57.955+0000] {taskinstance.py:3895} INFO - 0 downstream tasks scheduled from follow-on schedule check
[2024-12-01T13:16:57.957+0000] {local_task_job_runner.py:245} INFO - ::endgroup::
