[2024-12-02T14:42:16.210+0000] {processor.py:186} INFO - Started process (PID=81) to work on /home/airflow/.local/lib/python3.12/site-packages/airflow/example_dags/example_dataset_alias.py
[2024-12-02T14:42:16.211+0000] {processor.py:914} INFO - Processing file /home/airflow/.local/lib/python3.12/site-packages/airflow/example_dags/example_dataset_alias.py for tasks to queue
[2024-12-02T14:42:16.213+0000] {logging_mixin.py:190} INFO - [2024-12-02T14:42:16.213+0000] {dagbag.py:588} INFO - Filling up the DagBag from /home/airflow/.local/lib/python3.12/site-packages/airflow/example_dags/example_dataset_alias.py
[2024-12-02T14:42:23.027+0000] {processor.py:925} INFO - DAG(s) 'dataset_s3_bucket_consumer', 'dataset_alias_example_alias_consumer', 'dataset_alias_example_alias_producer', 'dataset_s3_bucket_producer' retrieved from /home/airflow/.local/lib/python3.12/site-packages/airflow/example_dags/example_dataset_alias.py
[2024-12-02T14:42:23.089+0000] {logging_mixin.py:190} INFO - [2024-12-02T14:42:23.088+0000] {dag.py:3239} INFO - Sync 4 DAGs
[2024-12-02T14:42:23.187+0000] {logging_mixin.py:190} INFO - [2024-12-02T14:42:23.186+0000] {dag.py:4180} INFO - Setting next_dagrun for dataset_alias_example_alias_consumer to None, run_after=None
[2024-12-02T14:42:23.198+0000] {logging_mixin.py:190} INFO - [2024-12-02T14:42:23.198+0000] {dag.py:4180} INFO - Setting next_dagrun for dataset_alias_example_alias_producer to None, run_after=None
[2024-12-02T14:42:23.202+0000] {logging_mixin.py:190} INFO - [2024-12-02T14:42:23.201+0000] {dag.py:4180} INFO - Setting next_dagrun for dataset_s3_bucket_consumer to None, run_after=None
[2024-12-02T14:42:23.205+0000] {logging_mixin.py:190} INFO - [2024-12-02T14:42:23.204+0000] {dag.py:4180} INFO - Setting next_dagrun for dataset_s3_bucket_producer to None, run_after=None
[2024-12-02T14:42:23.255+0000] {processor.py:208} INFO - Processing /home/airflow/.local/lib/python3.12/site-packages/airflow/example_dags/example_dataset_alias.py took 7.051 seconds
[2024-12-02T14:42:54.157+0000] {processor.py:186} INFO - Started process (PID=150) to work on /home/airflow/.local/lib/python3.12/site-packages/airflow/example_dags/example_dataset_alias.py
[2024-12-02T14:42:54.168+0000] {processor.py:914} INFO - Processing file /home/airflow/.local/lib/python3.12/site-packages/airflow/example_dags/example_dataset_alias.py for tasks to queue
[2024-12-02T14:42:54.171+0000] {logging_mixin.py:190} INFO - [2024-12-02T14:42:54.171+0000] {dagbag.py:588} INFO - Filling up the DagBag from /home/airflow/.local/lib/python3.12/site-packages/airflow/example_dags/example_dataset_alias.py
[2024-12-02T14:43:16.999+0000] {processor.py:925} INFO - DAG(s) 'dataset_alias_example_alias_consumer', 'dataset_alias_example_alias_producer', 'dataset_s3_bucket_producer', 'dataset_s3_bucket_consumer' retrieved from /home/airflow/.local/lib/python3.12/site-packages/airflow/example_dags/example_dataset_alias.py
[2024-12-02T14:43:17.032+0000] {logging_mixin.py:190} INFO - [2024-12-02T14:43:17.031+0000] {dag.py:3239} INFO - Sync 4 DAGs
[2024-12-02T14:43:17.066+0000] {logging_mixin.py:190} INFO - [2024-12-02T14:43:17.066+0000] {dag.py:4180} INFO - Setting next_dagrun for dataset_alias_example_alias_consumer to None, run_after=None
[2024-12-02T14:43:17.070+0000] {logging_mixin.py:190} INFO - [2024-12-02T14:43:17.070+0000] {dag.py:4180} INFO - Setting next_dagrun for dataset_alias_example_alias_producer to None, run_after=None
[2024-12-02T14:43:17.072+0000] {logging_mixin.py:190} INFO - [2024-12-02T14:43:17.072+0000] {dag.py:4180} INFO - Setting next_dagrun for dataset_s3_bucket_consumer to None, run_after=None
[2024-12-02T14:43:17.076+0000] {logging_mixin.py:190} INFO - [2024-12-02T14:43:17.075+0000] {dag.py:4180} INFO - Setting next_dagrun for dataset_s3_bucket_producer to None, run_after=None
[2024-12-02T14:43:17.115+0000] {processor.py:208} INFO - Processing /home/airflow/.local/lib/python3.12/site-packages/airflow/example_dags/example_dataset_alias.py took 22.988 seconds
[2024-12-02T14:43:47.533+0000] {processor.py:186} INFO - Started process (PID=220) to work on /home/airflow/.local/lib/python3.12/site-packages/airflow/example_dags/example_dataset_alias.py
[2024-12-02T14:43:47.536+0000] {processor.py:914} INFO - Processing file /home/airflow/.local/lib/python3.12/site-packages/airflow/example_dags/example_dataset_alias.py for tasks to queue
[2024-12-02T14:43:47.542+0000] {logging_mixin.py:190} INFO - [2024-12-02T14:43:47.542+0000] {dagbag.py:588} INFO - Filling up the DagBag from /home/airflow/.local/lib/python3.12/site-packages/airflow/example_dags/example_dataset_alias.py
[2024-12-02T14:43:49.235+0000] {processor.py:925} INFO - DAG(s) 'dataset_s3_bucket_consumer', 'dataset_s3_bucket_producer', 'dataset_alias_example_alias_producer', 'dataset_alias_example_alias_consumer' retrieved from /home/airflow/.local/lib/python3.12/site-packages/airflow/example_dags/example_dataset_alias.py
[2024-12-02T14:43:49.268+0000] {logging_mixin.py:190} INFO - [2024-12-02T14:43:49.267+0000] {dag.py:3239} INFO - Sync 4 DAGs
[2024-12-02T14:43:49.324+0000] {logging_mixin.py:190} INFO - [2024-12-02T14:43:49.324+0000] {dag.py:4180} INFO - Setting next_dagrun for dataset_alias_example_alias_consumer to None, run_after=None
[2024-12-02T14:43:49.327+0000] {logging_mixin.py:190} INFO - [2024-12-02T14:43:49.327+0000] {dag.py:4180} INFO - Setting next_dagrun for dataset_alias_example_alias_producer to None, run_after=None
[2024-12-02T14:43:49.328+0000] {logging_mixin.py:190} INFO - [2024-12-02T14:43:49.328+0000] {dag.py:4180} INFO - Setting next_dagrun for dataset_s3_bucket_consumer to None, run_after=None
[2024-12-02T14:43:49.330+0000] {logging_mixin.py:190} INFO - [2024-12-02T14:43:49.330+0000] {dag.py:4180} INFO - Setting next_dagrun for dataset_s3_bucket_producer to None, run_after=None
[2024-12-02T14:43:49.357+0000] {processor.py:208} INFO - Processing /home/airflow/.local/lib/python3.12/site-packages/airflow/example_dags/example_dataset_alias.py took 1.837 seconds
[2024-12-02T14:44:20.780+0000] {processor.py:186} INFO - Started process (PID=287) to work on /home/airflow/.local/lib/python3.12/site-packages/airflow/example_dags/example_dataset_alias.py
[2024-12-02T14:44:20.781+0000] {processor.py:914} INFO - Processing file /home/airflow/.local/lib/python3.12/site-packages/airflow/example_dags/example_dataset_alias.py for tasks to queue
[2024-12-02T14:44:20.783+0000] {logging_mixin.py:190} INFO - [2024-12-02T14:44:20.783+0000] {dagbag.py:588} INFO - Filling up the DagBag from /home/airflow/.local/lib/python3.12/site-packages/airflow/example_dags/example_dataset_alias.py
[2024-12-02T14:44:22.332+0000] {processor.py:925} INFO - DAG(s) 'dataset_alias_example_alias_producer', 'dataset_alias_example_alias_consumer', 'dataset_s3_bucket_producer', 'dataset_s3_bucket_consumer' retrieved from /home/airflow/.local/lib/python3.12/site-packages/airflow/example_dags/example_dataset_alias.py
[2024-12-02T14:44:22.366+0000] {logging_mixin.py:190} INFO - [2024-12-02T14:44:22.365+0000] {dag.py:3239} INFO - Sync 4 DAGs
[2024-12-02T14:44:22.408+0000] {logging_mixin.py:190} INFO - [2024-12-02T14:44:22.407+0000] {dag.py:4180} INFO - Setting next_dagrun for dataset_alias_example_alias_consumer to None, run_after=None
[2024-12-02T14:44:22.410+0000] {logging_mixin.py:190} INFO - [2024-12-02T14:44:22.410+0000] {dag.py:4180} INFO - Setting next_dagrun for dataset_alias_example_alias_producer to None, run_after=None
[2024-12-02T14:44:22.412+0000] {logging_mixin.py:190} INFO - [2024-12-02T14:44:22.412+0000] {dag.py:4180} INFO - Setting next_dagrun for dataset_s3_bucket_consumer to None, run_after=None
[2024-12-02T14:44:22.414+0000] {logging_mixin.py:190} INFO - [2024-12-02T14:44:22.414+0000] {dag.py:4180} INFO - Setting next_dagrun for dataset_s3_bucket_producer to None, run_after=None
[2024-12-02T14:44:22.454+0000] {processor.py:208} INFO - Processing /home/airflow/.local/lib/python3.12/site-packages/airflow/example_dags/example_dataset_alias.py took 1.679 seconds
[2024-12-02T14:44:52.711+0000] {processor.py:186} INFO - Started process (PID=352) to work on /home/airflow/.local/lib/python3.12/site-packages/airflow/example_dags/example_dataset_alias.py
[2024-12-02T14:44:52.721+0000] {processor.py:914} INFO - Processing file /home/airflow/.local/lib/python3.12/site-packages/airflow/example_dags/example_dataset_alias.py for tasks to queue
[2024-12-02T14:44:52.722+0000] {logging_mixin.py:190} INFO - [2024-12-02T14:44:52.722+0000] {dagbag.py:588} INFO - Filling up the DagBag from /home/airflow/.local/lib/python3.12/site-packages/airflow/example_dags/example_dataset_alias.py
[2024-12-02T14:44:53.853+0000] {processor.py:925} INFO - DAG(s) 'dataset_s3_bucket_producer', 'dataset_alias_example_alias_consumer', 'dataset_alias_example_alias_producer', 'dataset_s3_bucket_consumer' retrieved from /home/airflow/.local/lib/python3.12/site-packages/airflow/example_dags/example_dataset_alias.py
[2024-12-02T14:44:53.881+0000] {logging_mixin.py:190} INFO - [2024-12-02T14:44:53.880+0000] {dag.py:3239} INFO - Sync 4 DAGs
[2024-12-02T14:44:53.924+0000] {logging_mixin.py:190} INFO - [2024-12-02T14:44:53.924+0000] {dag.py:4180} INFO - Setting next_dagrun for dataset_alias_example_alias_consumer to None, run_after=None
[2024-12-02T14:44:53.926+0000] {logging_mixin.py:190} INFO - [2024-12-02T14:44:53.926+0000] {dag.py:4180} INFO - Setting next_dagrun for dataset_alias_example_alias_producer to None, run_after=None
[2024-12-02T14:44:53.929+0000] {logging_mixin.py:190} INFO - [2024-12-02T14:44:53.929+0000] {dag.py:4180} INFO - Setting next_dagrun for dataset_s3_bucket_consumer to None, run_after=None
[2024-12-02T14:44:53.931+0000] {logging_mixin.py:190} INFO - [2024-12-02T14:44:53.931+0000] {dag.py:4180} INFO - Setting next_dagrun for dataset_s3_bucket_producer to None, run_after=None
[2024-12-02T14:44:53.954+0000] {processor.py:208} INFO - Processing /home/airflow/.local/lib/python3.12/site-packages/airflow/example_dags/example_dataset_alias.py took 1.247 seconds
[2024-12-02T14:45:24.680+0000] {processor.py:186} INFO - Started process (PID=417) to work on /home/airflow/.local/lib/python3.12/site-packages/airflow/example_dags/example_dataset_alias.py
[2024-12-02T14:45:24.690+0000] {processor.py:914} INFO - Processing file /home/airflow/.local/lib/python3.12/site-packages/airflow/example_dags/example_dataset_alias.py for tasks to queue
[2024-12-02T14:45:24.692+0000] {logging_mixin.py:190} INFO - [2024-12-02T14:45:24.692+0000] {dagbag.py:588} INFO - Filling up the DagBag from /home/airflow/.local/lib/python3.12/site-packages/airflow/example_dags/example_dataset_alias.py
[2024-12-02T14:45:25.221+0000] {processor.py:925} INFO - DAG(s) 'dataset_s3_bucket_producer', 'dataset_alias_example_alias_consumer', 'dataset_s3_bucket_consumer', 'dataset_alias_example_alias_producer' retrieved from /home/airflow/.local/lib/python3.12/site-packages/airflow/example_dags/example_dataset_alias.py
[2024-12-02T14:45:25.251+0000] {logging_mixin.py:190} INFO - [2024-12-02T14:45:25.250+0000] {dag.py:3239} INFO - Sync 4 DAGs
[2024-12-02T14:45:25.297+0000] {logging_mixin.py:190} INFO - [2024-12-02T14:45:25.297+0000] {dag.py:4180} INFO - Setting next_dagrun for dataset_alias_example_alias_consumer to None, run_after=None
[2024-12-02T14:45:25.300+0000] {logging_mixin.py:190} INFO - [2024-12-02T14:45:25.300+0000] {dag.py:4180} INFO - Setting next_dagrun for dataset_alias_example_alias_producer to None, run_after=None
[2024-12-02T14:45:25.302+0000] {logging_mixin.py:190} INFO - [2024-12-02T14:45:25.301+0000] {dag.py:4180} INFO - Setting next_dagrun for dataset_s3_bucket_consumer to None, run_after=None
[2024-12-02T14:45:25.303+0000] {logging_mixin.py:190} INFO - [2024-12-02T14:45:25.303+0000] {dag.py:4180} INFO - Setting next_dagrun for dataset_s3_bucket_producer to None, run_after=None
[2024-12-02T14:45:25.329+0000] {processor.py:208} INFO - Processing /home/airflow/.local/lib/python3.12/site-packages/airflow/example_dags/example_dataset_alias.py took 0.653 seconds
[2024-12-02T14:45:55.908+0000] {processor.py:186} INFO - Started process (PID=481) to work on /home/airflow/.local/lib/python3.12/site-packages/airflow/example_dags/example_dataset_alias.py
[2024-12-02T14:45:55.917+0000] {processor.py:914} INFO - Processing file /home/airflow/.local/lib/python3.12/site-packages/airflow/example_dags/example_dataset_alias.py for tasks to queue
[2024-12-02T14:45:55.919+0000] {logging_mixin.py:190} INFO - [2024-12-02T14:45:55.919+0000] {dagbag.py:588} INFO - Filling up the DagBag from /home/airflow/.local/lib/python3.12/site-packages/airflow/example_dags/example_dataset_alias.py
[2024-12-02T14:45:57.508+0000] {processor.py:925} INFO - DAG(s) 'dataset_alias_example_alias_consumer', 'dataset_s3_bucket_consumer', 'dataset_alias_example_alias_producer', 'dataset_s3_bucket_producer' retrieved from /home/airflow/.local/lib/python3.12/site-packages/airflow/example_dags/example_dataset_alias.py
[2024-12-02T14:45:57.544+0000] {logging_mixin.py:190} INFO - [2024-12-02T14:45:57.543+0000] {dag.py:3239} INFO - Sync 4 DAGs
[2024-12-02T14:45:57.620+0000] {logging_mixin.py:190} INFO - [2024-12-02T14:45:57.620+0000] {dag.py:4180} INFO - Setting next_dagrun for dataset_alias_example_alias_consumer to None, run_after=None
[2024-12-02T14:45:57.624+0000] {logging_mixin.py:190} INFO - [2024-12-02T14:45:57.624+0000] {dag.py:4180} INFO - Setting next_dagrun for dataset_alias_example_alias_producer to None, run_after=None
[2024-12-02T14:45:57.626+0000] {logging_mixin.py:190} INFO - [2024-12-02T14:45:57.626+0000] {dag.py:4180} INFO - Setting next_dagrun for dataset_s3_bucket_consumer to None, run_after=None
[2024-12-02T14:45:57.628+0000] {logging_mixin.py:190} INFO - [2024-12-02T14:45:57.627+0000] {dag.py:4180} INFO - Setting next_dagrun for dataset_s3_bucket_producer to None, run_after=None
[2024-12-02T14:45:57.651+0000] {processor.py:208} INFO - Processing /home/airflow/.local/lib/python3.12/site-packages/airflow/example_dags/example_dataset_alias.py took 1.746 seconds
[2024-12-02T14:46:28.117+0000] {processor.py:186} INFO - Started process (PID=545) to work on /home/airflow/.local/lib/python3.12/site-packages/airflow/example_dags/example_dataset_alias.py
[2024-12-02T14:46:28.130+0000] {processor.py:914} INFO - Processing file /home/airflow/.local/lib/python3.12/site-packages/airflow/example_dags/example_dataset_alias.py for tasks to queue
[2024-12-02T14:46:28.134+0000] {logging_mixin.py:190} INFO - [2024-12-02T14:46:28.133+0000] {dagbag.py:588} INFO - Filling up the DagBag from /home/airflow/.local/lib/python3.12/site-packages/airflow/example_dags/example_dataset_alias.py
[2024-12-02T14:46:35.214+0000] {processor.py:925} INFO - DAG(s) 'dataset_alias_example_alias_consumer', 'dataset_s3_bucket_consumer', 'dataset_alias_example_alias_producer', 'dataset_s3_bucket_producer' retrieved from /home/airflow/.local/lib/python3.12/site-packages/airflow/example_dags/example_dataset_alias.py
[2024-12-02T14:46:35.247+0000] {logging_mixin.py:190} INFO - [2024-12-02T14:46:35.246+0000] {dag.py:3239} INFO - Sync 4 DAGs
[2024-12-02T14:46:35.285+0000] {logging_mixin.py:190} INFO - [2024-12-02T14:46:35.285+0000] {dag.py:4180} INFO - Setting next_dagrun for dataset_alias_example_alias_consumer to None, run_after=None
[2024-12-02T14:46:35.288+0000] {logging_mixin.py:190} INFO - [2024-12-02T14:46:35.288+0000] {dag.py:4180} INFO - Setting next_dagrun for dataset_alias_example_alias_producer to None, run_after=None
[2024-12-02T14:46:35.291+0000] {logging_mixin.py:190} INFO - [2024-12-02T14:46:35.290+0000] {dag.py:4180} INFO - Setting next_dagrun for dataset_s3_bucket_consumer to None, run_after=None
[2024-12-02T14:46:35.293+0000] {logging_mixin.py:190} INFO - [2024-12-02T14:46:35.293+0000] {dag.py:4180} INFO - Setting next_dagrun for dataset_s3_bucket_producer to None, run_after=None
[2024-12-02T14:46:35.323+0000] {processor.py:208} INFO - Processing /home/airflow/.local/lib/python3.12/site-packages/airflow/example_dags/example_dataset_alias.py took 7.226 seconds
[2024-12-02T14:47:05.698+0000] {processor.py:186} INFO - Started process (PID=609) to work on /home/airflow/.local/lib/python3.12/site-packages/airflow/example_dags/example_dataset_alias.py
[2024-12-02T14:47:05.707+0000] {processor.py:914} INFO - Processing file /home/airflow/.local/lib/python3.12/site-packages/airflow/example_dags/example_dataset_alias.py for tasks to queue
[2024-12-02T14:47:05.709+0000] {logging_mixin.py:190} INFO - [2024-12-02T14:47:05.709+0000] {dagbag.py:588} INFO - Filling up the DagBag from /home/airflow/.local/lib/python3.12/site-packages/airflow/example_dags/example_dataset_alias.py
[2024-12-02T14:47:08.598+0000] {processor.py:925} INFO - DAG(s) 'dataset_alias_example_alias_consumer', 'dataset_s3_bucket_consumer', 'dataset_alias_example_alias_producer', 'dataset_s3_bucket_producer' retrieved from /home/airflow/.local/lib/python3.12/site-packages/airflow/example_dags/example_dataset_alias.py
[2024-12-02T14:47:08.622+0000] {logging_mixin.py:190} INFO - [2024-12-02T14:47:08.620+0000] {dag.py:3239} INFO - Sync 4 DAGs
[2024-12-02T14:47:08.645+0000] {logging_mixin.py:190} INFO - [2024-12-02T14:47:08.644+0000] {dag.py:4180} INFO - Setting next_dagrun for dataset_alias_example_alias_consumer to None, run_after=None
[2024-12-02T14:47:08.647+0000] {logging_mixin.py:190} INFO - [2024-12-02T14:47:08.647+0000] {dag.py:4180} INFO - Setting next_dagrun for dataset_alias_example_alias_producer to None, run_after=None
[2024-12-02T14:47:08.649+0000] {logging_mixin.py:190} INFO - [2024-12-02T14:47:08.649+0000] {dag.py:4180} INFO - Setting next_dagrun for dataset_s3_bucket_consumer to None, run_after=None
[2024-12-02T14:47:08.650+0000] {logging_mixin.py:190} INFO - [2024-12-02T14:47:08.650+0000] {dag.py:4180} INFO - Setting next_dagrun for dataset_s3_bucket_producer to None, run_after=None
[2024-12-02T14:47:08.674+0000] {processor.py:208} INFO - Processing /home/airflow/.local/lib/python3.12/site-packages/airflow/example_dags/example_dataset_alias.py took 2.992 seconds
[2024-12-02T14:47:39.510+0000] {processor.py:186} INFO - Started process (PID=673) to work on /home/airflow/.local/lib/python3.12/site-packages/airflow/example_dags/example_dataset_alias.py
[2024-12-02T14:47:39.520+0000] {processor.py:914} INFO - Processing file /home/airflow/.local/lib/python3.12/site-packages/airflow/example_dags/example_dataset_alias.py for tasks to queue
[2024-12-02T14:47:39.522+0000] {logging_mixin.py:190} INFO - [2024-12-02T14:47:39.521+0000] {dagbag.py:588} INFO - Filling up the DagBag from /home/airflow/.local/lib/python3.12/site-packages/airflow/example_dags/example_dataset_alias.py
[2024-12-02T14:47:40.028+0000] {processor.py:925} INFO - DAG(s) 'dataset_s3_bucket_producer', 'dataset_alias_example_alias_producer', 'dataset_alias_example_alias_consumer', 'dataset_s3_bucket_consumer' retrieved from /home/airflow/.local/lib/python3.12/site-packages/airflow/example_dags/example_dataset_alias.py
[2024-12-02T14:47:40.046+0000] {logging_mixin.py:190} INFO - [2024-12-02T14:47:40.046+0000] {dag.py:3239} INFO - Sync 4 DAGs
[2024-12-02T14:47:40.063+0000] {logging_mixin.py:190} INFO - [2024-12-02T14:47:40.063+0000] {dag.py:4180} INFO - Setting next_dagrun for dataset_alias_example_alias_consumer to None, run_after=None
[2024-12-02T14:47:40.065+0000] {logging_mixin.py:190} INFO - [2024-12-02T14:47:40.065+0000] {dag.py:4180} INFO - Setting next_dagrun for dataset_alias_example_alias_producer to None, run_after=None
[2024-12-02T14:47:40.066+0000] {logging_mixin.py:190} INFO - [2024-12-02T14:47:40.066+0000] {dag.py:4180} INFO - Setting next_dagrun for dataset_s3_bucket_consumer to None, run_after=None
[2024-12-02T14:47:40.067+0000] {logging_mixin.py:190} INFO - [2024-12-02T14:47:40.067+0000] {dag.py:4180} INFO - Setting next_dagrun for dataset_s3_bucket_producer to None, run_after=None
[2024-12-02T14:47:40.082+0000] {processor.py:208} INFO - Processing /home/airflow/.local/lib/python3.12/site-packages/airflow/example_dags/example_dataset_alias.py took 0.575 seconds
[2024-12-02T14:48:10.135+0000] {processor.py:186} INFO - Started process (PID=741) to work on /home/airflow/.local/lib/python3.12/site-packages/airflow/example_dags/example_dataset_alias.py
[2024-12-02T14:48:10.136+0000] {processor.py:914} INFO - Processing file /home/airflow/.local/lib/python3.12/site-packages/airflow/example_dags/example_dataset_alias.py for tasks to queue
[2024-12-02T14:48:10.138+0000] {logging_mixin.py:190} INFO - [2024-12-02T14:48:10.138+0000] {dagbag.py:588} INFO - Filling up the DagBag from /home/airflow/.local/lib/python3.12/site-packages/airflow/example_dags/example_dataset_alias.py
[2024-12-02T14:48:11.172+0000] {processor.py:925} INFO - DAG(s) 'dataset_alias_example_alias_consumer', 'dataset_alias_example_alias_producer', 'dataset_s3_bucket_producer', 'dataset_s3_bucket_consumer' retrieved from /home/airflow/.local/lib/python3.12/site-packages/airflow/example_dags/example_dataset_alias.py
[2024-12-02T14:48:11.198+0000] {logging_mixin.py:190} INFO - [2024-12-02T14:48:11.197+0000] {dag.py:3239} INFO - Sync 4 DAGs
[2024-12-02T14:48:11.226+0000] {logging_mixin.py:190} INFO - [2024-12-02T14:48:11.226+0000] {dag.py:4180} INFO - Setting next_dagrun for dataset_alias_example_alias_consumer to None, run_after=None
[2024-12-02T14:48:11.230+0000] {logging_mixin.py:190} INFO - [2024-12-02T14:48:11.230+0000] {dag.py:4180} INFO - Setting next_dagrun for dataset_alias_example_alias_producer to None, run_after=None
[2024-12-02T14:48:11.232+0000] {logging_mixin.py:190} INFO - [2024-12-02T14:48:11.232+0000] {dag.py:4180} INFO - Setting next_dagrun for dataset_s3_bucket_consumer to None, run_after=None
[2024-12-02T14:48:11.234+0000] {logging_mixin.py:190} INFO - [2024-12-02T14:48:11.233+0000] {dag.py:4180} INFO - Setting next_dagrun for dataset_s3_bucket_producer to None, run_after=None
[2024-12-02T14:48:11.258+0000] {processor.py:208} INFO - Processing /home/airflow/.local/lib/python3.12/site-packages/airflow/example_dags/example_dataset_alias.py took 1.128 seconds
[2024-12-02T14:48:41.459+0000] {processor.py:186} INFO - Started process (PID=811) to work on /home/airflow/.local/lib/python3.12/site-packages/airflow/example_dags/example_dataset_alias.py
[2024-12-02T14:48:41.468+0000] {processor.py:914} INFO - Processing file /home/airflow/.local/lib/python3.12/site-packages/airflow/example_dags/example_dataset_alias.py for tasks to queue
[2024-12-02T14:48:41.470+0000] {logging_mixin.py:190} INFO - [2024-12-02T14:48:41.470+0000] {dagbag.py:588} INFO - Filling up the DagBag from /home/airflow/.local/lib/python3.12/site-packages/airflow/example_dags/example_dataset_alias.py
[2024-12-02T14:48:41.929+0000] {processor.py:925} INFO - DAG(s) 'dataset_s3_bucket_producer', 'dataset_alias_example_alias_consumer', 'dataset_alias_example_alias_producer', 'dataset_s3_bucket_consumer' retrieved from /home/airflow/.local/lib/python3.12/site-packages/airflow/example_dags/example_dataset_alias.py
[2024-12-02T14:48:41.943+0000] {logging_mixin.py:190} INFO - [2024-12-02T14:48:41.943+0000] {dag.py:3239} INFO - Sync 4 DAGs
[2024-12-02T14:48:41.962+0000] {logging_mixin.py:190} INFO - [2024-12-02T14:48:41.962+0000] {dag.py:4180} INFO - Setting next_dagrun for dataset_alias_example_alias_consumer to None, run_after=None
[2024-12-02T14:48:41.965+0000] {logging_mixin.py:190} INFO - [2024-12-02T14:48:41.964+0000] {dag.py:4180} INFO - Setting next_dagrun for dataset_alias_example_alias_producer to None, run_after=None
[2024-12-02T14:48:41.966+0000] {logging_mixin.py:190} INFO - [2024-12-02T14:48:41.966+0000] {dag.py:4180} INFO - Setting next_dagrun for dataset_s3_bucket_consumer to None, run_after=None
[2024-12-02T14:48:41.967+0000] {logging_mixin.py:190} INFO - [2024-12-02T14:48:41.967+0000] {dag.py:4180} INFO - Setting next_dagrun for dataset_s3_bucket_producer to None, run_after=None
[2024-12-02T14:48:41.985+0000] {processor.py:208} INFO - Processing /home/airflow/.local/lib/python3.12/site-packages/airflow/example_dags/example_dataset_alias.py took 0.530 seconds
[2024-12-02T14:49:12.801+0000] {processor.py:186} INFO - Started process (PID=877) to work on /home/airflow/.local/lib/python3.12/site-packages/airflow/example_dags/example_dataset_alias.py
[2024-12-02T14:49:12.822+0000] {processor.py:914} INFO - Processing file /home/airflow/.local/lib/python3.12/site-packages/airflow/example_dags/example_dataset_alias.py for tasks to queue
[2024-12-02T14:49:12.827+0000] {logging_mixin.py:190} INFO - [2024-12-02T14:49:12.826+0000] {dagbag.py:588} INFO - Filling up the DagBag from /home/airflow/.local/lib/python3.12/site-packages/airflow/example_dags/example_dataset_alias.py
[2024-12-02T14:49:17.300+0000] {processor.py:925} INFO - DAG(s) 'dataset_s3_bucket_producer', 'dataset_alias_example_alias_producer', 'dataset_s3_bucket_consumer', 'dataset_alias_example_alias_consumer' retrieved from /home/airflow/.local/lib/python3.12/site-packages/airflow/example_dags/example_dataset_alias.py
[2024-12-02T14:49:17.345+0000] {logging_mixin.py:190} INFO - [2024-12-02T14:49:17.344+0000] {dag.py:3239} INFO - Sync 4 DAGs
[2024-12-02T14:49:17.387+0000] {logging_mixin.py:190} INFO - [2024-12-02T14:49:17.386+0000] {dag.py:4180} INFO - Setting next_dagrun for dataset_alias_example_alias_consumer to None, run_after=None
[2024-12-02T14:49:17.390+0000] {logging_mixin.py:190} INFO - [2024-12-02T14:49:17.390+0000] {dag.py:4180} INFO - Setting next_dagrun for dataset_alias_example_alias_producer to None, run_after=None
[2024-12-02T14:49:17.392+0000] {logging_mixin.py:190} INFO - [2024-12-02T14:49:17.392+0000] {dag.py:4180} INFO - Setting next_dagrun for dataset_s3_bucket_consumer to None, run_after=None
[2024-12-02T14:49:17.394+0000] {logging_mixin.py:190} INFO - [2024-12-02T14:49:17.394+0000] {dag.py:4180} INFO - Setting next_dagrun for dataset_s3_bucket_producer to None, run_after=None
[2024-12-02T14:49:17.426+0000] {processor.py:208} INFO - Processing /home/airflow/.local/lib/python3.12/site-packages/airflow/example_dags/example_dataset_alias.py took 4.631 seconds
[2024-12-02T14:49:48.462+0000] {processor.py:186} INFO - Started process (PID=941) to work on /home/airflow/.local/lib/python3.12/site-packages/airflow/example_dags/example_dataset_alias.py
[2024-12-02T14:49:48.472+0000] {processor.py:914} INFO - Processing file /home/airflow/.local/lib/python3.12/site-packages/airflow/example_dags/example_dataset_alias.py for tasks to queue
[2024-12-02T14:49:48.474+0000] {logging_mixin.py:190} INFO - [2024-12-02T14:49:48.474+0000] {dagbag.py:588} INFO - Filling up the DagBag from /home/airflow/.local/lib/python3.12/site-packages/airflow/example_dags/example_dataset_alias.py
[2024-12-02T14:49:49.773+0000] {processor.py:925} INFO - DAG(s) 'dataset_s3_bucket_consumer', 'dataset_alias_example_alias_producer', 'dataset_alias_example_alias_consumer', 'dataset_s3_bucket_producer' retrieved from /home/airflow/.local/lib/python3.12/site-packages/airflow/example_dags/example_dataset_alias.py
[2024-12-02T14:49:49.795+0000] {logging_mixin.py:190} INFO - [2024-12-02T14:49:49.795+0000] {dag.py:3239} INFO - Sync 4 DAGs
[2024-12-02T14:49:49.821+0000] {logging_mixin.py:190} INFO - [2024-12-02T14:49:49.820+0000] {dag.py:4180} INFO - Setting next_dagrun for dataset_alias_example_alias_consumer to None, run_after=None
[2024-12-02T14:49:49.823+0000] {logging_mixin.py:190} INFO - [2024-12-02T14:49:49.823+0000] {dag.py:4180} INFO - Setting next_dagrun for dataset_alias_example_alias_producer to None, run_after=None
[2024-12-02T14:49:49.825+0000] {logging_mixin.py:190} INFO - [2024-12-02T14:49:49.825+0000] {dag.py:4180} INFO - Setting next_dagrun for dataset_s3_bucket_consumer to None, run_after=None
[2024-12-02T14:49:49.826+0000] {logging_mixin.py:190} INFO - [2024-12-02T14:49:49.826+0000] {dag.py:4180} INFO - Setting next_dagrun for dataset_s3_bucket_producer to None, run_after=None
[2024-12-02T14:49:49.845+0000] {processor.py:208} INFO - Processing /home/airflow/.local/lib/python3.12/site-packages/airflow/example_dags/example_dataset_alias.py took 1.386 seconds
[2024-12-02T14:50:19.923+0000] {processor.py:186} INFO - Started process (PID=1005) to work on /home/airflow/.local/lib/python3.12/site-packages/airflow/example_dags/example_dataset_alias.py
[2024-12-02T14:50:19.932+0000] {processor.py:914} INFO - Processing file /home/airflow/.local/lib/python3.12/site-packages/airflow/example_dags/example_dataset_alias.py for tasks to queue
[2024-12-02T14:50:19.935+0000] {logging_mixin.py:190} INFO - [2024-12-02T14:50:19.935+0000] {dagbag.py:588} INFO - Filling up the DagBag from /home/airflow/.local/lib/python3.12/site-packages/airflow/example_dags/example_dataset_alias.py
[2024-12-02T14:50:20.982+0000] {processor.py:925} INFO - DAG(s) 'dataset_alias_example_alias_consumer', 'dataset_alias_example_alias_producer', 'dataset_s3_bucket_producer', 'dataset_s3_bucket_consumer' retrieved from /home/airflow/.local/lib/python3.12/site-packages/airflow/example_dags/example_dataset_alias.py
[2024-12-02T14:50:21.025+0000] {logging_mixin.py:190} INFO - [2024-12-02T14:50:21.024+0000] {dag.py:3239} INFO - Sync 4 DAGs
[2024-12-02T14:50:21.049+0000] {logging_mixin.py:190} INFO - [2024-12-02T14:50:21.049+0000] {dag.py:4180} INFO - Setting next_dagrun for dataset_alias_example_alias_consumer to None, run_after=None
[2024-12-02T14:50:21.053+0000] {logging_mixin.py:190} INFO - [2024-12-02T14:50:21.053+0000] {dag.py:4180} INFO - Setting next_dagrun for dataset_alias_example_alias_producer to None, run_after=None
[2024-12-02T14:50:21.055+0000] {logging_mixin.py:190} INFO - [2024-12-02T14:50:21.054+0000] {dag.py:4180} INFO - Setting next_dagrun for dataset_s3_bucket_consumer to None, run_after=None
[2024-12-02T14:50:21.056+0000] {logging_mixin.py:190} INFO - [2024-12-02T14:50:21.056+0000] {dag.py:4180} INFO - Setting next_dagrun for dataset_s3_bucket_producer to None, run_after=None
[2024-12-02T14:50:21.079+0000] {processor.py:208} INFO - Processing /home/airflow/.local/lib/python3.12/site-packages/airflow/example_dags/example_dataset_alias.py took 1.160 seconds
[2024-12-02T14:50:51.385+0000] {processor.py:186} INFO - Started process (PID=1069) to work on /home/airflow/.local/lib/python3.12/site-packages/airflow/example_dags/example_dataset_alias.py
[2024-12-02T14:50:51.395+0000] {processor.py:914} INFO - Processing file /home/airflow/.local/lib/python3.12/site-packages/airflow/example_dags/example_dataset_alias.py for tasks to queue
[2024-12-02T14:50:51.398+0000] {logging_mixin.py:190} INFO - [2024-12-02T14:50:51.397+0000] {dagbag.py:588} INFO - Filling up the DagBag from /home/airflow/.local/lib/python3.12/site-packages/airflow/example_dags/example_dataset_alias.py
[2024-12-02T14:50:51.873+0000] {processor.py:925} INFO - DAG(s) 'dataset_alias_example_alias_producer', 'dataset_s3_bucket_producer', 'dataset_alias_example_alias_consumer', 'dataset_s3_bucket_consumer' retrieved from /home/airflow/.local/lib/python3.12/site-packages/airflow/example_dags/example_dataset_alias.py
[2024-12-02T14:50:51.888+0000] {logging_mixin.py:190} INFO - [2024-12-02T14:50:51.887+0000] {dag.py:3239} INFO - Sync 4 DAGs
[2024-12-02T14:50:51.946+0000] {logging_mixin.py:190} INFO - [2024-12-02T14:50:51.946+0000] {dag.py:4180} INFO - Setting next_dagrun for dataset_alias_example_alias_consumer to None, run_after=None
[2024-12-02T14:50:51.949+0000] {logging_mixin.py:190} INFO - [2024-12-02T14:50:51.949+0000] {dag.py:4180} INFO - Setting next_dagrun for dataset_alias_example_alias_producer to None, run_after=None
[2024-12-02T14:50:51.950+0000] {logging_mixin.py:190} INFO - [2024-12-02T14:50:51.950+0000] {dag.py:4180} INFO - Setting next_dagrun for dataset_s3_bucket_consumer to None, run_after=None
[2024-12-02T14:50:51.951+0000] {logging_mixin.py:190} INFO - [2024-12-02T14:50:51.951+0000] {dag.py:4180} INFO - Setting next_dagrun for dataset_s3_bucket_producer to None, run_after=None
[2024-12-02T14:50:51.974+0000] {processor.py:208} INFO - Processing /home/airflow/.local/lib/python3.12/site-packages/airflow/example_dags/example_dataset_alias.py took 0.593 seconds
