[2024-12-02T14:42:26.461+0000] {processor.py:186} INFO - Started process (PID=96) to work on /home/airflow/.local/lib/python3.12/site-packages/airflow/example_dags/example_branch_python_dop_operator_3.py
[2024-12-02T14:42:26.472+0000] {processor.py:914} INFO - Processing file /home/airflow/.local/lib/python3.12/site-packages/airflow/example_dags/example_branch_python_dop_operator_3.py for tasks to queue
[2024-12-02T14:42:26.497+0000] {logging_mixin.py:190} INFO - [2024-12-02T14:42:26.496+0000] {dagbag.py:588} INFO - Filling up the DagBag from /home/airflow/.local/lib/python3.12/site-packages/airflow/example_dags/example_branch_python_dop_operator_3.py
[2024-12-02T14:42:26.676+0000] {processor.py:925} INFO - DAG(s) 'example_branch_dop_operator_v3' retrieved from /home/airflow/.local/lib/python3.12/site-packages/airflow/example_dags/example_branch_python_dop_operator_3.py
[2024-12-02T14:42:26.889+0000] {logging_mixin.py:190} INFO - [2024-12-02T14:42:26.886+0000] {dag.py:3239} INFO - Sync 1 DAGs
[2024-12-02T14:42:27.007+0000] {logging_mixin.py:190} INFO - [2024-12-02T14:42:27.006+0000] {dag.py:4180} INFO - Setting next_dagrun for example_branch_dop_operator_v3 to 2024-12-02 14:41:00+00:00, run_after=2024-12-02 14:42:00+00:00
[2024-12-02T14:42:27.114+0000] {processor.py:208} INFO - Processing /home/airflow/.local/lib/python3.12/site-packages/airflow/example_dags/example_branch_python_dop_operator_3.py took 0.708 seconds
[2024-12-02T14:43:18.878+0000] {processor.py:186} INFO - Started process (PID=170) to work on /home/airflow/.local/lib/python3.12/site-packages/airflow/example_dags/example_branch_python_dop_operator_3.py
[2024-12-02T14:43:18.880+0000] {processor.py:914} INFO - Processing file /home/airflow/.local/lib/python3.12/site-packages/airflow/example_dags/example_branch_python_dop_operator_3.py for tasks to queue
[2024-12-02T14:43:18.884+0000] {logging_mixin.py:190} INFO - [2024-12-02T14:43:18.884+0000] {dagbag.py:588} INFO - Filling up the DagBag from /home/airflow/.local/lib/python3.12/site-packages/airflow/example_dags/example_branch_python_dop_operator_3.py
[2024-12-02T14:43:18.902+0000] {processor.py:925} INFO - DAG(s) 'example_branch_dop_operator_v3' retrieved from /home/airflow/.local/lib/python3.12/site-packages/airflow/example_dags/example_branch_python_dop_operator_3.py
[2024-12-02T14:43:18.925+0000] {logging_mixin.py:190} INFO - [2024-12-02T14:43:18.925+0000] {dag.py:3239} INFO - Sync 1 DAGs
[2024-12-02T14:43:18.955+0000] {logging_mixin.py:190} INFO - [2024-12-02T14:43:18.955+0000] {dag.py:4180} INFO - Setting next_dagrun for example_branch_dop_operator_v3 to 2024-12-02 14:42:00+00:00, run_after=2024-12-02 14:43:00+00:00
[2024-12-02T14:43:18.976+0000] {processor.py:208} INFO - Processing /home/airflow/.local/lib/python3.12/site-packages/airflow/example_dags/example_branch_python_dop_operator_3.py took 0.104 seconds
[2024-12-02T14:43:50.164+0000] {processor.py:186} INFO - Started process (PID=234) to work on /home/airflow/.local/lib/python3.12/site-packages/airflow/example_dags/example_branch_python_dop_operator_3.py
[2024-12-02T14:43:50.165+0000] {processor.py:914} INFO - Processing file /home/airflow/.local/lib/python3.12/site-packages/airflow/example_dags/example_branch_python_dop_operator_3.py for tasks to queue
[2024-12-02T14:43:50.167+0000] {logging_mixin.py:190} INFO - [2024-12-02T14:43:50.167+0000] {dagbag.py:588} INFO - Filling up the DagBag from /home/airflow/.local/lib/python3.12/site-packages/airflow/example_dags/example_branch_python_dop_operator_3.py
[2024-12-02T14:43:50.174+0000] {processor.py:925} INFO - DAG(s) 'example_branch_dop_operator_v3' retrieved from /home/airflow/.local/lib/python3.12/site-packages/airflow/example_dags/example_branch_python_dop_operator_3.py
[2024-12-02T14:43:50.189+0000] {logging_mixin.py:190} INFO - [2024-12-02T14:43:50.189+0000] {dag.py:3239} INFO - Sync 1 DAGs
[2024-12-02T14:43:50.208+0000] {logging_mixin.py:190} INFO - [2024-12-02T14:43:50.208+0000] {dag.py:4180} INFO - Setting next_dagrun for example_branch_dop_operator_v3 to 2024-12-02 14:42:00+00:00, run_after=2024-12-02 14:43:00+00:00
[2024-12-02T14:43:50.223+0000] {processor.py:208} INFO - Processing /home/airflow/.local/lib/python3.12/site-packages/airflow/example_dags/example_branch_python_dop_operator_3.py took 0.063 seconds
[2024-12-02T14:44:23.111+0000] {processor.py:186} INFO - Started process (PID=298) to work on /home/airflow/.local/lib/python3.12/site-packages/airflow/example_dags/example_branch_python_dop_operator_3.py
[2024-12-02T14:44:23.113+0000] {processor.py:914} INFO - Processing file /home/airflow/.local/lib/python3.12/site-packages/airflow/example_dags/example_branch_python_dop_operator_3.py for tasks to queue
[2024-12-02T14:44:23.115+0000] {logging_mixin.py:190} INFO - [2024-12-02T14:44:23.114+0000] {dagbag.py:588} INFO - Filling up the DagBag from /home/airflow/.local/lib/python3.12/site-packages/airflow/example_dags/example_branch_python_dop_operator_3.py
[2024-12-02T14:44:23.123+0000] {processor.py:925} INFO - DAG(s) 'example_branch_dop_operator_v3' retrieved from /home/airflow/.local/lib/python3.12/site-packages/airflow/example_dags/example_branch_python_dop_operator_3.py
[2024-12-02T14:44:23.139+0000] {logging_mixin.py:190} INFO - [2024-12-02T14:44:23.139+0000] {dag.py:3239} INFO - Sync 1 DAGs
[2024-12-02T14:44:23.161+0000] {logging_mixin.py:190} INFO - [2024-12-02T14:44:23.161+0000] {dag.py:4180} INFO - Setting next_dagrun for example_branch_dop_operator_v3 to 2024-12-02 14:43:00+00:00, run_after=2024-12-02 14:44:00+00:00
[2024-12-02T14:44:23.179+0000] {processor.py:208} INFO - Processing /home/airflow/.local/lib/python3.12/site-packages/airflow/example_dags/example_branch_python_dop_operator_3.py took 0.073 seconds
[2024-12-02T14:44:54.435+0000] {processor.py:186} INFO - Started process (PID=362) to work on /home/airflow/.local/lib/python3.12/site-packages/airflow/example_dags/example_branch_python_dop_operator_3.py
[2024-12-02T14:44:54.436+0000] {processor.py:914} INFO - Processing file /home/airflow/.local/lib/python3.12/site-packages/airflow/example_dags/example_branch_python_dop_operator_3.py for tasks to queue
[2024-12-02T14:44:54.438+0000] {logging_mixin.py:190} INFO - [2024-12-02T14:44:54.437+0000] {dagbag.py:588} INFO - Filling up the DagBag from /home/airflow/.local/lib/python3.12/site-packages/airflow/example_dags/example_branch_python_dop_operator_3.py
[2024-12-02T14:44:54.445+0000] {processor.py:925} INFO - DAG(s) 'example_branch_dop_operator_v3' retrieved from /home/airflow/.local/lib/python3.12/site-packages/airflow/example_dags/example_branch_python_dop_operator_3.py
[2024-12-02T14:44:54.459+0000] {logging_mixin.py:190} INFO - [2024-12-02T14:44:54.459+0000] {dag.py:3239} INFO - Sync 1 DAGs
[2024-12-02T14:44:54.477+0000] {logging_mixin.py:190} INFO - [2024-12-02T14:44:54.477+0000] {dag.py:4180} INFO - Setting next_dagrun for example_branch_dop_operator_v3 to 2024-12-02 14:43:00+00:00, run_after=2024-12-02 14:44:00+00:00
[2024-12-02T14:44:54.492+0000] {processor.py:208} INFO - Processing /home/airflow/.local/lib/python3.12/site-packages/airflow/example_dags/example_branch_python_dop_operator_3.py took 0.061 seconds
[2024-12-02T14:45:25.713+0000] {processor.py:186} INFO - Started process (PID=426) to work on /home/airflow/.local/lib/python3.12/site-packages/airflow/example_dags/example_branch_python_dop_operator_3.py
[2024-12-02T14:45:25.714+0000] {processor.py:914} INFO - Processing file /home/airflow/.local/lib/python3.12/site-packages/airflow/example_dags/example_branch_python_dop_operator_3.py for tasks to queue
[2024-12-02T14:45:25.717+0000] {logging_mixin.py:190} INFO - [2024-12-02T14:45:25.716+0000] {dagbag.py:588} INFO - Filling up the DagBag from /home/airflow/.local/lib/python3.12/site-packages/airflow/example_dags/example_branch_python_dop_operator_3.py
[2024-12-02T14:45:25.724+0000] {processor.py:925} INFO - DAG(s) 'example_branch_dop_operator_v3' retrieved from /home/airflow/.local/lib/python3.12/site-packages/airflow/example_dags/example_branch_python_dop_operator_3.py
[2024-12-02T14:45:25.739+0000] {logging_mixin.py:190} INFO - [2024-12-02T14:45:25.739+0000] {dag.py:3239} INFO - Sync 1 DAGs
[2024-12-02T14:45:25.758+0000] {logging_mixin.py:190} INFO - [2024-12-02T14:45:25.757+0000] {dag.py:4180} INFO - Setting next_dagrun for example_branch_dop_operator_v3 to 2024-12-02 14:44:00+00:00, run_after=2024-12-02 14:45:00+00:00
[2024-12-02T14:45:25.772+0000] {processor.py:208} INFO - Processing /home/airflow/.local/lib/python3.12/site-packages/airflow/example_dags/example_branch_python_dop_operator_3.py took 0.062 seconds
[2024-12-02T14:45:58.216+0000] {processor.py:186} INFO - Started process (PID=490) to work on /home/airflow/.local/lib/python3.12/site-packages/airflow/example_dags/example_branch_python_dop_operator_3.py
[2024-12-02T14:45:58.217+0000] {processor.py:914} INFO - Processing file /home/airflow/.local/lib/python3.12/site-packages/airflow/example_dags/example_branch_python_dop_operator_3.py for tasks to queue
[2024-12-02T14:45:58.220+0000] {logging_mixin.py:190} INFO - [2024-12-02T14:45:58.219+0000] {dagbag.py:588} INFO - Filling up the DagBag from /home/airflow/.local/lib/python3.12/site-packages/airflow/example_dags/example_branch_python_dop_operator_3.py
[2024-12-02T14:45:58.230+0000] {processor.py:925} INFO - DAG(s) 'example_branch_dop_operator_v3' retrieved from /home/airflow/.local/lib/python3.12/site-packages/airflow/example_dags/example_branch_python_dop_operator_3.py
[2024-12-02T14:45:58.249+0000] {logging_mixin.py:190} INFO - [2024-12-02T14:45:58.249+0000] {dag.py:3239} INFO - Sync 1 DAGs
[2024-12-02T14:45:58.274+0000] {logging_mixin.py:190} INFO - [2024-12-02T14:45:58.274+0000] {dag.py:4180} INFO - Setting next_dagrun for example_branch_dop_operator_v3 to 2024-12-02 14:44:00+00:00, run_after=2024-12-02 14:45:00+00:00
[2024-12-02T14:45:58.293+0000] {processor.py:208} INFO - Processing /home/airflow/.local/lib/python3.12/site-packages/airflow/example_dags/example_branch_python_dop_operator_3.py took 0.083 seconds
[2024-12-02T14:46:36.545+0000] {processor.py:186} INFO - Started process (PID=558) to work on /home/airflow/.local/lib/python3.12/site-packages/airflow/example_dags/example_branch_python_dop_operator_3.py
[2024-12-02T14:46:36.547+0000] {processor.py:914} INFO - Processing file /home/airflow/.local/lib/python3.12/site-packages/airflow/example_dags/example_branch_python_dop_operator_3.py for tasks to queue
[2024-12-02T14:46:36.549+0000] {logging_mixin.py:190} INFO - [2024-12-02T14:46:36.549+0000] {dagbag.py:588} INFO - Filling up the DagBag from /home/airflow/.local/lib/python3.12/site-packages/airflow/example_dags/example_branch_python_dop_operator_3.py
[2024-12-02T14:46:36.560+0000] {processor.py:925} INFO - DAG(s) 'example_branch_dop_operator_v3' retrieved from /home/airflow/.local/lib/python3.12/site-packages/airflow/example_dags/example_branch_python_dop_operator_3.py
[2024-12-02T14:46:36.583+0000] {logging_mixin.py:190} INFO - [2024-12-02T14:46:36.582+0000] {dag.py:3239} INFO - Sync 1 DAGs
[2024-12-02T14:46:36.614+0000] {logging_mixin.py:190} INFO - [2024-12-02T14:46:36.614+0000] {dag.py:4180} INFO - Setting next_dagrun for example_branch_dop_operator_v3 to 2024-12-02 14:45:00+00:00, run_after=2024-12-02 14:46:00+00:00
[2024-12-02T14:46:36.640+0000] {processor.py:208} INFO - Processing /home/airflow/.local/lib/python3.12/site-packages/airflow/example_dags/example_branch_python_dop_operator_3.py took 0.101 seconds
[2024-12-02T14:47:09.397+0000] {processor.py:186} INFO - Started process (PID=622) to work on /home/airflow/.local/lib/python3.12/site-packages/airflow/example_dags/example_branch_python_dop_operator_3.py
[2024-12-02T14:47:09.398+0000] {processor.py:914} INFO - Processing file /home/airflow/.local/lib/python3.12/site-packages/airflow/example_dags/example_branch_python_dop_operator_3.py for tasks to queue
[2024-12-02T14:47:09.400+0000] {logging_mixin.py:190} INFO - [2024-12-02T14:47:09.400+0000] {dagbag.py:588} INFO - Filling up the DagBag from /home/airflow/.local/lib/python3.12/site-packages/airflow/example_dags/example_branch_python_dop_operator_3.py
[2024-12-02T14:47:09.408+0000] {processor.py:925} INFO - DAG(s) 'example_branch_dop_operator_v3' retrieved from /home/airflow/.local/lib/python3.12/site-packages/airflow/example_dags/example_branch_python_dop_operator_3.py
[2024-12-02T14:47:09.423+0000] {logging_mixin.py:190} INFO - [2024-12-02T14:47:09.423+0000] {dag.py:3239} INFO - Sync 1 DAGs
[2024-12-02T14:47:09.444+0000] {logging_mixin.py:190} INFO - [2024-12-02T14:47:09.444+0000] {dag.py:4180} INFO - Setting next_dagrun for example_branch_dop_operator_v3 to 2024-12-02 14:46:00+00:00, run_after=2024-12-02 14:47:00+00:00
[2024-12-02T14:47:09.459+0000] {processor.py:208} INFO - Processing /home/airflow/.local/lib/python3.12/site-packages/airflow/example_dags/example_branch_python_dop_operator_3.py took 0.067 seconds
[2024-12-02T14:47:40.708+0000] {processor.py:186} INFO - Started process (PID=686) to work on /home/airflow/.local/lib/python3.12/site-packages/airflow/example_dags/example_branch_python_dop_operator_3.py
[2024-12-02T14:47:40.709+0000] {processor.py:914} INFO - Processing file /home/airflow/.local/lib/python3.12/site-packages/airflow/example_dags/example_branch_python_dop_operator_3.py for tasks to queue
[2024-12-02T14:47:40.711+0000] {logging_mixin.py:190} INFO - [2024-12-02T14:47:40.711+0000] {dagbag.py:588} INFO - Filling up the DagBag from /home/airflow/.local/lib/python3.12/site-packages/airflow/example_dags/example_branch_python_dop_operator_3.py
[2024-12-02T14:47:40.718+0000] {processor.py:925} INFO - DAG(s) 'example_branch_dop_operator_v3' retrieved from /home/airflow/.local/lib/python3.12/site-packages/airflow/example_dags/example_branch_python_dop_operator_3.py
[2024-12-02T14:47:40.732+0000] {logging_mixin.py:190} INFO - [2024-12-02T14:47:40.731+0000] {dag.py:3239} INFO - Sync 1 DAGs
[2024-12-02T14:47:40.751+0000] {logging_mixin.py:190} INFO - [2024-12-02T14:47:40.751+0000] {dag.py:4180} INFO - Setting next_dagrun for example_branch_dop_operator_v3 to 2024-12-02 14:46:00+00:00, run_after=2024-12-02 14:47:00+00:00
[2024-12-02T14:47:40.765+0000] {processor.py:208} INFO - Processing /home/airflow/.local/lib/python3.12/site-packages/airflow/example_dags/example_branch_python_dop_operator_3.py took 0.061 seconds
[2024-12-02T14:48:11.981+0000] {processor.py:186} INFO - Started process (PID=756) to work on /home/airflow/.local/lib/python3.12/site-packages/airflow/example_dags/example_branch_python_dop_operator_3.py
[2024-12-02T14:48:11.983+0000] {processor.py:914} INFO - Processing file /home/airflow/.local/lib/python3.12/site-packages/airflow/example_dags/example_branch_python_dop_operator_3.py for tasks to queue
[2024-12-02T14:48:11.985+0000] {logging_mixin.py:190} INFO - [2024-12-02T14:48:11.984+0000] {dagbag.py:588} INFO - Filling up the DagBag from /home/airflow/.local/lib/python3.12/site-packages/airflow/example_dags/example_branch_python_dop_operator_3.py
[2024-12-02T14:48:11.995+0000] {processor.py:925} INFO - DAG(s) 'example_branch_dop_operator_v3' retrieved from /home/airflow/.local/lib/python3.12/site-packages/airflow/example_dags/example_branch_python_dop_operator_3.py
[2024-12-02T14:48:12.010+0000] {logging_mixin.py:190} INFO - [2024-12-02T14:48:12.010+0000] {dag.py:3239} INFO - Sync 1 DAGs
[2024-12-02T14:48:12.031+0000] {logging_mixin.py:190} INFO - [2024-12-02T14:48:12.031+0000] {dag.py:4180} INFO - Setting next_dagrun for example_branch_dop_operator_v3 to 2024-12-02 14:47:00+00:00, run_after=2024-12-02 14:48:00+00:00
[2024-12-02T14:48:12.046+0000] {processor.py:208} INFO - Processing /home/airflow/.local/lib/python3.12/site-packages/airflow/example_dags/example_branch_python_dop_operator_3.py took 0.069 seconds
[2024-12-02T14:48:42.498+0000] {processor.py:186} INFO - Started process (PID=820) to work on /home/airflow/.local/lib/python3.12/site-packages/airflow/example_dags/example_branch_python_dop_operator_3.py
[2024-12-02T14:48:42.499+0000] {processor.py:914} INFO - Processing file /home/airflow/.local/lib/python3.12/site-packages/airflow/example_dags/example_branch_python_dop_operator_3.py for tasks to queue
[2024-12-02T14:48:42.501+0000] {logging_mixin.py:190} INFO - [2024-12-02T14:48:42.501+0000] {dagbag.py:588} INFO - Filling up the DagBag from /home/airflow/.local/lib/python3.12/site-packages/airflow/example_dags/example_branch_python_dop_operator_3.py
[2024-12-02T14:48:42.508+0000] {processor.py:925} INFO - DAG(s) 'example_branch_dop_operator_v3' retrieved from /home/airflow/.local/lib/python3.12/site-packages/airflow/example_dags/example_branch_python_dop_operator_3.py
[2024-12-02T14:48:42.522+0000] {logging_mixin.py:190} INFO - [2024-12-02T14:48:42.522+0000] {dag.py:3239} INFO - Sync 1 DAGs
[2024-12-02T14:48:42.541+0000] {logging_mixin.py:190} INFO - [2024-12-02T14:48:42.541+0000] {dag.py:4180} INFO - Setting next_dagrun for example_branch_dop_operator_v3 to 2024-12-02 14:47:00+00:00, run_after=2024-12-02 14:48:00+00:00
[2024-12-02T14:48:42.554+0000] {processor.py:208} INFO - Processing /home/airflow/.local/lib/python3.12/site-packages/airflow/example_dags/example_branch_python_dop_operator_3.py took 0.060 seconds
[2024-12-02T14:49:18.104+0000] {processor.py:186} INFO - Started process (PID=884) to work on /home/airflow/.local/lib/python3.12/site-packages/airflow/example_dags/example_branch_python_dop_operator_3.py
[2024-12-02T14:49:18.106+0000] {processor.py:914} INFO - Processing file /home/airflow/.local/lib/python3.12/site-packages/airflow/example_dags/example_branch_python_dop_operator_3.py for tasks to queue
[2024-12-02T14:49:18.109+0000] {logging_mixin.py:190} INFO - [2024-12-02T14:49:18.108+0000] {dagbag.py:588} INFO - Filling up the DagBag from /home/airflow/.local/lib/python3.12/site-packages/airflow/example_dags/example_branch_python_dop_operator_3.py
[2024-12-02T14:49:18.121+0000] {processor.py:925} INFO - DAG(s) 'example_branch_dop_operator_v3' retrieved from /home/airflow/.local/lib/python3.12/site-packages/airflow/example_dags/example_branch_python_dop_operator_3.py
[2024-12-02T14:49:18.145+0000] {logging_mixin.py:190} INFO - [2024-12-02T14:49:18.144+0000] {dag.py:3239} INFO - Sync 1 DAGs
[2024-12-02T14:49:18.168+0000] {logging_mixin.py:190} INFO - [2024-12-02T14:49:18.168+0000] {dag.py:4180} INFO - Setting next_dagrun for example_branch_dop_operator_v3 to 2024-12-02 14:48:00+00:00, run_after=2024-12-02 14:49:00+00:00
[2024-12-02T14:49:18.187+0000] {processor.py:208} INFO - Processing /home/airflow/.local/lib/python3.12/site-packages/airflow/example_dags/example_branch_python_dop_operator_3.py took 0.088 seconds
[2024-12-02T14:49:50.214+0000] {processor.py:186} INFO - Started process (PID=948) to work on /home/airflow/.local/lib/python3.12/site-packages/airflow/example_dags/example_branch_python_dop_operator_3.py
[2024-12-02T14:49:50.215+0000] {processor.py:914} INFO - Processing file /home/airflow/.local/lib/python3.12/site-packages/airflow/example_dags/example_branch_python_dop_operator_3.py for tasks to queue
[2024-12-02T14:49:50.217+0000] {logging_mixin.py:190} INFO - [2024-12-02T14:49:50.217+0000] {dagbag.py:588} INFO - Filling up the DagBag from /home/airflow/.local/lib/python3.12/site-packages/airflow/example_dags/example_branch_python_dop_operator_3.py
[2024-12-02T14:49:50.225+0000] {processor.py:925} INFO - DAG(s) 'example_branch_dop_operator_v3' retrieved from /home/airflow/.local/lib/python3.12/site-packages/airflow/example_dags/example_branch_python_dop_operator_3.py
[2024-12-02T14:49:50.240+0000] {logging_mixin.py:190} INFO - [2024-12-02T14:49:50.239+0000] {dag.py:3239} INFO - Sync 1 DAGs
[2024-12-02T14:49:50.260+0000] {logging_mixin.py:190} INFO - [2024-12-02T14:49:50.260+0000] {dag.py:4180} INFO - Setting next_dagrun for example_branch_dop_operator_v3 to 2024-12-02 14:48:00+00:00, run_after=2024-12-02 14:49:00+00:00
[2024-12-02T14:49:50.275+0000] {processor.py:208} INFO - Processing /home/airflow/.local/lib/python3.12/site-packages/airflow/example_dags/example_branch_python_dop_operator_3.py took 0.065 seconds
[2024-12-02T14:50:21.388+0000] {processor.py:186} INFO - Started process (PID=1012) to work on /home/airflow/.local/lib/python3.12/site-packages/airflow/example_dags/example_branch_python_dop_operator_3.py
[2024-12-02T14:50:21.389+0000] {processor.py:914} INFO - Processing file /home/airflow/.local/lib/python3.12/site-packages/airflow/example_dags/example_branch_python_dop_operator_3.py for tasks to queue
[2024-12-02T14:50:21.391+0000] {logging_mixin.py:190} INFO - [2024-12-02T14:50:21.391+0000] {dagbag.py:588} INFO - Filling up the DagBag from /home/airflow/.local/lib/python3.12/site-packages/airflow/example_dags/example_branch_python_dop_operator_3.py
[2024-12-02T14:50:21.399+0000] {processor.py:925} INFO - DAG(s) 'example_branch_dop_operator_v3' retrieved from /home/airflow/.local/lib/python3.12/site-packages/airflow/example_dags/example_branch_python_dop_operator_3.py
[2024-12-02T14:50:21.413+0000] {logging_mixin.py:190} INFO - [2024-12-02T14:50:21.413+0000] {dag.py:3239} INFO - Sync 1 DAGs
[2024-12-02T14:50:21.432+0000] {logging_mixin.py:190} INFO - [2024-12-02T14:50:21.432+0000] {dag.py:4180} INFO - Setting next_dagrun for example_branch_dop_operator_v3 to 2024-12-02 14:49:00+00:00, run_after=2024-12-02 14:50:00+00:00
[2024-12-02T14:50:21.447+0000] {processor.py:208} INFO - Processing /home/airflow/.local/lib/python3.12/site-packages/airflow/example_dags/example_branch_python_dop_operator_3.py took 0.063 seconds
[2024-12-02T14:50:52.297+0000] {processor.py:186} INFO - Started process (PID=1076) to work on /home/airflow/.local/lib/python3.12/site-packages/airflow/example_dags/example_branch_python_dop_operator_3.py
[2024-12-02T14:50:52.298+0000] {processor.py:914} INFO - Processing file /home/airflow/.local/lib/python3.12/site-packages/airflow/example_dags/example_branch_python_dop_operator_3.py for tasks to queue
[2024-12-02T14:50:52.299+0000] {logging_mixin.py:190} INFO - [2024-12-02T14:50:52.299+0000] {dagbag.py:588} INFO - Filling up the DagBag from /home/airflow/.local/lib/python3.12/site-packages/airflow/example_dags/example_branch_python_dop_operator_3.py
[2024-12-02T14:50:52.307+0000] {processor.py:925} INFO - DAG(s) 'example_branch_dop_operator_v3' retrieved from /home/airflow/.local/lib/python3.12/site-packages/airflow/example_dags/example_branch_python_dop_operator_3.py
[2024-12-02T14:50:52.321+0000] {logging_mixin.py:190} INFO - [2024-12-02T14:50:52.321+0000] {dag.py:3239} INFO - Sync 1 DAGs
[2024-12-02T14:50:52.340+0000] {logging_mixin.py:190} INFO - [2024-12-02T14:50:52.339+0000] {dag.py:4180} INFO - Setting next_dagrun for example_branch_dop_operator_v3 to 2024-12-02 14:49:00+00:00, run_after=2024-12-02 14:50:00+00:00
[2024-12-02T14:50:52.352+0000] {processor.py:208} INFO - Processing /home/airflow/.local/lib/python3.12/site-packages/airflow/example_dags/example_branch_python_dop_operator_3.py took 0.059 seconds
