[2024-12-02T14:42:31.321+0000] {processor.py:186} INFO - Started process (PID=115) to work on /home/airflow/.local/lib/python3.12/site-packages/airflow/example_dags/example_nested_branch_dag.py
[2024-12-02T14:42:31.322+0000] {processor.py:914} INFO - Processing file /home/airflow/.local/lib/python3.12/site-packages/airflow/example_dags/example_nested_branch_dag.py for tasks to queue
[2024-12-02T14:42:31.325+0000] {logging_mixin.py:190} INFO - [2024-12-02T14:42:31.325+0000] {dagbag.py:588} INFO - Filling up the DagBag from /home/airflow/.local/lib/python3.12/site-packages/airflow/example_dags/example_nested_branch_dag.py
[2024-12-02T14:42:31.338+0000] {processor.py:925} INFO - DAG(s) 'example_nested_branch_dag' retrieved from /home/airflow/.local/lib/python3.12/site-packages/airflow/example_dags/example_nested_branch_dag.py
[2024-12-02T14:42:31.364+0000] {logging_mixin.py:190} INFO - [2024-12-02T14:42:31.364+0000] {dag.py:3239} INFO - Sync 1 DAGs
[2024-12-02T14:42:31.393+0000] {logging_mixin.py:190} INFO - [2024-12-02T14:42:31.392+0000] {dag.py:4180} INFO - Setting next_dagrun for example_nested_branch_dag to 2024-12-01 00:00:00+00:00, run_after=2024-12-02 00:00:00+00:00
[2024-12-02T14:42:31.424+0000] {processor.py:208} INFO - Processing /home/airflow/.local/lib/python3.12/site-packages/airflow/example_dags/example_nested_branch_dag.py took 0.108 seconds
[2024-12-02T14:43:22.309+0000] {processor.py:186} INFO - Started process (PID=189) to work on /home/airflow/.local/lib/python3.12/site-packages/airflow/example_dags/example_nested_branch_dag.py
[2024-12-02T14:43:22.319+0000] {processor.py:914} INFO - Processing file /home/airflow/.local/lib/python3.12/site-packages/airflow/example_dags/example_nested_branch_dag.py for tasks to queue
[2024-12-02T14:43:22.321+0000] {logging_mixin.py:190} INFO - [2024-12-02T14:43:22.321+0000] {dagbag.py:588} INFO - Filling up the DagBag from /home/airflow/.local/lib/python3.12/site-packages/airflow/example_dags/example_nested_branch_dag.py
[2024-12-02T14:43:22.440+0000] {processor.py:925} INFO - DAG(s) 'example_nested_branch_dag' retrieved from /home/airflow/.local/lib/python3.12/site-packages/airflow/example_dags/example_nested_branch_dag.py
[2024-12-02T14:43:22.510+0000] {logging_mixin.py:190} INFO - [2024-12-02T14:43:22.510+0000] {dag.py:3239} INFO - Sync 1 DAGs
[2024-12-02T14:43:22.583+0000] {logging_mixin.py:190} INFO - [2024-12-02T14:43:22.583+0000] {dag.py:4180} INFO - Setting next_dagrun for example_nested_branch_dag to 2024-12-01 00:00:00+00:00, run_after=2024-12-02 00:00:00+00:00
[2024-12-02T14:43:22.619+0000] {processor.py:208} INFO - Processing /home/airflow/.local/lib/python3.12/site-packages/airflow/example_dags/example_nested_branch_dag.py took 0.315 seconds
[2024-12-02T14:43:53.121+0000] {processor.py:186} INFO - Started process (PID=252) to work on /home/airflow/.local/lib/python3.12/site-packages/airflow/example_dags/example_nested_branch_dag.py
[2024-12-02T14:43:53.130+0000] {processor.py:914} INFO - Processing file /home/airflow/.local/lib/python3.12/site-packages/airflow/example_dags/example_nested_branch_dag.py for tasks to queue
[2024-12-02T14:43:53.132+0000] {logging_mixin.py:190} INFO - [2024-12-02T14:43:53.131+0000] {dagbag.py:588} INFO - Filling up the DagBag from /home/airflow/.local/lib/python3.12/site-packages/airflow/example_dags/example_nested_branch_dag.py
[2024-12-02T14:43:53.140+0000] {processor.py:925} INFO - DAG(s) 'example_nested_branch_dag' retrieved from /home/airflow/.local/lib/python3.12/site-packages/airflow/example_dags/example_nested_branch_dag.py
[2024-12-02T14:43:53.157+0000] {logging_mixin.py:190} INFO - [2024-12-02T14:43:53.157+0000] {dag.py:3239} INFO - Sync 1 DAGs
[2024-12-02T14:43:53.174+0000] {logging_mixin.py:190} INFO - [2024-12-02T14:43:53.174+0000] {dag.py:4180} INFO - Setting next_dagrun for example_nested_branch_dag to 2024-12-01 00:00:00+00:00, run_after=2024-12-02 00:00:00+00:00
[2024-12-02T14:43:53.188+0000] {processor.py:208} INFO - Processing /home/airflow/.local/lib/python3.12/site-packages/airflow/example_dags/example_nested_branch_dag.py took 0.071 seconds
[2024-12-02T14:44:23.982+0000] {processor.py:186} INFO - Started process (PID=316) to work on /home/airflow/.local/lib/python3.12/site-packages/airflow/example_dags/example_nested_branch_dag.py
[2024-12-02T14:44:23.983+0000] {processor.py:914} INFO - Processing file /home/airflow/.local/lib/python3.12/site-packages/airflow/example_dags/example_nested_branch_dag.py for tasks to queue
[2024-12-02T14:44:23.985+0000] {logging_mixin.py:190} INFO - [2024-12-02T14:44:23.985+0000] {dagbag.py:588} INFO - Filling up the DagBag from /home/airflow/.local/lib/python3.12/site-packages/airflow/example_dags/example_nested_branch_dag.py
[2024-12-02T14:44:23.993+0000] {processor.py:925} INFO - DAG(s) 'example_nested_branch_dag' retrieved from /home/airflow/.local/lib/python3.12/site-packages/airflow/example_dags/example_nested_branch_dag.py
[2024-12-02T14:44:24.011+0000] {logging_mixin.py:190} INFO - [2024-12-02T14:44:24.010+0000] {dag.py:3239} INFO - Sync 1 DAGs
[2024-12-02T14:44:24.033+0000] {logging_mixin.py:190} INFO - [2024-12-02T14:44:24.033+0000] {dag.py:4180} INFO - Setting next_dagrun for example_nested_branch_dag to 2024-12-01 00:00:00+00:00, run_after=2024-12-02 00:00:00+00:00
[2024-12-02T14:44:24.049+0000] {processor.py:208} INFO - Processing /home/airflow/.local/lib/python3.12/site-packages/airflow/example_dags/example_nested_branch_dag.py took 0.071 seconds
[2024-12-02T14:44:55.203+0000] {processor.py:186} INFO - Started process (PID=380) to work on /home/airflow/.local/lib/python3.12/site-packages/airflow/example_dags/example_nested_branch_dag.py
[2024-12-02T14:44:55.204+0000] {processor.py:914} INFO - Processing file /home/airflow/.local/lib/python3.12/site-packages/airflow/example_dags/example_nested_branch_dag.py for tasks to queue
[2024-12-02T14:44:55.206+0000] {logging_mixin.py:190} INFO - [2024-12-02T14:44:55.206+0000] {dagbag.py:588} INFO - Filling up the DagBag from /home/airflow/.local/lib/python3.12/site-packages/airflow/example_dags/example_nested_branch_dag.py
[2024-12-02T14:44:55.213+0000] {processor.py:925} INFO - DAG(s) 'example_nested_branch_dag' retrieved from /home/airflow/.local/lib/python3.12/site-packages/airflow/example_dags/example_nested_branch_dag.py
[2024-12-02T14:44:55.229+0000] {logging_mixin.py:190} INFO - [2024-12-02T14:44:55.229+0000] {dag.py:3239} INFO - Sync 1 DAGs
[2024-12-02T14:44:55.247+0000] {logging_mixin.py:190} INFO - [2024-12-02T14:44:55.247+0000] {dag.py:4180} INFO - Setting next_dagrun for example_nested_branch_dag to 2024-12-01 00:00:00+00:00, run_after=2024-12-02 00:00:00+00:00
[2024-12-02T14:44:55.261+0000] {processor.py:208} INFO - Processing /home/airflow/.local/lib/python3.12/site-packages/airflow/example_dags/example_nested_branch_dag.py took 0.062 seconds
[2024-12-02T14:45:26.470+0000] {processor.py:186} INFO - Started process (PID=444) to work on /home/airflow/.local/lib/python3.12/site-packages/airflow/example_dags/example_nested_branch_dag.py
[2024-12-02T14:45:26.471+0000] {processor.py:914} INFO - Processing file /home/airflow/.local/lib/python3.12/site-packages/airflow/example_dags/example_nested_branch_dag.py for tasks to queue
[2024-12-02T14:45:26.473+0000] {logging_mixin.py:190} INFO - [2024-12-02T14:45:26.473+0000] {dagbag.py:588} INFO - Filling up the DagBag from /home/airflow/.local/lib/python3.12/site-packages/airflow/example_dags/example_nested_branch_dag.py
[2024-12-02T14:45:26.481+0000] {processor.py:925} INFO - DAG(s) 'example_nested_branch_dag' retrieved from /home/airflow/.local/lib/python3.12/site-packages/airflow/example_dags/example_nested_branch_dag.py
[2024-12-02T14:45:26.497+0000] {logging_mixin.py:190} INFO - [2024-12-02T14:45:26.497+0000] {dag.py:3239} INFO - Sync 1 DAGs
[2024-12-02T14:45:26.515+0000] {logging_mixin.py:190} INFO - [2024-12-02T14:45:26.515+0000] {dag.py:4180} INFO - Setting next_dagrun for example_nested_branch_dag to 2024-12-01 00:00:00+00:00, run_after=2024-12-02 00:00:00+00:00
[2024-12-02T14:45:26.531+0000] {processor.py:208} INFO - Processing /home/airflow/.local/lib/python3.12/site-packages/airflow/example_dags/example_nested_branch_dag.py took 0.064 seconds
[2024-12-02T14:45:59.664+0000] {processor.py:186} INFO - Started process (PID=512) to work on /home/airflow/.local/lib/python3.12/site-packages/airflow/example_dags/example_nested_branch_dag.py
[2024-12-02T14:45:59.665+0000] {processor.py:914} INFO - Processing file /home/airflow/.local/lib/python3.12/site-packages/airflow/example_dags/example_nested_branch_dag.py for tasks to queue
[2024-12-02T14:45:59.667+0000] {logging_mixin.py:190} INFO - [2024-12-02T14:45:59.667+0000] {dagbag.py:588} INFO - Filling up the DagBag from /home/airflow/.local/lib/python3.12/site-packages/airflow/example_dags/example_nested_branch_dag.py
[2024-12-02T14:45:59.676+0000] {processor.py:925} INFO - DAG(s) 'example_nested_branch_dag' retrieved from /home/airflow/.local/lib/python3.12/site-packages/airflow/example_dags/example_nested_branch_dag.py
[2024-12-02T14:45:59.699+0000] {logging_mixin.py:190} INFO - [2024-12-02T14:45:59.699+0000] {dag.py:3239} INFO - Sync 1 DAGs
[2024-12-02T14:45:59.720+0000] {logging_mixin.py:190} INFO - [2024-12-02T14:45:59.720+0000] {dag.py:4180} INFO - Setting next_dagrun for example_nested_branch_dag to 2024-12-01 00:00:00+00:00, run_after=2024-12-02 00:00:00+00:00
[2024-12-02T14:45:59.749+0000] {processor.py:208} INFO - Processing /home/airflow/.local/lib/python3.12/site-packages/airflow/example_dags/example_nested_branch_dag.py took 0.089 seconds
[2024-12-02T14:46:38.091+0000] {processor.py:186} INFO - Started process (PID=577) to work on /home/airflow/.local/lib/python3.12/site-packages/airflow/example_dags/example_nested_branch_dag.py
[2024-12-02T14:46:38.092+0000] {processor.py:914} INFO - Processing file /home/airflow/.local/lib/python3.12/site-packages/airflow/example_dags/example_nested_branch_dag.py for tasks to queue
[2024-12-02T14:46:38.095+0000] {logging_mixin.py:190} INFO - [2024-12-02T14:46:38.094+0000] {dagbag.py:588} INFO - Filling up the DagBag from /home/airflow/.local/lib/python3.12/site-packages/airflow/example_dags/example_nested_branch_dag.py
[2024-12-02T14:46:38.109+0000] {processor.py:925} INFO - DAG(s) 'example_nested_branch_dag' retrieved from /home/airflow/.local/lib/python3.12/site-packages/airflow/example_dags/example_nested_branch_dag.py
[2024-12-02T14:46:38.132+0000] {logging_mixin.py:190} INFO - [2024-12-02T14:46:38.132+0000] {dag.py:3239} INFO - Sync 1 DAGs
[2024-12-02T14:46:38.164+0000] {logging_mixin.py:190} INFO - [2024-12-02T14:46:38.163+0000] {dag.py:4180} INFO - Setting next_dagrun for example_nested_branch_dag to 2024-12-01 00:00:00+00:00, run_after=2024-12-02 00:00:00+00:00
[2024-12-02T14:46:38.186+0000] {processor.py:208} INFO - Processing /home/airflow/.local/lib/python3.12/site-packages/airflow/example_dags/example_nested_branch_dag.py took 0.103 seconds
[2024-12-02T14:47:10.386+0000] {processor.py:186} INFO - Started process (PID=640) to work on /home/airflow/.local/lib/python3.12/site-packages/airflow/example_dags/example_nested_branch_dag.py
[2024-12-02T14:47:10.387+0000] {processor.py:914} INFO - Processing file /home/airflow/.local/lib/python3.12/site-packages/airflow/example_dags/example_nested_branch_dag.py for tasks to queue
[2024-12-02T14:47:10.389+0000] {logging_mixin.py:190} INFO - [2024-12-02T14:47:10.388+0000] {dagbag.py:588} INFO - Filling up the DagBag from /home/airflow/.local/lib/python3.12/site-packages/airflow/example_dags/example_nested_branch_dag.py
[2024-12-02T14:47:10.397+0000] {processor.py:925} INFO - DAG(s) 'example_nested_branch_dag' retrieved from /home/airflow/.local/lib/python3.12/site-packages/airflow/example_dags/example_nested_branch_dag.py
[2024-12-02T14:47:10.412+0000] {logging_mixin.py:190} INFO - [2024-12-02T14:47:10.412+0000] {dag.py:3239} INFO - Sync 1 DAGs
[2024-12-02T14:47:10.429+0000] {logging_mixin.py:190} INFO - [2024-12-02T14:47:10.429+0000] {dag.py:4180} INFO - Setting next_dagrun for example_nested_branch_dag to 2024-12-01 00:00:00+00:00, run_after=2024-12-02 00:00:00+00:00
[2024-12-02T14:47:10.443+0000] {processor.py:208} INFO - Processing /home/airflow/.local/lib/python3.12/site-packages/airflow/example_dags/example_nested_branch_dag.py took 0.061 seconds
[2024-12-02T14:47:41.657+0000] {processor.py:186} INFO - Started process (PID=710) to work on /home/airflow/.local/lib/python3.12/site-packages/airflow/example_dags/example_nested_branch_dag.py
[2024-12-02T14:47:41.658+0000] {processor.py:914} INFO - Processing file /home/airflow/.local/lib/python3.12/site-packages/airflow/example_dags/example_nested_branch_dag.py for tasks to queue
[2024-12-02T14:47:41.659+0000] {logging_mixin.py:190} INFO - [2024-12-02T14:47:41.659+0000] {dagbag.py:588} INFO - Filling up the DagBag from /home/airflow/.local/lib/python3.12/site-packages/airflow/example_dags/example_nested_branch_dag.py
[2024-12-02T14:47:41.669+0000] {processor.py:925} INFO - DAG(s) 'example_nested_branch_dag' retrieved from /home/airflow/.local/lib/python3.12/site-packages/airflow/example_dags/example_nested_branch_dag.py
[2024-12-02T14:47:41.685+0000] {logging_mixin.py:190} INFO - [2024-12-02T14:47:41.685+0000] {dag.py:3239} INFO - Sync 1 DAGs
[2024-12-02T14:47:41.704+0000] {logging_mixin.py:190} INFO - [2024-12-02T14:47:41.704+0000] {dag.py:4180} INFO - Setting next_dagrun for example_nested_branch_dag to 2024-12-01 00:00:00+00:00, run_after=2024-12-02 00:00:00+00:00
[2024-12-02T14:47:41.719+0000] {processor.py:208} INFO - Processing /home/airflow/.local/lib/python3.12/site-packages/airflow/example_dags/example_nested_branch_dag.py took 0.067 seconds
[2024-12-02T14:48:13.049+0000] {processor.py:186} INFO - Started process (PID=774) to work on /home/airflow/.local/lib/python3.12/site-packages/airflow/example_dags/example_nested_branch_dag.py
[2024-12-02T14:48:13.050+0000] {processor.py:914} INFO - Processing file /home/airflow/.local/lib/python3.12/site-packages/airflow/example_dags/example_nested_branch_dag.py for tasks to queue
[2024-12-02T14:48:13.052+0000] {logging_mixin.py:190} INFO - [2024-12-02T14:48:13.052+0000] {dagbag.py:588} INFO - Filling up the DagBag from /home/airflow/.local/lib/python3.12/site-packages/airflow/example_dags/example_nested_branch_dag.py
[2024-12-02T14:48:13.062+0000] {processor.py:925} INFO - DAG(s) 'example_nested_branch_dag' retrieved from /home/airflow/.local/lib/python3.12/site-packages/airflow/example_dags/example_nested_branch_dag.py
[2024-12-02T14:48:13.082+0000] {logging_mixin.py:190} INFO - [2024-12-02T14:48:13.082+0000] {dag.py:3239} INFO - Sync 1 DAGs
[2024-12-02T14:48:13.106+0000] {logging_mixin.py:190} INFO - [2024-12-02T14:48:13.106+0000] {dag.py:4180} INFO - Setting next_dagrun for example_nested_branch_dag to 2024-12-01 00:00:00+00:00, run_after=2024-12-02 00:00:00+00:00
[2024-12-02T14:48:13.125+0000] {processor.py:208} INFO - Processing /home/airflow/.local/lib/python3.12/site-packages/airflow/example_dags/example_nested_branch_dag.py took 0.080 seconds
[2024-12-02T14:48:43.676+0000] {processor.py:186} INFO - Started process (PID=838) to work on /home/airflow/.local/lib/python3.12/site-packages/airflow/example_dags/example_nested_branch_dag.py
[2024-12-02T14:48:43.677+0000] {processor.py:914} INFO - Processing file /home/airflow/.local/lib/python3.12/site-packages/airflow/example_dags/example_nested_branch_dag.py for tasks to queue
[2024-12-02T14:48:43.678+0000] {logging_mixin.py:190} INFO - [2024-12-02T14:48:43.678+0000] {dagbag.py:588} INFO - Filling up the DagBag from /home/airflow/.local/lib/python3.12/site-packages/airflow/example_dags/example_nested_branch_dag.py
[2024-12-02T14:48:43.687+0000] {processor.py:925} INFO - DAG(s) 'example_nested_branch_dag' retrieved from /home/airflow/.local/lib/python3.12/site-packages/airflow/example_dags/example_nested_branch_dag.py
[2024-12-02T14:48:43.707+0000] {logging_mixin.py:190} INFO - [2024-12-02T14:48:43.707+0000] {dag.py:3239} INFO - Sync 1 DAGs
[2024-12-02T14:48:43.730+0000] {logging_mixin.py:190} INFO - [2024-12-02T14:48:43.729+0000] {dag.py:4180} INFO - Setting next_dagrun for example_nested_branch_dag to 2024-12-01 00:00:00+00:00, run_after=2024-12-02 00:00:00+00:00
[2024-12-02T14:48:43.745+0000] {processor.py:208} INFO - Processing /home/airflow/.local/lib/python3.12/site-packages/airflow/example_dags/example_nested_branch_dag.py took 0.074 seconds
[2024-12-02T14:49:19.359+0000] {processor.py:186} INFO - Started process (PID=903) to work on /home/airflow/.local/lib/python3.12/site-packages/airflow/example_dags/example_nested_branch_dag.py
[2024-12-02T14:49:19.361+0000] {processor.py:914} INFO - Processing file /home/airflow/.local/lib/python3.12/site-packages/airflow/example_dags/example_nested_branch_dag.py for tasks to queue
[2024-12-02T14:49:19.363+0000] {logging_mixin.py:190} INFO - [2024-12-02T14:49:19.363+0000] {dagbag.py:588} INFO - Filling up the DagBag from /home/airflow/.local/lib/python3.12/site-packages/airflow/example_dags/example_nested_branch_dag.py
[2024-12-02T14:49:19.375+0000] {processor.py:925} INFO - DAG(s) 'example_nested_branch_dag' retrieved from /home/airflow/.local/lib/python3.12/site-packages/airflow/example_dags/example_nested_branch_dag.py
[2024-12-02T14:49:19.400+0000] {logging_mixin.py:190} INFO - [2024-12-02T14:49:19.400+0000] {dag.py:3239} INFO - Sync 1 DAGs
[2024-12-02T14:49:19.424+0000] {logging_mixin.py:190} INFO - [2024-12-02T14:49:19.424+0000] {dag.py:4180} INFO - Setting next_dagrun for example_nested_branch_dag to 2024-12-01 00:00:00+00:00, run_after=2024-12-02 00:00:00+00:00
[2024-12-02T14:49:19.443+0000] {processor.py:208} INFO - Processing /home/airflow/.local/lib/python3.12/site-packages/airflow/example_dags/example_nested_branch_dag.py took 0.090 seconds
[2024-12-02T14:49:51.185+0000] {processor.py:186} INFO - Started process (PID=967) to work on /home/airflow/.local/lib/python3.12/site-packages/airflow/example_dags/example_nested_branch_dag.py
[2024-12-02T14:49:51.186+0000] {processor.py:914} INFO - Processing file /home/airflow/.local/lib/python3.12/site-packages/airflow/example_dags/example_nested_branch_dag.py for tasks to queue
[2024-12-02T14:49:51.188+0000] {logging_mixin.py:190} INFO - [2024-12-02T14:49:51.188+0000] {dagbag.py:588} INFO - Filling up the DagBag from /home/airflow/.local/lib/python3.12/site-packages/airflow/example_dags/example_nested_branch_dag.py
[2024-12-02T14:49:51.199+0000] {processor.py:925} INFO - DAG(s) 'example_nested_branch_dag' retrieved from /home/airflow/.local/lib/python3.12/site-packages/airflow/example_dags/example_nested_branch_dag.py
[2024-12-02T14:49:51.218+0000] {logging_mixin.py:190} INFO - [2024-12-02T14:49:51.217+0000] {dag.py:3239} INFO - Sync 1 DAGs
[2024-12-02T14:49:51.237+0000] {logging_mixin.py:190} INFO - [2024-12-02T14:49:51.237+0000] {dag.py:4180} INFO - Setting next_dagrun for example_nested_branch_dag to 2024-12-01 00:00:00+00:00, run_after=2024-12-02 00:00:00+00:00
[2024-12-02T14:49:51.254+0000] {processor.py:208} INFO - Processing /home/airflow/.local/lib/python3.12/site-packages/airflow/example_dags/example_nested_branch_dag.py took 0.073 seconds
[2024-12-02T14:50:22.266+0000] {processor.py:186} INFO - Started process (PID=1031) to work on /home/airflow/.local/lib/python3.12/site-packages/airflow/example_dags/example_nested_branch_dag.py
[2024-12-02T14:50:22.267+0000] {processor.py:914} INFO - Processing file /home/airflow/.local/lib/python3.12/site-packages/airflow/example_dags/example_nested_branch_dag.py for tasks to queue
[2024-12-02T14:50:22.269+0000] {logging_mixin.py:190} INFO - [2024-12-02T14:50:22.269+0000] {dagbag.py:588} INFO - Filling up the DagBag from /home/airflow/.local/lib/python3.12/site-packages/airflow/example_dags/example_nested_branch_dag.py
[2024-12-02T14:50:22.277+0000] {processor.py:925} INFO - DAG(s) 'example_nested_branch_dag' retrieved from /home/airflow/.local/lib/python3.12/site-packages/airflow/example_dags/example_nested_branch_dag.py
[2024-12-02T14:50:22.294+0000] {logging_mixin.py:190} INFO - [2024-12-02T14:50:22.294+0000] {dag.py:3239} INFO - Sync 1 DAGs
[2024-12-02T14:50:22.313+0000] {logging_mixin.py:190} INFO - [2024-12-02T14:50:22.313+0000] {dag.py:4180} INFO - Setting next_dagrun for example_nested_branch_dag to 2024-12-01 00:00:00+00:00, run_after=2024-12-02 00:00:00+00:00
[2024-12-02T14:50:22.331+0000] {processor.py:208} INFO - Processing /home/airflow/.local/lib/python3.12/site-packages/airflow/example_dags/example_nested_branch_dag.py took 0.069 seconds
[2024-12-02T14:50:53.831+0000] {processor.py:186} INFO - Started process (PID=1095) to work on /home/airflow/.local/lib/python3.12/site-packages/airflow/example_dags/example_nested_branch_dag.py
[2024-12-02T14:50:53.832+0000] {processor.py:914} INFO - Processing file /home/airflow/.local/lib/python3.12/site-packages/airflow/example_dags/example_nested_branch_dag.py for tasks to queue
[2024-12-02T14:50:53.833+0000] {logging_mixin.py:190} INFO - [2024-12-02T14:50:53.833+0000] {dagbag.py:588} INFO - Filling up the DagBag from /home/airflow/.local/lib/python3.12/site-packages/airflow/example_dags/example_nested_branch_dag.py
[2024-12-02T14:50:53.841+0000] {processor.py:925} INFO - DAG(s) 'example_nested_branch_dag' retrieved from /home/airflow/.local/lib/python3.12/site-packages/airflow/example_dags/example_nested_branch_dag.py
[2024-12-02T14:50:53.860+0000] {logging_mixin.py:190} INFO - [2024-12-02T14:50:53.860+0000] {dag.py:3239} INFO - Sync 1 DAGs
[2024-12-02T14:50:53.881+0000] {logging_mixin.py:190} INFO - [2024-12-02T14:50:53.880+0000] {dag.py:4180} INFO - Setting next_dagrun for example_nested_branch_dag to 2024-12-01 00:00:00+00:00, run_after=2024-12-02 00:00:00+00:00
[2024-12-02T14:50:53.895+0000] {processor.py:208} INFO - Processing /home/airflow/.local/lib/python3.12/site-packages/airflow/example_dags/example_nested_branch_dag.py took 0.067 seconds
