[2024-12-02T14:42:35.526+0000] {processor.py:186} INFO - Started process (PID=119) to work on /home/airflow/.local/lib/python3.12/site-packages/airflow/example_dags/example_skip_dag.py
[2024-12-02T14:42:35.528+0000] {processor.py:914} INFO - Processing file /home/airflow/.local/lib/python3.12/site-packages/airflow/example_dags/example_skip_dag.py for tasks to queue
[2024-12-02T14:42:35.531+0000] {logging_mixin.py:190} INFO - [2024-12-02T14:42:35.530+0000] {dagbag.py:588} INFO - Filling up the DagBag from /home/airflow/.local/lib/python3.12/site-packages/airflow/example_dags/example_skip_dag.py
[2024-12-02T14:42:35.545+0000] {processor.py:925} INFO - DAG(s) 'example_skip_dag' retrieved from /home/airflow/.local/lib/python3.12/site-packages/airflow/example_dags/example_skip_dag.py
[2024-12-02T14:42:35.590+0000] {logging_mixin.py:190} INFO - [2024-12-02T14:42:35.590+0000] {dag.py:3239} INFO - Sync 1 DAGs
[2024-12-02T14:42:35.619+0000] {logging_mixin.py:190} INFO - [2024-12-02T14:42:35.619+0000] {dag.py:4180} INFO - Setting next_dagrun for example_skip_dag to 2024-12-01 00:00:00+00:00, run_after=2024-12-02 00:00:00+00:00
[2024-12-02T14:42:35.661+0000] {processor.py:208} INFO - Processing /home/airflow/.local/lib/python3.12/site-packages/airflow/example_dags/example_skip_dag.py took 0.142 seconds
[2024-12-02T14:43:23.457+0000] {processor.py:186} INFO - Started process (PID=193) to work on /home/airflow/.local/lib/python3.12/site-packages/airflow/example_dags/example_skip_dag.py
[2024-12-02T14:43:23.461+0000] {processor.py:914} INFO - Processing file /home/airflow/.local/lib/python3.12/site-packages/airflow/example_dags/example_skip_dag.py for tasks to queue
[2024-12-02T14:43:23.464+0000] {logging_mixin.py:190} INFO - [2024-12-02T14:43:23.463+0000] {dagbag.py:588} INFO - Filling up the DagBag from /home/airflow/.local/lib/python3.12/site-packages/airflow/example_dags/example_skip_dag.py
[2024-12-02T14:43:23.472+0000] {processor.py:925} INFO - DAG(s) 'example_skip_dag' retrieved from /home/airflow/.local/lib/python3.12/site-packages/airflow/example_dags/example_skip_dag.py
[2024-12-02T14:43:23.496+0000] {logging_mixin.py:190} INFO - [2024-12-02T14:43:23.496+0000] {dag.py:3239} INFO - Sync 1 DAGs
[2024-12-02T14:43:23.521+0000] {logging_mixin.py:190} INFO - [2024-12-02T14:43:23.521+0000] {dag.py:4180} INFO - Setting next_dagrun for example_skip_dag to 2024-12-01 00:00:00+00:00, run_after=2024-12-02 00:00:00+00:00
[2024-12-02T14:43:23.544+0000] {processor.py:208} INFO - Processing /home/airflow/.local/lib/python3.12/site-packages/airflow/example_dags/example_skip_dag.py took 0.093 seconds
[2024-12-02T14:43:54.986+0000] {processor.py:186} INFO - Started process (PID=257) to work on /home/airflow/.local/lib/python3.12/site-packages/airflow/example_dags/example_skip_dag.py
[2024-12-02T14:43:54.987+0000] {processor.py:914} INFO - Processing file /home/airflow/.local/lib/python3.12/site-packages/airflow/example_dags/example_skip_dag.py for tasks to queue
[2024-12-02T14:43:54.989+0000] {logging_mixin.py:190} INFO - [2024-12-02T14:43:54.989+0000] {dagbag.py:588} INFO - Filling up the DagBag from /home/airflow/.local/lib/python3.12/site-packages/airflow/example_dags/example_skip_dag.py
[2024-12-02T14:43:54.995+0000] {processor.py:925} INFO - DAG(s) 'example_skip_dag' retrieved from /home/airflow/.local/lib/python3.12/site-packages/airflow/example_dags/example_skip_dag.py
[2024-12-02T14:43:55.013+0000] {logging_mixin.py:190} INFO - [2024-12-02T14:43:55.013+0000] {dag.py:3239} INFO - Sync 1 DAGs
[2024-12-02T14:43:55.033+0000] {logging_mixin.py:190} INFO - [2024-12-02T14:43:55.033+0000] {dag.py:4180} INFO - Setting next_dagrun for example_skip_dag to 2024-12-01 00:00:00+00:00, run_after=2024-12-02 00:00:00+00:00
[2024-12-02T14:43:55.049+0000] {processor.py:208} INFO - Processing /home/airflow/.local/lib/python3.12/site-packages/airflow/example_dags/example_skip_dag.py took 0.068 seconds
[2024-12-02T14:44:26.069+0000] {processor.py:186} INFO - Started process (PID=321) to work on /home/airflow/.local/lib/python3.12/site-packages/airflow/example_dags/example_skip_dag.py
[2024-12-02T14:44:26.071+0000] {processor.py:914} INFO - Processing file /home/airflow/.local/lib/python3.12/site-packages/airflow/example_dags/example_skip_dag.py for tasks to queue
[2024-12-02T14:44:26.073+0000] {logging_mixin.py:190} INFO - [2024-12-02T14:44:26.072+0000] {dagbag.py:588} INFO - Filling up the DagBag from /home/airflow/.local/lib/python3.12/site-packages/airflow/example_dags/example_skip_dag.py
[2024-12-02T14:44:26.079+0000] {processor.py:925} INFO - DAG(s) 'example_skip_dag' retrieved from /home/airflow/.local/lib/python3.12/site-packages/airflow/example_dags/example_skip_dag.py
[2024-12-02T14:44:26.101+0000] {logging_mixin.py:190} INFO - [2024-12-02T14:44:26.101+0000] {dag.py:3239} INFO - Sync 1 DAGs
[2024-12-02T14:44:26.120+0000] {logging_mixin.py:190} INFO - [2024-12-02T14:44:26.120+0000] {dag.py:4180} INFO - Setting next_dagrun for example_skip_dag to 2024-12-01 00:00:00+00:00, run_after=2024-12-02 00:00:00+00:00
[2024-12-02T14:44:26.139+0000] {processor.py:208} INFO - Processing /home/airflow/.local/lib/python3.12/site-packages/airflow/example_dags/example_skip_dag.py took 0.074 seconds
[2024-12-02T14:44:57.164+0000] {processor.py:186} INFO - Started process (PID=387) to work on /home/airflow/.local/lib/python3.12/site-packages/airflow/example_dags/example_skip_dag.py
[2024-12-02T14:44:57.165+0000] {processor.py:914} INFO - Processing file /home/airflow/.local/lib/python3.12/site-packages/airflow/example_dags/example_skip_dag.py for tasks to queue
[2024-12-02T14:44:57.167+0000] {logging_mixin.py:190} INFO - [2024-12-02T14:44:57.167+0000] {dagbag.py:588} INFO - Filling up the DagBag from /home/airflow/.local/lib/python3.12/site-packages/airflow/example_dags/example_skip_dag.py
[2024-12-02T14:44:57.174+0000] {processor.py:925} INFO - DAG(s) 'example_skip_dag' retrieved from /home/airflow/.local/lib/python3.12/site-packages/airflow/example_dags/example_skip_dag.py
[2024-12-02T14:44:57.192+0000] {logging_mixin.py:190} INFO - [2024-12-02T14:44:57.192+0000] {dag.py:3239} INFO - Sync 1 DAGs
[2024-12-02T14:44:57.211+0000] {logging_mixin.py:190} INFO - [2024-12-02T14:44:57.211+0000] {dag.py:4180} INFO - Setting next_dagrun for example_skip_dag to 2024-12-01 00:00:00+00:00, run_after=2024-12-02 00:00:00+00:00
[2024-12-02T14:44:57.232+0000] {processor.py:208} INFO - Processing /home/airflow/.local/lib/python3.12/site-packages/airflow/example_dags/example_skip_dag.py took 0.072 seconds
[2024-12-02T14:45:28.311+0000] {processor.py:186} INFO - Started process (PID=452) to work on /home/airflow/.local/lib/python3.12/site-packages/airflow/example_dags/example_skip_dag.py
[2024-12-02T14:45:28.312+0000] {processor.py:914} INFO - Processing file /home/airflow/.local/lib/python3.12/site-packages/airflow/example_dags/example_skip_dag.py for tasks to queue
[2024-12-02T14:45:28.314+0000] {logging_mixin.py:190} INFO - [2024-12-02T14:45:28.314+0000] {dagbag.py:588} INFO - Filling up the DagBag from /home/airflow/.local/lib/python3.12/site-packages/airflow/example_dags/example_skip_dag.py
[2024-12-02T14:45:28.319+0000] {processor.py:925} INFO - DAG(s) 'example_skip_dag' retrieved from /home/airflow/.local/lib/python3.12/site-packages/airflow/example_dags/example_skip_dag.py
[2024-12-02T14:45:28.334+0000] {logging_mixin.py:190} INFO - [2024-12-02T14:45:28.333+0000] {dag.py:3239} INFO - Sync 1 DAGs
[2024-12-02T14:45:28.351+0000] {logging_mixin.py:190} INFO - [2024-12-02T14:45:28.351+0000] {dag.py:4180} INFO - Setting next_dagrun for example_skip_dag to 2024-12-01 00:00:00+00:00, run_after=2024-12-02 00:00:00+00:00
[2024-12-02T14:45:28.366+0000] {processor.py:208} INFO - Processing /home/airflow/.local/lib/python3.12/site-packages/airflow/example_dags/example_skip_dag.py took 0.059 seconds
[2024-12-02T14:46:00.339+0000] {processor.py:186} INFO - Started process (PID=516) to work on /home/airflow/.local/lib/python3.12/site-packages/airflow/example_dags/example_skip_dag.py
[2024-12-02T14:46:00.341+0000] {processor.py:914} INFO - Processing file /home/airflow/.local/lib/python3.12/site-packages/airflow/example_dags/example_skip_dag.py for tasks to queue
[2024-12-02T14:46:00.343+0000] {logging_mixin.py:190} INFO - [2024-12-02T14:46:00.343+0000] {dagbag.py:588} INFO - Filling up the DagBag from /home/airflow/.local/lib/python3.12/site-packages/airflow/example_dags/example_skip_dag.py
[2024-12-02T14:46:00.352+0000] {processor.py:925} INFO - DAG(s) 'example_skip_dag' retrieved from /home/airflow/.local/lib/python3.12/site-packages/airflow/example_dags/example_skip_dag.py
[2024-12-02T14:46:00.375+0000] {logging_mixin.py:190} INFO - [2024-12-02T14:46:00.375+0000] {dag.py:3239} INFO - Sync 1 DAGs
[2024-12-02T14:46:00.396+0000] {logging_mixin.py:190} INFO - [2024-12-02T14:46:00.396+0000] {dag.py:4180} INFO - Setting next_dagrun for example_skip_dag to 2024-12-01 00:00:00+00:00, run_after=2024-12-02 00:00:00+00:00
[2024-12-02T14:46:00.412+0000] {processor.py:208} INFO - Processing /home/airflow/.local/lib/python3.12/site-packages/airflow/example_dags/example_skip_dag.py took 0.077 seconds
[2024-12-02T14:46:40.764+0000] {processor.py:186} INFO - Started process (PID=581) to work on /home/airflow/.local/lib/python3.12/site-packages/airflow/example_dags/example_skip_dag.py
[2024-12-02T14:46:40.766+0000] {processor.py:914} INFO - Processing file /home/airflow/.local/lib/python3.12/site-packages/airflow/example_dags/example_skip_dag.py for tasks to queue
[2024-12-02T14:46:40.768+0000] {logging_mixin.py:190} INFO - [2024-12-02T14:46:40.767+0000] {dagbag.py:588} INFO - Filling up the DagBag from /home/airflow/.local/lib/python3.12/site-packages/airflow/example_dags/example_skip_dag.py
[2024-12-02T14:46:40.777+0000] {processor.py:925} INFO - DAG(s) 'example_skip_dag' retrieved from /home/airflow/.local/lib/python3.12/site-packages/airflow/example_dags/example_skip_dag.py
[2024-12-02T14:46:40.801+0000] {logging_mixin.py:190} INFO - [2024-12-02T14:46:40.801+0000] {dag.py:3239} INFO - Sync 1 DAGs
[2024-12-02T14:46:40.827+0000] {logging_mixin.py:190} INFO - [2024-12-02T14:46:40.827+0000] {dag.py:4180} INFO - Setting next_dagrun for example_skip_dag to 2024-12-01 00:00:00+00:00, run_after=2024-12-02 00:00:00+00:00
[2024-12-02T14:46:40.857+0000] {processor.py:208} INFO - Processing /home/airflow/.local/lib/python3.12/site-packages/airflow/example_dags/example_skip_dag.py took 0.097 seconds
[2024-12-02T14:47:12.815+0000] {processor.py:186} INFO - Started process (PID=651) to work on /home/airflow/.local/lib/python3.12/site-packages/airflow/example_dags/example_skip_dag.py
[2024-12-02T14:47:12.815+0000] {processor.py:914} INFO - Processing file /home/airflow/.local/lib/python3.12/site-packages/airflow/example_dags/example_skip_dag.py for tasks to queue
[2024-12-02T14:47:12.818+0000] {logging_mixin.py:190} INFO - [2024-12-02T14:47:12.817+0000] {dagbag.py:588} INFO - Filling up the DagBag from /home/airflow/.local/lib/python3.12/site-packages/airflow/example_dags/example_skip_dag.py
[2024-12-02T14:47:12.824+0000] {processor.py:925} INFO - DAG(s) 'example_skip_dag' retrieved from /home/airflow/.local/lib/python3.12/site-packages/airflow/example_dags/example_skip_dag.py
[2024-12-02T14:47:12.846+0000] {logging_mixin.py:190} INFO - [2024-12-02T14:47:12.846+0000] {dag.py:3239} INFO - Sync 1 DAGs
[2024-12-02T14:47:12.865+0000] {logging_mixin.py:190} INFO - [2024-12-02T14:47:12.864+0000] {dag.py:4180} INFO - Setting next_dagrun for example_skip_dag to 2024-12-01 00:00:00+00:00, run_after=2024-12-02 00:00:00+00:00
[2024-12-02T14:47:12.880+0000] {processor.py:208} INFO - Processing /home/airflow/.local/lib/python3.12/site-packages/airflow/example_dags/example_skip_dag.py took 0.070 seconds
[2024-12-02T14:47:44.439+0000] {processor.py:186} INFO - Started process (PID=715) to work on /home/airflow/.local/lib/python3.12/site-packages/airflow/example_dags/example_skip_dag.py
[2024-12-02T14:47:44.441+0000] {processor.py:914} INFO - Processing file /home/airflow/.local/lib/python3.12/site-packages/airflow/example_dags/example_skip_dag.py for tasks to queue
[2024-12-02T14:47:44.443+0000] {logging_mixin.py:190} INFO - [2024-12-02T14:47:44.442+0000] {dagbag.py:588} INFO - Filling up the DagBag from /home/airflow/.local/lib/python3.12/site-packages/airflow/example_dags/example_skip_dag.py
[2024-12-02T14:47:44.450+0000] {processor.py:925} INFO - DAG(s) 'example_skip_dag' retrieved from /home/airflow/.local/lib/python3.12/site-packages/airflow/example_dags/example_skip_dag.py
[2024-12-02T14:47:44.472+0000] {logging_mixin.py:190} INFO - [2024-12-02T14:47:44.471+0000] {dag.py:3239} INFO - Sync 1 DAGs
[2024-12-02T14:47:44.495+0000] {logging_mixin.py:190} INFO - [2024-12-02T14:47:44.494+0000] {dag.py:4180} INFO - Setting next_dagrun for example_skip_dag to 2024-12-01 00:00:00+00:00, run_after=2024-12-02 00:00:00+00:00
[2024-12-02T14:47:44.513+0000] {processor.py:208} INFO - Processing /home/airflow/.local/lib/python3.12/site-packages/airflow/example_dags/example_skip_dag.py took 0.080 seconds
[2024-12-02T14:48:15.909+0000] {processor.py:186} INFO - Started process (PID=779) to work on /home/airflow/.local/lib/python3.12/site-packages/airflow/example_dags/example_skip_dag.py
[2024-12-02T14:48:15.910+0000] {processor.py:914} INFO - Processing file /home/airflow/.local/lib/python3.12/site-packages/airflow/example_dags/example_skip_dag.py for tasks to queue
[2024-12-02T14:48:15.912+0000] {logging_mixin.py:190} INFO - [2024-12-02T14:48:15.912+0000] {dagbag.py:588} INFO - Filling up the DagBag from /home/airflow/.local/lib/python3.12/site-packages/airflow/example_dags/example_skip_dag.py
[2024-12-02T14:48:15.919+0000] {processor.py:925} INFO - DAG(s) 'example_skip_dag' retrieved from /home/airflow/.local/lib/python3.12/site-packages/airflow/example_dags/example_skip_dag.py
[2024-12-02T14:48:15.936+0000] {logging_mixin.py:190} INFO - [2024-12-02T14:48:15.936+0000] {dag.py:3239} INFO - Sync 1 DAGs
[2024-12-02T14:48:15.955+0000] {logging_mixin.py:190} INFO - [2024-12-02T14:48:15.955+0000] {dag.py:4180} INFO - Setting next_dagrun for example_skip_dag to 2024-12-01 00:00:00+00:00, run_after=2024-12-02 00:00:00+00:00
[2024-12-02T14:48:15.971+0000] {processor.py:208} INFO - Processing /home/airflow/.local/lib/python3.12/site-packages/airflow/example_dags/example_skip_dag.py took 0.066 seconds
[2024-12-02T14:48:47.438+0000] {processor.py:186} INFO - Started process (PID=843) to work on /home/airflow/.local/lib/python3.12/site-packages/airflow/example_dags/example_skip_dag.py
[2024-12-02T14:48:47.439+0000] {processor.py:914} INFO - Processing file /home/airflow/.local/lib/python3.12/site-packages/airflow/example_dags/example_skip_dag.py for tasks to queue
[2024-12-02T14:48:47.441+0000] {logging_mixin.py:190} INFO - [2024-12-02T14:48:47.441+0000] {dagbag.py:588} INFO - Filling up the DagBag from /home/airflow/.local/lib/python3.12/site-packages/airflow/example_dags/example_skip_dag.py
[2024-12-02T14:48:47.447+0000] {processor.py:925} INFO - DAG(s) 'example_skip_dag' retrieved from /home/airflow/.local/lib/python3.12/site-packages/airflow/example_dags/example_skip_dag.py
[2024-12-02T14:48:47.465+0000] {logging_mixin.py:190} INFO - [2024-12-02T14:48:47.465+0000] {dag.py:3239} INFO - Sync 1 DAGs
[2024-12-02T14:48:47.484+0000] {logging_mixin.py:190} INFO - [2024-12-02T14:48:47.484+0000] {dag.py:4180} INFO - Setting next_dagrun for example_skip_dag to 2024-12-01 00:00:00+00:00, run_after=2024-12-02 00:00:00+00:00
[2024-12-02T14:48:47.505+0000] {processor.py:208} INFO - Processing /home/airflow/.local/lib/python3.12/site-packages/airflow/example_dags/example_skip_dag.py took 0.072 seconds
[2024-12-02T14:49:20.332+0000] {processor.py:186} INFO - Started process (PID=907) to work on /home/airflow/.local/lib/python3.12/site-packages/airflow/example_dags/example_skip_dag.py
[2024-12-02T14:49:20.334+0000] {processor.py:914} INFO - Processing file /home/airflow/.local/lib/python3.12/site-packages/airflow/example_dags/example_skip_dag.py for tasks to queue
[2024-12-02T14:49:20.336+0000] {logging_mixin.py:190} INFO - [2024-12-02T14:49:20.336+0000] {dagbag.py:588} INFO - Filling up the DagBag from /home/airflow/.local/lib/python3.12/site-packages/airflow/example_dags/example_skip_dag.py
[2024-12-02T14:49:20.343+0000] {processor.py:925} INFO - DAG(s) 'example_skip_dag' retrieved from /home/airflow/.local/lib/python3.12/site-packages/airflow/example_dags/example_skip_dag.py
[2024-12-02T14:49:20.365+0000] {logging_mixin.py:190} INFO - [2024-12-02T14:49:20.364+0000] {dag.py:3239} INFO - Sync 1 DAGs
[2024-12-02T14:49:20.389+0000] {logging_mixin.py:190} INFO - [2024-12-02T14:49:20.389+0000] {dag.py:4180} INFO - Setting next_dagrun for example_skip_dag to 2024-12-01 00:00:00+00:00, run_after=2024-12-02 00:00:00+00:00
[2024-12-02T14:49:20.402+0000] {processor.py:208} INFO - Processing /home/airflow/.local/lib/python3.12/site-packages/airflow/example_dags/example_skip_dag.py took 0.074 seconds
[2024-12-02T14:49:51.691+0000] {processor.py:186} INFO - Started process (PID=971) to work on /home/airflow/.local/lib/python3.12/site-packages/airflow/example_dags/example_skip_dag.py
[2024-12-02T14:49:51.692+0000] {processor.py:914} INFO - Processing file /home/airflow/.local/lib/python3.12/site-packages/airflow/example_dags/example_skip_dag.py for tasks to queue
[2024-12-02T14:49:51.695+0000] {logging_mixin.py:190} INFO - [2024-12-02T14:49:51.694+0000] {dagbag.py:588} INFO - Filling up the DagBag from /home/airflow/.local/lib/python3.12/site-packages/airflow/example_dags/example_skip_dag.py
[2024-12-02T14:49:51.705+0000] {processor.py:925} INFO - DAG(s) 'example_skip_dag' retrieved from /home/airflow/.local/lib/python3.12/site-packages/airflow/example_dags/example_skip_dag.py
[2024-12-02T14:49:51.729+0000] {logging_mixin.py:190} INFO - [2024-12-02T14:49:51.729+0000] {dag.py:3239} INFO - Sync 1 DAGs
[2024-12-02T14:49:51.754+0000] {logging_mixin.py:190} INFO - [2024-12-02T14:49:51.754+0000] {dag.py:4180} INFO - Setting next_dagrun for example_skip_dag to 2024-12-01 00:00:00+00:00, run_after=2024-12-02 00:00:00+00:00
[2024-12-02T14:49:51.772+0000] {processor.py:208} INFO - Processing /home/airflow/.local/lib/python3.12/site-packages/airflow/example_dags/example_skip_dag.py took 0.088 seconds
[2024-12-02T14:50:22.519+0000] {processor.py:186} INFO - Started process (PID=1034) to work on /home/airflow/.local/lib/python3.12/site-packages/airflow/example_dags/example_skip_dag.py
[2024-12-02T14:50:22.520+0000] {processor.py:914} INFO - Processing file /home/airflow/.local/lib/python3.12/site-packages/airflow/example_dags/example_skip_dag.py for tasks to queue
[2024-12-02T14:50:22.522+0000] {logging_mixin.py:190} INFO - [2024-12-02T14:50:22.521+0000] {dagbag.py:588} INFO - Filling up the DagBag from /home/airflow/.local/lib/python3.12/site-packages/airflow/example_dags/example_skip_dag.py
[2024-12-02T14:50:22.528+0000] {processor.py:925} INFO - DAG(s) 'example_skip_dag' retrieved from /home/airflow/.local/lib/python3.12/site-packages/airflow/example_dags/example_skip_dag.py
[2024-12-02T14:50:22.545+0000] {logging_mixin.py:190} INFO - [2024-12-02T14:50:22.545+0000] {dag.py:3239} INFO - Sync 1 DAGs
[2024-12-02T14:50:22.563+0000] {logging_mixin.py:190} INFO - [2024-12-02T14:50:22.563+0000] {dag.py:4180} INFO - Setting next_dagrun for example_skip_dag to 2024-12-01 00:00:00+00:00, run_after=2024-12-02 00:00:00+00:00
[2024-12-02T14:50:22.576+0000] {processor.py:208} INFO - Processing /home/airflow/.local/lib/python3.12/site-packages/airflow/example_dags/example_skip_dag.py took 0.062 seconds
[2024-12-02T14:50:54.097+0000] {processor.py:186} INFO - Started process (PID=1099) to work on /home/airflow/.local/lib/python3.12/site-packages/airflow/example_dags/example_skip_dag.py
[2024-12-02T14:50:54.098+0000] {processor.py:914} INFO - Processing file /home/airflow/.local/lib/python3.12/site-packages/airflow/example_dags/example_skip_dag.py for tasks to queue
[2024-12-02T14:50:54.100+0000] {logging_mixin.py:190} INFO - [2024-12-02T14:50:54.100+0000] {dagbag.py:588} INFO - Filling up the DagBag from /home/airflow/.local/lib/python3.12/site-packages/airflow/example_dags/example_skip_dag.py
[2024-12-02T14:50:54.107+0000] {processor.py:925} INFO - DAG(s) 'example_skip_dag' retrieved from /home/airflow/.local/lib/python3.12/site-packages/airflow/example_dags/example_skip_dag.py
[2024-12-02T14:50:54.127+0000] {logging_mixin.py:190} INFO - [2024-12-02T14:50:54.127+0000] {dag.py:3239} INFO - Sync 1 DAGs
[2024-12-02T14:50:54.148+0000] {logging_mixin.py:190} INFO - [2024-12-02T14:50:54.148+0000] {dag.py:4180} INFO - Setting next_dagrun for example_skip_dag to 2024-12-01 00:00:00+00:00, run_after=2024-12-02 00:00:00+00:00
[2024-12-02T14:50:54.165+0000] {processor.py:208} INFO - Processing /home/airflow/.local/lib/python3.12/site-packages/airflow/example_dags/example_skip_dag.py took 0.072 seconds
