[2024-12-02T14:42:29.967+0000] {processor.py:186} INFO - Started process (PID=108) to work on /home/airflow/.local/lib/python3.12/site-packages/airflow/example_dags/example_latest_only_with_trigger.py
[2024-12-02T14:42:29.973+0000] {processor.py:914} INFO - Processing file /home/airflow/.local/lib/python3.12/site-packages/airflow/example_dags/example_latest_only_with_trigger.py for tasks to queue
[2024-12-02T14:42:29.992+0000] {logging_mixin.py:190} INFO - [2024-12-02T14:42:29.991+0000] {dagbag.py:588} INFO - Filling up the DagBag from /home/airflow/.local/lib/python3.12/site-packages/airflow/example_dags/example_latest_only_with_trigger.py
[2024-12-02T14:42:30.059+0000] {processor.py:925} INFO - DAG(s) 'latest_only_with_trigger' retrieved from /home/airflow/.local/lib/python3.12/site-packages/airflow/example_dags/example_latest_only_with_trigger.py
[2024-12-02T14:42:30.222+0000] {logging_mixin.py:190} INFO - [2024-12-02T14:42:30.221+0000] {dag.py:3239} INFO - Sync 1 DAGs
[2024-12-02T14:42:30.293+0000] {logging_mixin.py:190} INFO - [2024-12-02T14:42:30.292+0000] {dag.py:4180} INFO - Setting next_dagrun for latest_only_with_trigger to 2024-12-02 08:00:00+00:00, run_after=2024-12-02 12:00:00+00:00
[2024-12-02T14:42:30.367+0000] {processor.py:208} INFO - Processing /home/airflow/.local/lib/python3.12/site-packages/airflow/example_dags/example_latest_only_with_trigger.py took 0.428 seconds
[2024-12-02T14:43:19.932+0000] {processor.py:186} INFO - Started process (PID=182) to work on /home/airflow/.local/lib/python3.12/site-packages/airflow/example_dags/example_latest_only_with_trigger.py
[2024-12-02T14:43:19.934+0000] {processor.py:914} INFO - Processing file /home/airflow/.local/lib/python3.12/site-packages/airflow/example_dags/example_latest_only_with_trigger.py for tasks to queue
[2024-12-02T14:43:19.936+0000] {logging_mixin.py:190} INFO - [2024-12-02T14:43:19.936+0000] {dagbag.py:588} INFO - Filling up the DagBag from /home/airflow/.local/lib/python3.12/site-packages/airflow/example_dags/example_latest_only_with_trigger.py
[2024-12-02T14:43:19.945+0000] {processor.py:925} INFO - DAG(s) 'latest_only_with_trigger' retrieved from /home/airflow/.local/lib/python3.12/site-packages/airflow/example_dags/example_latest_only_with_trigger.py
[2024-12-02T14:43:19.964+0000] {logging_mixin.py:190} INFO - [2024-12-02T14:43:19.964+0000] {dag.py:3239} INFO - Sync 1 DAGs
[2024-12-02T14:43:20.017+0000] {logging_mixin.py:190} INFO - [2024-12-02T14:43:20.016+0000] {dag.py:4180} INFO - Setting next_dagrun for latest_only_with_trigger to 2024-12-02 08:00:00+00:00, run_after=2024-12-02 12:00:00+00:00
[2024-12-02T14:43:20.047+0000] {processor.py:208} INFO - Processing /home/airflow/.local/lib/python3.12/site-packages/airflow/example_dags/example_latest_only_with_trigger.py took 0.127 seconds
[2024-12-02T14:43:50.910+0000] {processor.py:186} INFO - Started process (PID=246) to work on /home/airflow/.local/lib/python3.12/site-packages/airflow/example_dags/example_latest_only_with_trigger.py
[2024-12-02T14:43:50.911+0000] {processor.py:914} INFO - Processing file /home/airflow/.local/lib/python3.12/site-packages/airflow/example_dags/example_latest_only_with_trigger.py for tasks to queue
[2024-12-02T14:43:50.913+0000] {logging_mixin.py:190} INFO - [2024-12-02T14:43:50.913+0000] {dagbag.py:588} INFO - Filling up the DagBag from /home/airflow/.local/lib/python3.12/site-packages/airflow/example_dags/example_latest_only_with_trigger.py
[2024-12-02T14:43:50.919+0000] {processor.py:925} INFO - DAG(s) 'latest_only_with_trigger' retrieved from /home/airflow/.local/lib/python3.12/site-packages/airflow/example_dags/example_latest_only_with_trigger.py
[2024-12-02T14:43:50.936+0000] {logging_mixin.py:190} INFO - [2024-12-02T14:43:50.936+0000] {dag.py:3239} INFO - Sync 1 DAGs
[2024-12-02T14:43:50.954+0000] {logging_mixin.py:190} INFO - [2024-12-02T14:43:50.954+0000] {dag.py:4180} INFO - Setting next_dagrun for latest_only_with_trigger to 2024-12-02 08:00:00+00:00, run_after=2024-12-02 12:00:00+00:00
[2024-12-02T14:43:50.969+0000] {processor.py:208} INFO - Processing /home/airflow/.local/lib/python3.12/site-packages/airflow/example_dags/example_latest_only_with_trigger.py took 0.064 seconds
[2024-12-02T14:44:23.700+0000] {processor.py:186} INFO - Started process (PID=310) to work on /home/airflow/.local/lib/python3.12/site-packages/airflow/example_dags/example_latest_only_with_trigger.py
[2024-12-02T14:44:23.701+0000] {processor.py:914} INFO - Processing file /home/airflow/.local/lib/python3.12/site-packages/airflow/example_dags/example_latest_only_with_trigger.py for tasks to queue
[2024-12-02T14:44:23.703+0000] {logging_mixin.py:190} INFO - [2024-12-02T14:44:23.703+0000] {dagbag.py:588} INFO - Filling up the DagBag from /home/airflow/.local/lib/python3.12/site-packages/airflow/example_dags/example_latest_only_with_trigger.py
[2024-12-02T14:44:23.710+0000] {processor.py:925} INFO - DAG(s) 'latest_only_with_trigger' retrieved from /home/airflow/.local/lib/python3.12/site-packages/airflow/example_dags/example_latest_only_with_trigger.py
[2024-12-02T14:44:23.728+0000] {logging_mixin.py:190} INFO - [2024-12-02T14:44:23.728+0000] {dag.py:3239} INFO - Sync 1 DAGs
[2024-12-02T14:44:23.748+0000] {logging_mixin.py:190} INFO - [2024-12-02T14:44:23.748+0000] {dag.py:4180} INFO - Setting next_dagrun for latest_only_with_trigger to 2024-12-02 08:00:00+00:00, run_after=2024-12-02 12:00:00+00:00
[2024-12-02T14:44:23.769+0000] {processor.py:208} INFO - Processing /home/airflow/.local/lib/python3.12/site-packages/airflow/example_dags/example_latest_only_with_trigger.py took 0.075 seconds
[2024-12-02T14:44:54.955+0000] {processor.py:186} INFO - Started process (PID=374) to work on /home/airflow/.local/lib/python3.12/site-packages/airflow/example_dags/example_latest_only_with_trigger.py
[2024-12-02T14:44:54.956+0000] {processor.py:914} INFO - Processing file /home/airflow/.local/lib/python3.12/site-packages/airflow/example_dags/example_latest_only_with_trigger.py for tasks to queue
[2024-12-02T14:44:54.958+0000] {logging_mixin.py:190} INFO - [2024-12-02T14:44:54.958+0000] {dagbag.py:588} INFO - Filling up the DagBag from /home/airflow/.local/lib/python3.12/site-packages/airflow/example_dags/example_latest_only_with_trigger.py
[2024-12-02T14:44:54.964+0000] {processor.py:925} INFO - DAG(s) 'latest_only_with_trigger' retrieved from /home/airflow/.local/lib/python3.12/site-packages/airflow/example_dags/example_latest_only_with_trigger.py
[2024-12-02T14:44:54.980+0000] {logging_mixin.py:190} INFO - [2024-12-02T14:44:54.980+0000] {dag.py:3239} INFO - Sync 1 DAGs
[2024-12-02T14:44:54.996+0000] {logging_mixin.py:190} INFO - [2024-12-02T14:44:54.996+0000] {dag.py:4180} INFO - Setting next_dagrun for latest_only_with_trigger to 2024-12-02 08:00:00+00:00, run_after=2024-12-02 12:00:00+00:00
[2024-12-02T14:44:55.010+0000] {processor.py:208} INFO - Processing /home/airflow/.local/lib/python3.12/site-packages/airflow/example_dags/example_latest_only_with_trigger.py took 0.060 seconds
[2024-12-02T14:45:26.235+0000] {processor.py:186} INFO - Started process (PID=438) to work on /home/airflow/.local/lib/python3.12/site-packages/airflow/example_dags/example_latest_only_with_trigger.py
[2024-12-02T14:45:26.236+0000] {processor.py:914} INFO - Processing file /home/airflow/.local/lib/python3.12/site-packages/airflow/example_dags/example_latest_only_with_trigger.py for tasks to queue
[2024-12-02T14:45:26.238+0000] {logging_mixin.py:190} INFO - [2024-12-02T14:45:26.238+0000] {dagbag.py:588} INFO - Filling up the DagBag from /home/airflow/.local/lib/python3.12/site-packages/airflow/example_dags/example_latest_only_with_trigger.py
[2024-12-02T14:45:26.243+0000] {processor.py:925} INFO - DAG(s) 'latest_only_with_trigger' retrieved from /home/airflow/.local/lib/python3.12/site-packages/airflow/example_dags/example_latest_only_with_trigger.py
[2024-12-02T14:45:26.259+0000] {logging_mixin.py:190} INFO - [2024-12-02T14:45:26.259+0000] {dag.py:3239} INFO - Sync 1 DAGs
[2024-12-02T14:45:26.279+0000] {logging_mixin.py:190} INFO - [2024-12-02T14:45:26.279+0000] {dag.py:4180} INFO - Setting next_dagrun for latest_only_with_trigger to 2024-12-02 08:00:00+00:00, run_after=2024-12-02 12:00:00+00:00
[2024-12-02T14:45:26.294+0000] {processor.py:208} INFO - Processing /home/airflow/.local/lib/python3.12/site-packages/airflow/example_dags/example_latest_only_with_trigger.py took 0.063 seconds
[2024-12-02T14:45:59.238+0000] {processor.py:186} INFO - Started process (PID=505) to work on /home/airflow/.local/lib/python3.12/site-packages/airflow/example_dags/example_latest_only_with_trigger.py
[2024-12-02T14:45:59.240+0000] {processor.py:914} INFO - Processing file /home/airflow/.local/lib/python3.12/site-packages/airflow/example_dags/example_latest_only_with_trigger.py for tasks to queue
[2024-12-02T14:45:59.243+0000] {logging_mixin.py:190} INFO - [2024-12-02T14:45:59.242+0000] {dagbag.py:588} INFO - Filling up the DagBag from /home/airflow/.local/lib/python3.12/site-packages/airflow/example_dags/example_latest_only_with_trigger.py
[2024-12-02T14:45:59.252+0000] {processor.py:925} INFO - DAG(s) 'latest_only_with_trigger' retrieved from /home/airflow/.local/lib/python3.12/site-packages/airflow/example_dags/example_latest_only_with_trigger.py
[2024-12-02T14:45:59.276+0000] {logging_mixin.py:190} INFO - [2024-12-02T14:45:59.275+0000] {dag.py:3239} INFO - Sync 1 DAGs
[2024-12-02T14:45:59.301+0000] {logging_mixin.py:190} INFO - [2024-12-02T14:45:59.301+0000] {dag.py:4180} INFO - Setting next_dagrun for latest_only_with_trigger to 2024-12-02 08:00:00+00:00, run_after=2024-12-02 12:00:00+00:00
[2024-12-02T14:45:59.317+0000] {processor.py:208} INFO - Processing /home/airflow/.local/lib/python3.12/site-packages/airflow/example_dags/example_latest_only_with_trigger.py took 0.095 seconds
[2024-12-02T14:46:37.401+0000] {processor.py:186} INFO - Started process (PID=570) to work on /home/airflow/.local/lib/python3.12/site-packages/airflow/example_dags/example_latest_only_with_trigger.py
[2024-12-02T14:46:37.402+0000] {processor.py:914} INFO - Processing file /home/airflow/.local/lib/python3.12/site-packages/airflow/example_dags/example_latest_only_with_trigger.py for tasks to queue
[2024-12-02T14:46:37.405+0000] {logging_mixin.py:190} INFO - [2024-12-02T14:46:37.404+0000] {dagbag.py:588} INFO - Filling up the DagBag from /home/airflow/.local/lib/python3.12/site-packages/airflow/example_dags/example_latest_only_with_trigger.py
[2024-12-02T14:46:37.414+0000] {processor.py:925} INFO - DAG(s) 'latest_only_with_trigger' retrieved from /home/airflow/.local/lib/python3.12/site-packages/airflow/example_dags/example_latest_only_with_trigger.py
[2024-12-02T14:46:37.441+0000] {logging_mixin.py:190} INFO - [2024-12-02T14:46:37.440+0000] {dag.py:3239} INFO - Sync 1 DAGs
[2024-12-02T14:46:37.469+0000] {logging_mixin.py:190} INFO - [2024-12-02T14:46:37.469+0000] {dag.py:4180} INFO - Setting next_dagrun for latest_only_with_trigger to 2024-12-02 08:00:00+00:00, run_after=2024-12-02 12:00:00+00:00
[2024-12-02T14:46:37.495+0000] {processor.py:208} INFO - Processing /home/airflow/.local/lib/python3.12/site-packages/airflow/example_dags/example_latest_only_with_trigger.py took 0.100 seconds
[2024-12-02T14:47:10.052+0000] {processor.py:186} INFO - Started process (PID=634) to work on /home/airflow/.local/lib/python3.12/site-packages/airflow/example_dags/example_latest_only_with_trigger.py
[2024-12-02T14:47:10.053+0000] {processor.py:914} INFO - Processing file /home/airflow/.local/lib/python3.12/site-packages/airflow/example_dags/example_latest_only_with_trigger.py for tasks to queue
[2024-12-02T14:47:10.055+0000] {logging_mixin.py:190} INFO - [2024-12-02T14:47:10.055+0000] {dagbag.py:588} INFO - Filling up the DagBag from /home/airflow/.local/lib/python3.12/site-packages/airflow/example_dags/example_latest_only_with_trigger.py
[2024-12-02T14:47:10.061+0000] {processor.py:925} INFO - DAG(s) 'latest_only_with_trigger' retrieved from /home/airflow/.local/lib/python3.12/site-packages/airflow/example_dags/example_latest_only_with_trigger.py
[2024-12-02T14:47:10.077+0000] {logging_mixin.py:190} INFO - [2024-12-02T14:47:10.077+0000] {dag.py:3239} INFO - Sync 1 DAGs
[2024-12-02T14:47:10.096+0000] {logging_mixin.py:190} INFO - [2024-12-02T14:47:10.096+0000] {dag.py:4180} INFO - Setting next_dagrun for latest_only_with_trigger to 2024-12-02 08:00:00+00:00, run_after=2024-12-02 12:00:00+00:00
[2024-12-02T14:47:10.111+0000] {processor.py:208} INFO - Processing /home/airflow/.local/lib/python3.12/site-packages/airflow/example_dags/example_latest_only_with_trigger.py took 0.062 seconds
[2024-12-02T14:47:41.310+0000] {processor.py:186} INFO - Started process (PID=704) to work on /home/airflow/.local/lib/python3.12/site-packages/airflow/example_dags/example_latest_only_with_trigger.py
[2024-12-02T14:47:41.311+0000] {processor.py:914} INFO - Processing file /home/airflow/.local/lib/python3.12/site-packages/airflow/example_dags/example_latest_only_with_trigger.py for tasks to queue
[2024-12-02T14:47:41.313+0000] {logging_mixin.py:190} INFO - [2024-12-02T14:47:41.313+0000] {dagbag.py:588} INFO - Filling up the DagBag from /home/airflow/.local/lib/python3.12/site-packages/airflow/example_dags/example_latest_only_with_trigger.py
[2024-12-02T14:47:41.319+0000] {processor.py:925} INFO - DAG(s) 'latest_only_with_trigger' retrieved from /home/airflow/.local/lib/python3.12/site-packages/airflow/example_dags/example_latest_only_with_trigger.py
[2024-12-02T14:47:41.335+0000] {logging_mixin.py:190} INFO - [2024-12-02T14:47:41.334+0000] {dag.py:3239} INFO - Sync 1 DAGs
[2024-12-02T14:47:41.352+0000] {logging_mixin.py:190} INFO - [2024-12-02T14:47:41.352+0000] {dag.py:4180} INFO - Setting next_dagrun for latest_only_with_trigger to 2024-12-02 08:00:00+00:00, run_after=2024-12-02 12:00:00+00:00
[2024-12-02T14:47:41.368+0000] {processor.py:208} INFO - Processing /home/airflow/.local/lib/python3.12/site-packages/airflow/example_dags/example_latest_only_with_trigger.py took 0.062 seconds
[2024-12-02T14:48:12.699+0000] {processor.py:186} INFO - Started process (PID=768) to work on /home/airflow/.local/lib/python3.12/site-packages/airflow/example_dags/example_latest_only_with_trigger.py
[2024-12-02T14:48:12.700+0000] {processor.py:914} INFO - Processing file /home/airflow/.local/lib/python3.12/site-packages/airflow/example_dags/example_latest_only_with_trigger.py for tasks to queue
[2024-12-02T14:48:12.702+0000] {logging_mixin.py:190} INFO - [2024-12-02T14:48:12.702+0000] {dagbag.py:588} INFO - Filling up the DagBag from /home/airflow/.local/lib/python3.12/site-packages/airflow/example_dags/example_latest_only_with_trigger.py
[2024-12-02T14:48:12.707+0000] {processor.py:925} INFO - DAG(s) 'latest_only_with_trigger' retrieved from /home/airflow/.local/lib/python3.12/site-packages/airflow/example_dags/example_latest_only_with_trigger.py
[2024-12-02T14:48:12.722+0000] {logging_mixin.py:190} INFO - [2024-12-02T14:48:12.722+0000] {dag.py:3239} INFO - Sync 1 DAGs
[2024-12-02T14:48:12.739+0000] {logging_mixin.py:190} INFO - [2024-12-02T14:48:12.739+0000] {dag.py:4180} INFO - Setting next_dagrun for latest_only_with_trigger to 2024-12-02 08:00:00+00:00, run_after=2024-12-02 12:00:00+00:00
[2024-12-02T14:48:12.751+0000] {processor.py:208} INFO - Processing /home/airflow/.local/lib/python3.12/site-packages/airflow/example_dags/example_latest_only_with_trigger.py took 0.055 seconds
[2024-12-02T14:48:43.202+0000] {processor.py:186} INFO - Started process (PID=832) to work on /home/airflow/.local/lib/python3.12/site-packages/airflow/example_dags/example_latest_only_with_trigger.py
[2024-12-02T14:48:43.203+0000] {processor.py:914} INFO - Processing file /home/airflow/.local/lib/python3.12/site-packages/airflow/example_dags/example_latest_only_with_trigger.py for tasks to queue
[2024-12-02T14:48:43.204+0000] {logging_mixin.py:190} INFO - [2024-12-02T14:48:43.204+0000] {dagbag.py:588} INFO - Filling up the DagBag from /home/airflow/.local/lib/python3.12/site-packages/airflow/example_dags/example_latest_only_with_trigger.py
[2024-12-02T14:48:43.210+0000] {processor.py:925} INFO - DAG(s) 'latest_only_with_trigger' retrieved from /home/airflow/.local/lib/python3.12/site-packages/airflow/example_dags/example_latest_only_with_trigger.py
[2024-12-02T14:48:43.227+0000] {logging_mixin.py:190} INFO - [2024-12-02T14:48:43.226+0000] {dag.py:3239} INFO - Sync 1 DAGs
[2024-12-02T14:48:43.245+0000] {logging_mixin.py:190} INFO - [2024-12-02T14:48:43.245+0000] {dag.py:4180} INFO - Setting next_dagrun for latest_only_with_trigger to 2024-12-02 08:00:00+00:00, run_after=2024-12-02 12:00:00+00:00
[2024-12-02T14:48:43.260+0000] {processor.py:208} INFO - Processing /home/airflow/.local/lib/python3.12/site-packages/airflow/example_dags/example_latest_only_with_trigger.py took 0.062 seconds
[2024-12-02T14:49:18.772+0000] {processor.py:186} INFO - Started process (PID=896) to work on /home/airflow/.local/lib/python3.12/site-packages/airflow/example_dags/example_latest_only_with_trigger.py
[2024-12-02T14:49:18.773+0000] {processor.py:914} INFO - Processing file /home/airflow/.local/lib/python3.12/site-packages/airflow/example_dags/example_latest_only_with_trigger.py for tasks to queue
[2024-12-02T14:49:18.775+0000] {logging_mixin.py:190} INFO - [2024-12-02T14:49:18.775+0000] {dagbag.py:588} INFO - Filling up the DagBag from /home/airflow/.local/lib/python3.12/site-packages/airflow/example_dags/example_latest_only_with_trigger.py
[2024-12-02T14:49:18.782+0000] {processor.py:925} INFO - DAG(s) 'latest_only_with_trigger' retrieved from /home/airflow/.local/lib/python3.12/site-packages/airflow/example_dags/example_latest_only_with_trigger.py
[2024-12-02T14:49:18.800+0000] {logging_mixin.py:190} INFO - [2024-12-02T14:49:18.799+0000] {dag.py:3239} INFO - Sync 1 DAGs
[2024-12-02T14:49:18.823+0000] {logging_mixin.py:190} INFO - [2024-12-02T14:49:18.823+0000] {dag.py:4180} INFO - Setting next_dagrun for latest_only_with_trigger to 2024-12-02 08:00:00+00:00, run_after=2024-12-02 12:00:00+00:00
[2024-12-02T14:49:18.845+0000] {processor.py:208} INFO - Processing /home/airflow/.local/lib/python3.12/site-packages/airflow/example_dags/example_latest_only_with_trigger.py took 0.078 seconds
[2024-12-02T14:49:50.760+0000] {processor.py:186} INFO - Started process (PID=960) to work on /home/airflow/.local/lib/python3.12/site-packages/airflow/example_dags/example_latest_only_with_trigger.py
[2024-12-02T14:49:50.761+0000] {processor.py:914} INFO - Processing file /home/airflow/.local/lib/python3.12/site-packages/airflow/example_dags/example_latest_only_with_trigger.py for tasks to queue
[2024-12-02T14:49:50.763+0000] {logging_mixin.py:190} INFO - [2024-12-02T14:49:50.763+0000] {dagbag.py:588} INFO - Filling up the DagBag from /home/airflow/.local/lib/python3.12/site-packages/airflow/example_dags/example_latest_only_with_trigger.py
[2024-12-02T14:49:50.769+0000] {processor.py:925} INFO - DAG(s) 'latest_only_with_trigger' retrieved from /home/airflow/.local/lib/python3.12/site-packages/airflow/example_dags/example_latest_only_with_trigger.py
[2024-12-02T14:49:50.785+0000] {logging_mixin.py:190} INFO - [2024-12-02T14:49:50.785+0000] {dag.py:3239} INFO - Sync 1 DAGs
[2024-12-02T14:49:50.803+0000] {logging_mixin.py:190} INFO - [2024-12-02T14:49:50.803+0000] {dag.py:4180} INFO - Setting next_dagrun for latest_only_with_trigger to 2024-12-02 08:00:00+00:00, run_after=2024-12-02 12:00:00+00:00
[2024-12-02T14:49:50.820+0000] {processor.py:208} INFO - Processing /home/airflow/.local/lib/python3.12/site-packages/airflow/example_dags/example_latest_only_with_trigger.py took 0.065 seconds
[2024-12-02T14:50:21.880+0000] {processor.py:186} INFO - Started process (PID=1024) to work on /home/airflow/.local/lib/python3.12/site-packages/airflow/example_dags/example_latest_only_with_trigger.py
[2024-12-02T14:50:21.881+0000] {processor.py:914} INFO - Processing file /home/airflow/.local/lib/python3.12/site-packages/airflow/example_dags/example_latest_only_with_trigger.py for tasks to queue
[2024-12-02T14:50:21.883+0000] {logging_mixin.py:190} INFO - [2024-12-02T14:50:21.882+0000] {dagbag.py:588} INFO - Filling up the DagBag from /home/airflow/.local/lib/python3.12/site-packages/airflow/example_dags/example_latest_only_with_trigger.py
[2024-12-02T14:50:21.888+0000] {processor.py:925} INFO - DAG(s) 'latest_only_with_trigger' retrieved from /home/airflow/.local/lib/python3.12/site-packages/airflow/example_dags/example_latest_only_with_trigger.py
[2024-12-02T14:50:21.903+0000] {logging_mixin.py:190} INFO - [2024-12-02T14:50:21.903+0000] {dag.py:3239} INFO - Sync 1 DAGs
[2024-12-02T14:50:21.921+0000] {logging_mixin.py:190} INFO - [2024-12-02T14:50:21.921+0000] {dag.py:4180} INFO - Setting next_dagrun for latest_only_with_trigger to 2024-12-02 08:00:00+00:00, run_after=2024-12-02 12:00:00+00:00
[2024-12-02T14:50:21.935+0000] {processor.py:208} INFO - Processing /home/airflow/.local/lib/python3.12/site-packages/airflow/example_dags/example_latest_only_with_trigger.py took 0.059 seconds
[2024-12-02T14:50:53.014+0000] {processor.py:186} INFO - Started process (PID=1088) to work on /home/airflow/.local/lib/python3.12/site-packages/airflow/example_dags/example_latest_only_with_trigger.py
[2024-12-02T14:50:53.015+0000] {processor.py:914} INFO - Processing file /home/airflow/.local/lib/python3.12/site-packages/airflow/example_dags/example_latest_only_with_trigger.py for tasks to queue
[2024-12-02T14:50:53.017+0000] {logging_mixin.py:190} INFO - [2024-12-02T14:50:53.017+0000] {dagbag.py:588} INFO - Filling up the DagBag from /home/airflow/.local/lib/python3.12/site-packages/airflow/example_dags/example_latest_only_with_trigger.py
[2024-12-02T14:50:53.022+0000] {processor.py:925} INFO - DAG(s) 'latest_only_with_trigger' retrieved from /home/airflow/.local/lib/python3.12/site-packages/airflow/example_dags/example_latest_only_with_trigger.py
[2024-12-02T14:50:53.039+0000] {logging_mixin.py:190} INFO - [2024-12-02T14:50:53.038+0000] {dag.py:3239} INFO - Sync 1 DAGs
[2024-12-02T14:50:53.056+0000] {logging_mixin.py:190} INFO - [2024-12-02T14:50:53.056+0000] {dag.py:4180} INFO - Setting next_dagrun for latest_only_with_trigger to 2024-12-02 08:00:00+00:00, run_after=2024-12-02 12:00:00+00:00
[2024-12-02T14:50:53.071+0000] {processor.py:208} INFO - Processing /home/airflow/.local/lib/python3.12/site-packages/airflow/example_dags/example_latest_only_with_trigger.py took 0.061 seconds
