[2024-12-02T14:42:37.244+0000] {processor.py:186} INFO - Started process (PID=128) to work on /home/airflow/.local/lib/python3.12/site-packages/airflow/example_dags/example_bash_operator.py
[2024-12-02T14:42:37.247+0000] {processor.py:914} INFO - Processing file /home/airflow/.local/lib/python3.12/site-packages/airflow/example_dags/example_bash_operator.py for tasks to queue
[2024-12-02T14:42:37.260+0000] {logging_mixin.py:190} INFO - [2024-12-02T14:42:37.256+0000] {dagbag.py:588} INFO - Filling up the DagBag from /home/airflow/.local/lib/python3.12/site-packages/airflow/example_dags/example_bash_operator.py
[2024-12-02T14:42:37.282+0000] {processor.py:925} INFO - DAG(s) 'example_bash_operator' retrieved from /home/airflow/.local/lib/python3.12/site-packages/airflow/example_dags/example_bash_operator.py
[2024-12-02T14:42:37.312+0000] {logging_mixin.py:190} INFO - [2024-12-02T14:42:37.311+0000] {dag.py:3239} INFO - Sync 1 DAGs
[2024-12-02T14:42:37.336+0000] {logging_mixin.py:190} INFO - [2024-12-02T14:42:37.336+0000] {dag.py:4180} INFO - Setting next_dagrun for example_bash_operator to 2024-12-01 00:00:00+00:00, run_after=2024-12-02 00:00:00+00:00
[2024-12-02T14:42:37.366+0000] {processor.py:208} INFO - Processing /home/airflow/.local/lib/python3.12/site-packages/airflow/example_dags/example_bash_operator.py took 0.138 seconds
[2024-12-02T14:43:24.724+0000] {processor.py:186} INFO - Started process (PID=202) to work on /home/airflow/.local/lib/python3.12/site-packages/airflow/example_dags/example_bash_operator.py
[2024-12-02T14:43:24.726+0000] {processor.py:914} INFO - Processing file /home/airflow/.local/lib/python3.12/site-packages/airflow/example_dags/example_bash_operator.py for tasks to queue
[2024-12-02T14:43:24.728+0000] {logging_mixin.py:190} INFO - [2024-12-02T14:43:24.728+0000] {dagbag.py:588} INFO - Filling up the DagBag from /home/airflow/.local/lib/python3.12/site-packages/airflow/example_dags/example_bash_operator.py
[2024-12-02T14:43:24.739+0000] {processor.py:925} INFO - DAG(s) 'example_bash_operator' retrieved from /home/airflow/.local/lib/python3.12/site-packages/airflow/example_dags/example_bash_operator.py
[2024-12-02T14:43:24.764+0000] {logging_mixin.py:190} INFO - [2024-12-02T14:43:24.763+0000] {dag.py:3239} INFO - Sync 1 DAGs
[2024-12-02T14:43:24.785+0000] {logging_mixin.py:190} INFO - [2024-12-02T14:43:24.785+0000] {dag.py:4180} INFO - Setting next_dagrun for example_bash_operator to 2024-12-01 00:00:00+00:00, run_after=2024-12-02 00:00:00+00:00
[2024-12-02T14:43:24.803+0000] {processor.py:208} INFO - Processing /home/airflow/.local/lib/python3.12/site-packages/airflow/example_dags/example_bash_operator.py took 0.084 seconds
[2024-12-02T14:43:55.658+0000] {processor.py:186} INFO - Started process (PID=266) to work on /home/airflow/.local/lib/python3.12/site-packages/airflow/example_dags/example_bash_operator.py
[2024-12-02T14:43:55.659+0000] {processor.py:914} INFO - Processing file /home/airflow/.local/lib/python3.12/site-packages/airflow/example_dags/example_bash_operator.py for tasks to queue
[2024-12-02T14:43:55.660+0000] {logging_mixin.py:190} INFO - [2024-12-02T14:43:55.660+0000] {dagbag.py:588} INFO - Filling up the DagBag from /home/airflow/.local/lib/python3.12/site-packages/airflow/example_dags/example_bash_operator.py
[2024-12-02T14:43:55.671+0000] {processor.py:925} INFO - DAG(s) 'example_bash_operator' retrieved from /home/airflow/.local/lib/python3.12/site-packages/airflow/example_dags/example_bash_operator.py
[2024-12-02T14:43:55.692+0000] {logging_mixin.py:190} INFO - [2024-12-02T14:43:55.691+0000] {dag.py:3239} INFO - Sync 1 DAGs
[2024-12-02T14:43:55.711+0000] {logging_mixin.py:190} INFO - [2024-12-02T14:43:55.711+0000] {dag.py:4180} INFO - Setting next_dagrun for example_bash_operator to 2024-12-01 00:00:00+00:00, run_after=2024-12-02 00:00:00+00:00
[2024-12-02T14:43:55.727+0000] {processor.py:208} INFO - Processing /home/airflow/.local/lib/python3.12/site-packages/airflow/example_dags/example_bash_operator.py took 0.073 seconds
[2024-12-02T14:44:27.009+0000] {processor.py:186} INFO - Started process (PID=333) to work on /home/airflow/.local/lib/python3.12/site-packages/airflow/example_dags/example_bash_operator.py
[2024-12-02T14:44:27.010+0000] {processor.py:914} INFO - Processing file /home/airflow/.local/lib/python3.12/site-packages/airflow/example_dags/example_bash_operator.py for tasks to queue
[2024-12-02T14:44:27.012+0000] {logging_mixin.py:190} INFO - [2024-12-02T14:44:27.012+0000] {dagbag.py:588} INFO - Filling up the DagBag from /home/airflow/.local/lib/python3.12/site-packages/airflow/example_dags/example_bash_operator.py
[2024-12-02T14:44:27.021+0000] {processor.py:925} INFO - DAG(s) 'example_bash_operator' retrieved from /home/airflow/.local/lib/python3.12/site-packages/airflow/example_dags/example_bash_operator.py
[2024-12-02T14:44:27.039+0000] {logging_mixin.py:190} INFO - [2024-12-02T14:44:27.039+0000] {dag.py:3239} INFO - Sync 1 DAGs
[2024-12-02T14:44:27.057+0000] {logging_mixin.py:190} INFO - [2024-12-02T14:44:27.057+0000] {dag.py:4180} INFO - Setting next_dagrun for example_bash_operator to 2024-12-01 00:00:00+00:00, run_after=2024-12-02 00:00:00+00:00
[2024-12-02T14:44:27.070+0000] {processor.py:208} INFO - Processing /home/airflow/.local/lib/python3.12/site-packages/airflow/example_dags/example_bash_operator.py took 0.066 seconds
[2024-12-02T14:44:57.894+0000] {processor.py:186} INFO - Started process (PID=397) to work on /home/airflow/.local/lib/python3.12/site-packages/airflow/example_dags/example_bash_operator.py
[2024-12-02T14:44:57.895+0000] {processor.py:914} INFO - Processing file /home/airflow/.local/lib/python3.12/site-packages/airflow/example_dags/example_bash_operator.py for tasks to queue
[2024-12-02T14:44:57.897+0000] {logging_mixin.py:190} INFO - [2024-12-02T14:44:57.897+0000] {dagbag.py:588} INFO - Filling up the DagBag from /home/airflow/.local/lib/python3.12/site-packages/airflow/example_dags/example_bash_operator.py
[2024-12-02T14:44:57.906+0000] {processor.py:925} INFO - DAG(s) 'example_bash_operator' retrieved from /home/airflow/.local/lib/python3.12/site-packages/airflow/example_dags/example_bash_operator.py
[2024-12-02T14:44:57.925+0000] {logging_mixin.py:190} INFO - [2024-12-02T14:44:57.924+0000] {dag.py:3239} INFO - Sync 1 DAGs
[2024-12-02T14:44:57.941+0000] {logging_mixin.py:190} INFO - [2024-12-02T14:44:57.941+0000] {dag.py:4180} INFO - Setting next_dagrun for example_bash_operator to 2024-12-01 00:00:00+00:00, run_after=2024-12-02 00:00:00+00:00
[2024-12-02T14:44:57.955+0000] {processor.py:208} INFO - Processing /home/airflow/.local/lib/python3.12/site-packages/airflow/example_dags/example_bash_operator.py took 0.065 seconds
[2024-12-02T14:45:28.852+0000] {processor.py:186} INFO - Started process (PID=461) to work on /home/airflow/.local/lib/python3.12/site-packages/airflow/example_dags/example_bash_operator.py
[2024-12-02T14:45:28.853+0000] {processor.py:914} INFO - Processing file /home/airflow/.local/lib/python3.12/site-packages/airflow/example_dags/example_bash_operator.py for tasks to queue
[2024-12-02T14:45:28.856+0000] {logging_mixin.py:190} INFO - [2024-12-02T14:45:28.855+0000] {dagbag.py:588} INFO - Filling up the DagBag from /home/airflow/.local/lib/python3.12/site-packages/airflow/example_dags/example_bash_operator.py
[2024-12-02T14:45:28.865+0000] {processor.py:925} INFO - DAG(s) 'example_bash_operator' retrieved from /home/airflow/.local/lib/python3.12/site-packages/airflow/example_dags/example_bash_operator.py
[2024-12-02T14:45:28.887+0000] {logging_mixin.py:190} INFO - [2024-12-02T14:45:28.887+0000] {dag.py:3239} INFO - Sync 1 DAGs
[2024-12-02T14:45:28.907+0000] {logging_mixin.py:190} INFO - [2024-12-02T14:45:28.907+0000] {dag.py:4180} INFO - Setting next_dagrun for example_bash_operator to 2024-12-01 00:00:00+00:00, run_after=2024-12-02 00:00:00+00:00
[2024-12-02T14:45:28.921+0000] {processor.py:208} INFO - Processing /home/airflow/.local/lib/python3.12/site-packages/airflow/example_dags/example_bash_operator.py took 0.073 seconds
[2024-12-02T14:46:01.731+0000] {processor.py:186} INFO - Started process (PID=525) to work on /home/airflow/.local/lib/python3.12/site-packages/airflow/example_dags/example_bash_operator.py
[2024-12-02T14:46:01.732+0000] {processor.py:914} INFO - Processing file /home/airflow/.local/lib/python3.12/site-packages/airflow/example_dags/example_bash_operator.py for tasks to queue
[2024-12-02T14:46:01.733+0000] {logging_mixin.py:190} INFO - [2024-12-02T14:46:01.733+0000] {dagbag.py:588} INFO - Filling up the DagBag from /home/airflow/.local/lib/python3.12/site-packages/airflow/example_dags/example_bash_operator.py
[2024-12-02T14:46:01.742+0000] {processor.py:925} INFO - DAG(s) 'example_bash_operator' retrieved from /home/airflow/.local/lib/python3.12/site-packages/airflow/example_dags/example_bash_operator.py
[2024-12-02T14:46:01.763+0000] {logging_mixin.py:190} INFO - [2024-12-02T14:46:01.763+0000] {dag.py:3239} INFO - Sync 1 DAGs
[2024-12-02T14:46:01.782+0000] {logging_mixin.py:190} INFO - [2024-12-02T14:46:01.781+0000] {dag.py:4180} INFO - Setting next_dagrun for example_bash_operator to 2024-12-01 00:00:00+00:00, run_after=2024-12-02 00:00:00+00:00
[2024-12-02T14:46:01.798+0000] {processor.py:208} INFO - Processing /home/airflow/.local/lib/python3.12/site-packages/airflow/example_dags/example_bash_operator.py took 0.071 seconds
[2024-12-02T14:46:41.716+0000] {processor.py:186} INFO - Started process (PID=596) to work on /home/airflow/.local/lib/python3.12/site-packages/airflow/example_dags/example_bash_operator.py
[2024-12-02T14:46:41.717+0000] {processor.py:914} INFO - Processing file /home/airflow/.local/lib/python3.12/site-packages/airflow/example_dags/example_bash_operator.py for tasks to queue
[2024-12-02T14:46:41.719+0000] {logging_mixin.py:190} INFO - [2024-12-02T14:46:41.718+0000] {dagbag.py:588} INFO - Filling up the DagBag from /home/airflow/.local/lib/python3.12/site-packages/airflow/example_dags/example_bash_operator.py
[2024-12-02T14:46:41.732+0000] {processor.py:925} INFO - DAG(s) 'example_bash_operator' retrieved from /home/airflow/.local/lib/python3.12/site-packages/airflow/example_dags/example_bash_operator.py
[2024-12-02T14:46:41.764+0000] {logging_mixin.py:190} INFO - [2024-12-02T14:46:41.764+0000] {dag.py:3239} INFO - Sync 1 DAGs
[2024-12-02T14:46:41.795+0000] {logging_mixin.py:190} INFO - [2024-12-02T14:46:41.794+0000] {dag.py:4180} INFO - Setting next_dagrun for example_bash_operator to 2024-12-01 00:00:00+00:00, run_after=2024-12-02 00:00:00+00:00
[2024-12-02T14:46:41.820+0000] {processor.py:208} INFO - Processing /home/airflow/.local/lib/python3.12/site-packages/airflow/example_dags/example_bash_operator.py took 0.109 seconds
[2024-12-02T14:47:13.399+0000] {processor.py:186} INFO - Started process (PID=660) to work on /home/airflow/.local/lib/python3.12/site-packages/airflow/example_dags/example_bash_operator.py
[2024-12-02T14:47:13.400+0000] {processor.py:914} INFO - Processing file /home/airflow/.local/lib/python3.12/site-packages/airflow/example_dags/example_bash_operator.py for tasks to queue
[2024-12-02T14:47:13.405+0000] {logging_mixin.py:190} INFO - [2024-12-02T14:47:13.404+0000] {dagbag.py:588} INFO - Filling up the DagBag from /home/airflow/.local/lib/python3.12/site-packages/airflow/example_dags/example_bash_operator.py
[2024-12-02T14:47:13.424+0000] {processor.py:925} INFO - DAG(s) 'example_bash_operator' retrieved from /home/airflow/.local/lib/python3.12/site-packages/airflow/example_dags/example_bash_operator.py
[2024-12-02T14:47:13.444+0000] {logging_mixin.py:190} INFO - [2024-12-02T14:47:13.444+0000] {dag.py:3239} INFO - Sync 1 DAGs
[2024-12-02T14:47:13.466+0000] {logging_mixin.py:190} INFO - [2024-12-02T14:47:13.465+0000] {dag.py:4180} INFO - Setting next_dagrun for example_bash_operator to 2024-12-01 00:00:00+00:00, run_after=2024-12-02 00:00:00+00:00
[2024-12-02T14:47:13.485+0000] {processor.py:208} INFO - Processing /home/airflow/.local/lib/python3.12/site-packages/airflow/example_dags/example_bash_operator.py took 0.090 seconds
[2024-12-02T14:47:45.154+0000] {processor.py:186} INFO - Started process (PID=724) to work on /home/airflow/.local/lib/python3.12/site-packages/airflow/example_dags/example_bash_operator.py
[2024-12-02T14:47:45.155+0000] {processor.py:914} INFO - Processing file /home/airflow/.local/lib/python3.12/site-packages/airflow/example_dags/example_bash_operator.py for tasks to queue
[2024-12-02T14:47:45.158+0000] {logging_mixin.py:190} INFO - [2024-12-02T14:47:45.157+0000] {dagbag.py:588} INFO - Filling up the DagBag from /home/airflow/.local/lib/python3.12/site-packages/airflow/example_dags/example_bash_operator.py
[2024-12-02T14:47:45.168+0000] {processor.py:925} INFO - DAG(s) 'example_bash_operator' retrieved from /home/airflow/.local/lib/python3.12/site-packages/airflow/example_dags/example_bash_operator.py
[2024-12-02T14:47:45.191+0000] {logging_mixin.py:190} INFO - [2024-12-02T14:47:45.191+0000] {dag.py:3239} INFO - Sync 1 DAGs
[2024-12-02T14:47:45.210+0000] {logging_mixin.py:190} INFO - [2024-12-02T14:47:45.210+0000] {dag.py:4180} INFO - Setting next_dagrun for example_bash_operator to 2024-12-01 00:00:00+00:00, run_after=2024-12-02 00:00:00+00:00
[2024-12-02T14:47:45.226+0000] {processor.py:208} INFO - Processing /home/airflow/.local/lib/python3.12/site-packages/airflow/example_dags/example_bash_operator.py took 0.076 seconds
[2024-12-02T14:48:16.561+0000] {processor.py:186} INFO - Started process (PID=788) to work on /home/airflow/.local/lib/python3.12/site-packages/airflow/example_dags/example_bash_operator.py
[2024-12-02T14:48:16.562+0000] {processor.py:914} INFO - Processing file /home/airflow/.local/lib/python3.12/site-packages/airflow/example_dags/example_bash_operator.py for tasks to queue
[2024-12-02T14:48:16.565+0000] {logging_mixin.py:190} INFO - [2024-12-02T14:48:16.564+0000] {dagbag.py:588} INFO - Filling up the DagBag from /home/airflow/.local/lib/python3.12/site-packages/airflow/example_dags/example_bash_operator.py
[2024-12-02T14:48:16.575+0000] {processor.py:925} INFO - DAG(s) 'example_bash_operator' retrieved from /home/airflow/.local/lib/python3.12/site-packages/airflow/example_dags/example_bash_operator.py
[2024-12-02T14:48:16.597+0000] {logging_mixin.py:190} INFO - [2024-12-02T14:48:16.596+0000] {dag.py:3239} INFO - Sync 1 DAGs
[2024-12-02T14:48:16.615+0000] {logging_mixin.py:190} INFO - [2024-12-02T14:48:16.615+0000] {dag.py:4180} INFO - Setting next_dagrun for example_bash_operator to 2024-12-01 00:00:00+00:00, run_after=2024-12-02 00:00:00+00:00
[2024-12-02T14:48:16.630+0000] {processor.py:208} INFO - Processing /home/airflow/.local/lib/python3.12/site-packages/airflow/example_dags/example_bash_operator.py took 0.073 seconds
[2024-12-02T14:48:48.277+0000] {processor.py:186} INFO - Started process (PID=852) to work on /home/airflow/.local/lib/python3.12/site-packages/airflow/example_dags/example_bash_operator.py
[2024-12-02T14:48:48.278+0000] {processor.py:914} INFO - Processing file /home/airflow/.local/lib/python3.12/site-packages/airflow/example_dags/example_bash_operator.py for tasks to queue
[2024-12-02T14:48:48.280+0000] {logging_mixin.py:190} INFO - [2024-12-02T14:48:48.280+0000] {dagbag.py:588} INFO - Filling up the DagBag from /home/airflow/.local/lib/python3.12/site-packages/airflow/example_dags/example_bash_operator.py
[2024-12-02T14:48:48.299+0000] {processor.py:925} INFO - DAG(s) 'example_bash_operator' retrieved from /home/airflow/.local/lib/python3.12/site-packages/airflow/example_dags/example_bash_operator.py
[2024-12-02T14:48:48.335+0000] {logging_mixin.py:190} INFO - [2024-12-02T14:48:48.335+0000] {dag.py:3239} INFO - Sync 1 DAGs
[2024-12-02T14:48:48.366+0000] {logging_mixin.py:190} INFO - [2024-12-02T14:48:48.365+0000] {dag.py:4180} INFO - Setting next_dagrun for example_bash_operator to 2024-12-01 00:00:00+00:00, run_after=2024-12-02 00:00:00+00:00
[2024-12-02T14:48:48.390+0000] {processor.py:208} INFO - Processing /home/airflow/.local/lib/python3.12/site-packages/airflow/example_dags/example_bash_operator.py took 0.119 seconds
[2024-12-02T14:49:21.057+0000] {processor.py:186} INFO - Started process (PID=916) to work on /home/airflow/.local/lib/python3.12/site-packages/airflow/example_dags/example_bash_operator.py
[2024-12-02T14:49:21.058+0000] {processor.py:914} INFO - Processing file /home/airflow/.local/lib/python3.12/site-packages/airflow/example_dags/example_bash_operator.py for tasks to queue
[2024-12-02T14:49:21.059+0000] {logging_mixin.py:190} INFO - [2024-12-02T14:49:21.059+0000] {dagbag.py:588} INFO - Filling up the DagBag from /home/airflow/.local/lib/python3.12/site-packages/airflow/example_dags/example_bash_operator.py
[2024-12-02T14:49:21.069+0000] {processor.py:925} INFO - DAG(s) 'example_bash_operator' retrieved from /home/airflow/.local/lib/python3.12/site-packages/airflow/example_dags/example_bash_operator.py
[2024-12-02T14:49:21.089+0000] {logging_mixin.py:190} INFO - [2024-12-02T14:49:21.088+0000] {dag.py:3239} INFO - Sync 1 DAGs
[2024-12-02T14:49:21.107+0000] {logging_mixin.py:190} INFO - [2024-12-02T14:49:21.107+0000] {dag.py:4180} INFO - Setting next_dagrun for example_bash_operator to 2024-12-01 00:00:00+00:00, run_after=2024-12-02 00:00:00+00:00
[2024-12-02T14:49:21.122+0000] {processor.py:208} INFO - Processing /home/airflow/.local/lib/python3.12/site-packages/airflow/example_dags/example_bash_operator.py took 0.075 seconds
[2024-12-02T14:49:52.613+0000] {processor.py:186} INFO - Started process (PID=980) to work on /home/airflow/.local/lib/python3.12/site-packages/airflow/example_dags/example_bash_operator.py
[2024-12-02T14:49:52.614+0000] {processor.py:914} INFO - Processing file /home/airflow/.local/lib/python3.12/site-packages/airflow/example_dags/example_bash_operator.py for tasks to queue
[2024-12-02T14:49:52.616+0000] {logging_mixin.py:190} INFO - [2024-12-02T14:49:52.616+0000] {dagbag.py:588} INFO - Filling up the DagBag from /home/airflow/.local/lib/python3.12/site-packages/airflow/example_dags/example_bash_operator.py
[2024-12-02T14:49:52.627+0000] {processor.py:925} INFO - DAG(s) 'example_bash_operator' retrieved from /home/airflow/.local/lib/python3.12/site-packages/airflow/example_dags/example_bash_operator.py
[2024-12-02T14:49:52.648+0000] {logging_mixin.py:190} INFO - [2024-12-02T14:49:52.648+0000] {dag.py:3239} INFO - Sync 1 DAGs
[2024-12-02T14:49:52.668+0000] {logging_mixin.py:190} INFO - [2024-12-02T14:49:52.667+0000] {dag.py:4180} INFO - Setting next_dagrun for example_bash_operator to 2024-12-01 00:00:00+00:00, run_after=2024-12-02 00:00:00+00:00
[2024-12-02T14:49:52.684+0000] {processor.py:208} INFO - Processing /home/airflow/.local/lib/python3.12/site-packages/airflow/example_dags/example_bash_operator.py took 0.076 seconds
[2024-12-02T14:50:23.434+0000] {processor.py:186} INFO - Started process (PID=1044) to work on /home/airflow/.local/lib/python3.12/site-packages/airflow/example_dags/example_bash_operator.py
[2024-12-02T14:50:23.435+0000] {processor.py:914} INFO - Processing file /home/airflow/.local/lib/python3.12/site-packages/airflow/example_dags/example_bash_operator.py for tasks to queue
[2024-12-02T14:50:23.437+0000] {logging_mixin.py:190} INFO - [2024-12-02T14:50:23.436+0000] {dagbag.py:588} INFO - Filling up the DagBag from /home/airflow/.local/lib/python3.12/site-packages/airflow/example_dags/example_bash_operator.py
[2024-12-02T14:50:23.446+0000] {processor.py:925} INFO - DAG(s) 'example_bash_operator' retrieved from /home/airflow/.local/lib/python3.12/site-packages/airflow/example_dags/example_bash_operator.py
[2024-12-02T14:50:23.466+0000] {logging_mixin.py:190} INFO - [2024-12-02T14:50:23.465+0000] {dag.py:3239} INFO - Sync 1 DAGs
[2024-12-02T14:50:23.483+0000] {logging_mixin.py:190} INFO - [2024-12-02T14:50:23.483+0000] {dag.py:4180} INFO - Setting next_dagrun for example_bash_operator to 2024-12-01 00:00:00+00:00, run_after=2024-12-02 00:00:00+00:00
[2024-12-02T14:50:23.499+0000] {processor.py:208} INFO - Processing /home/airflow/.local/lib/python3.12/site-packages/airflow/example_dags/example_bash_operator.py took 0.069 seconds
[2024-12-02T14:50:54.936+0000] {processor.py:186} INFO - Started process (PID=1108) to work on /home/airflow/.local/lib/python3.12/site-packages/airflow/example_dags/example_bash_operator.py
[2024-12-02T14:50:54.937+0000] {processor.py:914} INFO - Processing file /home/airflow/.local/lib/python3.12/site-packages/airflow/example_dags/example_bash_operator.py for tasks to queue
[2024-12-02T14:50:54.939+0000] {logging_mixin.py:190} INFO - [2024-12-02T14:50:54.938+0000] {dagbag.py:588} INFO - Filling up the DagBag from /home/airflow/.local/lib/python3.12/site-packages/airflow/example_dags/example_bash_operator.py
[2024-12-02T14:50:54.948+0000] {processor.py:925} INFO - DAG(s) 'example_bash_operator' retrieved from /home/airflow/.local/lib/python3.12/site-packages/airflow/example_dags/example_bash_operator.py
[2024-12-02T14:50:54.969+0000] {logging_mixin.py:190} INFO - [2024-12-02T14:50:54.969+0000] {dag.py:3239} INFO - Sync 1 DAGs
[2024-12-02T14:50:54.987+0000] {logging_mixin.py:190} INFO - [2024-12-02T14:50:54.987+0000] {dag.py:4180} INFO - Setting next_dagrun for example_bash_operator to 2024-12-01 00:00:00+00:00, run_after=2024-12-02 00:00:00+00:00
[2024-12-02T14:50:55.002+0000] {processor.py:208} INFO - Processing /home/airflow/.local/lib/python3.12/site-packages/airflow/example_dags/example_bash_operator.py took 0.070 seconds
