[2024-12-02T14:42:25.182+0000] {processor.py:186} INFO - Started process (PID=91) to work on /home/airflow/.local/lib/python3.12/site-packages/airflow/example_dags/example_subdag_operator.py
[2024-12-02T14:42:25.184+0000] {processor.py:914} INFO - Processing file /home/airflow/.local/lib/python3.12/site-packages/airflow/example_dags/example_subdag_operator.py for tasks to queue
[2024-12-02T14:42:25.186+0000] {logging_mixin.py:190} INFO - [2024-12-02T14:42:25.186+0000] {dagbag.py:588} INFO - Filling up the DagBag from /home/airflow/.local/lib/python3.12/site-packages/airflow/example_dags/example_subdag_operator.py
[2024-12-02T14:42:25.259+0000] {processor.py:925} INFO - DAG(s) 'example_subdag_operator.section-1', 'example_subdag_operator.section-2', 'example_subdag_operator' retrieved from /home/airflow/.local/lib/python3.12/site-packages/airflow/example_dags/example_subdag_operator.py
[2024-12-02T14:42:25.350+0000] {logging_mixin.py:190} INFO - [2024-12-02T14:42:25.350+0000] {dag.py:3239} INFO - Sync 3 DAGs
[2024-12-02T14:42:25.385+0000] {logging_mixin.py:190} INFO - [2024-12-02T14:42:25.384+0000] {dag.py:4180} INFO - Setting next_dagrun for example_subdag_operator to 2022-01-01 00:00:00+00:00, run_after=2022-01-01 00:00:00+00:00
[2024-12-02T14:42:25.394+0000] {logging_mixin.py:190} INFO - [2024-12-02T14:42:25.393+0000] {dag.py:4180} INFO - Setting next_dagrun for example_subdag_operator.section-1 to None, run_after=None
[2024-12-02T14:42:25.395+0000] {logging_mixin.py:190} INFO - [2024-12-02T14:42:25.395+0000] {dag.py:4180} INFO - Setting next_dagrun for example_subdag_operator.section-2 to None, run_after=None
[2024-12-02T14:42:25.419+0000] {logging_mixin.py:190} INFO - [2024-12-02T14:42:25.419+0000] {dag.py:3239} INFO - Sync 2 DAGs
[2024-12-02T14:42:25.429+0000] {logging_mixin.py:190} INFO - [2024-12-02T14:42:25.429+0000] {dag.py:4180} INFO - Setting next_dagrun for example_subdag_operator.section-1 to None, run_after=None
[2024-12-02T14:42:25.441+0000] {logging_mixin.py:190} INFO - [2024-12-02T14:42:25.441+0000] {dag.py:4180} INFO - Setting next_dagrun for example_subdag_operator.section-2 to None, run_after=None
[2024-12-02T14:42:25.461+0000] {processor.py:208} INFO - Processing /home/airflow/.local/lib/python3.12/site-packages/airflow/example_dags/example_subdag_operator.py took 0.287 seconds
[2024-12-02T14:43:18.304+0000] {processor.py:186} INFO - Started process (PID=165) to work on /home/airflow/.local/lib/python3.12/site-packages/airflow/example_dags/example_subdag_operator.py
[2024-12-02T14:43:18.307+0000] {processor.py:914} INFO - Processing file /home/airflow/.local/lib/python3.12/site-packages/airflow/example_dags/example_subdag_operator.py for tasks to queue
[2024-12-02T14:43:18.309+0000] {logging_mixin.py:190} INFO - [2024-12-02T14:43:18.309+0000] {dagbag.py:588} INFO - Filling up the DagBag from /home/airflow/.local/lib/python3.12/site-packages/airflow/example_dags/example_subdag_operator.py
[2024-12-02T14:43:18.356+0000] {processor.py:925} INFO - DAG(s) 'example_subdag_operator.section-1', 'example_subdag_operator.section-2', 'example_subdag_operator' retrieved from /home/airflow/.local/lib/python3.12/site-packages/airflow/example_dags/example_subdag_operator.py
[2024-12-02T14:43:18.385+0000] {logging_mixin.py:190} INFO - [2024-12-02T14:43:18.385+0000] {dag.py:3239} INFO - Sync 3 DAGs
[2024-12-02T14:43:18.431+0000] {logging_mixin.py:190} INFO - [2024-12-02T14:43:18.431+0000] {dag.py:4180} INFO - Setting next_dagrun for example_subdag_operator to 2022-01-01 00:00:00+00:00, run_after=2022-01-01 00:00:00+00:00
[2024-12-02T14:43:18.438+0000] {logging_mixin.py:190} INFO - [2024-12-02T14:43:18.438+0000] {dag.py:4180} INFO - Setting next_dagrun for example_subdag_operator.section-1 to None, run_after=None
[2024-12-02T14:43:18.442+0000] {logging_mixin.py:190} INFO - [2024-12-02T14:43:18.441+0000] {dag.py:4180} INFO - Setting next_dagrun for example_subdag_operator.section-2 to None, run_after=None
[2024-12-02T14:43:18.453+0000] {logging_mixin.py:190} INFO - [2024-12-02T14:43:18.452+0000] {dag.py:3239} INFO - Sync 2 DAGs
[2024-12-02T14:43:18.462+0000] {logging_mixin.py:190} INFO - [2024-12-02T14:43:18.462+0000] {dag.py:4180} INFO - Setting next_dagrun for example_subdag_operator.section-1 to None, run_after=None
[2024-12-02T14:43:18.464+0000] {logging_mixin.py:190} INFO - [2024-12-02T14:43:18.463+0000] {dag.py:4180} INFO - Setting next_dagrun for example_subdag_operator.section-2 to None, run_after=None
[2024-12-02T14:43:18.479+0000] {processor.py:208} INFO - Processing /home/airflow/.local/lib/python3.12/site-packages/airflow/example_dags/example_subdag_operator.py took 0.181 seconds
[2024-12-02T14:43:49.824+0000] {processor.py:186} INFO - Started process (PID=229) to work on /home/airflow/.local/lib/python3.12/site-packages/airflow/example_dags/example_subdag_operator.py
[2024-12-02T14:43:49.826+0000] {processor.py:914} INFO - Processing file /home/airflow/.local/lib/python3.12/site-packages/airflow/example_dags/example_subdag_operator.py for tasks to queue
[2024-12-02T14:43:49.828+0000] {logging_mixin.py:190} INFO - [2024-12-02T14:43:49.828+0000] {dagbag.py:588} INFO - Filling up the DagBag from /home/airflow/.local/lib/python3.12/site-packages/airflow/example_dags/example_subdag_operator.py
[2024-12-02T14:43:49.850+0000] {processor.py:925} INFO - DAG(s) 'example_subdag_operator.section-1', 'example_subdag_operator.section-2', 'example_subdag_operator' retrieved from /home/airflow/.local/lib/python3.12/site-packages/airflow/example_dags/example_subdag_operator.py
[2024-12-02T14:43:49.863+0000] {logging_mixin.py:190} INFO - [2024-12-02T14:43:49.863+0000] {dag.py:3239} INFO - Sync 3 DAGs
[2024-12-02T14:43:49.883+0000] {logging_mixin.py:190} INFO - [2024-12-02T14:43:49.883+0000] {dag.py:4180} INFO - Setting next_dagrun for example_subdag_operator to 2022-01-01 00:00:00+00:00, run_after=2022-01-01 00:00:00+00:00
[2024-12-02T14:43:49.887+0000] {logging_mixin.py:190} INFO - [2024-12-02T14:43:49.887+0000] {dag.py:4180} INFO - Setting next_dagrun for example_subdag_operator.section-1 to None, run_after=None
[2024-12-02T14:43:49.889+0000] {logging_mixin.py:190} INFO - [2024-12-02T14:43:49.889+0000] {dag.py:4180} INFO - Setting next_dagrun for example_subdag_operator.section-2 to None, run_after=None
[2024-12-02T14:43:49.897+0000] {logging_mixin.py:190} INFO - [2024-12-02T14:43:49.897+0000] {dag.py:3239} INFO - Sync 2 DAGs
[2024-12-02T14:43:49.904+0000] {logging_mixin.py:190} INFO - [2024-12-02T14:43:49.904+0000] {dag.py:4180} INFO - Setting next_dagrun for example_subdag_operator.section-1 to None, run_after=None
[2024-12-02T14:43:49.905+0000] {logging_mixin.py:190} INFO - [2024-12-02T14:43:49.905+0000] {dag.py:4180} INFO - Setting next_dagrun for example_subdag_operator.section-2 to None, run_after=None
[2024-12-02T14:43:49.916+0000] {processor.py:208} INFO - Processing /home/airflow/.local/lib/python3.12/site-packages/airflow/example_dags/example_subdag_operator.py took 0.096 seconds
[2024-12-02T14:44:22.852+0000] {processor.py:186} INFO - Started process (PID=293) to work on /home/airflow/.local/lib/python3.12/site-packages/airflow/example_dags/example_subdag_operator.py
[2024-12-02T14:44:22.853+0000] {processor.py:914} INFO - Processing file /home/airflow/.local/lib/python3.12/site-packages/airflow/example_dags/example_subdag_operator.py for tasks to queue
[2024-12-02T14:44:22.855+0000] {logging_mixin.py:190} INFO - [2024-12-02T14:44:22.855+0000] {dagbag.py:588} INFO - Filling up the DagBag from /home/airflow/.local/lib/python3.12/site-packages/airflow/example_dags/example_subdag_operator.py
[2024-12-02T14:44:22.878+0000] {processor.py:925} INFO - DAG(s) 'example_subdag_operator.section-1', 'example_subdag_operator.section-2', 'example_subdag_operator' retrieved from /home/airflow/.local/lib/python3.12/site-packages/airflow/example_dags/example_subdag_operator.py
[2024-12-02T14:44:22.892+0000] {logging_mixin.py:190} INFO - [2024-12-02T14:44:22.892+0000] {dag.py:3239} INFO - Sync 3 DAGs
[2024-12-02T14:44:22.911+0000] {logging_mixin.py:190} INFO - [2024-12-02T14:44:22.910+0000] {dag.py:4180} INFO - Setting next_dagrun for example_subdag_operator to 2022-01-01 00:00:00+00:00, run_after=2022-01-01 00:00:00+00:00
[2024-12-02T14:44:22.914+0000] {logging_mixin.py:190} INFO - [2024-12-02T14:44:22.914+0000] {dag.py:4180} INFO - Setting next_dagrun for example_subdag_operator.section-1 to None, run_after=None
[2024-12-02T14:44:22.918+0000] {logging_mixin.py:190} INFO - [2024-12-02T14:44:22.917+0000] {dag.py:4180} INFO - Setting next_dagrun for example_subdag_operator.section-2 to None, run_after=None
[2024-12-02T14:44:22.925+0000] {logging_mixin.py:190} INFO - [2024-12-02T14:44:22.925+0000] {dag.py:3239} INFO - Sync 2 DAGs
[2024-12-02T14:44:22.931+0000] {logging_mixin.py:190} INFO - [2024-12-02T14:44:22.930+0000] {dag.py:4180} INFO - Setting next_dagrun for example_subdag_operator.section-1 to None, run_after=None
[2024-12-02T14:44:22.931+0000] {logging_mixin.py:190} INFO - [2024-12-02T14:44:22.931+0000] {dag.py:4180} INFO - Setting next_dagrun for example_subdag_operator.section-2 to None, run_after=None
[2024-12-02T14:44:22.941+0000] {processor.py:208} INFO - Processing /home/airflow/.local/lib/python3.12/site-packages/airflow/example_dags/example_subdag_operator.py took 0.093 seconds
[2024-12-02T14:44:54.196+0000] {processor.py:186} INFO - Started process (PID=357) to work on /home/airflow/.local/lib/python3.12/site-packages/airflow/example_dags/example_subdag_operator.py
[2024-12-02T14:44:54.197+0000] {processor.py:914} INFO - Processing file /home/airflow/.local/lib/python3.12/site-packages/airflow/example_dags/example_subdag_operator.py for tasks to queue
[2024-12-02T14:44:54.199+0000] {logging_mixin.py:190} INFO - [2024-12-02T14:44:54.199+0000] {dagbag.py:588} INFO - Filling up the DagBag from /home/airflow/.local/lib/python3.12/site-packages/airflow/example_dags/example_subdag_operator.py
[2024-12-02T14:44:54.219+0000] {processor.py:925} INFO - DAG(s) 'example_subdag_operator.section-1', 'example_subdag_operator.section-2', 'example_subdag_operator' retrieved from /home/airflow/.local/lib/python3.12/site-packages/airflow/example_dags/example_subdag_operator.py
[2024-12-02T14:44:54.231+0000] {logging_mixin.py:190} INFO - [2024-12-02T14:44:54.230+0000] {dag.py:3239} INFO - Sync 3 DAGs
[2024-12-02T14:44:54.248+0000] {logging_mixin.py:190} INFO - [2024-12-02T14:44:54.248+0000] {dag.py:4180} INFO - Setting next_dagrun for example_subdag_operator to 2022-01-01 00:00:00+00:00, run_after=2022-01-01 00:00:00+00:00
[2024-12-02T14:44:54.252+0000] {logging_mixin.py:190} INFO - [2024-12-02T14:44:54.252+0000] {dag.py:4180} INFO - Setting next_dagrun for example_subdag_operator.section-1 to None, run_after=None
[2024-12-02T14:44:54.253+0000] {logging_mixin.py:190} INFO - [2024-12-02T14:44:54.253+0000] {dag.py:4180} INFO - Setting next_dagrun for example_subdag_operator.section-2 to None, run_after=None
[2024-12-02T14:44:54.261+0000] {logging_mixin.py:190} INFO - [2024-12-02T14:44:54.261+0000] {dag.py:3239} INFO - Sync 2 DAGs
[2024-12-02T14:44:54.269+0000] {logging_mixin.py:190} INFO - [2024-12-02T14:44:54.268+0000] {dag.py:4180} INFO - Setting next_dagrun for example_subdag_operator.section-1 to None, run_after=None
[2024-12-02T14:44:54.269+0000] {logging_mixin.py:190} INFO - [2024-12-02T14:44:54.269+0000] {dag.py:4180} INFO - Setting next_dagrun for example_subdag_operator.section-2 to None, run_after=None
[2024-12-02T14:44:54.281+0000] {processor.py:208} INFO - Processing /home/airflow/.local/lib/python3.12/site-packages/airflow/example_dags/example_subdag_operator.py took 0.089 seconds
[2024-12-02T14:45:25.454+0000] {processor.py:186} INFO - Started process (PID=421) to work on /home/airflow/.local/lib/python3.12/site-packages/airflow/example_dags/example_subdag_operator.py
[2024-12-02T14:45:25.455+0000] {processor.py:914} INFO - Processing file /home/airflow/.local/lib/python3.12/site-packages/airflow/example_dags/example_subdag_operator.py for tasks to queue
[2024-12-02T14:45:25.457+0000] {logging_mixin.py:190} INFO - [2024-12-02T14:45:25.456+0000] {dagbag.py:588} INFO - Filling up the DagBag from /home/airflow/.local/lib/python3.12/site-packages/airflow/example_dags/example_subdag_operator.py
[2024-12-02T14:45:25.480+0000] {processor.py:925} INFO - DAG(s) 'example_subdag_operator.section-1', 'example_subdag_operator.section-2', 'example_subdag_operator' retrieved from /home/airflow/.local/lib/python3.12/site-packages/airflow/example_dags/example_subdag_operator.py
[2024-12-02T14:45:25.490+0000] {logging_mixin.py:190} INFO - [2024-12-02T14:45:25.490+0000] {dag.py:3239} INFO - Sync 3 DAGs
[2024-12-02T14:45:25.506+0000] {logging_mixin.py:190} INFO - [2024-12-02T14:45:25.506+0000] {dag.py:4180} INFO - Setting next_dagrun for example_subdag_operator to 2022-01-01 00:00:00+00:00, run_after=2022-01-01 00:00:00+00:00
[2024-12-02T14:45:25.509+0000] {logging_mixin.py:190} INFO - [2024-12-02T14:45:25.509+0000] {dag.py:4180} INFO - Setting next_dagrun for example_subdag_operator.section-1 to None, run_after=None
[2024-12-02T14:45:25.510+0000] {logging_mixin.py:190} INFO - [2024-12-02T14:45:25.510+0000] {dag.py:4180} INFO - Setting next_dagrun for example_subdag_operator.section-2 to None, run_after=None
[2024-12-02T14:45:25.514+0000] {logging_mixin.py:190} INFO - [2024-12-02T14:45:25.514+0000] {dag.py:3239} INFO - Sync 2 DAGs
[2024-12-02T14:45:25.519+0000] {logging_mixin.py:190} INFO - [2024-12-02T14:45:25.518+0000] {dag.py:4180} INFO - Setting next_dagrun for example_subdag_operator.section-1 to None, run_after=None
[2024-12-02T14:45:25.519+0000] {logging_mixin.py:190} INFO - [2024-12-02T14:45:25.519+0000] {dag.py:4180} INFO - Setting next_dagrun for example_subdag_operator.section-2 to None, run_after=None
[2024-12-02T14:45:25.528+0000] {processor.py:208} INFO - Processing /home/airflow/.local/lib/python3.12/site-packages/airflow/example_dags/example_subdag_operator.py took 0.077 seconds
[2024-12-02T14:45:57.876+0000] {processor.py:186} INFO - Started process (PID=485) to work on /home/airflow/.local/lib/python3.12/site-packages/airflow/example_dags/example_subdag_operator.py
[2024-12-02T14:45:57.877+0000] {processor.py:914} INFO - Processing file /home/airflow/.local/lib/python3.12/site-packages/airflow/example_dags/example_subdag_operator.py for tasks to queue
[2024-12-02T14:45:57.880+0000] {logging_mixin.py:190} INFO - [2024-12-02T14:45:57.879+0000] {dagbag.py:588} INFO - Filling up the DagBag from /home/airflow/.local/lib/python3.12/site-packages/airflow/example_dags/example_subdag_operator.py
[2024-12-02T14:45:57.910+0000] {processor.py:925} INFO - DAG(s) 'example_subdag_operator.section-1', 'example_subdag_operator.section-2', 'example_subdag_operator' retrieved from /home/airflow/.local/lib/python3.12/site-packages/airflow/example_dags/example_subdag_operator.py
[2024-12-02T14:45:57.925+0000] {logging_mixin.py:190} INFO - [2024-12-02T14:45:57.925+0000] {dag.py:3239} INFO - Sync 3 DAGs
[2024-12-02T14:45:57.947+0000] {logging_mixin.py:190} INFO - [2024-12-02T14:45:57.947+0000] {dag.py:4180} INFO - Setting next_dagrun for example_subdag_operator to 2022-01-01 00:00:00+00:00, run_after=2022-01-01 00:00:00+00:00
[2024-12-02T14:45:57.951+0000] {logging_mixin.py:190} INFO - [2024-12-02T14:45:57.951+0000] {dag.py:4180} INFO - Setting next_dagrun for example_subdag_operator.section-1 to None, run_after=None
[2024-12-02T14:45:57.953+0000] {logging_mixin.py:190} INFO - [2024-12-02T14:45:57.953+0000] {dag.py:4180} INFO - Setting next_dagrun for example_subdag_operator.section-2 to None, run_after=None
[2024-12-02T14:45:57.961+0000] {logging_mixin.py:190} INFO - [2024-12-02T14:45:57.961+0000] {dag.py:3239} INFO - Sync 2 DAGs
[2024-12-02T14:45:57.967+0000] {logging_mixin.py:190} INFO - [2024-12-02T14:45:57.967+0000] {dag.py:4180} INFO - Setting next_dagrun for example_subdag_operator.section-1 to None, run_after=None
[2024-12-02T14:45:57.968+0000] {logging_mixin.py:190} INFO - [2024-12-02T14:45:57.968+0000] {dag.py:4180} INFO - Setting next_dagrun for example_subdag_operator.section-2 to None, run_after=None
[2024-12-02T14:45:57.979+0000] {processor.py:208} INFO - Processing /home/airflow/.local/lib/python3.12/site-packages/airflow/example_dags/example_subdag_operator.py took 0.109 seconds
[2024-12-02T14:46:35.754+0000] {processor.py:186} INFO - Started process (PID=549) to work on /home/airflow/.local/lib/python3.12/site-packages/airflow/example_dags/example_subdag_operator.py
[2024-12-02T14:46:35.755+0000] {processor.py:914} INFO - Processing file /home/airflow/.local/lib/python3.12/site-packages/airflow/example_dags/example_subdag_operator.py for tasks to queue
[2024-12-02T14:46:35.758+0000] {logging_mixin.py:190} INFO - [2024-12-02T14:46:35.757+0000] {dagbag.py:588} INFO - Filling up the DagBag from /home/airflow/.local/lib/python3.12/site-packages/airflow/example_dags/example_subdag_operator.py
[2024-12-02T14:46:35.792+0000] {processor.py:925} INFO - DAG(s) 'example_subdag_operator.section-1', 'example_subdag_operator.section-2', 'example_subdag_operator' retrieved from /home/airflow/.local/lib/python3.12/site-packages/airflow/example_dags/example_subdag_operator.py
[2024-12-02T14:46:35.807+0000] {logging_mixin.py:190} INFO - [2024-12-02T14:46:35.806+0000] {dag.py:3239} INFO - Sync 3 DAGs
[2024-12-02T14:46:35.833+0000] {logging_mixin.py:190} INFO - [2024-12-02T14:46:35.832+0000] {dag.py:4180} INFO - Setting next_dagrun for example_subdag_operator to 2022-01-01 00:00:00+00:00, run_after=2022-01-01 00:00:00+00:00
[2024-12-02T14:46:35.837+0000] {logging_mixin.py:190} INFO - [2024-12-02T14:46:35.837+0000] {dag.py:4180} INFO - Setting next_dagrun for example_subdag_operator.section-1 to None, run_after=None
[2024-12-02T14:46:35.839+0000] {logging_mixin.py:190} INFO - [2024-12-02T14:46:35.838+0000] {dag.py:4180} INFO - Setting next_dagrun for example_subdag_operator.section-2 to None, run_after=None
[2024-12-02T14:46:35.846+0000] {logging_mixin.py:190} INFO - [2024-12-02T14:46:35.846+0000] {dag.py:3239} INFO - Sync 2 DAGs
[2024-12-02T14:46:35.852+0000] {logging_mixin.py:190} INFO - [2024-12-02T14:46:35.851+0000] {dag.py:4180} INFO - Setting next_dagrun for example_subdag_operator.section-1 to None, run_after=None
[2024-12-02T14:46:35.852+0000] {logging_mixin.py:190} INFO - [2024-12-02T14:46:35.852+0000] {dag.py:4180} INFO - Setting next_dagrun for example_subdag_operator.section-2 to None, run_after=None
[2024-12-02T14:46:35.873+0000] {processor.py:208} INFO - Processing /home/airflow/.local/lib/python3.12/site-packages/airflow/example_dags/example_subdag_operator.py took 0.124 seconds
[2024-12-02T14:47:09.046+0000] {processor.py:186} INFO - Started process (PID=617) to work on /home/airflow/.local/lib/python3.12/site-packages/airflow/example_dags/example_subdag_operator.py
[2024-12-02T14:47:09.047+0000] {processor.py:914} INFO - Processing file /home/airflow/.local/lib/python3.12/site-packages/airflow/example_dags/example_subdag_operator.py for tasks to queue
[2024-12-02T14:47:09.049+0000] {logging_mixin.py:190} INFO - [2024-12-02T14:47:09.049+0000] {dagbag.py:588} INFO - Filling up the DagBag from /home/airflow/.local/lib/python3.12/site-packages/airflow/example_dags/example_subdag_operator.py
[2024-12-02T14:47:09.072+0000] {processor.py:925} INFO - DAG(s) 'example_subdag_operator.section-1', 'example_subdag_operator.section-2', 'example_subdag_operator' retrieved from /home/airflow/.local/lib/python3.12/site-packages/airflow/example_dags/example_subdag_operator.py
[2024-12-02T14:47:09.084+0000] {logging_mixin.py:190} INFO - [2024-12-02T14:47:09.083+0000] {dag.py:3239} INFO - Sync 3 DAGs
[2024-12-02T14:47:09.103+0000] {logging_mixin.py:190} INFO - [2024-12-02T14:47:09.103+0000] {dag.py:4180} INFO - Setting next_dagrun for example_subdag_operator to 2022-01-01 00:00:00+00:00, run_after=2022-01-01 00:00:00+00:00
[2024-12-02T14:47:09.106+0000] {logging_mixin.py:190} INFO - [2024-12-02T14:47:09.106+0000] {dag.py:4180} INFO - Setting next_dagrun for example_subdag_operator.section-1 to None, run_after=None
[2024-12-02T14:47:09.108+0000] {logging_mixin.py:190} INFO - [2024-12-02T14:47:09.108+0000] {dag.py:4180} INFO - Setting next_dagrun for example_subdag_operator.section-2 to None, run_after=None
[2024-12-02T14:47:09.115+0000] {logging_mixin.py:190} INFO - [2024-12-02T14:47:09.114+0000] {dag.py:3239} INFO - Sync 2 DAGs
[2024-12-02T14:47:09.120+0000] {logging_mixin.py:190} INFO - [2024-12-02T14:47:09.120+0000] {dag.py:4180} INFO - Setting next_dagrun for example_subdag_operator.section-1 to None, run_after=None
[2024-12-02T14:47:09.121+0000] {logging_mixin.py:190} INFO - [2024-12-02T14:47:09.120+0000] {dag.py:4180} INFO - Setting next_dagrun for example_subdag_operator.section-2 to None, run_after=None
[2024-12-02T14:47:09.130+0000] {processor.py:208} INFO - Processing /home/airflow/.local/lib/python3.12/site-packages/airflow/example_dags/example_subdag_operator.py took 0.089 seconds
[2024-12-02T14:47:40.310+0000] {processor.py:186} INFO - Started process (PID=681) to work on /home/airflow/.local/lib/python3.12/site-packages/airflow/example_dags/example_subdag_operator.py
[2024-12-02T14:47:40.311+0000] {processor.py:914} INFO - Processing file /home/airflow/.local/lib/python3.12/site-packages/airflow/example_dags/example_subdag_operator.py for tasks to queue
[2024-12-02T14:47:40.313+0000] {logging_mixin.py:190} INFO - [2024-12-02T14:47:40.313+0000] {dagbag.py:588} INFO - Filling up the DagBag from /home/airflow/.local/lib/python3.12/site-packages/airflow/example_dags/example_subdag_operator.py
[2024-12-02T14:47:40.333+0000] {processor.py:925} INFO - DAG(s) 'example_subdag_operator.section-1', 'example_subdag_operator.section-2', 'example_subdag_operator' retrieved from /home/airflow/.local/lib/python3.12/site-packages/airflow/example_dags/example_subdag_operator.py
[2024-12-02T14:47:40.344+0000] {logging_mixin.py:190} INFO - [2024-12-02T14:47:40.343+0000] {dag.py:3239} INFO - Sync 3 DAGs
[2024-12-02T14:47:40.362+0000] {logging_mixin.py:190} INFO - [2024-12-02T14:47:40.361+0000] {dag.py:4180} INFO - Setting next_dagrun for example_subdag_operator to 2022-01-01 00:00:00+00:00, run_after=2022-01-01 00:00:00+00:00
[2024-12-02T14:47:40.365+0000] {logging_mixin.py:190} INFO - [2024-12-02T14:47:40.365+0000] {dag.py:4180} INFO - Setting next_dagrun for example_subdag_operator.section-1 to None, run_after=None
[2024-12-02T14:47:40.366+0000] {logging_mixin.py:190} INFO - [2024-12-02T14:47:40.366+0000] {dag.py:4180} INFO - Setting next_dagrun for example_subdag_operator.section-2 to None, run_after=None
[2024-12-02T14:47:40.372+0000] {logging_mixin.py:190} INFO - [2024-12-02T14:47:40.372+0000] {dag.py:3239} INFO - Sync 2 DAGs
[2024-12-02T14:47:40.377+0000] {logging_mixin.py:190} INFO - [2024-12-02T14:47:40.377+0000] {dag.py:4180} INFO - Setting next_dagrun for example_subdag_operator.section-1 to None, run_after=None
[2024-12-02T14:47:40.378+0000] {logging_mixin.py:190} INFO - [2024-12-02T14:47:40.378+0000] {dag.py:4180} INFO - Setting next_dagrun for example_subdag_operator.section-2 to None, run_after=None
[2024-12-02T14:47:40.386+0000] {processor.py:208} INFO - Processing /home/airflow/.local/lib/python3.12/site-packages/airflow/example_dags/example_subdag_operator.py took 0.080 seconds
[2024-12-02T14:48:11.534+0000] {processor.py:186} INFO - Started process (PID=751) to work on /home/airflow/.local/lib/python3.12/site-packages/airflow/example_dags/example_subdag_operator.py
[2024-12-02T14:48:11.535+0000] {processor.py:914} INFO - Processing file /home/airflow/.local/lib/python3.12/site-packages/airflow/example_dags/example_subdag_operator.py for tasks to queue
[2024-12-02T14:48:11.538+0000] {logging_mixin.py:190} INFO - [2024-12-02T14:48:11.537+0000] {dagbag.py:588} INFO - Filling up the DagBag from /home/airflow/.local/lib/python3.12/site-packages/airflow/example_dags/example_subdag_operator.py
[2024-12-02T14:48:11.561+0000] {processor.py:925} INFO - DAG(s) 'example_subdag_operator.section-1', 'example_subdag_operator.section-2', 'example_subdag_operator' retrieved from /home/airflow/.local/lib/python3.12/site-packages/airflow/example_dags/example_subdag_operator.py
[2024-12-02T14:48:11.574+0000] {logging_mixin.py:190} INFO - [2024-12-02T14:48:11.574+0000] {dag.py:3239} INFO - Sync 3 DAGs
[2024-12-02T14:48:11.595+0000] {logging_mixin.py:190} INFO - [2024-12-02T14:48:11.594+0000] {dag.py:4180} INFO - Setting next_dagrun for example_subdag_operator to 2022-01-01 00:00:00+00:00, run_after=2022-01-01 00:00:00+00:00
[2024-12-02T14:48:11.599+0000] {logging_mixin.py:190} INFO - [2024-12-02T14:48:11.598+0000] {dag.py:4180} INFO - Setting next_dagrun for example_subdag_operator.section-1 to None, run_after=None
[2024-12-02T14:48:11.600+0000] {logging_mixin.py:190} INFO - [2024-12-02T14:48:11.600+0000] {dag.py:4180} INFO - Setting next_dagrun for example_subdag_operator.section-2 to None, run_after=None
[2024-12-02T14:48:11.607+0000] {logging_mixin.py:190} INFO - [2024-12-02T14:48:11.607+0000] {dag.py:3239} INFO - Sync 2 DAGs
[2024-12-02T14:48:11.613+0000] {logging_mixin.py:190} INFO - [2024-12-02T14:48:11.612+0000] {dag.py:4180} INFO - Setting next_dagrun for example_subdag_operator.section-1 to None, run_after=None
[2024-12-02T14:48:11.613+0000] {logging_mixin.py:190} INFO - [2024-12-02T14:48:11.613+0000] {dag.py:4180} INFO - Setting next_dagrun for example_subdag_operator.section-2 to None, run_after=None
[2024-12-02T14:48:11.623+0000] {processor.py:208} INFO - Processing /home/airflow/.local/lib/python3.12/site-packages/airflow/example_dags/example_subdag_operator.py took 0.094 seconds
[2024-12-02T14:48:42.029+0000] {processor.py:186} INFO - Started process (PID=815) to work on /home/airflow/.local/lib/python3.12/site-packages/airflow/example_dags/example_subdag_operator.py
[2024-12-02T14:48:42.030+0000] {processor.py:914} INFO - Processing file /home/airflow/.local/lib/python3.12/site-packages/airflow/example_dags/example_subdag_operator.py for tasks to queue
[2024-12-02T14:48:42.031+0000] {logging_mixin.py:190} INFO - [2024-12-02T14:48:42.031+0000] {dagbag.py:588} INFO - Filling up the DagBag from /home/airflow/.local/lib/python3.12/site-packages/airflow/example_dags/example_subdag_operator.py
[2024-12-02T14:48:42.051+0000] {processor.py:925} INFO - DAG(s) 'example_subdag_operator.section-1', 'example_subdag_operator.section-2', 'example_subdag_operator' retrieved from /home/airflow/.local/lib/python3.12/site-packages/airflow/example_dags/example_subdag_operator.py
[2024-12-02T14:48:42.063+0000] {logging_mixin.py:190} INFO - [2024-12-02T14:48:42.063+0000] {dag.py:3239} INFO - Sync 3 DAGs
[2024-12-02T14:48:42.080+0000] {logging_mixin.py:190} INFO - [2024-12-02T14:48:42.080+0000] {dag.py:4180} INFO - Setting next_dagrun for example_subdag_operator to 2022-01-01 00:00:00+00:00, run_after=2022-01-01 00:00:00+00:00
[2024-12-02T14:48:42.083+0000] {logging_mixin.py:190} INFO - [2024-12-02T14:48:42.083+0000] {dag.py:4180} INFO - Setting next_dagrun for example_subdag_operator.section-1 to None, run_after=None
[2024-12-02T14:48:42.085+0000] {logging_mixin.py:190} INFO - [2024-12-02T14:48:42.084+0000] {dag.py:4180} INFO - Setting next_dagrun for example_subdag_operator.section-2 to None, run_after=None
[2024-12-02T14:48:42.090+0000] {logging_mixin.py:190} INFO - [2024-12-02T14:48:42.090+0000] {dag.py:3239} INFO - Sync 2 DAGs
[2024-12-02T14:48:42.094+0000] {logging_mixin.py:190} INFO - [2024-12-02T14:48:42.094+0000] {dag.py:4180} INFO - Setting next_dagrun for example_subdag_operator.section-1 to None, run_after=None
[2024-12-02T14:48:42.095+0000] {logging_mixin.py:190} INFO - [2024-12-02T14:48:42.094+0000] {dag.py:4180} INFO - Setting next_dagrun for example_subdag_operator.section-2 to None, run_after=None
[2024-12-02T14:48:42.103+0000] {processor.py:208} INFO - Processing /home/airflow/.local/lib/python3.12/site-packages/airflow/example_dags/example_subdag_operator.py took 0.078 seconds
[2024-12-02T14:49:17.690+0000] {processor.py:186} INFO - Started process (PID=879) to work on /home/airflow/.local/lib/python3.12/site-packages/airflow/example_dags/example_subdag_operator.py
[2024-12-02T14:49:17.691+0000] {processor.py:914} INFO - Processing file /home/airflow/.local/lib/python3.12/site-packages/airflow/example_dags/example_subdag_operator.py for tasks to queue
[2024-12-02T14:49:17.700+0000] {logging_mixin.py:190} INFO - [2024-12-02T14:49:17.699+0000] {dagbag.py:588} INFO - Filling up the DagBag from /home/airflow/.local/lib/python3.12/site-packages/airflow/example_dags/example_subdag_operator.py
[2024-12-02T14:49:17.771+0000] {processor.py:925} INFO - DAG(s) 'example_subdag_operator.section-1', 'example_subdag_operator.section-2', 'example_subdag_operator' retrieved from /home/airflow/.local/lib/python3.12/site-packages/airflow/example_dags/example_subdag_operator.py
[2024-12-02T14:49:17.786+0000] {logging_mixin.py:190} INFO - [2024-12-02T14:49:17.786+0000] {dag.py:3239} INFO - Sync 3 DAGs
[2024-12-02T14:49:17.843+0000] {logging_mixin.py:190} INFO - [2024-12-02T14:49:17.843+0000] {dag.py:4180} INFO - Setting next_dagrun for example_subdag_operator to 2022-01-01 00:00:00+00:00, run_after=2022-01-01 00:00:00+00:00
[2024-12-02T14:49:17.847+0000] {logging_mixin.py:190} INFO - [2024-12-02T14:49:17.847+0000] {dag.py:4180} INFO - Setting next_dagrun for example_subdag_operator.section-1 to None, run_after=None
[2024-12-02T14:49:17.848+0000] {logging_mixin.py:190} INFO - [2024-12-02T14:49:17.848+0000] {dag.py:4180} INFO - Setting next_dagrun for example_subdag_operator.section-2 to None, run_after=None
[2024-12-02T14:49:17.856+0000] {logging_mixin.py:190} INFO - [2024-12-02T14:49:17.855+0000] {dag.py:3239} INFO - Sync 2 DAGs
[2024-12-02T14:49:17.863+0000] {logging_mixin.py:190} INFO - [2024-12-02T14:49:17.862+0000] {dag.py:4180} INFO - Setting next_dagrun for example_subdag_operator.section-1 to None, run_after=None
[2024-12-02T14:49:17.863+0000] {logging_mixin.py:190} INFO - [2024-12-02T14:49:17.863+0000] {dag.py:4180} INFO - Setting next_dagrun for example_subdag_operator.section-2 to None, run_after=None
[2024-12-02T14:49:17.876+0000] {processor.py:208} INFO - Processing /home/airflow/.local/lib/python3.12/site-packages/airflow/example_dags/example_subdag_operator.py took 0.237 seconds
[2024-12-02T14:49:49.883+0000] {processor.py:186} INFO - Started process (PID=943) to work on /home/airflow/.local/lib/python3.12/site-packages/airflow/example_dags/example_subdag_operator.py
[2024-12-02T14:49:49.884+0000] {processor.py:914} INFO - Processing file /home/airflow/.local/lib/python3.12/site-packages/airflow/example_dags/example_subdag_operator.py for tasks to queue
[2024-12-02T14:49:49.887+0000] {logging_mixin.py:190} INFO - [2024-12-02T14:49:49.887+0000] {dagbag.py:588} INFO - Filling up the DagBag from /home/airflow/.local/lib/python3.12/site-packages/airflow/example_dags/example_subdag_operator.py
[2024-12-02T14:49:49.910+0000] {processor.py:925} INFO - DAG(s) 'example_subdag_operator.section-1', 'example_subdag_operator.section-2', 'example_subdag_operator' retrieved from /home/airflow/.local/lib/python3.12/site-packages/airflow/example_dags/example_subdag_operator.py
[2024-12-02T14:49:49.923+0000] {logging_mixin.py:190} INFO - [2024-12-02T14:49:49.923+0000] {dag.py:3239} INFO - Sync 3 DAGs
[2024-12-02T14:49:49.942+0000] {logging_mixin.py:190} INFO - [2024-12-02T14:49:49.941+0000] {dag.py:4180} INFO - Setting next_dagrun for example_subdag_operator to 2022-01-01 00:00:00+00:00, run_after=2022-01-01 00:00:00+00:00
[2024-12-02T14:49:49.945+0000] {logging_mixin.py:190} INFO - [2024-12-02T14:49:49.945+0000] {dag.py:4180} INFO - Setting next_dagrun for example_subdag_operator.section-1 to None, run_after=None
[2024-12-02T14:49:49.946+0000] {logging_mixin.py:190} INFO - [2024-12-02T14:49:49.946+0000] {dag.py:4180} INFO - Setting next_dagrun for example_subdag_operator.section-2 to None, run_after=None
[2024-12-02T14:49:49.952+0000] {logging_mixin.py:190} INFO - [2024-12-02T14:49:49.952+0000] {dag.py:3239} INFO - Sync 2 DAGs
[2024-12-02T14:49:49.958+0000] {logging_mixin.py:190} INFO - [2024-12-02T14:49:49.958+0000] {dag.py:4180} INFO - Setting next_dagrun for example_subdag_operator.section-1 to None, run_after=None
[2024-12-02T14:49:49.958+0000] {logging_mixin.py:190} INFO - [2024-12-02T14:49:49.958+0000] {dag.py:4180} INFO - Setting next_dagrun for example_subdag_operator.section-2 to None, run_after=None
[2024-12-02T14:49:49.968+0000] {processor.py:208} INFO - Processing /home/airflow/.local/lib/python3.12/site-packages/airflow/example_dags/example_subdag_operator.py took 0.089 seconds
[2024-12-02T14:50:21.121+0000] {processor.py:186} INFO - Started process (PID=1007) to work on /home/airflow/.local/lib/python3.12/site-packages/airflow/example_dags/example_subdag_operator.py
[2024-12-02T14:50:21.122+0000] {processor.py:914} INFO - Processing file /home/airflow/.local/lib/python3.12/site-packages/airflow/example_dags/example_subdag_operator.py for tasks to queue
[2024-12-02T14:50:21.124+0000] {logging_mixin.py:190} INFO - [2024-12-02T14:50:21.124+0000] {dagbag.py:588} INFO - Filling up the DagBag from /home/airflow/.local/lib/python3.12/site-packages/airflow/example_dags/example_subdag_operator.py
[2024-12-02T14:50:21.144+0000] {processor.py:925} INFO - DAG(s) 'example_subdag_operator.section-1', 'example_subdag_operator.section-2', 'example_subdag_operator' retrieved from /home/airflow/.local/lib/python3.12/site-packages/airflow/example_dags/example_subdag_operator.py
[2024-12-02T14:50:21.155+0000] {logging_mixin.py:190} INFO - [2024-12-02T14:50:21.154+0000] {dag.py:3239} INFO - Sync 3 DAGs
[2024-12-02T14:50:21.172+0000] {logging_mixin.py:190} INFO - [2024-12-02T14:50:21.171+0000] {dag.py:4180} INFO - Setting next_dagrun for example_subdag_operator to 2022-01-01 00:00:00+00:00, run_after=2022-01-01 00:00:00+00:00
[2024-12-02T14:50:21.175+0000] {logging_mixin.py:190} INFO - [2024-12-02T14:50:21.175+0000] {dag.py:4180} INFO - Setting next_dagrun for example_subdag_operator.section-1 to None, run_after=None
[2024-12-02T14:50:21.176+0000] {logging_mixin.py:190} INFO - [2024-12-02T14:50:21.176+0000] {dag.py:4180} INFO - Setting next_dagrun for example_subdag_operator.section-2 to None, run_after=None
[2024-12-02T14:50:21.181+0000] {logging_mixin.py:190} INFO - [2024-12-02T14:50:21.181+0000] {dag.py:3239} INFO - Sync 2 DAGs
[2024-12-02T14:50:21.185+0000] {logging_mixin.py:190} INFO - [2024-12-02T14:50:21.185+0000] {dag.py:4180} INFO - Setting next_dagrun for example_subdag_operator.section-1 to None, run_after=None
[2024-12-02T14:50:21.186+0000] {logging_mixin.py:190} INFO - [2024-12-02T14:50:21.186+0000] {dag.py:4180} INFO - Setting next_dagrun for example_subdag_operator.section-2 to None, run_after=None
[2024-12-02T14:50:21.193+0000] {processor.py:208} INFO - Processing /home/airflow/.local/lib/python3.12/site-packages/airflow/example_dags/example_subdag_operator.py took 0.076 seconds
[2024-12-02T14:50:51.993+0000] {processor.py:186} INFO - Started process (PID=1071) to work on /home/airflow/.local/lib/python3.12/site-packages/airflow/example_dags/example_subdag_operator.py
[2024-12-02T14:50:51.994+0000] {processor.py:914} INFO - Processing file /home/airflow/.local/lib/python3.12/site-packages/airflow/example_dags/example_subdag_operator.py for tasks to queue
[2024-12-02T14:50:51.996+0000] {logging_mixin.py:190} INFO - [2024-12-02T14:50:51.996+0000] {dagbag.py:588} INFO - Filling up the DagBag from /home/airflow/.local/lib/python3.12/site-packages/airflow/example_dags/example_subdag_operator.py
[2024-12-02T14:50:52.016+0000] {processor.py:925} INFO - DAG(s) 'example_subdag_operator.section-1', 'example_subdag_operator.section-2', 'example_subdag_operator' retrieved from /home/airflow/.local/lib/python3.12/site-packages/airflow/example_dags/example_subdag_operator.py
[2024-12-02T14:50:52.027+0000] {logging_mixin.py:190} INFO - [2024-12-02T14:50:52.027+0000] {dag.py:3239} INFO - Sync 3 DAGs
[2024-12-02T14:50:52.044+0000] {logging_mixin.py:190} INFO - [2024-12-02T14:50:52.044+0000] {dag.py:4180} INFO - Setting next_dagrun for example_subdag_operator to 2022-01-01 00:00:00+00:00, run_after=2022-01-01 00:00:00+00:00
[2024-12-02T14:50:52.047+0000] {logging_mixin.py:190} INFO - [2024-12-02T14:50:52.047+0000] {dag.py:4180} INFO - Setting next_dagrun for example_subdag_operator.section-1 to None, run_after=None
[2024-12-02T14:50:52.048+0000] {logging_mixin.py:190} INFO - [2024-12-02T14:50:52.048+0000] {dag.py:4180} INFO - Setting next_dagrun for example_subdag_operator.section-2 to None, run_after=None
[2024-12-02T14:50:52.054+0000] {logging_mixin.py:190} INFO - [2024-12-02T14:50:52.054+0000] {dag.py:3239} INFO - Sync 2 DAGs
[2024-12-02T14:50:52.059+0000] {logging_mixin.py:190} INFO - [2024-12-02T14:50:52.059+0000] {dag.py:4180} INFO - Setting next_dagrun for example_subdag_operator.section-1 to None, run_after=None
[2024-12-02T14:50:52.059+0000] {logging_mixin.py:190} INFO - [2024-12-02T14:50:52.059+0000] {dag.py:4180} INFO - Setting next_dagrun for example_subdag_operator.section-2 to None, run_after=None
[2024-12-02T14:50:52.069+0000] {processor.py:208} INFO - Processing /home/airflow/.local/lib/python3.12/site-packages/airflow/example_dags/example_subdag_operator.py took 0.080 seconds
