[2024-12-02T14:42:27.791+0000] {processor.py:186} INFO - Started process (PID=99) to work on /home/airflow/.local/lib/python3.12/site-packages/airflow/example_dags/example_external_task_marker_dag.py
[2024-12-02T14:42:27.793+0000] {processor.py:914} INFO - Processing file /home/airflow/.local/lib/python3.12/site-packages/airflow/example_dags/example_external_task_marker_dag.py for tasks to queue
[2024-12-02T14:42:27.803+0000] {logging_mixin.py:190} INFO - [2024-12-02T14:42:27.799+0000] {dagbag.py:588} INFO - Filling up the DagBag from /home/airflow/.local/lib/python3.12/site-packages/airflow/example_dags/example_external_task_marker_dag.py
[2024-12-02T14:42:27.864+0000] {processor.py:925} INFO - DAG(s) 'example_external_task_marker_child', 'example_external_task_marker_parent' retrieved from /home/airflow/.local/lib/python3.12/site-packages/airflow/example_dags/example_external_task_marker_dag.py
[2024-12-02T14:42:27.984+0000] {logging_mixin.py:190} INFO - [2024-12-02T14:42:27.984+0000] {dag.py:3239} INFO - Sync 2 DAGs
[2024-12-02T14:42:28.057+0000] {logging_mixin.py:190} INFO - [2024-12-02T14:42:28.056+0000] {dag.py:4180} INFO - Setting next_dagrun for example_external_task_marker_child to None, run_after=None
[2024-12-02T14:42:28.073+0000] {logging_mixin.py:190} INFO - [2024-12-02T14:42:28.072+0000] {dag.py:4180} INFO - Setting next_dagrun for example_external_task_marker_parent to None, run_after=None
[2024-12-02T14:42:28.165+0000] {processor.py:208} INFO - Processing /home/airflow/.local/lib/python3.12/site-packages/airflow/example_dags/example_external_task_marker_dag.py took 0.382 seconds
[2024-12-02T14:43:19.151+0000] {processor.py:186} INFO - Started process (PID=173) to work on /home/airflow/.local/lib/python3.12/site-packages/airflow/example_dags/example_external_task_marker_dag.py
[2024-12-02T14:43:19.153+0000] {processor.py:914} INFO - Processing file /home/airflow/.local/lib/python3.12/site-packages/airflow/example_dags/example_external_task_marker_dag.py for tasks to queue
[2024-12-02T14:43:19.155+0000] {logging_mixin.py:190} INFO - [2024-12-02T14:43:19.155+0000] {dagbag.py:588} INFO - Filling up the DagBag from /home/airflow/.local/lib/python3.12/site-packages/airflow/example_dags/example_external_task_marker_dag.py
[2024-12-02T14:43:19.164+0000] {processor.py:925} INFO - DAG(s) 'example_external_task_marker_parent', 'example_external_task_marker_child' retrieved from /home/airflow/.local/lib/python3.12/site-packages/airflow/example_dags/example_external_task_marker_dag.py
[2024-12-02T14:43:19.192+0000] {logging_mixin.py:190} INFO - [2024-12-02T14:43:19.191+0000] {dag.py:3239} INFO - Sync 2 DAGs
[2024-12-02T14:43:19.208+0000] {logging_mixin.py:190} INFO - [2024-12-02T14:43:19.208+0000] {dag.py:4180} INFO - Setting next_dagrun for example_external_task_marker_child to None, run_after=None
[2024-12-02T14:43:19.212+0000] {logging_mixin.py:190} INFO - [2024-12-02T14:43:19.212+0000] {dag.py:4180} INFO - Setting next_dagrun for example_external_task_marker_parent to None, run_after=None
[2024-12-02T14:43:19.232+0000] {processor.py:208} INFO - Processing /home/airflow/.local/lib/python3.12/site-packages/airflow/example_dags/example_external_task_marker_dag.py took 0.086 seconds
[2024-12-02T14:43:50.341+0000] {processor.py:186} INFO - Started process (PID=237) to work on /home/airflow/.local/lib/python3.12/site-packages/airflow/example_dags/example_external_task_marker_dag.py
[2024-12-02T14:43:50.343+0000] {processor.py:914} INFO - Processing file /home/airflow/.local/lib/python3.12/site-packages/airflow/example_dags/example_external_task_marker_dag.py for tasks to queue
[2024-12-02T14:43:50.344+0000] {logging_mixin.py:190} INFO - [2024-12-02T14:43:50.344+0000] {dagbag.py:588} INFO - Filling up the DagBag from /home/airflow/.local/lib/python3.12/site-packages/airflow/example_dags/example_external_task_marker_dag.py
[2024-12-02T14:43:50.350+0000] {processor.py:925} INFO - DAG(s) 'example_external_task_marker_child', 'example_external_task_marker_parent' retrieved from /home/airflow/.local/lib/python3.12/site-packages/airflow/example_dags/example_external_task_marker_dag.py
[2024-12-02T14:43:50.369+0000] {logging_mixin.py:190} INFO - [2024-12-02T14:43:50.368+0000] {dag.py:3239} INFO - Sync 2 DAGs
[2024-12-02T14:43:50.380+0000] {logging_mixin.py:190} INFO - [2024-12-02T14:43:50.380+0000] {dag.py:4180} INFO - Setting next_dagrun for example_external_task_marker_child to None, run_after=None
[2024-12-02T14:43:50.383+0000] {logging_mixin.py:190} INFO - [2024-12-02T14:43:50.383+0000] {dag.py:4180} INFO - Setting next_dagrun for example_external_task_marker_parent to None, run_after=None
[2024-12-02T14:43:50.397+0000] {processor.py:208} INFO - Processing /home/airflow/.local/lib/python3.12/site-packages/airflow/example_dags/example_external_task_marker_dag.py took 0.060 seconds
[2024-12-02T14:44:23.258+0000] {processor.py:186} INFO - Started process (PID=301) to work on /home/airflow/.local/lib/python3.12/site-packages/airflow/example_dags/example_external_task_marker_dag.py
[2024-12-02T14:44:23.259+0000] {processor.py:914} INFO - Processing file /home/airflow/.local/lib/python3.12/site-packages/airflow/example_dags/example_external_task_marker_dag.py for tasks to queue
[2024-12-02T14:44:23.261+0000] {logging_mixin.py:190} INFO - [2024-12-02T14:44:23.260+0000] {dagbag.py:588} INFO - Filling up the DagBag from /home/airflow/.local/lib/python3.12/site-packages/airflow/example_dags/example_external_task_marker_dag.py
[2024-12-02T14:44:23.267+0000] {processor.py:925} INFO - DAG(s) 'example_external_task_marker_child', 'example_external_task_marker_parent' retrieved from /home/airflow/.local/lib/python3.12/site-packages/airflow/example_dags/example_external_task_marker_dag.py
[2024-12-02T14:44:23.286+0000] {logging_mixin.py:190} INFO - [2024-12-02T14:44:23.286+0000] {dag.py:3239} INFO - Sync 2 DAGs
[2024-12-02T14:44:23.297+0000] {logging_mixin.py:190} INFO - [2024-12-02T14:44:23.297+0000] {dag.py:4180} INFO - Setting next_dagrun for example_external_task_marker_child to None, run_after=None
[2024-12-02T14:44:23.301+0000] {logging_mixin.py:190} INFO - [2024-12-02T14:44:23.300+0000] {dag.py:4180} INFO - Setting next_dagrun for example_external_task_marker_parent to None, run_after=None
[2024-12-02T14:44:23.314+0000] {processor.py:208} INFO - Processing /home/airflow/.local/lib/python3.12/site-packages/airflow/example_dags/example_external_task_marker_dag.py took 0.061 seconds
[2024-12-02T14:44:54.582+0000] {processor.py:186} INFO - Started process (PID=365) to work on /home/airflow/.local/lib/python3.12/site-packages/airflow/example_dags/example_external_task_marker_dag.py
[2024-12-02T14:44:54.583+0000] {processor.py:914} INFO - Processing file /home/airflow/.local/lib/python3.12/site-packages/airflow/example_dags/example_external_task_marker_dag.py for tasks to queue
[2024-12-02T14:44:54.585+0000] {logging_mixin.py:190} INFO - [2024-12-02T14:44:54.585+0000] {dagbag.py:588} INFO - Filling up the DagBag from /home/airflow/.local/lib/python3.12/site-packages/airflow/example_dags/example_external_task_marker_dag.py
[2024-12-02T14:44:54.591+0000] {processor.py:925} INFO - DAG(s) 'example_external_task_marker_child', 'example_external_task_marker_parent' retrieved from /home/airflow/.local/lib/python3.12/site-packages/airflow/example_dags/example_external_task_marker_dag.py
[2024-12-02T14:44:54.610+0000] {logging_mixin.py:190} INFO - [2024-12-02T14:44:54.610+0000] {dag.py:3239} INFO - Sync 2 DAGs
[2024-12-02T14:44:54.622+0000] {logging_mixin.py:190} INFO - [2024-12-02T14:44:54.622+0000] {dag.py:4180} INFO - Setting next_dagrun for example_external_task_marker_child to None, run_after=None
[2024-12-02T14:44:54.625+0000] {logging_mixin.py:190} INFO - [2024-12-02T14:44:54.625+0000] {dag.py:4180} INFO - Setting next_dagrun for example_external_task_marker_parent to None, run_after=None
[2024-12-02T14:44:54.638+0000] {processor.py:208} INFO - Processing /home/airflow/.local/lib/python3.12/site-packages/airflow/example_dags/example_external_task_marker_dag.py took 0.059 seconds
[2024-12-02T14:45:25.825+0000] {processor.py:186} INFO - Started process (PID=429) to work on /home/airflow/.local/lib/python3.12/site-packages/airflow/example_dags/example_external_task_marker_dag.py
[2024-12-02T14:45:25.826+0000] {processor.py:914} INFO - Processing file /home/airflow/.local/lib/python3.12/site-packages/airflow/example_dags/example_external_task_marker_dag.py for tasks to queue
[2024-12-02T14:45:25.828+0000] {logging_mixin.py:190} INFO - [2024-12-02T14:45:25.827+0000] {dagbag.py:588} INFO - Filling up the DagBag from /home/airflow/.local/lib/python3.12/site-packages/airflow/example_dags/example_external_task_marker_dag.py
[2024-12-02T14:45:25.833+0000] {processor.py:925} INFO - DAG(s) 'example_external_task_marker_parent', 'example_external_task_marker_child' retrieved from /home/airflow/.local/lib/python3.12/site-packages/airflow/example_dags/example_external_task_marker_dag.py
[2024-12-02T14:45:25.852+0000] {logging_mixin.py:190} INFO - [2024-12-02T14:45:25.852+0000] {dag.py:3239} INFO - Sync 2 DAGs
[2024-12-02T14:45:25.863+0000] {logging_mixin.py:190} INFO - [2024-12-02T14:45:25.863+0000] {dag.py:4180} INFO - Setting next_dagrun for example_external_task_marker_child to None, run_after=None
[2024-12-02T14:45:25.866+0000] {logging_mixin.py:190} INFO - [2024-12-02T14:45:25.866+0000] {dag.py:4180} INFO - Setting next_dagrun for example_external_task_marker_parent to None, run_after=None
[2024-12-02T14:45:25.878+0000] {processor.py:208} INFO - Processing /home/airflow/.local/lib/python3.12/site-packages/airflow/example_dags/example_external_task_marker_dag.py took 0.058 seconds
[2024-12-02T14:45:58.523+0000] {processor.py:186} INFO - Started process (PID=496) to work on /home/airflow/.local/lib/python3.12/site-packages/airflow/example_dags/example_external_task_marker_dag.py
[2024-12-02T14:45:58.525+0000] {processor.py:914} INFO - Processing file /home/airflow/.local/lib/python3.12/site-packages/airflow/example_dags/example_external_task_marker_dag.py for tasks to queue
[2024-12-02T14:45:58.527+0000] {logging_mixin.py:190} INFO - [2024-12-02T14:45:58.526+0000] {dagbag.py:588} INFO - Filling up the DagBag from /home/airflow/.local/lib/python3.12/site-packages/airflow/example_dags/example_external_task_marker_dag.py
[2024-12-02T14:45:58.534+0000] {processor.py:925} INFO - DAG(s) 'example_external_task_marker_child', 'example_external_task_marker_parent' retrieved from /home/airflow/.local/lib/python3.12/site-packages/airflow/example_dags/example_external_task_marker_dag.py
[2024-12-02T14:45:58.555+0000] {logging_mixin.py:190} INFO - [2024-12-02T14:45:58.554+0000] {dag.py:3239} INFO - Sync 2 DAGs
[2024-12-02T14:45:58.568+0000] {logging_mixin.py:190} INFO - [2024-12-02T14:45:58.568+0000] {dag.py:4180} INFO - Setting next_dagrun for example_external_task_marker_child to None, run_after=None
[2024-12-02T14:45:58.572+0000] {logging_mixin.py:190} INFO - [2024-12-02T14:45:58.572+0000] {dag.py:4180} INFO - Setting next_dagrun for example_external_task_marker_parent to None, run_after=None
[2024-12-02T14:45:58.588+0000] {processor.py:208} INFO - Processing /home/airflow/.local/lib/python3.12/site-packages/airflow/example_dags/example_external_task_marker_dag.py took 0.069 seconds
[2024-12-02T14:46:36.736+0000] {processor.py:186} INFO - Started process (PID=561) to work on /home/airflow/.local/lib/python3.12/site-packages/airflow/example_dags/example_external_task_marker_dag.py
[2024-12-02T14:46:36.737+0000] {processor.py:914} INFO - Processing file /home/airflow/.local/lib/python3.12/site-packages/airflow/example_dags/example_external_task_marker_dag.py for tasks to queue
[2024-12-02T14:46:36.741+0000] {logging_mixin.py:190} INFO - [2024-12-02T14:46:36.740+0000] {dagbag.py:588} INFO - Filling up the DagBag from /home/airflow/.local/lib/python3.12/site-packages/airflow/example_dags/example_external_task_marker_dag.py
[2024-12-02T14:46:36.750+0000] {processor.py:925} INFO - DAG(s) 'example_external_task_marker_parent', 'example_external_task_marker_child' retrieved from /home/airflow/.local/lib/python3.12/site-packages/airflow/example_dags/example_external_task_marker_dag.py
[2024-12-02T14:46:36.782+0000] {logging_mixin.py:190} INFO - [2024-12-02T14:46:36.781+0000] {dag.py:3239} INFO - Sync 2 DAGs
[2024-12-02T14:46:36.800+0000] {logging_mixin.py:190} INFO - [2024-12-02T14:46:36.800+0000] {dag.py:4180} INFO - Setting next_dagrun for example_external_task_marker_child to None, run_after=None
[2024-12-02T14:46:36.805+0000] {logging_mixin.py:190} INFO - [2024-12-02T14:46:36.804+0000] {dag.py:4180} INFO - Setting next_dagrun for example_external_task_marker_parent to None, run_after=None
[2024-12-02T14:46:36.824+0000] {processor.py:208} INFO - Processing /home/airflow/.local/lib/python3.12/site-packages/airflow/example_dags/example_external_task_marker_dag.py took 0.094 seconds
[2024-12-02T14:47:09.582+0000] {processor.py:186} INFO - Started process (PID=625) to work on /home/airflow/.local/lib/python3.12/site-packages/airflow/example_dags/example_external_task_marker_dag.py
[2024-12-02T14:47:09.583+0000] {processor.py:914} INFO - Processing file /home/airflow/.local/lib/python3.12/site-packages/airflow/example_dags/example_external_task_marker_dag.py for tasks to queue
[2024-12-02T14:47:09.585+0000] {logging_mixin.py:190} INFO - [2024-12-02T14:47:09.585+0000] {dagbag.py:588} INFO - Filling up the DagBag from /home/airflow/.local/lib/python3.12/site-packages/airflow/example_dags/example_external_task_marker_dag.py
[2024-12-02T14:47:09.592+0000] {processor.py:925} INFO - DAG(s) 'example_external_task_marker_parent', 'example_external_task_marker_child' retrieved from /home/airflow/.local/lib/python3.12/site-packages/airflow/example_dags/example_external_task_marker_dag.py
[2024-12-02T14:47:09.614+0000] {logging_mixin.py:190} INFO - [2024-12-02T14:47:09.613+0000] {dag.py:3239} INFO - Sync 2 DAGs
[2024-12-02T14:47:09.625+0000] {logging_mixin.py:190} INFO - [2024-12-02T14:47:09.625+0000] {dag.py:4180} INFO - Setting next_dagrun for example_external_task_marker_child to None, run_after=None
[2024-12-02T14:47:09.629+0000] {logging_mixin.py:190} INFO - [2024-12-02T14:47:09.628+0000] {dag.py:4180} INFO - Setting next_dagrun for example_external_task_marker_parent to None, run_after=None
[2024-12-02T14:47:09.643+0000] {processor.py:208} INFO - Processing /home/airflow/.local/lib/python3.12/site-packages/airflow/example_dags/example_external_task_marker_dag.py took 0.065 seconds
[2024-12-02T14:47:40.879+0000] {processor.py:186} INFO - Started process (PID=689) to work on /home/airflow/.local/lib/python3.12/site-packages/airflow/example_dags/example_external_task_marker_dag.py
[2024-12-02T14:47:40.880+0000] {processor.py:914} INFO - Processing file /home/airflow/.local/lib/python3.12/site-packages/airflow/example_dags/example_external_task_marker_dag.py for tasks to queue
[2024-12-02T14:47:40.882+0000] {logging_mixin.py:190} INFO - [2024-12-02T14:47:40.882+0000] {dagbag.py:588} INFO - Filling up the DagBag from /home/airflow/.local/lib/python3.12/site-packages/airflow/example_dags/example_external_task_marker_dag.py
[2024-12-02T14:47:40.890+0000] {processor.py:925} INFO - DAG(s) 'example_external_task_marker_parent', 'example_external_task_marker_child' retrieved from /home/airflow/.local/lib/python3.12/site-packages/airflow/example_dags/example_external_task_marker_dag.py
[2024-12-02T14:47:40.910+0000] {logging_mixin.py:190} INFO - [2024-12-02T14:47:40.910+0000] {dag.py:3239} INFO - Sync 2 DAGs
[2024-12-02T14:47:40.920+0000] {logging_mixin.py:190} INFO - [2024-12-02T14:47:40.920+0000] {dag.py:4180} INFO - Setting next_dagrun for example_external_task_marker_child to None, run_after=None
[2024-12-02T14:47:40.924+0000] {logging_mixin.py:190} INFO - [2024-12-02T14:47:40.923+0000] {dag.py:4180} INFO - Setting next_dagrun for example_external_task_marker_parent to None, run_after=None
[2024-12-02T14:47:40.936+0000] {processor.py:208} INFO - Processing /home/airflow/.local/lib/python3.12/site-packages/airflow/example_dags/example_external_task_marker_dag.py took 0.062 seconds
[2024-12-02T14:48:12.171+0000] {processor.py:186} INFO - Started process (PID=759) to work on /home/airflow/.local/lib/python3.12/site-packages/airflow/example_dags/example_external_task_marker_dag.py
[2024-12-02T14:48:12.172+0000] {processor.py:914} INFO - Processing file /home/airflow/.local/lib/python3.12/site-packages/airflow/example_dags/example_external_task_marker_dag.py for tasks to queue
[2024-12-02T14:48:12.174+0000] {logging_mixin.py:190} INFO - [2024-12-02T14:48:12.173+0000] {dagbag.py:588} INFO - Filling up the DagBag from /home/airflow/.local/lib/python3.12/site-packages/airflow/example_dags/example_external_task_marker_dag.py
[2024-12-02T14:48:12.179+0000] {processor.py:925} INFO - DAG(s) 'example_external_task_marker_child', 'example_external_task_marker_parent' retrieved from /home/airflow/.local/lib/python3.12/site-packages/airflow/example_dags/example_external_task_marker_dag.py
[2024-12-02T14:48:12.197+0000] {logging_mixin.py:190} INFO - [2024-12-02T14:48:12.197+0000] {dag.py:3239} INFO - Sync 2 DAGs
[2024-12-02T14:48:12.207+0000] {logging_mixin.py:190} INFO - [2024-12-02T14:48:12.207+0000] {dag.py:4180} INFO - Setting next_dagrun for example_external_task_marker_child to None, run_after=None
[2024-12-02T14:48:12.211+0000] {logging_mixin.py:190} INFO - [2024-12-02T14:48:12.211+0000] {dag.py:4180} INFO - Setting next_dagrun for example_external_task_marker_parent to None, run_after=None
[2024-12-02T14:48:12.224+0000] {processor.py:208} INFO - Processing /home/airflow/.local/lib/python3.12/site-packages/airflow/example_dags/example_external_task_marker_dag.py took 0.057 seconds
[2024-12-02T14:48:42.665+0000] {processor.py:186} INFO - Started process (PID=823) to work on /home/airflow/.local/lib/python3.12/site-packages/airflow/example_dags/example_external_task_marker_dag.py
[2024-12-02T14:48:42.666+0000] {processor.py:914} INFO - Processing file /home/airflow/.local/lib/python3.12/site-packages/airflow/example_dags/example_external_task_marker_dag.py for tasks to queue
[2024-12-02T14:48:42.668+0000] {logging_mixin.py:190} INFO - [2024-12-02T14:48:42.667+0000] {dagbag.py:588} INFO - Filling up the DagBag from /home/airflow/.local/lib/python3.12/site-packages/airflow/example_dags/example_external_task_marker_dag.py
[2024-12-02T14:48:42.673+0000] {processor.py:925} INFO - DAG(s) 'example_external_task_marker_child', 'example_external_task_marker_parent' retrieved from /home/airflow/.local/lib/python3.12/site-packages/airflow/example_dags/example_external_task_marker_dag.py
[2024-12-02T14:48:42.690+0000] {logging_mixin.py:190} INFO - [2024-12-02T14:48:42.690+0000] {dag.py:3239} INFO - Sync 2 DAGs
[2024-12-02T14:48:42.701+0000] {logging_mixin.py:190} INFO - [2024-12-02T14:48:42.701+0000] {dag.py:4180} INFO - Setting next_dagrun for example_external_task_marker_child to None, run_after=None
[2024-12-02T14:48:42.704+0000] {logging_mixin.py:190} INFO - [2024-12-02T14:48:42.704+0000] {dag.py:4180} INFO - Setting next_dagrun for example_external_task_marker_parent to None, run_after=None
[2024-12-02T14:48:42.716+0000] {processor.py:208} INFO - Processing /home/airflow/.local/lib/python3.12/site-packages/airflow/example_dags/example_external_task_marker_dag.py took 0.055 seconds
[2024-12-02T14:49:18.263+0000] {processor.py:186} INFO - Started process (PID=887) to work on /home/airflow/.local/lib/python3.12/site-packages/airflow/example_dags/example_external_task_marker_dag.py
[2024-12-02T14:49:18.264+0000] {processor.py:914} INFO - Processing file /home/airflow/.local/lib/python3.12/site-packages/airflow/example_dags/example_external_task_marker_dag.py for tasks to queue
[2024-12-02T14:49:18.266+0000] {logging_mixin.py:190} INFO - [2024-12-02T14:49:18.266+0000] {dagbag.py:588} INFO - Filling up the DagBag from /home/airflow/.local/lib/python3.12/site-packages/airflow/example_dags/example_external_task_marker_dag.py
[2024-12-02T14:49:18.274+0000] {processor.py:925} INFO - DAG(s) 'example_external_task_marker_child', 'example_external_task_marker_parent' retrieved from /home/airflow/.local/lib/python3.12/site-packages/airflow/example_dags/example_external_task_marker_dag.py
[2024-12-02T14:49:18.300+0000] {logging_mixin.py:190} INFO - [2024-12-02T14:49:18.300+0000] {dag.py:3239} INFO - Sync 2 DAGs
[2024-12-02T14:49:18.314+0000] {logging_mixin.py:190} INFO - [2024-12-02T14:49:18.313+0000] {dag.py:4180} INFO - Setting next_dagrun for example_external_task_marker_child to None, run_after=None
[2024-12-02T14:49:18.318+0000] {logging_mixin.py:190} INFO - [2024-12-02T14:49:18.317+0000] {dag.py:4180} INFO - Setting next_dagrun for example_external_task_marker_parent to None, run_after=None
[2024-12-02T14:49:18.336+0000] {processor.py:208} INFO - Processing /home/airflow/.local/lib/python3.12/site-packages/airflow/example_dags/example_external_task_marker_dag.py took 0.078 seconds
[2024-12-02T14:49:50.340+0000] {processor.py:186} INFO - Started process (PID=951) to work on /home/airflow/.local/lib/python3.12/site-packages/airflow/example_dags/example_external_task_marker_dag.py
[2024-12-02T14:49:50.341+0000] {processor.py:914} INFO - Processing file /home/airflow/.local/lib/python3.12/site-packages/airflow/example_dags/example_external_task_marker_dag.py for tasks to queue
[2024-12-02T14:49:50.343+0000] {logging_mixin.py:190} INFO - [2024-12-02T14:49:50.343+0000] {dagbag.py:588} INFO - Filling up the DagBag from /home/airflow/.local/lib/python3.12/site-packages/airflow/example_dags/example_external_task_marker_dag.py
[2024-12-02T14:49:50.349+0000] {processor.py:925} INFO - DAG(s) 'example_external_task_marker_parent', 'example_external_task_marker_child' retrieved from /home/airflow/.local/lib/python3.12/site-packages/airflow/example_dags/example_external_task_marker_dag.py
[2024-12-02T14:49:50.369+0000] {logging_mixin.py:190} INFO - [2024-12-02T14:49:50.369+0000] {dag.py:3239} INFO - Sync 2 DAGs
[2024-12-02T14:49:50.382+0000] {logging_mixin.py:190} INFO - [2024-12-02T14:49:50.382+0000] {dag.py:4180} INFO - Setting next_dagrun for example_external_task_marker_child to None, run_after=None
[2024-12-02T14:49:50.385+0000] {logging_mixin.py:190} INFO - [2024-12-02T14:49:50.385+0000] {dag.py:4180} INFO - Setting next_dagrun for example_external_task_marker_parent to None, run_after=None
[2024-12-02T14:49:50.398+0000] {processor.py:208} INFO - Processing /home/airflow/.local/lib/python3.12/site-packages/airflow/example_dags/example_external_task_marker_dag.py took 0.063 seconds
[2024-12-02T14:50:21.491+0000] {processor.py:186} INFO - Started process (PID=1015) to work on /home/airflow/.local/lib/python3.12/site-packages/airflow/example_dags/example_external_task_marker_dag.py
[2024-12-02T14:50:21.492+0000] {processor.py:914} INFO - Processing file /home/airflow/.local/lib/python3.12/site-packages/airflow/example_dags/example_external_task_marker_dag.py for tasks to queue
[2024-12-02T14:50:21.494+0000] {logging_mixin.py:190} INFO - [2024-12-02T14:50:21.494+0000] {dagbag.py:588} INFO - Filling up the DagBag from /home/airflow/.local/lib/python3.12/site-packages/airflow/example_dags/example_external_task_marker_dag.py
[2024-12-02T14:50:21.500+0000] {processor.py:925} INFO - DAG(s) 'example_external_task_marker_parent', 'example_external_task_marker_child' retrieved from /home/airflow/.local/lib/python3.12/site-packages/airflow/example_dags/example_external_task_marker_dag.py
[2024-12-02T14:50:21.518+0000] {logging_mixin.py:190} INFO - [2024-12-02T14:50:21.518+0000] {dag.py:3239} INFO - Sync 2 DAGs
[2024-12-02T14:50:21.529+0000] {logging_mixin.py:190} INFO - [2024-12-02T14:50:21.529+0000] {dag.py:4180} INFO - Setting next_dagrun for example_external_task_marker_child to None, run_after=None
[2024-12-02T14:50:21.532+0000] {logging_mixin.py:190} INFO - [2024-12-02T14:50:21.532+0000] {dag.py:4180} INFO - Setting next_dagrun for example_external_task_marker_parent to None, run_after=None
[2024-12-02T14:50:21.545+0000] {processor.py:208} INFO - Processing /home/airflow/.local/lib/python3.12/site-packages/airflow/example_dags/example_external_task_marker_dag.py took 0.058 seconds
[2024-12-02T14:50:52.467+0000] {processor.py:186} INFO - Started process (PID=1079) to work on /home/airflow/.local/lib/python3.12/site-packages/airflow/example_dags/example_external_task_marker_dag.py
[2024-12-02T14:50:52.467+0000] {processor.py:914} INFO - Processing file /home/airflow/.local/lib/python3.12/site-packages/airflow/example_dags/example_external_task_marker_dag.py for tasks to queue
[2024-12-02T14:50:52.469+0000] {logging_mixin.py:190} INFO - [2024-12-02T14:50:52.469+0000] {dagbag.py:588} INFO - Filling up the DagBag from /home/airflow/.local/lib/python3.12/site-packages/airflow/example_dags/example_external_task_marker_dag.py
[2024-12-02T14:50:52.475+0000] {processor.py:925} INFO - DAG(s) 'example_external_task_marker_child', 'example_external_task_marker_parent' retrieved from /home/airflow/.local/lib/python3.12/site-packages/airflow/example_dags/example_external_task_marker_dag.py
[2024-12-02T14:50:52.492+0000] {logging_mixin.py:190} INFO - [2024-12-02T14:50:52.491+0000] {dag.py:3239} INFO - Sync 2 DAGs
[2024-12-02T14:50:52.502+0000] {logging_mixin.py:190} INFO - [2024-12-02T14:50:52.502+0000] {dag.py:4180} INFO - Setting next_dagrun for example_external_task_marker_child to None, run_after=None
[2024-12-02T14:50:52.505+0000] {logging_mixin.py:190} INFO - [2024-12-02T14:50:52.505+0000] {dag.py:4180} INFO - Setting next_dagrun for example_external_task_marker_parent to None, run_after=None
[2024-12-02T14:50:52.517+0000] {processor.py:208} INFO - Processing /home/airflow/.local/lib/python3.12/site-packages/airflow/example_dags/example_external_task_marker_dag.py took 0.054 seconds
