[2024-12-02T14:42:30.897+0000] {processor.py:186} INFO - Started process (PID=112) to work on /home/airflow/.local/lib/python3.12/site-packages/airflow/example_dags/example_datasets.py
[2024-12-02T14:42:30.899+0000] {processor.py:914} INFO - Processing file /home/airflow/.local/lib/python3.12/site-packages/airflow/example_dags/example_datasets.py for tasks to queue
[2024-12-02T14:42:30.910+0000] {logging_mixin.py:190} INFO - [2024-12-02T14:42:30.910+0000] {dagbag.py:588} INFO - Filling up the DagBag from /home/airflow/.local/lib/python3.12/site-packages/airflow/example_dags/example_datasets.py
[2024-12-02T14:42:35.259+0000] {processor.py:925} INFO - DAG(s) 'consume_1_or_both_2_and_3_with_dataset_expressions', 'consume_1_or_2_with_dataset_expressions', 'consume_1_and_2_with_dataset_expressions', 'dataset_consumes_1_and_2', 'dataset_produces_1', 'conditional_dataset_and_time_based_timetable', 'dataset_consumes_1_never_scheduled', 'dataset_consumes_1', 'dataset_consumes_unknown_never_scheduled', 'dataset_produces_2' retrieved from /home/airflow/.local/lib/python3.12/site-packages/airflow/example_dags/example_datasets.py
[2024-12-02T14:42:35.335+0000] {logging_mixin.py:190} INFO - [2024-12-02T14:42:35.335+0000] {dag.py:3239} INFO - Sync 10 DAGs
[2024-12-02T14:42:35.375+0000] {logging_mixin.py:190} INFO - [2024-12-02T14:42:35.375+0000] {dag.py:4180} INFO - Setting next_dagrun for conditional_dataset_and_time_based_timetable to 2024-12-04 01:00:00+00:00, run_after=2024-12-04 01:00:00+00:00
[2024-12-02T14:42:35.382+0000] {logging_mixin.py:190} INFO - [2024-12-02T14:42:35.381+0000] {dag.py:4180} INFO - Setting next_dagrun for consume_1_and_2_with_dataset_expressions to None, run_after=None
[2024-12-02T14:42:35.384+0000] {logging_mixin.py:190} INFO - [2024-12-02T14:42:35.384+0000] {dag.py:4180} INFO - Setting next_dagrun for consume_1_or_2_with_dataset_expressions to None, run_after=None
[2024-12-02T14:42:35.386+0000] {logging_mixin.py:190} INFO - [2024-12-02T14:42:35.386+0000] {dag.py:4180} INFO - Setting next_dagrun for consume_1_or_both_2_and_3_with_dataset_expressions to None, run_after=None
[2024-12-02T14:42:35.389+0000] {logging_mixin.py:190} INFO - [2024-12-02T14:42:35.388+0000] {dag.py:4180} INFO - Setting next_dagrun for dataset_consumes_1 to None, run_after=None
[2024-12-02T14:42:35.391+0000] {logging_mixin.py:190} INFO - [2024-12-02T14:42:35.391+0000] {dag.py:4180} INFO - Setting next_dagrun for dataset_consumes_1_and_2 to None, run_after=None
[2024-12-02T14:42:35.393+0000] {logging_mixin.py:190} INFO - [2024-12-02T14:42:35.393+0000] {dag.py:4180} INFO - Setting next_dagrun for dataset_consumes_1_never_scheduled to None, run_after=None
[2024-12-02T14:42:35.396+0000] {logging_mixin.py:190} INFO - [2024-12-02T14:42:35.396+0000] {dag.py:4180} INFO - Setting next_dagrun for dataset_consumes_unknown_never_scheduled to None, run_after=None
[2024-12-02T14:42:35.400+0000] {logging_mixin.py:190} INFO - [2024-12-02T14:42:35.400+0000] {dag.py:4180} INFO - Setting next_dagrun for dataset_produces_1 to 2024-12-01 00:00:00+00:00, run_after=2024-12-02 00:00:00+00:00
[2024-12-02T14:42:35.403+0000] {logging_mixin.py:190} INFO - [2024-12-02T14:42:35.402+0000] {dag.py:4180} INFO - Setting next_dagrun for dataset_produces_2 to None, run_after=None
[2024-12-02T14:42:35.463+0000] {processor.py:208} INFO - Processing /home/airflow/.local/lib/python3.12/site-packages/airflow/example_dags/example_datasets.py took 4.585 seconds
[2024-12-02T14:43:20.383+0000] {processor.py:186} INFO - Started process (PID=186) to work on /home/airflow/.local/lib/python3.12/site-packages/airflow/example_dags/example_datasets.py
[2024-12-02T14:43:20.384+0000] {processor.py:914} INFO - Processing file /home/airflow/.local/lib/python3.12/site-packages/airflow/example_dags/example_datasets.py for tasks to queue
[2024-12-02T14:43:20.387+0000] {logging_mixin.py:190} INFO - [2024-12-02T14:43:20.387+0000] {dagbag.py:588} INFO - Filling up the DagBag from /home/airflow/.local/lib/python3.12/site-packages/airflow/example_dags/example_datasets.py
[2024-12-02T14:43:22.865+0000] {processor.py:925} INFO - DAG(s) 'dataset_consumes_1_and_2', 'dataset_produces_1', 'consume_1_and_2_with_dataset_expressions', 'consume_1_or_2_with_dataset_expressions', 'dataset_consumes_unknown_never_scheduled', 'dataset_produces_2', 'dataset_consumes_1_never_scheduled', 'conditional_dataset_and_time_based_timetable', 'dataset_consumes_1', 'consume_1_or_both_2_and_3_with_dataset_expressions' retrieved from /home/airflow/.local/lib/python3.12/site-packages/airflow/example_dags/example_datasets.py
[2024-12-02T14:43:22.924+0000] {logging_mixin.py:190} INFO - [2024-12-02T14:43:22.924+0000] {dag.py:3239} INFO - Sync 10 DAGs
[2024-12-02T14:43:22.997+0000] {logging_mixin.py:190} INFO - [2024-12-02T14:43:22.997+0000] {dag.py:4180} INFO - Setting next_dagrun for conditional_dataset_and_time_based_timetable to 2024-12-04 01:00:00+00:00, run_after=2024-12-04 01:00:00+00:00
[2024-12-02T14:43:23.003+0000] {logging_mixin.py:190} INFO - [2024-12-02T14:43:23.003+0000] {dag.py:4180} INFO - Setting next_dagrun for consume_1_and_2_with_dataset_expressions to None, run_after=None
[2024-12-02T14:43:23.006+0000] {logging_mixin.py:190} INFO - [2024-12-02T14:43:23.006+0000] {dag.py:4180} INFO - Setting next_dagrun for consume_1_or_2_with_dataset_expressions to None, run_after=None
[2024-12-02T14:43:23.009+0000] {logging_mixin.py:190} INFO - [2024-12-02T14:43:23.008+0000] {dag.py:4180} INFO - Setting next_dagrun for consume_1_or_both_2_and_3_with_dataset_expressions to None, run_after=None
[2024-12-02T14:43:23.012+0000] {logging_mixin.py:190} INFO - [2024-12-02T14:43:23.012+0000] {dag.py:4180} INFO - Setting next_dagrun for dataset_consumes_1 to None, run_after=None
[2024-12-02T14:43:23.017+0000] {logging_mixin.py:190} INFO - [2024-12-02T14:43:23.017+0000] {dag.py:4180} INFO - Setting next_dagrun for dataset_consumes_1_and_2 to None, run_after=None
[2024-12-02T14:43:23.020+0000] {logging_mixin.py:190} INFO - [2024-12-02T14:43:23.020+0000] {dag.py:4180} INFO - Setting next_dagrun for dataset_consumes_1_never_scheduled to None, run_after=None
[2024-12-02T14:43:23.023+0000] {logging_mixin.py:190} INFO - [2024-12-02T14:43:23.023+0000] {dag.py:4180} INFO - Setting next_dagrun for dataset_consumes_unknown_never_scheduled to None, run_after=None
[2024-12-02T14:43:23.028+0000] {logging_mixin.py:190} INFO - [2024-12-02T14:43:23.027+0000] {dag.py:4180} INFO - Setting next_dagrun for dataset_produces_1 to 2024-12-01 00:00:00+00:00, run_after=2024-12-02 00:00:00+00:00
[2024-12-02T14:43:23.032+0000] {logging_mixin.py:190} INFO - [2024-12-02T14:43:23.032+0000] {dag.py:4180} INFO - Setting next_dagrun for dataset_produces_2 to None, run_after=None
[2024-12-02T14:43:23.272+0000] {processor.py:208} INFO - Processing /home/airflow/.local/lib/python3.12/site-packages/airflow/example_dags/example_datasets.py took 2.896 seconds
[2024-12-02T14:43:54.250+0000] {processor.py:186} INFO - Started process (PID=254) to work on /home/airflow/.local/lib/python3.12/site-packages/airflow/example_dags/example_datasets.py
[2024-12-02T14:43:54.259+0000] {processor.py:914} INFO - Processing file /home/airflow/.local/lib/python3.12/site-packages/airflow/example_dags/example_datasets.py for tasks to queue
[2024-12-02T14:43:54.261+0000] {logging_mixin.py:190} INFO - [2024-12-02T14:43:54.261+0000] {dagbag.py:588} INFO - Filling up the DagBag from /home/airflow/.local/lib/python3.12/site-packages/airflow/example_dags/example_datasets.py
[2024-12-02T14:43:54.790+0000] {processor.py:925} INFO - DAG(s) 'dataset_consumes_1_and_2', 'consume_1_or_2_with_dataset_expressions', 'dataset_consumes_1_never_scheduled', 'dataset_consumes_1', 'dataset_produces_2', 'dataset_consumes_unknown_never_scheduled', 'conditional_dataset_and_time_based_timetable', 'consume_1_and_2_with_dataset_expressions', 'consume_1_or_both_2_and_3_with_dataset_expressions', 'dataset_produces_1' retrieved from /home/airflow/.local/lib/python3.12/site-packages/airflow/example_dags/example_datasets.py
[2024-12-02T14:43:54.852+0000] {logging_mixin.py:190} INFO - [2024-12-02T14:43:54.852+0000] {dag.py:3239} INFO - Sync 10 DAGs
[2024-12-02T14:43:54.900+0000] {logging_mixin.py:190} INFO - [2024-12-02T14:43:54.900+0000] {dag.py:4180} INFO - Setting next_dagrun for conditional_dataset_and_time_based_timetable to 2024-12-04 01:00:00+00:00, run_after=2024-12-04 01:00:00+00:00
[2024-12-02T14:43:54.905+0000] {logging_mixin.py:190} INFO - [2024-12-02T14:43:54.905+0000] {dag.py:4180} INFO - Setting next_dagrun for consume_1_and_2_with_dataset_expressions to None, run_after=None
[2024-12-02T14:43:54.907+0000] {logging_mixin.py:190} INFO - [2024-12-02T14:43:54.907+0000] {dag.py:4180} INFO - Setting next_dagrun for consume_1_or_2_with_dataset_expressions to None, run_after=None
[2024-12-02T14:43:54.908+0000] {logging_mixin.py:190} INFO - [2024-12-02T14:43:54.908+0000] {dag.py:4180} INFO - Setting next_dagrun for consume_1_or_both_2_and_3_with_dataset_expressions to None, run_after=None
[2024-12-02T14:43:54.910+0000] {logging_mixin.py:190} INFO - [2024-12-02T14:43:54.910+0000] {dag.py:4180} INFO - Setting next_dagrun for dataset_consumes_1 to None, run_after=None
[2024-12-02T14:43:54.912+0000] {logging_mixin.py:190} INFO - [2024-12-02T14:43:54.911+0000] {dag.py:4180} INFO - Setting next_dagrun for dataset_consumes_1_and_2 to None, run_after=None
[2024-12-02T14:43:54.913+0000] {logging_mixin.py:190} INFO - [2024-12-02T14:43:54.913+0000] {dag.py:4180} INFO - Setting next_dagrun for dataset_consumes_1_never_scheduled to None, run_after=None
[2024-12-02T14:43:54.915+0000] {logging_mixin.py:190} INFO - [2024-12-02T14:43:54.914+0000] {dag.py:4180} INFO - Setting next_dagrun for dataset_consumes_unknown_never_scheduled to None, run_after=None
[2024-12-02T14:43:54.916+0000] {logging_mixin.py:190} INFO - [2024-12-02T14:43:54.916+0000] {dag.py:4180} INFO - Setting next_dagrun for dataset_produces_1 to 2024-12-01 00:00:00+00:00, run_after=2024-12-02 00:00:00+00:00
[2024-12-02T14:43:54.918+0000] {logging_mixin.py:190} INFO - [2024-12-02T14:43:54.918+0000] {dag.py:4180} INFO - Setting next_dagrun for dataset_produces_2 to None, run_after=None
[2024-12-02T14:43:54.948+0000] {processor.py:208} INFO - Processing /home/airflow/.local/lib/python3.12/site-packages/airflow/example_dags/example_datasets.py took 0.702 seconds
[2024-12-02T14:44:25.095+0000] {processor.py:186} INFO - Started process (PID=318) to work on /home/airflow/.local/lib/python3.12/site-packages/airflow/example_dags/example_datasets.py
[2024-12-02T14:44:25.105+0000] {processor.py:914} INFO - Processing file /home/airflow/.local/lib/python3.12/site-packages/airflow/example_dags/example_datasets.py for tasks to queue
[2024-12-02T14:44:25.107+0000] {logging_mixin.py:190} INFO - [2024-12-02T14:44:25.107+0000] {dagbag.py:588} INFO - Filling up the DagBag from /home/airflow/.local/lib/python3.12/site-packages/airflow/example_dags/example_datasets.py
[2024-12-02T14:44:25.846+0000] {processor.py:925} INFO - DAG(s) 'consume_1_and_2_with_dataset_expressions', 'dataset_consumes_1', 'consume_1_or_both_2_and_3_with_dataset_expressions', 'consume_1_or_2_with_dataset_expressions', 'dataset_consumes_1_never_scheduled', 'dataset_produces_1', 'dataset_consumes_unknown_never_scheduled', 'conditional_dataset_and_time_based_timetable', 'dataset_produces_2', 'dataset_consumes_1_and_2' retrieved from /home/airflow/.local/lib/python3.12/site-packages/airflow/example_dags/example_datasets.py
[2024-12-02T14:44:25.898+0000] {logging_mixin.py:190} INFO - [2024-12-02T14:44:25.897+0000] {dag.py:3239} INFO - Sync 10 DAGs
[2024-12-02T14:44:25.966+0000] {logging_mixin.py:190} INFO - [2024-12-02T14:44:25.966+0000] {dag.py:4180} INFO - Setting next_dagrun for conditional_dataset_and_time_based_timetable to 2024-12-04 01:00:00+00:00, run_after=2024-12-04 01:00:00+00:00
[2024-12-02T14:44:25.970+0000] {logging_mixin.py:190} INFO - [2024-12-02T14:44:25.970+0000] {dag.py:4180} INFO - Setting next_dagrun for consume_1_and_2_with_dataset_expressions to None, run_after=None
[2024-12-02T14:44:25.971+0000] {logging_mixin.py:190} INFO - [2024-12-02T14:44:25.971+0000] {dag.py:4180} INFO - Setting next_dagrun for consume_1_or_2_with_dataset_expressions to None, run_after=None
[2024-12-02T14:44:25.973+0000] {logging_mixin.py:190} INFO - [2024-12-02T14:44:25.972+0000] {dag.py:4180} INFO - Setting next_dagrun for consume_1_or_both_2_and_3_with_dataset_expressions to None, run_after=None
[2024-12-02T14:44:25.974+0000] {logging_mixin.py:190} INFO - [2024-12-02T14:44:25.974+0000] {dag.py:4180} INFO - Setting next_dagrun for dataset_consumes_1 to None, run_after=None
[2024-12-02T14:44:25.975+0000] {logging_mixin.py:190} INFO - [2024-12-02T14:44:25.975+0000] {dag.py:4180} INFO - Setting next_dagrun for dataset_consumes_1_and_2 to None, run_after=None
[2024-12-02T14:44:25.976+0000] {logging_mixin.py:190} INFO - [2024-12-02T14:44:25.975+0000] {dag.py:4180} INFO - Setting next_dagrun for dataset_consumes_1_never_scheduled to None, run_after=None
[2024-12-02T14:44:25.977+0000] {logging_mixin.py:190} INFO - [2024-12-02T14:44:25.977+0000] {dag.py:4180} INFO - Setting next_dagrun for dataset_consumes_unknown_never_scheduled to None, run_after=None
[2024-12-02T14:44:25.979+0000] {logging_mixin.py:190} INFO - [2024-12-02T14:44:25.979+0000] {dag.py:4180} INFO - Setting next_dagrun for dataset_produces_1 to 2024-12-01 00:00:00+00:00, run_after=2024-12-02 00:00:00+00:00
[2024-12-02T14:44:25.981+0000] {logging_mixin.py:190} INFO - [2024-12-02T14:44:25.980+0000] {dag.py:4180} INFO - Setting next_dagrun for dataset_produces_2 to None, run_after=None
[2024-12-02T14:44:26.031+0000] {processor.py:208} INFO - Processing /home/airflow/.local/lib/python3.12/site-packages/airflow/example_dags/example_datasets.py took 0.941 seconds
[2024-12-02T14:44:56.419+0000] {processor.py:186} INFO - Started process (PID=384) to work on /home/airflow/.local/lib/python3.12/site-packages/airflow/example_dags/example_datasets.py
[2024-12-02T14:44:56.420+0000] {processor.py:914} INFO - Processing file /home/airflow/.local/lib/python3.12/site-packages/airflow/example_dags/example_datasets.py for tasks to queue
[2024-12-02T14:44:56.422+0000] {logging_mixin.py:190} INFO - [2024-12-02T14:44:56.422+0000] {dagbag.py:588} INFO - Filling up the DagBag from /home/airflow/.local/lib/python3.12/site-packages/airflow/example_dags/example_datasets.py
[2024-12-02T14:44:56.939+0000] {processor.py:925} INFO - DAG(s) 'dataset_consumes_1_and_2', 'consume_1_or_2_with_dataset_expressions', 'dataset_produces_2', 'dataset_consumes_1_never_scheduled', 'dataset_consumes_1', 'dataset_consumes_unknown_never_scheduled', 'consume_1_or_both_2_and_3_with_dataset_expressions', 'consume_1_and_2_with_dataset_expressions', 'conditional_dataset_and_time_based_timetable', 'dataset_produces_1' retrieved from /home/airflow/.local/lib/python3.12/site-packages/airflow/example_dags/example_datasets.py
[2024-12-02T14:44:56.996+0000] {logging_mixin.py:190} INFO - [2024-12-02T14:44:56.996+0000] {dag.py:3239} INFO - Sync 10 DAGs
[2024-12-02T14:44:57.034+0000] {logging_mixin.py:190} INFO - [2024-12-02T14:44:57.034+0000] {dag.py:4180} INFO - Setting next_dagrun for conditional_dataset_and_time_based_timetable to 2024-12-04 01:00:00+00:00, run_after=2024-12-04 01:00:00+00:00
[2024-12-02T14:44:57.041+0000] {logging_mixin.py:190} INFO - [2024-12-02T14:44:57.041+0000] {dag.py:4180} INFO - Setting next_dagrun for consume_1_and_2_with_dataset_expressions to None, run_after=None
[2024-12-02T14:44:57.042+0000] {logging_mixin.py:190} INFO - [2024-12-02T14:44:57.042+0000] {dag.py:4180} INFO - Setting next_dagrun for consume_1_or_2_with_dataset_expressions to None, run_after=None
[2024-12-02T14:44:57.043+0000] {logging_mixin.py:190} INFO - [2024-12-02T14:44:57.043+0000] {dag.py:4180} INFO - Setting next_dagrun for consume_1_or_both_2_and_3_with_dataset_expressions to None, run_after=None
[2024-12-02T14:44:57.045+0000] {logging_mixin.py:190} INFO - [2024-12-02T14:44:57.045+0000] {dag.py:4180} INFO - Setting next_dagrun for dataset_consumes_1 to None, run_after=None
[2024-12-02T14:44:57.046+0000] {logging_mixin.py:190} INFO - [2024-12-02T14:44:57.046+0000] {dag.py:4180} INFO - Setting next_dagrun for dataset_consumes_1_and_2 to None, run_after=None
[2024-12-02T14:44:57.046+0000] {logging_mixin.py:190} INFO - [2024-12-02T14:44:57.046+0000] {dag.py:4180} INFO - Setting next_dagrun for dataset_consumes_1_never_scheduled to None, run_after=None
[2024-12-02T14:44:57.048+0000] {logging_mixin.py:190} INFO - [2024-12-02T14:44:57.048+0000] {dag.py:4180} INFO - Setting next_dagrun for dataset_consumes_unknown_never_scheduled to None, run_after=None
[2024-12-02T14:44:57.050+0000] {logging_mixin.py:190} INFO - [2024-12-02T14:44:57.050+0000] {dag.py:4180} INFO - Setting next_dagrun for dataset_produces_1 to 2024-12-01 00:00:00+00:00, run_after=2024-12-02 00:00:00+00:00
[2024-12-02T14:44:57.051+0000] {logging_mixin.py:190} INFO - [2024-12-02T14:44:57.051+0000] {dag.py:4180} INFO - Setting next_dagrun for dataset_produces_2 to None, run_after=None
[2024-12-02T14:44:57.087+0000] {processor.py:208} INFO - Processing /home/airflow/.local/lib/python3.12/site-packages/airflow/example_dags/example_datasets.py took 0.673 seconds
[2024-12-02T14:45:27.679+0000] {processor.py:186} INFO - Started process (PID=449) to work on /home/airflow/.local/lib/python3.12/site-packages/airflow/example_dags/example_datasets.py
[2024-12-02T14:45:27.688+0000] {processor.py:914} INFO - Processing file /home/airflow/.local/lib/python3.12/site-packages/airflow/example_dags/example_datasets.py for tasks to queue
[2024-12-02T14:45:27.690+0000] {logging_mixin.py:190} INFO - [2024-12-02T14:45:27.690+0000] {dagbag.py:588} INFO - Filling up the DagBag from /home/airflow/.local/lib/python3.12/site-packages/airflow/example_dags/example_datasets.py
[2024-12-02T14:45:28.168+0000] {processor.py:925} INFO - DAG(s) 'dataset_consumes_unknown_never_scheduled', 'conditional_dataset_and_time_based_timetable', 'consume_1_or_both_2_and_3_with_dataset_expressions', 'consume_1_or_2_with_dataset_expressions', 'dataset_consumes_1', 'dataset_consumes_1_and_2', 'dataset_produces_1', 'dataset_produces_2', 'dataset_consumes_1_never_scheduled', 'consume_1_and_2_with_dataset_expressions' retrieved from /home/airflow/.local/lib/python3.12/site-packages/airflow/example_dags/example_datasets.py
[2024-12-02T14:45:28.199+0000] {logging_mixin.py:190} INFO - [2024-12-02T14:45:28.199+0000] {dag.py:3239} INFO - Sync 10 DAGs
[2024-12-02T14:45:28.220+0000] {logging_mixin.py:190} INFO - [2024-12-02T14:45:28.220+0000] {dag.py:4180} INFO - Setting next_dagrun for conditional_dataset_and_time_based_timetable to 2024-12-04 01:00:00+00:00, run_after=2024-12-04 01:00:00+00:00
[2024-12-02T14:45:28.223+0000] {logging_mixin.py:190} INFO - [2024-12-02T14:45:28.223+0000] {dag.py:4180} INFO - Setting next_dagrun for consume_1_and_2_with_dataset_expressions to None, run_after=None
[2024-12-02T14:45:28.224+0000] {logging_mixin.py:190} INFO - [2024-12-02T14:45:28.224+0000] {dag.py:4180} INFO - Setting next_dagrun for consume_1_or_2_with_dataset_expressions to None, run_after=None
[2024-12-02T14:45:28.225+0000] {logging_mixin.py:190} INFO - [2024-12-02T14:45:28.225+0000] {dag.py:4180} INFO - Setting next_dagrun for consume_1_or_both_2_and_3_with_dataset_expressions to None, run_after=None
[2024-12-02T14:45:28.226+0000] {logging_mixin.py:190} INFO - [2024-12-02T14:45:28.226+0000] {dag.py:4180} INFO - Setting next_dagrun for dataset_consumes_1 to None, run_after=None
[2024-12-02T14:45:28.226+0000] {logging_mixin.py:190} INFO - [2024-12-02T14:45:28.226+0000] {dag.py:4180} INFO - Setting next_dagrun for dataset_consumes_1_and_2 to None, run_after=None
[2024-12-02T14:45:28.227+0000] {logging_mixin.py:190} INFO - [2024-12-02T14:45:28.227+0000] {dag.py:4180} INFO - Setting next_dagrun for dataset_consumes_1_never_scheduled to None, run_after=None
[2024-12-02T14:45:28.228+0000] {logging_mixin.py:190} INFO - [2024-12-02T14:45:28.228+0000] {dag.py:4180} INFO - Setting next_dagrun for dataset_consumes_unknown_never_scheduled to None, run_after=None
[2024-12-02T14:45:28.230+0000] {logging_mixin.py:190} INFO - [2024-12-02T14:45:28.230+0000] {dag.py:4180} INFO - Setting next_dagrun for dataset_produces_1 to 2024-12-01 00:00:00+00:00, run_after=2024-12-02 00:00:00+00:00
[2024-12-02T14:45:28.231+0000] {logging_mixin.py:190} INFO - [2024-12-02T14:45:28.231+0000] {dag.py:4180} INFO - Setting next_dagrun for dataset_produces_2 to None, run_after=None
[2024-12-02T14:45:28.253+0000] {processor.py:208} INFO - Processing /home/airflow/.local/lib/python3.12/site-packages/airflow/example_dags/example_datasets.py took 0.577 seconds
[2024-12-02T14:45:59.437+0000] {processor.py:186} INFO - Started process (PID=509) to work on /home/airflow/.local/lib/python3.12/site-packages/airflow/example_dags/example_datasets.py
[2024-12-02T14:45:59.439+0000] {processor.py:914} INFO - Processing file /home/airflow/.local/lib/python3.12/site-packages/airflow/example_dags/example_datasets.py for tasks to queue
[2024-12-02T14:45:59.440+0000] {logging_mixin.py:190} INFO - [2024-12-02T14:45:59.440+0000] {dagbag.py:588} INFO - Filling up the DagBag from /home/airflow/.local/lib/python3.12/site-packages/airflow/example_dags/example_datasets.py
[2024-12-02T14:46:00.012+0000] {processor.py:925} INFO - DAG(s) 'dataset_consumes_1_and_2', 'dataset_consumes_1_never_scheduled', 'dataset_produces_1', 'dataset_consumes_unknown_never_scheduled', 'consume_1_and_2_with_dataset_expressions', 'consume_1_or_2_with_dataset_expressions', 'dataset_consumes_1', 'conditional_dataset_and_time_based_timetable', 'consume_1_or_both_2_and_3_with_dataset_expressions', 'dataset_produces_2' retrieved from /home/airflow/.local/lib/python3.12/site-packages/airflow/example_dags/example_datasets.py
[2024-12-02T14:46:00.057+0000] {logging_mixin.py:190} INFO - [2024-12-02T14:46:00.057+0000] {dag.py:3239} INFO - Sync 10 DAGs
[2024-12-02T14:46:00.080+0000] {logging_mixin.py:190} INFO - [2024-12-02T14:46:00.080+0000] {dag.py:4180} INFO - Setting next_dagrun for conditional_dataset_and_time_based_timetable to 2024-12-04 01:00:00+00:00, run_after=2024-12-04 01:00:00+00:00
[2024-12-02T14:46:00.085+0000] {logging_mixin.py:190} INFO - [2024-12-02T14:46:00.085+0000] {dag.py:4180} INFO - Setting next_dagrun for consume_1_and_2_with_dataset_expressions to None, run_after=None
[2024-12-02T14:46:00.087+0000] {logging_mixin.py:190} INFO - [2024-12-02T14:46:00.087+0000] {dag.py:4180} INFO - Setting next_dagrun for consume_1_or_2_with_dataset_expressions to None, run_after=None
[2024-12-02T14:46:00.089+0000] {logging_mixin.py:190} INFO - [2024-12-02T14:46:00.089+0000] {dag.py:4180} INFO - Setting next_dagrun for consume_1_or_both_2_and_3_with_dataset_expressions to None, run_after=None
[2024-12-02T14:46:00.091+0000] {logging_mixin.py:190} INFO - [2024-12-02T14:46:00.090+0000] {dag.py:4180} INFO - Setting next_dagrun for dataset_consumes_1 to None, run_after=None
[2024-12-02T14:46:00.093+0000] {logging_mixin.py:190} INFO - [2024-12-02T14:46:00.093+0000] {dag.py:4180} INFO - Setting next_dagrun for dataset_consumes_1_and_2 to None, run_after=None
[2024-12-02T14:46:00.095+0000] {logging_mixin.py:190} INFO - [2024-12-02T14:46:00.094+0000] {dag.py:4180} INFO - Setting next_dagrun for dataset_consumes_1_never_scheduled to None, run_after=None
[2024-12-02T14:46:00.096+0000] {logging_mixin.py:190} INFO - [2024-12-02T14:46:00.096+0000] {dag.py:4180} INFO - Setting next_dagrun for dataset_consumes_unknown_never_scheduled to None, run_after=None
[2024-12-02T14:46:00.100+0000] {logging_mixin.py:190} INFO - [2024-12-02T14:46:00.099+0000] {dag.py:4180} INFO - Setting next_dagrun for dataset_produces_1 to 2024-12-01 00:00:00+00:00, run_after=2024-12-02 00:00:00+00:00
[2024-12-02T14:46:00.102+0000] {logging_mixin.py:190} INFO - [2024-12-02T14:46:00.101+0000] {dag.py:4180} INFO - Setting next_dagrun for dataset_produces_2 to None, run_after=None
[2024-12-02T14:46:00.144+0000] {processor.py:208} INFO - Processing /home/airflow/.local/lib/python3.12/site-packages/airflow/example_dags/example_datasets.py took 0.711 seconds
[2024-12-02T14:46:37.708+0000] {processor.py:186} INFO - Started process (PID=574) to work on /home/airflow/.local/lib/python3.12/site-packages/airflow/example_dags/example_datasets.py
[2024-12-02T14:46:37.710+0000] {processor.py:914} INFO - Processing file /home/airflow/.local/lib/python3.12/site-packages/airflow/example_dags/example_datasets.py for tasks to queue
[2024-12-02T14:46:37.712+0000] {logging_mixin.py:190} INFO - [2024-12-02T14:46:37.712+0000] {dagbag.py:588} INFO - Filling up the DagBag from /home/airflow/.local/lib/python3.12/site-packages/airflow/example_dags/example_datasets.py
[2024-12-02T14:46:40.365+0000] {processor.py:925} INFO - DAG(s) 'dataset_produces_2', 'dataset_produces_1', 'consume_1_or_both_2_and_3_with_dataset_expressions', 'conditional_dataset_and_time_based_timetable', 'dataset_consumes_1_and_2', 'dataset_consumes_unknown_never_scheduled', 'consume_1_or_2_with_dataset_expressions', 'dataset_consumes_1', 'consume_1_and_2_with_dataset_expressions', 'dataset_consumes_1_never_scheduled' retrieved from /home/airflow/.local/lib/python3.12/site-packages/airflow/example_dags/example_datasets.py
[2024-12-02T14:46:40.460+0000] {logging_mixin.py:190} INFO - [2024-12-02T14:46:40.460+0000] {dag.py:3239} INFO - Sync 10 DAGs
[2024-12-02T14:46:40.517+0000] {logging_mixin.py:190} INFO - [2024-12-02T14:46:40.516+0000] {dag.py:4180} INFO - Setting next_dagrun for conditional_dataset_and_time_based_timetable to 2024-12-04 01:00:00+00:00, run_after=2024-12-04 01:00:00+00:00
[2024-12-02T14:46:40.526+0000] {logging_mixin.py:190} INFO - [2024-12-02T14:46:40.526+0000] {dag.py:4180} INFO - Setting next_dagrun for consume_1_and_2_with_dataset_expressions to None, run_after=None
[2024-12-02T14:46:40.528+0000] {logging_mixin.py:190} INFO - [2024-12-02T14:46:40.528+0000] {dag.py:4180} INFO - Setting next_dagrun for consume_1_or_2_with_dataset_expressions to None, run_after=None
[2024-12-02T14:46:40.530+0000] {logging_mixin.py:190} INFO - [2024-12-02T14:46:40.530+0000] {dag.py:4180} INFO - Setting next_dagrun for consume_1_or_both_2_and_3_with_dataset_expressions to None, run_after=None
[2024-12-02T14:46:40.531+0000] {logging_mixin.py:190} INFO - [2024-12-02T14:46:40.531+0000] {dag.py:4180} INFO - Setting next_dagrun for dataset_consumes_1 to None, run_after=None
[2024-12-02T14:46:40.533+0000] {logging_mixin.py:190} INFO - [2024-12-02T14:46:40.533+0000] {dag.py:4180} INFO - Setting next_dagrun for dataset_consumes_1_and_2 to None, run_after=None
[2024-12-02T14:46:40.535+0000] {logging_mixin.py:190} INFO - [2024-12-02T14:46:40.535+0000] {dag.py:4180} INFO - Setting next_dagrun for dataset_consumes_1_never_scheduled to None, run_after=None
[2024-12-02T14:46:40.537+0000] {logging_mixin.py:190} INFO - [2024-12-02T14:46:40.537+0000] {dag.py:4180} INFO - Setting next_dagrun for dataset_consumes_unknown_never_scheduled to None, run_after=None
[2024-12-02T14:46:40.539+0000] {logging_mixin.py:190} INFO - [2024-12-02T14:46:40.539+0000] {dag.py:4180} INFO - Setting next_dagrun for dataset_produces_1 to 2024-12-01 00:00:00+00:00, run_after=2024-12-02 00:00:00+00:00
[2024-12-02T14:46:40.541+0000] {logging_mixin.py:190} INFO - [2024-12-02T14:46:40.541+0000] {dag.py:4180} INFO - Setting next_dagrun for dataset_produces_2 to None, run_after=None
[2024-12-02T14:46:40.608+0000] {processor.py:208} INFO - Processing /home/airflow/.local/lib/python3.12/site-packages/airflow/example_dags/example_datasets.py took 2.906 seconds
[2024-12-02T14:47:11.484+0000] {processor.py:186} INFO - Started process (PID=648) to work on /home/airflow/.local/lib/python3.12/site-packages/airflow/example_dags/example_datasets.py
[2024-12-02T14:47:11.487+0000] {processor.py:914} INFO - Processing file /home/airflow/.local/lib/python3.12/site-packages/airflow/example_dags/example_datasets.py for tasks to queue
[2024-12-02T14:47:11.489+0000] {logging_mixin.py:190} INFO - [2024-12-02T14:47:11.488+0000] {dagbag.py:588} INFO - Filling up the DagBag from /home/airflow/.local/lib/python3.12/site-packages/airflow/example_dags/example_datasets.py
[2024-12-02T14:47:12.639+0000] {processor.py:925} INFO - DAG(s) 'consume_1_or_2_with_dataset_expressions', 'dataset_consumes_1_and_2', 'dataset_produces_1', 'consume_1_or_both_2_and_3_with_dataset_expressions', 'dataset_consumes_1', 'consume_1_and_2_with_dataset_expressions', 'dataset_consumes_1_never_scheduled', 'dataset_produces_2', 'dataset_consumes_unknown_never_scheduled', 'conditional_dataset_and_time_based_timetable' retrieved from /home/airflow/.local/lib/python3.12/site-packages/airflow/example_dags/example_datasets.py
[2024-12-02T14:47:12.682+0000] {logging_mixin.py:190} INFO - [2024-12-02T14:47:12.682+0000] {dag.py:3239} INFO - Sync 10 DAGs
[2024-12-02T14:47:12.724+0000] {logging_mixin.py:190} INFO - [2024-12-02T14:47:12.724+0000] {dag.py:4180} INFO - Setting next_dagrun for conditional_dataset_and_time_based_timetable to 2024-12-04 01:00:00+00:00, run_after=2024-12-04 01:00:00+00:00
[2024-12-02T14:47:12.729+0000] {logging_mixin.py:190} INFO - [2024-12-02T14:47:12.728+0000] {dag.py:4180} INFO - Setting next_dagrun for consume_1_and_2_with_dataset_expressions to None, run_after=None
[2024-12-02T14:47:12.730+0000] {logging_mixin.py:190} INFO - [2024-12-02T14:47:12.730+0000] {dag.py:4180} INFO - Setting next_dagrun for consume_1_or_2_with_dataset_expressions to None, run_after=None
[2024-12-02T14:47:12.731+0000] {logging_mixin.py:190} INFO - [2024-12-02T14:47:12.731+0000] {dag.py:4180} INFO - Setting next_dagrun for consume_1_or_both_2_and_3_with_dataset_expressions to None, run_after=None
[2024-12-02T14:47:12.733+0000] {logging_mixin.py:190} INFO - [2024-12-02T14:47:12.733+0000] {dag.py:4180} INFO - Setting next_dagrun for dataset_consumes_1 to None, run_after=None
[2024-12-02T14:47:12.734+0000] {logging_mixin.py:190} INFO - [2024-12-02T14:47:12.734+0000] {dag.py:4180} INFO - Setting next_dagrun for dataset_consumes_1_and_2 to None, run_after=None
[2024-12-02T14:47:12.735+0000] {logging_mixin.py:190} INFO - [2024-12-02T14:47:12.735+0000] {dag.py:4180} INFO - Setting next_dagrun for dataset_consumes_1_never_scheduled to None, run_after=None
[2024-12-02T14:47:12.737+0000] {logging_mixin.py:190} INFO - [2024-12-02T14:47:12.736+0000] {dag.py:4180} INFO - Setting next_dagrun for dataset_consumes_unknown_never_scheduled to None, run_after=None
[2024-12-02T14:47:12.739+0000] {logging_mixin.py:190} INFO - [2024-12-02T14:47:12.739+0000] {dag.py:4180} INFO - Setting next_dagrun for dataset_produces_1 to 2024-12-01 00:00:00+00:00, run_after=2024-12-02 00:00:00+00:00
[2024-12-02T14:47:12.741+0000] {logging_mixin.py:190} INFO - [2024-12-02T14:47:12.741+0000] {dag.py:4180} INFO - Setting next_dagrun for dataset_produces_2 to None, run_after=None
[2024-12-02T14:47:12.773+0000] {processor.py:208} INFO - Processing /home/airflow/.local/lib/python3.12/site-packages/airflow/example_dags/example_datasets.py took 1.294 seconds
[2024-12-02T14:47:43.767+0000] {processor.py:186} INFO - Started process (PID=712) to work on /home/airflow/.local/lib/python3.12/site-packages/airflow/example_dags/example_datasets.py
[2024-12-02T14:47:43.776+0000] {processor.py:914} INFO - Processing file /home/airflow/.local/lib/python3.12/site-packages/airflow/example_dags/example_datasets.py for tasks to queue
[2024-12-02T14:47:43.778+0000] {logging_mixin.py:190} INFO - [2024-12-02T14:47:43.778+0000] {dagbag.py:588} INFO - Filling up the DagBag from /home/airflow/.local/lib/python3.12/site-packages/airflow/example_dags/example_datasets.py
[2024-12-02T14:47:44.278+0000] {processor.py:925} INFO - DAG(s) 'consume_1_and_2_with_dataset_expressions', 'conditional_dataset_and_time_based_timetable', 'dataset_consumes_unknown_never_scheduled', 'dataset_consumes_1', 'dataset_produces_1', 'dataset_consumes_1_and_2', 'dataset_consumes_1_never_scheduled', 'consume_1_or_both_2_and_3_with_dataset_expressions', 'consume_1_or_2_with_dataset_expressions', 'dataset_produces_2' retrieved from /home/airflow/.local/lib/python3.12/site-packages/airflow/example_dags/example_datasets.py
[2024-12-02T14:47:44.322+0000] {logging_mixin.py:190} INFO - [2024-12-02T14:47:44.322+0000] {dag.py:3239} INFO - Sync 10 DAGs
[2024-12-02T14:47:44.343+0000] {logging_mixin.py:190} INFO - [2024-12-02T14:47:44.343+0000] {dag.py:4180} INFO - Setting next_dagrun for conditional_dataset_and_time_based_timetable to 2024-12-04 01:00:00+00:00, run_after=2024-12-04 01:00:00+00:00
[2024-12-02T14:47:44.352+0000] {logging_mixin.py:190} INFO - [2024-12-02T14:47:44.351+0000] {dag.py:4180} INFO - Setting next_dagrun for consume_1_and_2_with_dataset_expressions to None, run_after=None
[2024-12-02T14:47:44.353+0000] {logging_mixin.py:190} INFO - [2024-12-02T14:47:44.353+0000] {dag.py:4180} INFO - Setting next_dagrun for consume_1_or_2_with_dataset_expressions to None, run_after=None
[2024-12-02T14:47:44.355+0000] {logging_mixin.py:190} INFO - [2024-12-02T14:47:44.355+0000] {dag.py:4180} INFO - Setting next_dagrun for consume_1_or_both_2_and_3_with_dataset_expressions to None, run_after=None
[2024-12-02T14:47:44.356+0000] {logging_mixin.py:190} INFO - [2024-12-02T14:47:44.356+0000] {dag.py:4180} INFO - Setting next_dagrun for dataset_consumes_1 to None, run_after=None
[2024-12-02T14:47:44.357+0000] {logging_mixin.py:190} INFO - [2024-12-02T14:47:44.357+0000] {dag.py:4180} INFO - Setting next_dagrun for dataset_consumes_1_and_2 to None, run_after=None
[2024-12-02T14:47:44.358+0000] {logging_mixin.py:190} INFO - [2024-12-02T14:47:44.358+0000] {dag.py:4180} INFO - Setting next_dagrun for dataset_consumes_1_never_scheduled to None, run_after=None
[2024-12-02T14:47:44.359+0000] {logging_mixin.py:190} INFO - [2024-12-02T14:47:44.359+0000] {dag.py:4180} INFO - Setting next_dagrun for dataset_consumes_unknown_never_scheduled to None, run_after=None
[2024-12-02T14:47:44.362+0000] {logging_mixin.py:190} INFO - [2024-12-02T14:47:44.362+0000] {dag.py:4180} INFO - Setting next_dagrun for dataset_produces_1 to 2024-12-01 00:00:00+00:00, run_after=2024-12-02 00:00:00+00:00
[2024-12-02T14:47:44.364+0000] {logging_mixin.py:190} INFO - [2024-12-02T14:47:44.364+0000] {dag.py:4180} INFO - Setting next_dagrun for dataset_produces_2 to None, run_after=None
[2024-12-02T14:47:44.393+0000] {processor.py:208} INFO - Processing /home/airflow/.local/lib/python3.12/site-packages/airflow/example_dags/example_datasets.py took 0.631 seconds
[2024-12-02T14:48:15.180+0000] {processor.py:186} INFO - Started process (PID=776) to work on /home/airflow/.local/lib/python3.12/site-packages/airflow/example_dags/example_datasets.py
[2024-12-02T14:48:15.189+0000] {processor.py:914} INFO - Processing file /home/airflow/.local/lib/python3.12/site-packages/airflow/example_dags/example_datasets.py for tasks to queue
[2024-12-02T14:48:15.191+0000] {logging_mixin.py:190} INFO - [2024-12-02T14:48:15.190+0000] {dagbag.py:588} INFO - Filling up the DagBag from /home/airflow/.local/lib/python3.12/site-packages/airflow/example_dags/example_datasets.py
[2024-12-02T14:48:15.734+0000] {processor.py:925} INFO - DAG(s) 'consume_1_or_2_with_dataset_expressions', 'consume_1_and_2_with_dataset_expressions', 'consume_1_or_both_2_and_3_with_dataset_expressions', 'dataset_consumes_1_never_scheduled', 'dataset_produces_1', 'dataset_produces_2', 'conditional_dataset_and_time_based_timetable', 'dataset_consumes_1', 'dataset_consumes_1_and_2', 'dataset_consumes_unknown_never_scheduled' retrieved from /home/airflow/.local/lib/python3.12/site-packages/airflow/example_dags/example_datasets.py
[2024-12-02T14:48:15.798+0000] {logging_mixin.py:190} INFO - [2024-12-02T14:48:15.797+0000] {dag.py:3239} INFO - Sync 10 DAGs
[2024-12-02T14:48:15.820+0000] {logging_mixin.py:190} INFO - [2024-12-02T14:48:15.820+0000] {dag.py:4180} INFO - Setting next_dagrun for conditional_dataset_and_time_based_timetable to 2024-12-04 01:00:00+00:00, run_after=2024-12-04 01:00:00+00:00
[2024-12-02T14:48:15.824+0000] {logging_mixin.py:190} INFO - [2024-12-02T14:48:15.824+0000] {dag.py:4180} INFO - Setting next_dagrun for consume_1_and_2_with_dataset_expressions to None, run_after=None
[2024-12-02T14:48:15.825+0000] {logging_mixin.py:190} INFO - [2024-12-02T14:48:15.825+0000] {dag.py:4180} INFO - Setting next_dagrun for consume_1_or_2_with_dataset_expressions to None, run_after=None
[2024-12-02T14:48:15.827+0000] {logging_mixin.py:190} INFO - [2024-12-02T14:48:15.826+0000] {dag.py:4180} INFO - Setting next_dagrun for consume_1_or_both_2_and_3_with_dataset_expressions to None, run_after=None
[2024-12-02T14:48:15.828+0000] {logging_mixin.py:190} INFO - [2024-12-02T14:48:15.828+0000] {dag.py:4180} INFO - Setting next_dagrun for dataset_consumes_1 to None, run_after=None
[2024-12-02T14:48:15.830+0000] {logging_mixin.py:190} INFO - [2024-12-02T14:48:15.829+0000] {dag.py:4180} INFO - Setting next_dagrun for dataset_consumes_1_and_2 to None, run_after=None
[2024-12-02T14:48:15.831+0000] {logging_mixin.py:190} INFO - [2024-12-02T14:48:15.831+0000] {dag.py:4180} INFO - Setting next_dagrun for dataset_consumes_1_never_scheduled to None, run_after=None
[2024-12-02T14:48:15.832+0000] {logging_mixin.py:190} INFO - [2024-12-02T14:48:15.832+0000] {dag.py:4180} INFO - Setting next_dagrun for dataset_consumes_unknown_never_scheduled to None, run_after=None
[2024-12-02T14:48:15.835+0000] {logging_mixin.py:190} INFO - [2024-12-02T14:48:15.835+0000] {dag.py:4180} INFO - Setting next_dagrun for dataset_produces_1 to 2024-12-01 00:00:00+00:00, run_after=2024-12-02 00:00:00+00:00
[2024-12-02T14:48:15.837+0000] {logging_mixin.py:190} INFO - [2024-12-02T14:48:15.837+0000] {dag.py:4180} INFO - Setting next_dagrun for dataset_produces_2 to None, run_after=None
[2024-12-02T14:48:15.868+0000] {processor.py:208} INFO - Processing /home/airflow/.local/lib/python3.12/site-packages/airflow/example_dags/example_datasets.py took 0.693 seconds
[2024-12-02T14:48:46.794+0000] {processor.py:186} INFO - Started process (PID=840) to work on /home/airflow/.local/lib/python3.12/site-packages/airflow/example_dags/example_datasets.py
[2024-12-02T14:48:46.795+0000] {processor.py:914} INFO - Processing file /home/airflow/.local/lib/python3.12/site-packages/airflow/example_dags/example_datasets.py for tasks to queue
[2024-12-02T14:48:46.797+0000] {logging_mixin.py:190} INFO - [2024-12-02T14:48:46.797+0000] {dagbag.py:588} INFO - Filling up the DagBag from /home/airflow/.local/lib/python3.12/site-packages/airflow/example_dags/example_datasets.py
[2024-12-02T14:48:47.285+0000] {processor.py:925} INFO - DAG(s) 'dataset_consumes_1_and_2', 'consume_1_or_both_2_and_3_with_dataset_expressions', 'dataset_consumes_unknown_never_scheduled', 'consume_1_and_2_with_dataset_expressions', 'dataset_produces_1', 'dataset_consumes_1', 'dataset_produces_2', 'dataset_consumes_1_never_scheduled', 'consume_1_or_2_with_dataset_expressions', 'conditional_dataset_and_time_based_timetable' retrieved from /home/airflow/.local/lib/python3.12/site-packages/airflow/example_dags/example_datasets.py
[2024-12-02T14:48:47.320+0000] {logging_mixin.py:190} INFO - [2024-12-02T14:48:47.320+0000] {dag.py:3239} INFO - Sync 10 DAGs
[2024-12-02T14:48:47.342+0000] {logging_mixin.py:190} INFO - [2024-12-02T14:48:47.342+0000] {dag.py:4180} INFO - Setting next_dagrun for conditional_dataset_and_time_based_timetable to 2024-12-04 01:00:00+00:00, run_after=2024-12-04 01:00:00+00:00
[2024-12-02T14:48:47.345+0000] {logging_mixin.py:190} INFO - [2024-12-02T14:48:47.345+0000] {dag.py:4180} INFO - Setting next_dagrun for consume_1_and_2_with_dataset_expressions to None, run_after=None
[2024-12-02T14:48:47.346+0000] {logging_mixin.py:190} INFO - [2024-12-02T14:48:47.346+0000] {dag.py:4180} INFO - Setting next_dagrun for consume_1_or_2_with_dataset_expressions to None, run_after=None
[2024-12-02T14:48:47.348+0000] {logging_mixin.py:190} INFO - [2024-12-02T14:48:47.347+0000] {dag.py:4180} INFO - Setting next_dagrun for consume_1_or_both_2_and_3_with_dataset_expressions to None, run_after=None
[2024-12-02T14:48:47.349+0000] {logging_mixin.py:190} INFO - [2024-12-02T14:48:47.349+0000] {dag.py:4180} INFO - Setting next_dagrun for dataset_consumes_1 to None, run_after=None
[2024-12-02T14:48:47.350+0000] {logging_mixin.py:190} INFO - [2024-12-02T14:48:47.350+0000] {dag.py:4180} INFO - Setting next_dagrun for dataset_consumes_1_and_2 to None, run_after=None
[2024-12-02T14:48:47.352+0000] {logging_mixin.py:190} INFO - [2024-12-02T14:48:47.352+0000] {dag.py:4180} INFO - Setting next_dagrun for dataset_consumes_1_never_scheduled to None, run_after=None
[2024-12-02T14:48:47.354+0000] {logging_mixin.py:190} INFO - [2024-12-02T14:48:47.354+0000] {dag.py:4180} INFO - Setting next_dagrun for dataset_consumes_unknown_never_scheduled to None, run_after=None
[2024-12-02T14:48:47.357+0000] {logging_mixin.py:190} INFO - [2024-12-02T14:48:47.357+0000] {dag.py:4180} INFO - Setting next_dagrun for dataset_produces_1 to 2024-12-01 00:00:00+00:00, run_after=2024-12-02 00:00:00+00:00
[2024-12-02T14:48:47.359+0000] {logging_mixin.py:190} INFO - [2024-12-02T14:48:47.359+0000] {dag.py:4180} INFO - Setting next_dagrun for dataset_produces_2 to None, run_after=None
[2024-12-02T14:48:47.397+0000] {processor.py:208} INFO - Processing /home/airflow/.local/lib/python3.12/site-packages/airflow/example_dags/example_datasets.py took 0.607 seconds
[2024-12-02T14:49:18.978+0000] {processor.py:186} INFO - Started process (PID=900) to work on /home/airflow/.local/lib/python3.12/site-packages/airflow/example_dags/example_datasets.py
[2024-12-02T14:49:18.980+0000] {processor.py:914} INFO - Processing file /home/airflow/.local/lib/python3.12/site-packages/airflow/example_dags/example_datasets.py for tasks to queue
[2024-12-02T14:49:18.983+0000] {logging_mixin.py:190} INFO - [2024-12-02T14:49:18.983+0000] {dagbag.py:588} INFO - Filling up the DagBag from /home/airflow/.local/lib/python3.12/site-packages/airflow/example_dags/example_datasets.py
[2024-12-02T14:49:20.030+0000] {processor.py:925} INFO - DAG(s) 'dataset_consumes_1', 'dataset_consumes_1_never_scheduled', 'dataset_consumes_1_and_2', 'dataset_produces_2', 'consume_1_or_both_2_and_3_with_dataset_expressions', 'conditional_dataset_and_time_based_timetable', 'dataset_consumes_unknown_never_scheduled', 'consume_1_and_2_with_dataset_expressions', 'dataset_produces_1', 'consume_1_or_2_with_dataset_expressions' retrieved from /home/airflow/.local/lib/python3.12/site-packages/airflow/example_dags/example_datasets.py
[2024-12-02T14:49:20.080+0000] {logging_mixin.py:190} INFO - [2024-12-02T14:49:20.080+0000] {dag.py:3239} INFO - Sync 10 DAGs
[2024-12-02T14:49:20.112+0000] {logging_mixin.py:190} INFO - [2024-12-02T14:49:20.112+0000] {dag.py:4180} INFO - Setting next_dagrun for conditional_dataset_and_time_based_timetable to 2024-12-04 01:00:00+00:00, run_after=2024-12-04 01:00:00+00:00
[2024-12-02T14:49:20.116+0000] {logging_mixin.py:190} INFO - [2024-12-02T14:49:20.116+0000] {dag.py:4180} INFO - Setting next_dagrun for consume_1_and_2_with_dataset_expressions to None, run_after=None
[2024-12-02T14:49:20.118+0000] {logging_mixin.py:190} INFO - [2024-12-02T14:49:20.118+0000] {dag.py:4180} INFO - Setting next_dagrun for consume_1_or_2_with_dataset_expressions to None, run_after=None
[2024-12-02T14:49:20.120+0000] {logging_mixin.py:190} INFO - [2024-12-02T14:49:20.119+0000] {dag.py:4180} INFO - Setting next_dagrun for consume_1_or_both_2_and_3_with_dataset_expressions to None, run_after=None
[2024-12-02T14:49:20.121+0000] {logging_mixin.py:190} INFO - [2024-12-02T14:49:20.121+0000] {dag.py:4180} INFO - Setting next_dagrun for dataset_consumes_1 to None, run_after=None
[2024-12-02T14:49:20.123+0000] {logging_mixin.py:190} INFO - [2024-12-02T14:49:20.123+0000] {dag.py:4180} INFO - Setting next_dagrun for dataset_consumes_1_and_2 to None, run_after=None
[2024-12-02T14:49:20.125+0000] {logging_mixin.py:190} INFO - [2024-12-02T14:49:20.125+0000] {dag.py:4180} INFO - Setting next_dagrun for dataset_consumes_1_never_scheduled to None, run_after=None
[2024-12-02T14:49:20.128+0000] {logging_mixin.py:190} INFO - [2024-12-02T14:49:20.127+0000] {dag.py:4180} INFO - Setting next_dagrun for dataset_consumes_unknown_never_scheduled to None, run_after=None
[2024-12-02T14:49:20.130+0000] {logging_mixin.py:190} INFO - [2024-12-02T14:49:20.130+0000] {dag.py:4180} INFO - Setting next_dagrun for dataset_produces_1 to 2024-12-01 00:00:00+00:00, run_after=2024-12-02 00:00:00+00:00
[2024-12-02T14:49:20.132+0000] {logging_mixin.py:190} INFO - [2024-12-02T14:49:20.132+0000] {dag.py:4180} INFO - Setting next_dagrun for dataset_produces_2 to None, run_after=None
[2024-12-02T14:49:20.180+0000] {processor.py:208} INFO - Processing /home/airflow/.local/lib/python3.12/site-packages/airflow/example_dags/example_datasets.py took 1.207 seconds
[2024-12-02T14:49:50.936+0000] {processor.py:186} INFO - Started process (PID=964) to work on /home/airflow/.local/lib/python3.12/site-packages/airflow/example_dags/example_datasets.py
[2024-12-02T14:49:50.937+0000] {processor.py:914} INFO - Processing file /home/airflow/.local/lib/python3.12/site-packages/airflow/example_dags/example_datasets.py for tasks to queue
[2024-12-02T14:49:50.939+0000] {logging_mixin.py:190} INFO - [2024-12-02T14:49:50.939+0000] {dagbag.py:588} INFO - Filling up the DagBag from /home/airflow/.local/lib/python3.12/site-packages/airflow/example_dags/example_datasets.py
[2024-12-02T14:49:51.431+0000] {processor.py:925} INFO - DAG(s) 'dataset_produces_2', 'consume_1_or_both_2_and_3_with_dataset_expressions', 'conditional_dataset_and_time_based_timetable', 'dataset_consumes_1_and_2', 'dataset_produces_1', 'dataset_consumes_1', 'dataset_consumes_1_never_scheduled', 'consume_1_or_2_with_dataset_expressions', 'consume_1_and_2_with_dataset_expressions', 'dataset_consumes_unknown_never_scheduled' retrieved from /home/airflow/.local/lib/python3.12/site-packages/airflow/example_dags/example_datasets.py
[2024-12-02T14:49:51.468+0000] {logging_mixin.py:190} INFO - [2024-12-02T14:49:51.468+0000] {dag.py:3239} INFO - Sync 10 DAGs
[2024-12-02T14:49:51.488+0000] {logging_mixin.py:190} INFO - [2024-12-02T14:49:51.488+0000] {dag.py:4180} INFO - Setting next_dagrun for conditional_dataset_and_time_based_timetable to 2024-12-04 01:00:00+00:00, run_after=2024-12-04 01:00:00+00:00
[2024-12-02T14:49:51.491+0000] {logging_mixin.py:190} INFO - [2024-12-02T14:49:51.491+0000] {dag.py:4180} INFO - Setting next_dagrun for consume_1_and_2_with_dataset_expressions to None, run_after=None
[2024-12-02T14:49:51.493+0000] {logging_mixin.py:190} INFO - [2024-12-02T14:49:51.493+0000] {dag.py:4180} INFO - Setting next_dagrun for consume_1_or_2_with_dataset_expressions to None, run_after=None
[2024-12-02T14:49:51.495+0000] {logging_mixin.py:190} INFO - [2024-12-02T14:49:51.494+0000] {dag.py:4180} INFO - Setting next_dagrun for consume_1_or_both_2_and_3_with_dataset_expressions to None, run_after=None
[2024-12-02T14:49:51.496+0000] {logging_mixin.py:190} INFO - [2024-12-02T14:49:51.496+0000] {dag.py:4180} INFO - Setting next_dagrun for dataset_consumes_1 to None, run_after=None
[2024-12-02T14:49:51.497+0000] {logging_mixin.py:190} INFO - [2024-12-02T14:49:51.497+0000] {dag.py:4180} INFO - Setting next_dagrun for dataset_consumes_1_and_2 to None, run_after=None
[2024-12-02T14:49:51.499+0000] {logging_mixin.py:190} INFO - [2024-12-02T14:49:51.498+0000] {dag.py:4180} INFO - Setting next_dagrun for dataset_consumes_1_never_scheduled to None, run_after=None
[2024-12-02T14:49:51.500+0000] {logging_mixin.py:190} INFO - [2024-12-02T14:49:51.499+0000] {dag.py:4180} INFO - Setting next_dagrun for dataset_consumes_unknown_never_scheduled to None, run_after=None
[2024-12-02T14:49:51.502+0000] {logging_mixin.py:190} INFO - [2024-12-02T14:49:51.502+0000] {dag.py:4180} INFO - Setting next_dagrun for dataset_produces_1 to 2024-12-01 00:00:00+00:00, run_after=2024-12-02 00:00:00+00:00
[2024-12-02T14:49:51.503+0000] {logging_mixin.py:190} INFO - [2024-12-02T14:49:51.503+0000] {dag.py:4180} INFO - Setting next_dagrun for dataset_produces_2 to None, run_after=None
[2024-12-02T14:49:51.530+0000] {processor.py:208} INFO - Processing /home/airflow/.local/lib/python3.12/site-packages/airflow/example_dags/example_datasets.py took 0.599 seconds
[2024-12-02T14:50:22.038+0000] {processor.py:186} INFO - Started process (PID=1028) to work on /home/airflow/.local/lib/python3.12/site-packages/airflow/example_dags/example_datasets.py
[2024-12-02T14:50:22.039+0000] {processor.py:914} INFO - Processing file /home/airflow/.local/lib/python3.12/site-packages/airflow/example_dags/example_datasets.py for tasks to queue
[2024-12-02T14:50:22.041+0000] {logging_mixin.py:190} INFO - [2024-12-02T14:50:22.041+0000] {dagbag.py:588} INFO - Filling up the DagBag from /home/airflow/.local/lib/python3.12/site-packages/airflow/example_dags/example_datasets.py
[2024-12-02T14:50:22.494+0000] {processor.py:925} INFO - DAG(s) 'conditional_dataset_and_time_based_timetable', 'consume_1_and_2_with_dataset_expressions', 'dataset_consumes_1', 'dataset_produces_2', 'dataset_consumes_1_never_scheduled', 'consume_1_or_2_with_dataset_expressions', 'consume_1_or_both_2_and_3_with_dataset_expressions', 'dataset_consumes_1_and_2', 'dataset_produces_1', 'dataset_consumes_unknown_never_scheduled' retrieved from /home/airflow/.local/lib/python3.12/site-packages/airflow/example_dags/example_datasets.py
[2024-12-02T14:50:22.530+0000] {logging_mixin.py:190} INFO - [2024-12-02T14:50:22.530+0000] {dag.py:3239} INFO - Sync 10 DAGs
[2024-12-02T14:50:22.550+0000] {logging_mixin.py:190} INFO - [2024-12-02T14:50:22.550+0000] {dag.py:4180} INFO - Setting next_dagrun for conditional_dataset_and_time_based_timetable to 2024-12-04 01:00:00+00:00, run_after=2024-12-04 01:00:00+00:00
[2024-12-02T14:50:22.554+0000] {logging_mixin.py:190} INFO - [2024-12-02T14:50:22.553+0000] {dag.py:4180} INFO - Setting next_dagrun for consume_1_and_2_with_dataset_expressions to None, run_after=None
[2024-12-02T14:50:22.555+0000] {logging_mixin.py:190} INFO - [2024-12-02T14:50:22.555+0000] {dag.py:4180} INFO - Setting next_dagrun for consume_1_or_2_with_dataset_expressions to None, run_after=None
[2024-12-02T14:50:22.557+0000] {logging_mixin.py:190} INFO - [2024-12-02T14:50:22.556+0000] {dag.py:4180} INFO - Setting next_dagrun for consume_1_or_both_2_and_3_with_dataset_expressions to None, run_after=None
[2024-12-02T14:50:22.557+0000] {logging_mixin.py:190} INFO - [2024-12-02T14:50:22.557+0000] {dag.py:4180} INFO - Setting next_dagrun for dataset_consumes_1 to None, run_after=None
[2024-12-02T14:50:22.559+0000] {logging_mixin.py:190} INFO - [2024-12-02T14:50:22.558+0000] {dag.py:4180} INFO - Setting next_dagrun for dataset_consumes_1_and_2 to None, run_after=None
[2024-12-02T14:50:22.560+0000] {logging_mixin.py:190} INFO - [2024-12-02T14:50:22.560+0000] {dag.py:4180} INFO - Setting next_dagrun for dataset_consumes_1_never_scheduled to None, run_after=None
[2024-12-02T14:50:22.561+0000] {logging_mixin.py:190} INFO - [2024-12-02T14:50:22.561+0000] {dag.py:4180} INFO - Setting next_dagrun for dataset_consumes_unknown_never_scheduled to None, run_after=None
[2024-12-02T14:50:22.563+0000] {logging_mixin.py:190} INFO - [2024-12-02T14:50:22.563+0000] {dag.py:4180} INFO - Setting next_dagrun for dataset_produces_1 to 2024-12-01 00:00:00+00:00, run_after=2024-12-02 00:00:00+00:00
[2024-12-02T14:50:22.564+0000] {logging_mixin.py:190} INFO - [2024-12-02T14:50:22.564+0000] {dag.py:4180} INFO - Setting next_dagrun for dataset_produces_2 to None, run_after=None
[2024-12-02T14:50:22.590+0000] {processor.py:208} INFO - Processing /home/airflow/.local/lib/python3.12/site-packages/airflow/example_dags/example_datasets.py took 0.556 seconds
[2024-12-02T14:50:53.267+0000] {processor.py:186} INFO - Started process (PID=1093) to work on /home/airflow/.local/lib/python3.12/site-packages/airflow/example_dags/example_datasets.py
[2024-12-02T14:50:53.268+0000] {processor.py:914} INFO - Processing file /home/airflow/.local/lib/python3.12/site-packages/airflow/example_dags/example_datasets.py for tasks to queue
[2024-12-02T14:50:53.270+0000] {logging_mixin.py:190} INFO - [2024-12-02T14:50:53.270+0000] {dagbag.py:588} INFO - Filling up the DagBag from /home/airflow/.local/lib/python3.12/site-packages/airflow/example_dags/example_datasets.py
[2024-12-02T14:50:53.708+0000] {processor.py:925} INFO - DAG(s) 'consume_1_or_2_with_dataset_expressions', 'consume_1_and_2_with_dataset_expressions', 'dataset_produces_1', 'dataset_consumes_unknown_never_scheduled', 'dataset_produces_2', 'dataset_consumes_1_never_scheduled', 'consume_1_or_both_2_and_3_with_dataset_expressions', 'dataset_consumes_1_and_2', 'dataset_consumes_1', 'conditional_dataset_and_time_based_timetable' retrieved from /home/airflow/.local/lib/python3.12/site-packages/airflow/example_dags/example_datasets.py
[2024-12-02T14:50:53.736+0000] {logging_mixin.py:190} INFO - [2024-12-02T14:50:53.736+0000] {dag.py:3239} INFO - Sync 10 DAGs
[2024-12-02T14:50:53.755+0000] {logging_mixin.py:190} INFO - [2024-12-02T14:50:53.755+0000] {dag.py:4180} INFO - Setting next_dagrun for conditional_dataset_and_time_based_timetable to 2024-12-04 01:00:00+00:00, run_after=2024-12-04 01:00:00+00:00
[2024-12-02T14:50:53.757+0000] {logging_mixin.py:190} INFO - [2024-12-02T14:50:53.757+0000] {dag.py:4180} INFO - Setting next_dagrun for consume_1_and_2_with_dataset_expressions to None, run_after=None
[2024-12-02T14:50:53.758+0000] {logging_mixin.py:190} INFO - [2024-12-02T14:50:53.758+0000] {dag.py:4180} INFO - Setting next_dagrun for consume_1_or_2_with_dataset_expressions to None, run_after=None
[2024-12-02T14:50:53.759+0000] {logging_mixin.py:190} INFO - [2024-12-02T14:50:53.759+0000] {dag.py:4180} INFO - Setting next_dagrun for consume_1_or_both_2_and_3_with_dataset_expressions to None, run_after=None
[2024-12-02T14:50:53.760+0000] {logging_mixin.py:190} INFO - [2024-12-02T14:50:53.760+0000] {dag.py:4180} INFO - Setting next_dagrun for dataset_consumes_1 to None, run_after=None
[2024-12-02T14:50:53.761+0000] {logging_mixin.py:190} INFO - [2024-12-02T14:50:53.761+0000] {dag.py:4180} INFO - Setting next_dagrun for dataset_consumes_1_and_2 to None, run_after=None
[2024-12-02T14:50:53.762+0000] {logging_mixin.py:190} INFO - [2024-12-02T14:50:53.762+0000] {dag.py:4180} INFO - Setting next_dagrun for dataset_consumes_1_never_scheduled to None, run_after=None
[2024-12-02T14:50:53.763+0000] {logging_mixin.py:190} INFO - [2024-12-02T14:50:53.762+0000] {dag.py:4180} INFO - Setting next_dagrun for dataset_consumes_unknown_never_scheduled to None, run_after=None
[2024-12-02T14:50:53.764+0000] {logging_mixin.py:190} INFO - [2024-12-02T14:50:53.764+0000] {dag.py:4180} INFO - Setting next_dagrun for dataset_produces_1 to 2024-12-01 00:00:00+00:00, run_after=2024-12-02 00:00:00+00:00
[2024-12-02T14:50:53.765+0000] {logging_mixin.py:190} INFO - [2024-12-02T14:50:53.765+0000] {dag.py:4180} INFO - Setting next_dagrun for dataset_produces_2 to None, run_after=None
[2024-12-02T14:50:53.788+0000] {processor.py:208} INFO - Processing /home/airflow/.local/lib/python3.12/site-packages/airflow/example_dags/example_datasets.py took 0.524 seconds
