[2024-12-02T14:42:35.612+0000] {processor.py:186} INFO - Started process (PID=120) to work on /home/airflow/.local/lib/python3.12/site-packages/airflow/example_dags/example_inlet_event_extra.py
[2024-12-02T14:42:35.613+0000] {processor.py:914} INFO - Processing file /home/airflow/.local/lib/python3.12/site-packages/airflow/example_dags/example_inlet_event_extra.py for tasks to queue
[2024-12-02T14:42:35.616+0000] {logging_mixin.py:190} INFO - [2024-12-02T14:42:35.615+0000] {dagbag.py:588} INFO - Filling up the DagBag from /home/airflow/.local/lib/python3.12/site-packages/airflow/example_dags/example_inlet_event_extra.py
[2024-12-02T14:42:36.803+0000] {processor.py:925} INFO - DAG(s) 'read_dataset_event_from_classic', 'read_dataset_event' retrieved from /home/airflow/.local/lib/python3.12/site-packages/airflow/example_dags/example_inlet_event_extra.py
[2024-12-02T14:42:36.876+0000] {logging_mixin.py:190} INFO - [2024-12-02T14:42:36.876+0000] {dag.py:3239} INFO - Sync 2 DAGs
[2024-12-02T14:42:36.933+0000] {logging_mixin.py:190} INFO - [2024-12-02T14:42:36.933+0000] {dag.py:4180} INFO - Setting next_dagrun for read_dataset_event to 2024-12-01 00:00:00+00:00, run_after=2024-12-02 00:00:00+00:00
[2024-12-02T14:42:36.941+0000] {logging_mixin.py:190} INFO - [2024-12-02T14:42:36.940+0000] {dag.py:4180} INFO - Setting next_dagrun for read_dataset_event_from_classic to 2024-12-01 00:00:00+00:00, run_after=2024-12-02 00:00:00+00:00
[2024-12-02T14:42:36.984+0000] {processor.py:208} INFO - Processing /home/airflow/.local/lib/python3.12/site-packages/airflow/example_dags/example_inlet_event_extra.py took 1.378 seconds
[2024-12-02T14:43:23.592+0000] {processor.py:186} INFO - Started process (PID=194) to work on /home/airflow/.local/lib/python3.12/site-packages/airflow/example_dags/example_inlet_event_extra.py
[2024-12-02T14:43:23.593+0000] {processor.py:914} INFO - Processing file /home/airflow/.local/lib/python3.12/site-packages/airflow/example_dags/example_inlet_event_extra.py for tasks to queue
[2024-12-02T14:43:23.596+0000] {logging_mixin.py:190} INFO - [2024-12-02T14:43:23.595+0000] {dagbag.py:588} INFO - Filling up the DagBag from /home/airflow/.local/lib/python3.12/site-packages/airflow/example_dags/example_inlet_event_extra.py
[2024-12-02T14:43:24.471+0000] {processor.py:925} INFO - DAG(s) 'read_dataset_event_from_classic', 'read_dataset_event' retrieved from /home/airflow/.local/lib/python3.12/site-packages/airflow/example_dags/example_inlet_event_extra.py
[2024-12-02T14:43:24.496+0000] {logging_mixin.py:190} INFO - [2024-12-02T14:43:24.495+0000] {dag.py:3239} INFO - Sync 2 DAGs
[2024-12-02T14:43:24.519+0000] {logging_mixin.py:190} INFO - [2024-12-02T14:43:24.519+0000] {dag.py:4180} INFO - Setting next_dagrun for read_dataset_event to 2024-12-01 00:00:00+00:00, run_after=2024-12-02 00:00:00+00:00
[2024-12-02T14:43:24.524+0000] {logging_mixin.py:190} INFO - [2024-12-02T14:43:24.524+0000] {dag.py:4180} INFO - Setting next_dagrun for read_dataset_event_from_classic to 2024-12-01 00:00:00+00:00, run_after=2024-12-02 00:00:00+00:00
[2024-12-02T14:43:24.540+0000] {processor.py:208} INFO - Processing /home/airflow/.local/lib/python3.12/site-packages/airflow/example_dags/example_inlet_event_extra.py took 0.957 seconds
[2024-12-02T14:43:55.047+0000] {processor.py:186} INFO - Started process (PID=258) to work on /home/airflow/.local/lib/python3.12/site-packages/airflow/example_dags/example_inlet_event_extra.py
[2024-12-02T14:43:55.048+0000] {processor.py:914} INFO - Processing file /home/airflow/.local/lib/python3.12/site-packages/airflow/example_dags/example_inlet_event_extra.py for tasks to queue
[2024-12-02T14:43:55.050+0000] {logging_mixin.py:190} INFO - [2024-12-02T14:43:55.050+0000] {dagbag.py:588} INFO - Filling up the DagBag from /home/airflow/.local/lib/python3.12/site-packages/airflow/example_dags/example_inlet_event_extra.py
[2024-12-02T14:43:55.522+0000] {processor.py:925} INFO - DAG(s) 'read_dataset_event_from_classic', 'read_dataset_event' retrieved from /home/airflow/.local/lib/python3.12/site-packages/airflow/example_dags/example_inlet_event_extra.py
[2024-12-02T14:43:55.541+0000] {logging_mixin.py:190} INFO - [2024-12-02T14:43:55.541+0000] {dag.py:3239} INFO - Sync 2 DAGs
[2024-12-02T14:43:55.562+0000] {logging_mixin.py:190} INFO - [2024-12-02T14:43:55.562+0000] {dag.py:4180} INFO - Setting next_dagrun for read_dataset_event to 2024-12-01 00:00:00+00:00, run_after=2024-12-02 00:00:00+00:00
[2024-12-02T14:43:55.566+0000] {logging_mixin.py:190} INFO - [2024-12-02T14:43:55.566+0000] {dag.py:4180} INFO - Setting next_dagrun for read_dataset_event_from_classic to 2024-12-01 00:00:00+00:00, run_after=2024-12-02 00:00:00+00:00
[2024-12-02T14:43:55.580+0000] {processor.py:208} INFO - Processing /home/airflow/.local/lib/python3.12/site-packages/airflow/example_dags/example_inlet_event_extra.py took 0.537 seconds
[2024-12-02T14:44:26.250+0000] {processor.py:186} INFO - Started process (PID=325) to work on /home/airflow/.local/lib/python3.12/site-packages/airflow/example_dags/example_inlet_event_extra.py
[2024-12-02T14:44:26.250+0000] {processor.py:914} INFO - Processing file /home/airflow/.local/lib/python3.12/site-packages/airflow/example_dags/example_inlet_event_extra.py for tasks to queue
[2024-12-02T14:44:26.252+0000] {logging_mixin.py:190} INFO - [2024-12-02T14:44:26.252+0000] {dagbag.py:588} INFO - Filling up the DagBag from /home/airflow/.local/lib/python3.12/site-packages/airflow/example_dags/example_inlet_event_extra.py
[2024-12-02T14:44:26.842+0000] {processor.py:925} INFO - DAG(s) 'read_dataset_event_from_classic', 'read_dataset_event' retrieved from /home/airflow/.local/lib/python3.12/site-packages/airflow/example_dags/example_inlet_event_extra.py
[2024-12-02T14:44:26.858+0000] {logging_mixin.py:190} INFO - [2024-12-02T14:44:26.857+0000] {dag.py:3239} INFO - Sync 2 DAGs
[2024-12-02T14:44:26.877+0000] {logging_mixin.py:190} INFO - [2024-12-02T14:44:26.876+0000] {dag.py:4180} INFO - Setting next_dagrun for read_dataset_event to 2024-12-01 00:00:00+00:00, run_after=2024-12-02 00:00:00+00:00
[2024-12-02T14:44:26.880+0000] {logging_mixin.py:190} INFO - [2024-12-02T14:44:26.880+0000] {dag.py:4180} INFO - Setting next_dagrun for read_dataset_event_from_classic to 2024-12-01 00:00:00+00:00, run_after=2024-12-02 00:00:00+00:00
[2024-12-02T14:44:26.892+0000] {processor.py:208} INFO - Processing /home/airflow/.local/lib/python3.12/site-packages/airflow/example_dags/example_inlet_event_extra.py took 0.647 seconds
[2024-12-02T14:44:57.261+0000] {processor.py:186} INFO - Started process (PID=389) to work on /home/airflow/.local/lib/python3.12/site-packages/airflow/example_dags/example_inlet_event_extra.py
[2024-12-02T14:44:57.262+0000] {processor.py:914} INFO - Processing file /home/airflow/.local/lib/python3.12/site-packages/airflow/example_dags/example_inlet_event_extra.py for tasks to queue
[2024-12-02T14:44:57.264+0000] {logging_mixin.py:190} INFO - [2024-12-02T14:44:57.263+0000] {dagbag.py:588} INFO - Filling up the DagBag from /home/airflow/.local/lib/python3.12/site-packages/airflow/example_dags/example_inlet_event_extra.py
[2024-12-02T14:44:57.721+0000] {processor.py:925} INFO - DAG(s) 'read_dataset_event', 'read_dataset_event_from_classic' retrieved from /home/airflow/.local/lib/python3.12/site-packages/airflow/example_dags/example_inlet_event_extra.py
[2024-12-02T14:44:57.738+0000] {logging_mixin.py:190} INFO - [2024-12-02T14:44:57.737+0000] {dag.py:3239} INFO - Sync 2 DAGs
[2024-12-02T14:44:57.758+0000] {logging_mixin.py:190} INFO - [2024-12-02T14:44:57.757+0000] {dag.py:4180} INFO - Setting next_dagrun for read_dataset_event to 2024-12-01 00:00:00+00:00, run_after=2024-12-02 00:00:00+00:00
[2024-12-02T14:44:57.763+0000] {logging_mixin.py:190} INFO - [2024-12-02T14:44:57.762+0000] {dag.py:4180} INFO - Setting next_dagrun for read_dataset_event_from_classic to 2024-12-01 00:00:00+00:00, run_after=2024-12-02 00:00:00+00:00
[2024-12-02T14:44:57.775+0000] {processor.py:208} INFO - Processing /home/airflow/.local/lib/python3.12/site-packages/airflow/example_dags/example_inlet_event_extra.py took 0.519 seconds
[2024-12-02T14:45:28.553+0000] {processor.py:186} INFO - Started process (PID=457) to work on /home/airflow/.local/lib/python3.12/site-packages/airflow/example_dags/example_inlet_event_extra.py
[2024-12-02T14:45:28.554+0000] {processor.py:914} INFO - Processing file /home/airflow/.local/lib/python3.12/site-packages/airflow/example_dags/example_inlet_event_extra.py for tasks to queue
[2024-12-02T14:45:28.555+0000] {logging_mixin.py:190} INFO - [2024-12-02T14:45:28.555+0000] {dagbag.py:588} INFO - Filling up the DagBag from /home/airflow/.local/lib/python3.12/site-packages/airflow/example_dags/example_inlet_event_extra.py
[2024-12-02T14:45:29.033+0000] {processor.py:925} INFO - DAG(s) 'read_dataset_event', 'read_dataset_event_from_classic' retrieved from /home/airflow/.local/lib/python3.12/site-packages/airflow/example_dags/example_inlet_event_extra.py
[2024-12-02T14:45:29.052+0000] {logging_mixin.py:190} INFO - [2024-12-02T14:45:29.051+0000] {dag.py:3239} INFO - Sync 2 DAGs
[2024-12-02T14:45:29.072+0000] {logging_mixin.py:190} INFO - [2024-12-02T14:45:29.071+0000] {dag.py:4180} INFO - Setting next_dagrun for read_dataset_event to 2024-12-01 00:00:00+00:00, run_after=2024-12-02 00:00:00+00:00
[2024-12-02T14:45:29.076+0000] {logging_mixin.py:190} INFO - [2024-12-02T14:45:29.075+0000] {dag.py:4180} INFO - Setting next_dagrun for read_dataset_event_from_classic to 2024-12-01 00:00:00+00:00, run_after=2024-12-02 00:00:00+00:00
[2024-12-02T14:45:29.088+0000] {processor.py:208} INFO - Processing /home/airflow/.local/lib/python3.12/site-packages/airflow/example_dags/example_inlet_event_extra.py took 0.540 seconds
[2024-12-02T14:46:00.444+0000] {processor.py:186} INFO - Started process (PID=517) to work on /home/airflow/.local/lib/python3.12/site-packages/airflow/example_dags/example_inlet_event_extra.py
[2024-12-02T14:46:00.444+0000] {processor.py:914} INFO - Processing file /home/airflow/.local/lib/python3.12/site-packages/airflow/example_dags/example_inlet_event_extra.py for tasks to queue
[2024-12-02T14:46:00.446+0000] {logging_mixin.py:190} INFO - [2024-12-02T14:46:00.446+0000] {dagbag.py:588} INFO - Filling up the DagBag from /home/airflow/.local/lib/python3.12/site-packages/airflow/example_dags/example_inlet_event_extra.py
[2024-12-02T14:46:01.160+0000] {processor.py:925} INFO - DAG(s) 'read_dataset_event', 'read_dataset_event_from_classic' retrieved from /home/airflow/.local/lib/python3.12/site-packages/airflow/example_dags/example_inlet_event_extra.py
[2024-12-02T14:46:01.219+0000] {logging_mixin.py:190} INFO - [2024-12-02T14:46:01.219+0000] {dag.py:3239} INFO - Sync 2 DAGs
[2024-12-02T14:46:01.354+0000] {logging_mixin.py:190} INFO - [2024-12-02T14:46:01.347+0000] {dag.py:4180} INFO - Setting next_dagrun for read_dataset_event to 2024-12-01 00:00:00+00:00, run_after=2024-12-02 00:00:00+00:00
[2024-12-02T14:46:01.369+0000] {logging_mixin.py:190} INFO - [2024-12-02T14:46:01.369+0000] {dag.py:4180} INFO - Setting next_dagrun for read_dataset_event_from_classic to 2024-12-01 00:00:00+00:00, run_after=2024-12-02 00:00:00+00:00
[2024-12-02T14:46:01.443+0000] {processor.py:208} INFO - Processing /home/airflow/.local/lib/python3.12/site-packages/airflow/example_dags/example_inlet_event_extra.py took 1.004 seconds
[2024-12-02T14:46:40.801+0000] {processor.py:186} INFO - Started process (PID=582) to work on /home/airflow/.local/lib/python3.12/site-packages/airflow/example_dags/example_inlet_event_extra.py
[2024-12-02T14:46:40.803+0000] {processor.py:914} INFO - Processing file /home/airflow/.local/lib/python3.12/site-packages/airflow/example_dags/example_inlet_event_extra.py for tasks to queue
[2024-12-02T14:46:40.805+0000] {logging_mixin.py:190} INFO - [2024-12-02T14:46:40.804+0000] {dagbag.py:588} INFO - Filling up the DagBag from /home/airflow/.local/lib/python3.12/site-packages/airflow/example_dags/example_inlet_event_extra.py
[2024-12-02T14:46:41.663+0000] {processor.py:925} INFO - DAG(s) 'read_dataset_event', 'read_dataset_event_from_classic' retrieved from /home/airflow/.local/lib/python3.12/site-packages/airflow/example_dags/example_inlet_event_extra.py
[2024-12-02T14:46:41.686+0000] {logging_mixin.py:190} INFO - [2024-12-02T14:46:41.686+0000] {dag.py:3239} INFO - Sync 2 DAGs
[2024-12-02T14:46:41.711+0000] {logging_mixin.py:190} INFO - [2024-12-02T14:46:41.711+0000] {dag.py:4180} INFO - Setting next_dagrun for read_dataset_event to 2024-12-01 00:00:00+00:00, run_after=2024-12-02 00:00:00+00:00
[2024-12-02T14:46:41.718+0000] {logging_mixin.py:190} INFO - [2024-12-02T14:46:41.717+0000] {dag.py:4180} INFO - Setting next_dagrun for read_dataset_event_from_classic to 2024-12-01 00:00:00+00:00, run_after=2024-12-02 00:00:00+00:00
[2024-12-02T14:46:41.736+0000] {processor.py:208} INFO - Processing /home/airflow/.local/lib/python3.12/site-packages/airflow/example_dags/example_inlet_event_extra.py took 0.940 seconds
[2024-12-02T14:47:13.054+0000] {processor.py:186} INFO - Started process (PID=656) to work on /home/airflow/.local/lib/python3.12/site-packages/airflow/example_dags/example_inlet_event_extra.py
[2024-12-02T14:47:13.055+0000] {processor.py:914} INFO - Processing file /home/airflow/.local/lib/python3.12/site-packages/airflow/example_dags/example_inlet_event_extra.py for tasks to queue
[2024-12-02T14:47:13.057+0000] {logging_mixin.py:190} INFO - [2024-12-02T14:47:13.057+0000] {dagbag.py:588} INFO - Filling up the DagBag from /home/airflow/.local/lib/python3.12/site-packages/airflow/example_dags/example_inlet_event_extra.py
[2024-12-02T14:47:13.621+0000] {processor.py:925} INFO - DAG(s) 'read_dataset_event_from_classic', 'read_dataset_event' retrieved from /home/airflow/.local/lib/python3.12/site-packages/airflow/example_dags/example_inlet_event_extra.py
[2024-12-02T14:47:13.637+0000] {logging_mixin.py:190} INFO - [2024-12-02T14:47:13.637+0000] {dag.py:3239} INFO - Sync 2 DAGs
[2024-12-02T14:47:13.655+0000] {logging_mixin.py:190} INFO - [2024-12-02T14:47:13.654+0000] {dag.py:4180} INFO - Setting next_dagrun for read_dataset_event to 2024-12-01 00:00:00+00:00, run_after=2024-12-02 00:00:00+00:00
[2024-12-02T14:47:13.658+0000] {logging_mixin.py:190} INFO - [2024-12-02T14:47:13.658+0000] {dag.py:4180} INFO - Setting next_dagrun for read_dataset_event_from_classic to 2024-12-01 00:00:00+00:00, run_after=2024-12-02 00:00:00+00:00
[2024-12-02T14:47:13.671+0000] {processor.py:208} INFO - Processing /home/airflow/.local/lib/python3.12/site-packages/airflow/example_dags/example_inlet_event_extra.py took 0.621 seconds
[2024-12-02T14:47:44.499+0000] {processor.py:186} INFO - Started process (PID=716) to work on /home/airflow/.local/lib/python3.12/site-packages/airflow/example_dags/example_inlet_event_extra.py
[2024-12-02T14:47:44.501+0000] {processor.py:914} INFO - Processing file /home/airflow/.local/lib/python3.12/site-packages/airflow/example_dags/example_inlet_event_extra.py for tasks to queue
[2024-12-02T14:47:44.503+0000] {logging_mixin.py:190} INFO - [2024-12-02T14:47:44.503+0000] {dagbag.py:588} INFO - Filling up the DagBag from /home/airflow/.local/lib/python3.12/site-packages/airflow/example_dags/example_inlet_event_extra.py
[2024-12-02T14:47:44.993+0000] {processor.py:925} INFO - DAG(s) 'read_dataset_event', 'read_dataset_event_from_classic' retrieved from /home/airflow/.local/lib/python3.12/site-packages/airflow/example_dags/example_inlet_event_extra.py
[2024-12-02T14:47:45.016+0000] {logging_mixin.py:190} INFO - [2024-12-02T14:47:45.016+0000] {dag.py:3239} INFO - Sync 2 DAGs
[2024-12-02T14:47:45.035+0000] {logging_mixin.py:190} INFO - [2024-12-02T14:47:45.035+0000] {dag.py:4180} INFO - Setting next_dagrun for read_dataset_event to 2024-12-01 00:00:00+00:00, run_after=2024-12-02 00:00:00+00:00
[2024-12-02T14:47:45.041+0000] {logging_mixin.py:190} INFO - [2024-12-02T14:47:45.041+0000] {dag.py:4180} INFO - Setting next_dagrun for read_dataset_event_from_classic to 2024-12-01 00:00:00+00:00, run_after=2024-12-02 00:00:00+00:00
[2024-12-02T14:47:45.057+0000] {processor.py:208} INFO - Processing /home/airflow/.local/lib/python3.12/site-packages/airflow/example_dags/example_inlet_event_extra.py took 0.564 seconds
[2024-12-02T14:48:15.930+0000] {processor.py:186} INFO - Started process (PID=780) to work on /home/airflow/.local/lib/python3.12/site-packages/airflow/example_dags/example_inlet_event_extra.py
[2024-12-02T14:48:15.931+0000] {processor.py:914} INFO - Processing file /home/airflow/.local/lib/python3.12/site-packages/airflow/example_dags/example_inlet_event_extra.py for tasks to queue
[2024-12-02T14:48:15.933+0000] {logging_mixin.py:190} INFO - [2024-12-02T14:48:15.932+0000] {dagbag.py:588} INFO - Filling up the DagBag from /home/airflow/.local/lib/python3.12/site-packages/airflow/example_dags/example_inlet_event_extra.py
[2024-12-02T14:48:16.421+0000] {processor.py:925} INFO - DAG(s) 'read_dataset_event', 'read_dataset_event_from_classic' retrieved from /home/airflow/.local/lib/python3.12/site-packages/airflow/example_dags/example_inlet_event_extra.py
[2024-12-02T14:48:16.438+0000] {logging_mixin.py:190} INFO - [2024-12-02T14:48:16.438+0000] {dag.py:3239} INFO - Sync 2 DAGs
[2024-12-02T14:48:16.459+0000] {logging_mixin.py:190} INFO - [2024-12-02T14:48:16.459+0000] {dag.py:4180} INFO - Setting next_dagrun for read_dataset_event to 2024-12-01 00:00:00+00:00, run_after=2024-12-02 00:00:00+00:00
[2024-12-02T14:48:16.464+0000] {logging_mixin.py:190} INFO - [2024-12-02T14:48:16.463+0000] {dag.py:4180} INFO - Setting next_dagrun for read_dataset_event_from_classic to 2024-12-01 00:00:00+00:00, run_after=2024-12-02 00:00:00+00:00
[2024-12-02T14:48:16.477+0000] {processor.py:208} INFO - Processing /home/airflow/.local/lib/python3.12/site-packages/airflow/example_dags/example_inlet_event_extra.py took 0.552 seconds
[2024-12-02T14:48:47.473+0000] {processor.py:186} INFO - Started process (PID=844) to work on /home/airflow/.local/lib/python3.12/site-packages/airflow/example_dags/example_inlet_event_extra.py
[2024-12-02T14:48:47.474+0000] {processor.py:914} INFO - Processing file /home/airflow/.local/lib/python3.12/site-packages/airflow/example_dags/example_inlet_event_extra.py for tasks to queue
[2024-12-02T14:48:47.476+0000] {logging_mixin.py:190} INFO - [2024-12-02T14:48:47.476+0000] {dagbag.py:588} INFO - Filling up the DagBag from /home/airflow/.local/lib/python3.12/site-packages/airflow/example_dags/example_inlet_event_extra.py
[2024-12-02T14:48:48.043+0000] {processor.py:925} INFO - DAG(s) 'read_dataset_event', 'read_dataset_event_from_classic' retrieved from /home/airflow/.local/lib/python3.12/site-packages/airflow/example_dags/example_inlet_event_extra.py
[2024-12-02T14:48:48.067+0000] {logging_mixin.py:190} INFO - [2024-12-02T14:48:48.066+0000] {dag.py:3239} INFO - Sync 2 DAGs
[2024-12-02T14:48:48.093+0000] {logging_mixin.py:190} INFO - [2024-12-02T14:48:48.092+0000] {dag.py:4180} INFO - Setting next_dagrun for read_dataset_event to 2024-12-01 00:00:00+00:00, run_after=2024-12-02 00:00:00+00:00
[2024-12-02T14:48:48.099+0000] {logging_mixin.py:190} INFO - [2024-12-02T14:48:48.098+0000] {dag.py:4180} INFO - Setting next_dagrun for read_dataset_event_from_classic to 2024-12-01 00:00:00+00:00, run_after=2024-12-02 00:00:00+00:00
[2024-12-02T14:48:48.120+0000] {processor.py:208} INFO - Processing /home/airflow/.local/lib/python3.12/site-packages/airflow/example_dags/example_inlet_event_extra.py took 0.652 seconds
[2024-12-02T14:49:20.437+0000] {processor.py:186} INFO - Started process (PID=908) to work on /home/airflow/.local/lib/python3.12/site-packages/airflow/example_dags/example_inlet_event_extra.py
[2024-12-02T14:49:20.438+0000] {processor.py:914} INFO - Processing file /home/airflow/.local/lib/python3.12/site-packages/airflow/example_dags/example_inlet_event_extra.py for tasks to queue
[2024-12-02T14:49:20.440+0000] {logging_mixin.py:190} INFO - [2024-12-02T14:49:20.439+0000] {dagbag.py:588} INFO - Filling up the DagBag from /home/airflow/.local/lib/python3.12/site-packages/airflow/example_dags/example_inlet_event_extra.py
[2024-12-02T14:49:20.953+0000] {processor.py:925} INFO - DAG(s) 'read_dataset_event', 'read_dataset_event_from_classic' retrieved from /home/airflow/.local/lib/python3.12/site-packages/airflow/example_dags/example_inlet_event_extra.py
[2024-12-02T14:49:20.972+0000] {logging_mixin.py:190} INFO - [2024-12-02T14:49:20.971+0000] {dag.py:3239} INFO - Sync 2 DAGs
[2024-12-02T14:49:20.989+0000] {logging_mixin.py:190} INFO - [2024-12-02T14:49:20.989+0000] {dag.py:4180} INFO - Setting next_dagrun for read_dataset_event to 2024-12-01 00:00:00+00:00, run_after=2024-12-02 00:00:00+00:00
[2024-12-02T14:49:20.993+0000] {logging_mixin.py:190} INFO - [2024-12-02T14:49:20.993+0000] {dag.py:4180} INFO - Setting next_dagrun for read_dataset_event_from_classic to 2024-12-01 00:00:00+00:00, run_after=2024-12-02 00:00:00+00:00
[2024-12-02T14:49:21.005+0000] {processor.py:208} INFO - Processing /home/airflow/.local/lib/python3.12/site-packages/airflow/example_dags/example_inlet_event_extra.py took 0.572 seconds
[2024-12-02T14:49:51.805+0000] {processor.py:186} INFO - Started process (PID=972) to work on /home/airflow/.local/lib/python3.12/site-packages/airflow/example_dags/example_inlet_event_extra.py
[2024-12-02T14:49:51.806+0000] {processor.py:914} INFO - Processing file /home/airflow/.local/lib/python3.12/site-packages/airflow/example_dags/example_inlet_event_extra.py for tasks to queue
[2024-12-02T14:49:51.808+0000] {logging_mixin.py:190} INFO - [2024-12-02T14:49:51.808+0000] {dagbag.py:588} INFO - Filling up the DagBag from /home/airflow/.local/lib/python3.12/site-packages/airflow/example_dags/example_inlet_event_extra.py
[2024-12-02T14:49:52.311+0000] {processor.py:925} INFO - DAG(s) 'read_dataset_event_from_classic', 'read_dataset_event' retrieved from /home/airflow/.local/lib/python3.12/site-packages/airflow/example_dags/example_inlet_event_extra.py
[2024-12-02T14:49:52.330+0000] {logging_mixin.py:190} INFO - [2024-12-02T14:49:52.330+0000] {dag.py:3239} INFO - Sync 2 DAGs
[2024-12-02T14:49:52.354+0000] {logging_mixin.py:190} INFO - [2024-12-02T14:49:52.354+0000] {dag.py:4180} INFO - Setting next_dagrun for read_dataset_event to 2024-12-01 00:00:00+00:00, run_after=2024-12-02 00:00:00+00:00
[2024-12-02T14:49:52.359+0000] {logging_mixin.py:190} INFO - [2024-12-02T14:49:52.359+0000] {dag.py:4180} INFO - Setting next_dagrun for read_dataset_event_from_classic to 2024-12-01 00:00:00+00:00, run_after=2024-12-02 00:00:00+00:00
[2024-12-02T14:49:52.375+0000] {processor.py:208} INFO - Processing /home/airflow/.local/lib/python3.12/site-packages/airflow/example_dags/example_inlet_event_extra.py took 0.574 seconds
[2024-12-02T14:50:22.628+0000] {processor.py:186} INFO - Started process (PID=1036) to work on /home/airflow/.local/lib/python3.12/site-packages/airflow/example_dags/example_inlet_event_extra.py
[2024-12-02T14:50:22.629+0000] {processor.py:914} INFO - Processing file /home/airflow/.local/lib/python3.12/site-packages/airflow/example_dags/example_inlet_event_extra.py for tasks to queue
[2024-12-02T14:50:22.631+0000] {logging_mixin.py:190} INFO - [2024-12-02T14:50:22.631+0000] {dagbag.py:588} INFO - Filling up the DagBag from /home/airflow/.local/lib/python3.12/site-packages/airflow/example_dags/example_inlet_event_extra.py
[2024-12-02T14:50:23.064+0000] {processor.py:925} INFO - DAG(s) 'read_dataset_event', 'read_dataset_event_from_classic' retrieved from /home/airflow/.local/lib/python3.12/site-packages/airflow/example_dags/example_inlet_event_extra.py
[2024-12-02T14:50:23.086+0000] {logging_mixin.py:190} INFO - [2024-12-02T14:50:23.085+0000] {dag.py:3239} INFO - Sync 2 DAGs
[2024-12-02T14:50:23.135+0000] {logging_mixin.py:190} INFO - [2024-12-02T14:50:23.135+0000] {dag.py:4180} INFO - Setting next_dagrun for read_dataset_event to 2024-12-01 00:00:00+00:00, run_after=2024-12-02 00:00:00+00:00
[2024-12-02T14:50:23.139+0000] {logging_mixin.py:190} INFO - [2024-12-02T14:50:23.139+0000] {dag.py:4180} INFO - Setting next_dagrun for read_dataset_event_from_classic to 2024-12-01 00:00:00+00:00, run_after=2024-12-02 00:00:00+00:00
[2024-12-02T14:50:23.152+0000] {processor.py:208} INFO - Processing /home/airflow/.local/lib/python3.12/site-packages/airflow/example_dags/example_inlet_event_extra.py took 0.528 seconds
[2024-12-02T14:50:54.196+0000] {processor.py:186} INFO - Started process (PID=1100) to work on /home/airflow/.local/lib/python3.12/site-packages/airflow/example_dags/example_inlet_event_extra.py
[2024-12-02T14:50:54.197+0000] {processor.py:914} INFO - Processing file /home/airflow/.local/lib/python3.12/site-packages/airflow/example_dags/example_inlet_event_extra.py for tasks to queue
[2024-12-02T14:50:54.200+0000] {logging_mixin.py:190} INFO - [2024-12-02T14:50:54.199+0000] {dagbag.py:588} INFO - Filling up the DagBag from /home/airflow/.local/lib/python3.12/site-packages/airflow/example_dags/example_inlet_event_extra.py
[2024-12-02T14:50:54.656+0000] {processor.py:925} INFO - DAG(s) 'read_dataset_event', 'read_dataset_event_from_classic' retrieved from /home/airflow/.local/lib/python3.12/site-packages/airflow/example_dags/example_inlet_event_extra.py
[2024-12-02T14:50:54.672+0000] {logging_mixin.py:190} INFO - [2024-12-02T14:50:54.671+0000] {dag.py:3239} INFO - Sync 2 DAGs
[2024-12-02T14:50:54.689+0000] {logging_mixin.py:190} INFO - [2024-12-02T14:50:54.689+0000] {dag.py:4180} INFO - Setting next_dagrun for read_dataset_event to 2024-12-01 00:00:00+00:00, run_after=2024-12-02 00:00:00+00:00
[2024-12-02T14:50:54.693+0000] {logging_mixin.py:190} INFO - [2024-12-02T14:50:54.693+0000] {dag.py:4180} INFO - Setting next_dagrun for read_dataset_event_from_classic to 2024-12-01 00:00:00+00:00, run_after=2024-12-02 00:00:00+00:00
[2024-12-02T14:50:54.704+0000] {processor.py:208} INFO - Processing /home/airflow/.local/lib/python3.12/site-packages/airflow/example_dags/example_inlet_event_extra.py took 0.514 seconds
