[2024-12-02T14:42:37.049+0000] {processor.py:186} INFO - Started process (PID=126) to work on /home/airflow/.local/lib/python3.12/site-packages/airflow/example_dags/example_sla_dag.py
[2024-12-02T14:42:37.050+0000] {processor.py:914} INFO - Processing file /home/airflow/.local/lib/python3.12/site-packages/airflow/example_dags/example_sla_dag.py for tasks to queue
[2024-12-02T14:42:37.053+0000] {logging_mixin.py:190} INFO - [2024-12-02T14:42:37.052+0000] {dagbag.py:588} INFO - Filling up the DagBag from /home/airflow/.local/lib/python3.12/site-packages/airflow/example_dags/example_sla_dag.py
[2024-12-02T14:42:37.067+0000] {processor.py:925} INFO - DAG(s) 'example_sla_dag' retrieved from /home/airflow/.local/lib/python3.12/site-packages/airflow/example_dags/example_sla_dag.py
[2024-12-02T14:42:37.089+0000] {logging_mixin.py:190} INFO - [2024-12-02T14:42:37.089+0000] {dag.py:3239} INFO - Sync 1 DAGs
[2024-12-02T14:42:37.165+0000] {logging_mixin.py:190} INFO - [2024-12-02T14:42:37.165+0000] {dag.py:4180} INFO - Setting next_dagrun for example_sla_dag to 2024-12-02 14:40:00+00:00, run_after=2024-12-02 14:42:00+00:00
[2024-12-02T14:42:37.190+0000] {processor.py:208} INFO - Processing /home/airflow/.local/lib/python3.12/site-packages/airflow/example_dags/example_sla_dag.py took 0.145 seconds
[2024-12-02T14:43:24.609+0000] {processor.py:186} INFO - Started process (PID=200) to work on /home/airflow/.local/lib/python3.12/site-packages/airflow/example_dags/example_sla_dag.py
[2024-12-02T14:43:24.610+0000] {processor.py:914} INFO - Processing file /home/airflow/.local/lib/python3.12/site-packages/airflow/example_dags/example_sla_dag.py for tasks to queue
[2024-12-02T14:43:24.612+0000] {logging_mixin.py:190} INFO - [2024-12-02T14:43:24.612+0000] {dagbag.py:588} INFO - Filling up the DagBag from /home/airflow/.local/lib/python3.12/site-packages/airflow/example_dags/example_sla_dag.py
[2024-12-02T14:43:24.623+0000] {processor.py:925} INFO - DAG(s) 'example_sla_dag' retrieved from /home/airflow/.local/lib/python3.12/site-packages/airflow/example_dags/example_sla_dag.py
[2024-12-02T14:43:24.650+0000] {logging_mixin.py:190} INFO - [2024-12-02T14:43:24.649+0000] {dag.py:3239} INFO - Sync 1 DAGs
[2024-12-02T14:43:24.673+0000] {logging_mixin.py:190} INFO - [2024-12-02T14:43:24.673+0000] {dag.py:4180} INFO - Setting next_dagrun for example_sla_dag to 2024-12-02 14:40:00+00:00, run_after=2024-12-02 14:42:00+00:00
[2024-12-02T14:43:24.690+0000] {processor.py:208} INFO - Processing /home/airflow/.local/lib/python3.12/site-packages/airflow/example_dags/example_sla_dag.py took 0.086 seconds
[2024-12-02T14:43:55.563+0000] {processor.py:186} INFO - Started process (PID=264) to work on /home/airflow/.local/lib/python3.12/site-packages/airflow/example_dags/example_sla_dag.py
[2024-12-02T14:43:55.565+0000] {processor.py:914} INFO - Processing file /home/airflow/.local/lib/python3.12/site-packages/airflow/example_dags/example_sla_dag.py for tasks to queue
[2024-12-02T14:43:55.567+0000] {logging_mixin.py:190} INFO - [2024-12-02T14:43:55.567+0000] {dagbag.py:588} INFO - Filling up the DagBag from /home/airflow/.local/lib/python3.12/site-packages/airflow/example_dags/example_sla_dag.py
[2024-12-02T14:43:55.574+0000] {processor.py:925} INFO - DAG(s) 'example_sla_dag' retrieved from /home/airflow/.local/lib/python3.12/site-packages/airflow/example_dags/example_sla_dag.py
[2024-12-02T14:43:55.592+0000] {logging_mixin.py:190} INFO - [2024-12-02T14:43:55.591+0000] {dag.py:3239} INFO - Sync 1 DAGs
[2024-12-02T14:43:55.612+0000] {logging_mixin.py:190} INFO - [2024-12-02T14:43:55.611+0000] {dag.py:4180} INFO - Setting next_dagrun for example_sla_dag to 2024-12-02 14:40:00+00:00, run_after=2024-12-02 14:42:00+00:00
[2024-12-02T14:43:55.628+0000] {processor.py:208} INFO - Processing /home/airflow/.local/lib/python3.12/site-packages/airflow/example_dags/example_sla_dag.py took 0.069 seconds
[2024-12-02T14:44:26.835+0000] {processor.py:186} INFO - Started process (PID=331) to work on /home/airflow/.local/lib/python3.12/site-packages/airflow/example_dags/example_sla_dag.py
[2024-12-02T14:44:26.837+0000] {processor.py:914} INFO - Processing file /home/airflow/.local/lib/python3.12/site-packages/airflow/example_dags/example_sla_dag.py for tasks to queue
[2024-12-02T14:44:26.839+0000] {logging_mixin.py:190} INFO - [2024-12-02T14:44:26.838+0000] {dagbag.py:588} INFO - Filling up the DagBag from /home/airflow/.local/lib/python3.12/site-packages/airflow/example_dags/example_sla_dag.py
[2024-12-02T14:44:26.846+0000] {processor.py:925} INFO - DAG(s) 'example_sla_dag' retrieved from /home/airflow/.local/lib/python3.12/site-packages/airflow/example_dags/example_sla_dag.py
[2024-12-02T14:44:26.861+0000] {logging_mixin.py:190} INFO - [2024-12-02T14:44:26.860+0000] {dag.py:3239} INFO - Sync 1 DAGs
[2024-12-02T14:44:26.880+0000] {logging_mixin.py:190} INFO - [2024-12-02T14:44:26.880+0000] {dag.py:4180} INFO - Setting next_dagrun for example_sla_dag to 2024-12-02 14:42:00+00:00, run_after=2024-12-02 14:44:00+00:00
[2024-12-02T14:44:26.893+0000] {processor.py:208} INFO - Processing /home/airflow/.local/lib/python3.12/site-packages/airflow/example_dags/example_sla_dag.py took 0.062 seconds
[2024-12-02T14:44:57.714+0000] {processor.py:186} INFO - Started process (PID=395) to work on /home/airflow/.local/lib/python3.12/site-packages/airflow/example_dags/example_sla_dag.py
[2024-12-02T14:44:57.715+0000] {processor.py:914} INFO - Processing file /home/airflow/.local/lib/python3.12/site-packages/airflow/example_dags/example_sla_dag.py for tasks to queue
[2024-12-02T14:44:57.717+0000] {logging_mixin.py:190} INFO - [2024-12-02T14:44:57.717+0000] {dagbag.py:588} INFO - Filling up the DagBag from /home/airflow/.local/lib/python3.12/site-packages/airflow/example_dags/example_sla_dag.py
[2024-12-02T14:44:57.724+0000] {processor.py:925} INFO - DAG(s) 'example_sla_dag' retrieved from /home/airflow/.local/lib/python3.12/site-packages/airflow/example_dags/example_sla_dag.py
[2024-12-02T14:44:57.739+0000] {logging_mixin.py:190} INFO - [2024-12-02T14:44:57.739+0000] {dag.py:3239} INFO - Sync 1 DAGs
[2024-12-02T14:44:57.763+0000] {logging_mixin.py:190} INFO - [2024-12-02T14:44:57.763+0000] {dag.py:4180} INFO - Setting next_dagrun for example_sla_dag to 2024-12-02 14:42:00+00:00, run_after=2024-12-02 14:44:00+00:00
[2024-12-02T14:44:57.776+0000] {processor.py:208} INFO - Processing /home/airflow/.local/lib/python3.12/site-packages/airflow/example_dags/example_sla_dag.py took 0.066 seconds
[2024-12-02T14:45:28.657+0000] {processor.py:186} INFO - Started process (PID=459) to work on /home/airflow/.local/lib/python3.12/site-packages/airflow/example_dags/example_sla_dag.py
[2024-12-02T14:45:28.658+0000] {processor.py:914} INFO - Processing file /home/airflow/.local/lib/python3.12/site-packages/airflow/example_dags/example_sla_dag.py for tasks to queue
[2024-12-02T14:45:28.660+0000] {logging_mixin.py:190} INFO - [2024-12-02T14:45:28.660+0000] {dagbag.py:588} INFO - Filling up the DagBag from /home/airflow/.local/lib/python3.12/site-packages/airflow/example_dags/example_sla_dag.py
[2024-12-02T14:45:28.667+0000] {processor.py:925} INFO - DAG(s) 'example_sla_dag' retrieved from /home/airflow/.local/lib/python3.12/site-packages/airflow/example_dags/example_sla_dag.py
[2024-12-02T14:45:28.681+0000] {logging_mixin.py:190} INFO - [2024-12-02T14:45:28.681+0000] {dag.py:3239} INFO - Sync 1 DAGs
[2024-12-02T14:45:28.701+0000] {logging_mixin.py:190} INFO - [2024-12-02T14:45:28.701+0000] {dag.py:4180} INFO - Setting next_dagrun for example_sla_dag to 2024-12-02 14:42:00+00:00, run_after=2024-12-02 14:44:00+00:00
[2024-12-02T14:45:28.718+0000] {processor.py:208} INFO - Processing /home/airflow/.local/lib/python3.12/site-packages/airflow/example_dags/example_sla_dag.py took 0.065 seconds
[2024-12-02T14:46:01.493+0000] {processor.py:186} INFO - Started process (PID=523) to work on /home/airflow/.local/lib/python3.12/site-packages/airflow/example_dags/example_sla_dag.py
[2024-12-02T14:46:01.494+0000] {processor.py:914} INFO - Processing file /home/airflow/.local/lib/python3.12/site-packages/airflow/example_dags/example_sla_dag.py for tasks to queue
[2024-12-02T14:46:01.496+0000] {logging_mixin.py:190} INFO - [2024-12-02T14:46:01.495+0000] {dagbag.py:588} INFO - Filling up the DagBag from /home/airflow/.local/lib/python3.12/site-packages/airflow/example_dags/example_sla_dag.py
[2024-12-02T14:46:01.571+0000] {processor.py:925} INFO - DAG(s) 'example_sla_dag' retrieved from /home/airflow/.local/lib/python3.12/site-packages/airflow/example_dags/example_sla_dag.py
[2024-12-02T14:46:01.668+0000] {logging_mixin.py:190} INFO - [2024-12-02T14:46:01.667+0000] {dag.py:3239} INFO - Sync 1 DAGs
[2024-12-02T14:46:01.687+0000] {logging_mixin.py:190} INFO - [2024-12-02T14:46:01.686+0000] {dag.py:4180} INFO - Setting next_dagrun for example_sla_dag to 2024-12-02 14:44:00+00:00, run_after=2024-12-02 14:46:00+00:00
[2024-12-02T14:46:01.702+0000] {processor.py:208} INFO - Processing /home/airflow/.local/lib/python3.12/site-packages/airflow/example_dags/example_sla_dag.py took 0.213 seconds
[2024-12-02T14:46:41.502+0000] {processor.py:186} INFO - Started process (PID=594) to work on /home/airflow/.local/lib/python3.12/site-packages/airflow/example_dags/example_sla_dag.py
[2024-12-02T14:46:41.504+0000] {processor.py:914} INFO - Processing file /home/airflow/.local/lib/python3.12/site-packages/airflow/example_dags/example_sla_dag.py for tasks to queue
[2024-12-02T14:46:41.506+0000] {logging_mixin.py:190} INFO - [2024-12-02T14:46:41.506+0000] {dagbag.py:588} INFO - Filling up the DagBag from /home/airflow/.local/lib/python3.12/site-packages/airflow/example_dags/example_sla_dag.py
[2024-12-02T14:46:41.517+0000] {processor.py:925} INFO - DAG(s) 'example_sla_dag' retrieved from /home/airflow/.local/lib/python3.12/site-packages/airflow/example_dags/example_sla_dag.py
[2024-12-02T14:46:41.537+0000] {logging_mixin.py:190} INFO - [2024-12-02T14:46:41.536+0000] {dag.py:3239} INFO - Sync 1 DAGs
[2024-12-02T14:46:41.563+0000] {logging_mixin.py:190} INFO - [2024-12-02T14:46:41.563+0000] {dag.py:4180} INFO - Setting next_dagrun for example_sla_dag to 2024-12-02 14:44:00+00:00, run_after=2024-12-02 14:46:00+00:00
[2024-12-02T14:46:41.579+0000] {processor.py:208} INFO - Processing /home/airflow/.local/lib/python3.12/site-packages/airflow/example_dags/example_sla_dag.py took 0.081 seconds
[2024-12-02T14:47:13.205+0000] {processor.py:186} INFO - Started process (PID=658) to work on /home/airflow/.local/lib/python3.12/site-packages/airflow/example_dags/example_sla_dag.py
[2024-12-02T14:47:13.206+0000] {processor.py:914} INFO - Processing file /home/airflow/.local/lib/python3.12/site-packages/airflow/example_dags/example_sla_dag.py for tasks to queue
[2024-12-02T14:47:13.208+0000] {logging_mixin.py:190} INFO - [2024-12-02T14:47:13.208+0000] {dagbag.py:588} INFO - Filling up the DagBag from /home/airflow/.local/lib/python3.12/site-packages/airflow/example_dags/example_sla_dag.py
[2024-12-02T14:47:13.216+0000] {processor.py:925} INFO - DAG(s) 'example_sla_dag' retrieved from /home/airflow/.local/lib/python3.12/site-packages/airflow/example_dags/example_sla_dag.py
[2024-12-02T14:47:13.240+0000] {logging_mixin.py:190} INFO - [2024-12-02T14:47:13.240+0000] {dag.py:3239} INFO - Sync 1 DAGs
[2024-12-02T14:47:13.262+0000] {logging_mixin.py:190} INFO - [2024-12-02T14:47:13.262+0000] {dag.py:4180} INFO - Setting next_dagrun for example_sla_dag to 2024-12-02 14:44:00+00:00, run_after=2024-12-02 14:46:00+00:00
[2024-12-02T14:47:13.279+0000] {processor.py:208} INFO - Processing /home/airflow/.local/lib/python3.12/site-packages/airflow/example_dags/example_sla_dag.py took 0.078 seconds
[2024-12-02T14:47:45.018+0000] {processor.py:186} INFO - Started process (PID=722) to work on /home/airflow/.local/lib/python3.12/site-packages/airflow/example_dags/example_sla_dag.py
[2024-12-02T14:47:45.019+0000] {processor.py:914} INFO - Processing file /home/airflow/.local/lib/python3.12/site-packages/airflow/example_dags/example_sla_dag.py for tasks to queue
[2024-12-02T14:47:45.021+0000] {logging_mixin.py:190} INFO - [2024-12-02T14:47:45.021+0000] {dagbag.py:588} INFO - Filling up the DagBag from /home/airflow/.local/lib/python3.12/site-packages/airflow/example_dags/example_sla_dag.py
[2024-12-02T14:47:45.028+0000] {processor.py:925} INFO - DAG(s) 'example_sla_dag' retrieved from /home/airflow/.local/lib/python3.12/site-packages/airflow/example_dags/example_sla_dag.py
[2024-12-02T14:47:45.089+0000] {logging_mixin.py:190} INFO - [2024-12-02T14:47:45.088+0000] {dag.py:3239} INFO - Sync 1 DAGs
[2024-12-02T14:47:45.110+0000] {logging_mixin.py:190} INFO - [2024-12-02T14:47:45.110+0000] {dag.py:4180} INFO - Setting next_dagrun for example_sla_dag to 2024-12-02 14:44:00+00:00, run_after=2024-12-02 14:46:00+00:00
[2024-12-02T14:47:45.124+0000] {processor.py:208} INFO - Processing /home/airflow/.local/lib/python3.12/site-packages/airflow/example_dags/example_sla_dag.py took 0.111 seconds
[2024-12-02T14:48:16.463+0000] {processor.py:186} INFO - Started process (PID=786) to work on /home/airflow/.local/lib/python3.12/site-packages/airflow/example_dags/example_sla_dag.py
[2024-12-02T14:48:16.464+0000] {processor.py:914} INFO - Processing file /home/airflow/.local/lib/python3.12/site-packages/airflow/example_dags/example_sla_dag.py for tasks to queue
[2024-12-02T14:48:16.467+0000] {logging_mixin.py:190} INFO - [2024-12-02T14:48:16.466+0000] {dagbag.py:588} INFO - Filling up the DagBag from /home/airflow/.local/lib/python3.12/site-packages/airflow/example_dags/example_sla_dag.py
[2024-12-02T14:48:16.476+0000] {processor.py:925} INFO - DAG(s) 'example_sla_dag' retrieved from /home/airflow/.local/lib/python3.12/site-packages/airflow/example_dags/example_sla_dag.py
[2024-12-02T14:48:16.493+0000] {logging_mixin.py:190} INFO - [2024-12-02T14:48:16.493+0000] {dag.py:3239} INFO - Sync 1 DAGs
[2024-12-02T14:48:16.515+0000] {logging_mixin.py:190} INFO - [2024-12-02T14:48:16.515+0000] {dag.py:4180} INFO - Setting next_dagrun for example_sla_dag to 2024-12-02 14:46:00+00:00, run_after=2024-12-02 14:48:00+00:00
[2024-12-02T14:48:16.531+0000] {processor.py:208} INFO - Processing /home/airflow/.local/lib/python3.12/site-packages/airflow/example_dags/example_sla_dag.py took 0.072 seconds
[2024-12-02T14:48:48.131+0000] {processor.py:186} INFO - Started process (PID=850) to work on /home/airflow/.local/lib/python3.12/site-packages/airflow/example_dags/example_sla_dag.py
[2024-12-02T14:48:48.132+0000] {processor.py:914} INFO - Processing file /home/airflow/.local/lib/python3.12/site-packages/airflow/example_dags/example_sla_dag.py for tasks to queue
[2024-12-02T14:48:48.135+0000] {logging_mixin.py:190} INFO - [2024-12-02T14:48:48.134+0000] {dagbag.py:588} INFO - Filling up the DagBag from /home/airflow/.local/lib/python3.12/site-packages/airflow/example_dags/example_sla_dag.py
[2024-12-02T14:48:48.147+0000] {processor.py:925} INFO - DAG(s) 'example_sla_dag' retrieved from /home/airflow/.local/lib/python3.12/site-packages/airflow/example_dags/example_sla_dag.py
[2024-12-02T14:48:48.169+0000] {logging_mixin.py:190} INFO - [2024-12-02T14:48:48.169+0000] {dag.py:3239} INFO - Sync 1 DAGs
[2024-12-02T14:48:48.203+0000] {logging_mixin.py:190} INFO - [2024-12-02T14:48:48.202+0000] {dag.py:4180} INFO - Setting next_dagrun for example_sla_dag to 2024-12-02 14:46:00+00:00, run_after=2024-12-02 14:48:00+00:00
[2024-12-02T14:48:48.224+0000] {processor.py:208} INFO - Processing /home/airflow/.local/lib/python3.12/site-packages/airflow/example_dags/example_sla_dag.py took 0.114 seconds
[2024-12-02T14:49:20.887+0000] {processor.py:186} INFO - Started process (PID=914) to work on /home/airflow/.local/lib/python3.12/site-packages/airflow/example_dags/example_sla_dag.py
[2024-12-02T14:49:20.888+0000] {processor.py:914} INFO - Processing file /home/airflow/.local/lib/python3.12/site-packages/airflow/example_dags/example_sla_dag.py for tasks to queue
[2024-12-02T14:49:20.890+0000] {logging_mixin.py:190} INFO - [2024-12-02T14:49:20.890+0000] {dagbag.py:588} INFO - Filling up the DagBag from /home/airflow/.local/lib/python3.12/site-packages/airflow/example_dags/example_sla_dag.py
[2024-12-02T14:49:20.897+0000] {processor.py:925} INFO - DAG(s) 'example_sla_dag' retrieved from /home/airflow/.local/lib/python3.12/site-packages/airflow/example_dags/example_sla_dag.py
[2024-12-02T14:49:20.915+0000] {logging_mixin.py:190} INFO - [2024-12-02T14:49:20.914+0000] {dag.py:3239} INFO - Sync 1 DAGs
[2024-12-02T14:49:20.933+0000] {logging_mixin.py:190} INFO - [2024-12-02T14:49:20.933+0000] {dag.py:4180} INFO - Setting next_dagrun for example_sla_dag to 2024-12-02 14:46:00+00:00, run_after=2024-12-02 14:48:00+00:00
[2024-12-02T14:49:20.948+0000] {processor.py:208} INFO - Processing /home/airflow/.local/lib/python3.12/site-packages/airflow/example_dags/example_sla_dag.py took 0.066 seconds
[2024-12-02T14:49:52.510+0000] {processor.py:186} INFO - Started process (PID=978) to work on /home/airflow/.local/lib/python3.12/site-packages/airflow/example_dags/example_sla_dag.py
[2024-12-02T14:49:52.511+0000] {processor.py:914} INFO - Processing file /home/airflow/.local/lib/python3.12/site-packages/airflow/example_dags/example_sla_dag.py for tasks to queue
[2024-12-02T14:49:52.513+0000] {logging_mixin.py:190} INFO - [2024-12-02T14:49:52.513+0000] {dagbag.py:588} INFO - Filling up the DagBag from /home/airflow/.local/lib/python3.12/site-packages/airflow/example_dags/example_sla_dag.py
[2024-12-02T14:49:52.521+0000] {processor.py:925} INFO - DAG(s) 'example_sla_dag' retrieved from /home/airflow/.local/lib/python3.12/site-packages/airflow/example_dags/example_sla_dag.py
[2024-12-02T14:49:52.545+0000] {logging_mixin.py:190} INFO - [2024-12-02T14:49:52.544+0000] {dag.py:3239} INFO - Sync 1 DAGs
[2024-12-02T14:49:52.567+0000] {logging_mixin.py:190} INFO - [2024-12-02T14:49:52.567+0000] {dag.py:4180} INFO - Setting next_dagrun for example_sla_dag to 2024-12-02 14:46:00+00:00, run_after=2024-12-02 14:48:00+00:00
[2024-12-02T14:49:52.582+0000] {processor.py:208} INFO - Processing /home/airflow/.local/lib/python3.12/site-packages/airflow/example_dags/example_sla_dag.py took 0.077 seconds
[2024-12-02T14:50:23.423+0000] {processor.py:186} INFO - Started process (PID=1043) to work on /home/airflow/.local/lib/python3.12/site-packages/airflow/example_dags/example_sla_dag.py
[2024-12-02T14:50:23.424+0000] {processor.py:914} INFO - Processing file /home/airflow/.local/lib/python3.12/site-packages/airflow/example_dags/example_sla_dag.py for tasks to queue
[2024-12-02T14:50:23.426+0000] {logging_mixin.py:190} INFO - [2024-12-02T14:50:23.426+0000] {dagbag.py:588} INFO - Filling up the DagBag from /home/airflow/.local/lib/python3.12/site-packages/airflow/example_dags/example_sla_dag.py
[2024-12-02T14:50:23.434+0000] {processor.py:925} INFO - DAG(s) 'example_sla_dag' retrieved from /home/airflow/.local/lib/python3.12/site-packages/airflow/example_dags/example_sla_dag.py
[2024-12-02T14:50:23.449+0000] {logging_mixin.py:190} INFO - [2024-12-02T14:50:23.448+0000] {dag.py:3239} INFO - Sync 1 DAGs
[2024-12-02T14:50:23.468+0000] {logging_mixin.py:190} INFO - [2024-12-02T14:50:23.468+0000] {dag.py:4180} INFO - Setting next_dagrun for example_sla_dag to 2024-12-02 14:48:00+00:00, run_after=2024-12-02 14:50:00+00:00
[2024-12-02T14:50:23.483+0000] {processor.py:208} INFO - Processing /home/airflow/.local/lib/python3.12/site-packages/airflow/example_dags/example_sla_dag.py took 0.064 seconds
[2024-12-02T14:50:54.839+0000] {processor.py:186} INFO - Started process (PID=1106) to work on /home/airflow/.local/lib/python3.12/site-packages/airflow/example_dags/example_sla_dag.py
[2024-12-02T14:50:54.840+0000] {processor.py:914} INFO - Processing file /home/airflow/.local/lib/python3.12/site-packages/airflow/example_dags/example_sla_dag.py for tasks to queue
[2024-12-02T14:50:54.842+0000] {logging_mixin.py:190} INFO - [2024-12-02T14:50:54.841+0000] {dagbag.py:588} INFO - Filling up the DagBag from /home/airflow/.local/lib/python3.12/site-packages/airflow/example_dags/example_sla_dag.py
[2024-12-02T14:50:54.851+0000] {processor.py:925} INFO - DAG(s) 'example_sla_dag' retrieved from /home/airflow/.local/lib/python3.12/site-packages/airflow/example_dags/example_sla_dag.py
[2024-12-02T14:50:54.868+0000] {logging_mixin.py:190} INFO - [2024-12-02T14:50:54.868+0000] {dag.py:3239} INFO - Sync 1 DAGs
[2024-12-02T14:50:54.888+0000] {logging_mixin.py:190} INFO - [2024-12-02T14:50:54.888+0000] {dag.py:4180} INFO - Setting next_dagrun for example_sla_dag to 2024-12-02 14:48:00+00:00, run_after=2024-12-02 14:50:00+00:00
[2024-12-02T14:50:54.905+0000] {processor.py:208} INFO - Processing /home/airflow/.local/lib/python3.12/site-packages/airflow/example_dags/example_sla_dag.py took 0.070 seconds
