[2024-12-02T14:42:31.504+0000] {processor.py:186} INFO - Started process (PID=116) to work on /home/airflow/.local/lib/python3.12/site-packages/airflow/example_dags/example_dynamic_task_mapping.py
[2024-12-02T14:42:31.505+0000] {processor.py:914} INFO - Processing file /home/airflow/.local/lib/python3.12/site-packages/airflow/example_dags/example_dynamic_task_mapping.py for tasks to queue
[2024-12-02T14:42:31.509+0000] {logging_mixin.py:190} INFO - [2024-12-02T14:42:31.508+0000] {dagbag.py:588} INFO - Filling up the DagBag from /home/airflow/.local/lib/python3.12/site-packages/airflow/example_dags/example_dynamic_task_mapping.py
[2024-12-02T14:42:31.538+0000] {processor.py:925} INFO - DAG(s) 'example_dynamic_task_mapping' retrieved from /home/airflow/.local/lib/python3.12/site-packages/airflow/example_dags/example_dynamic_task_mapping.py
[2024-12-02T14:42:31.585+0000] {logging_mixin.py:190} INFO - [2024-12-02T14:42:31.585+0000] {dag.py:3239} INFO - Sync 1 DAGs
[2024-12-02T14:42:31.608+0000] {logging_mixin.py:190} INFO - [2024-12-02T14:42:31.608+0000] {dag.py:4180} INFO - Setting next_dagrun for example_dynamic_task_mapping to None, run_after=None
[2024-12-02T14:42:31.643+0000] {processor.py:208} INFO - Processing /home/airflow/.local/lib/python3.12/site-packages/airflow/example_dags/example_dynamic_task_mapping.py took 0.145 seconds
[2024-12-02T14:43:22.672+0000] {processor.py:186} INFO - Started process (PID=190) to work on /home/airflow/.local/lib/python3.12/site-packages/airflow/example_dags/example_dynamic_task_mapping.py
[2024-12-02T14:43:22.687+0000] {processor.py:914} INFO - Processing file /home/airflow/.local/lib/python3.12/site-packages/airflow/example_dags/example_dynamic_task_mapping.py for tasks to queue
[2024-12-02T14:43:22.701+0000] {logging_mixin.py:190} INFO - [2024-12-02T14:43:22.700+0000] {dagbag.py:588} INFO - Filling up the DagBag from /home/airflow/.local/lib/python3.12/site-packages/airflow/example_dags/example_dynamic_task_mapping.py
[2024-12-02T14:43:22.732+0000] {processor.py:925} INFO - DAG(s) 'example_dynamic_task_mapping' retrieved from /home/airflow/.local/lib/python3.12/site-packages/airflow/example_dags/example_dynamic_task_mapping.py
[2024-12-02T14:43:22.756+0000] {logging_mixin.py:190} INFO - [2024-12-02T14:43:22.756+0000] {dag.py:3239} INFO - Sync 1 DAGs
[2024-12-02T14:43:22.789+0000] {logging_mixin.py:190} INFO - [2024-12-02T14:43:22.789+0000] {dag.py:4180} INFO - Setting next_dagrun for example_dynamic_task_mapping to None, run_after=None
[2024-12-02T14:43:22.825+0000] {processor.py:208} INFO - Processing /home/airflow/.local/lib/python3.12/site-packages/airflow/example_dags/example_dynamic_task_mapping.py took 0.159 seconds
[2024-12-02T14:43:53.217+0000] {processor.py:186} INFO - Started process (PID=253) to work on /home/airflow/.local/lib/python3.12/site-packages/airflow/example_dags/example_dynamic_task_mapping.py
[2024-12-02T14:43:53.225+0000] {processor.py:914} INFO - Processing file /home/airflow/.local/lib/python3.12/site-packages/airflow/example_dags/example_dynamic_task_mapping.py for tasks to queue
[2024-12-02T14:43:53.228+0000] {logging_mixin.py:190} INFO - [2024-12-02T14:43:53.227+0000] {dagbag.py:588} INFO - Filling up the DagBag from /home/airflow/.local/lib/python3.12/site-packages/airflow/example_dags/example_dynamic_task_mapping.py
[2024-12-02T14:43:53.234+0000] {processor.py:925} INFO - DAG(s) 'example_dynamic_task_mapping' retrieved from /home/airflow/.local/lib/python3.12/site-packages/airflow/example_dags/example_dynamic_task_mapping.py
[2024-12-02T14:43:53.250+0000] {logging_mixin.py:190} INFO - [2024-12-02T14:43:53.250+0000] {dag.py:3239} INFO - Sync 1 DAGs
[2024-12-02T14:43:53.261+0000] {logging_mixin.py:190} INFO - [2024-12-02T14:43:53.261+0000] {dag.py:4180} INFO - Setting next_dagrun for example_dynamic_task_mapping to None, run_after=None
[2024-12-02T14:43:53.276+0000] {processor.py:208} INFO - Processing /home/airflow/.local/lib/python3.12/site-packages/airflow/example_dags/example_dynamic_task_mapping.py took 0.064 seconds
[2024-12-02T14:44:24.080+0000] {processor.py:186} INFO - Started process (PID=317) to work on /home/airflow/.local/lib/python3.12/site-packages/airflow/example_dags/example_dynamic_task_mapping.py
[2024-12-02T14:44:24.082+0000] {processor.py:914} INFO - Processing file /home/airflow/.local/lib/python3.12/site-packages/airflow/example_dags/example_dynamic_task_mapping.py for tasks to queue
[2024-12-02T14:44:24.083+0000] {logging_mixin.py:190} INFO - [2024-12-02T14:44:24.083+0000] {dagbag.py:588} INFO - Filling up the DagBag from /home/airflow/.local/lib/python3.12/site-packages/airflow/example_dags/example_dynamic_task_mapping.py
[2024-12-02T14:44:24.090+0000] {processor.py:925} INFO - DAG(s) 'example_dynamic_task_mapping' retrieved from /home/airflow/.local/lib/python3.12/site-packages/airflow/example_dags/example_dynamic_task_mapping.py
[2024-12-02T14:44:24.109+0000] {logging_mixin.py:190} INFO - [2024-12-02T14:44:24.109+0000] {dag.py:3239} INFO - Sync 1 DAGs
[2024-12-02T14:44:24.122+0000] {logging_mixin.py:190} INFO - [2024-12-02T14:44:24.122+0000] {dag.py:4180} INFO - Setting next_dagrun for example_dynamic_task_mapping to None, run_after=None
[2024-12-02T14:44:24.138+0000] {processor.py:208} INFO - Processing /home/airflow/.local/lib/python3.12/site-packages/airflow/example_dags/example_dynamic_task_mapping.py took 0.062 seconds
[2024-12-02T14:44:55.296+0000] {processor.py:186} INFO - Started process (PID=381) to work on /home/airflow/.local/lib/python3.12/site-packages/airflow/example_dags/example_dynamic_task_mapping.py
[2024-12-02T14:44:55.297+0000] {processor.py:914} INFO - Processing file /home/airflow/.local/lib/python3.12/site-packages/airflow/example_dags/example_dynamic_task_mapping.py for tasks to queue
[2024-12-02T14:44:55.299+0000] {logging_mixin.py:190} INFO - [2024-12-02T14:44:55.299+0000] {dagbag.py:588} INFO - Filling up the DagBag from /home/airflow/.local/lib/python3.12/site-packages/airflow/example_dags/example_dynamic_task_mapping.py
[2024-12-02T14:44:55.305+0000] {processor.py:925} INFO - DAG(s) 'example_dynamic_task_mapping' retrieved from /home/airflow/.local/lib/python3.12/site-packages/airflow/example_dags/example_dynamic_task_mapping.py
[2024-12-02T14:44:55.321+0000] {logging_mixin.py:190} INFO - [2024-12-02T14:44:55.321+0000] {dag.py:3239} INFO - Sync 1 DAGs
[2024-12-02T14:44:55.333+0000] {logging_mixin.py:190} INFO - [2024-12-02T14:44:55.332+0000] {dag.py:4180} INFO - Setting next_dagrun for example_dynamic_task_mapping to None, run_after=None
[2024-12-02T14:44:55.347+0000] {processor.py:208} INFO - Processing /home/airflow/.local/lib/python3.12/site-packages/airflow/example_dags/example_dynamic_task_mapping.py took 0.055 seconds
[2024-12-02T14:45:26.548+0000] {processor.py:186} INFO - Started process (PID=445) to work on /home/airflow/.local/lib/python3.12/site-packages/airflow/example_dags/example_dynamic_task_mapping.py
[2024-12-02T14:45:26.549+0000] {processor.py:914} INFO - Processing file /home/airflow/.local/lib/python3.12/site-packages/airflow/example_dags/example_dynamic_task_mapping.py for tasks to queue
[2024-12-02T14:45:26.551+0000] {logging_mixin.py:190} INFO - [2024-12-02T14:45:26.550+0000] {dagbag.py:588} INFO - Filling up the DagBag from /home/airflow/.local/lib/python3.12/site-packages/airflow/example_dags/example_dynamic_task_mapping.py
[2024-12-02T14:45:26.557+0000] {processor.py:925} INFO - DAG(s) 'example_dynamic_task_mapping' retrieved from /home/airflow/.local/lib/python3.12/site-packages/airflow/example_dags/example_dynamic_task_mapping.py
[2024-12-02T14:45:26.573+0000] {logging_mixin.py:190} INFO - [2024-12-02T14:45:26.572+0000] {dag.py:3239} INFO - Sync 1 DAGs
[2024-12-02T14:45:26.583+0000] {logging_mixin.py:190} INFO - [2024-12-02T14:45:26.583+0000] {dag.py:4180} INFO - Setting next_dagrun for example_dynamic_task_mapping to None, run_after=None
[2024-12-02T14:45:26.598+0000] {processor.py:208} INFO - Processing /home/airflow/.local/lib/python3.12/site-packages/airflow/example_dags/example_dynamic_task_mapping.py took 0.054 seconds
[2024-12-02T14:45:59.786+0000] {processor.py:186} INFO - Started process (PID=513) to work on /home/airflow/.local/lib/python3.12/site-packages/airflow/example_dags/example_dynamic_task_mapping.py
[2024-12-02T14:45:59.787+0000] {processor.py:914} INFO - Processing file /home/airflow/.local/lib/python3.12/site-packages/airflow/example_dags/example_dynamic_task_mapping.py for tasks to queue
[2024-12-02T14:45:59.789+0000] {logging_mixin.py:190} INFO - [2024-12-02T14:45:59.789+0000] {dagbag.py:588} INFO - Filling up the DagBag from /home/airflow/.local/lib/python3.12/site-packages/airflow/example_dags/example_dynamic_task_mapping.py
[2024-12-02T14:45:59.796+0000] {processor.py:925} INFO - DAG(s) 'example_dynamic_task_mapping' retrieved from /home/airflow/.local/lib/python3.12/site-packages/airflow/example_dags/example_dynamic_task_mapping.py
[2024-12-02T14:45:59.814+0000] {logging_mixin.py:190} INFO - [2024-12-02T14:45:59.814+0000] {dag.py:3239} INFO - Sync 1 DAGs
[2024-12-02T14:45:59.827+0000] {logging_mixin.py:190} INFO - [2024-12-02T14:45:59.827+0000] {dag.py:4180} INFO - Setting next_dagrun for example_dynamic_task_mapping to None, run_after=None
[2024-12-02T14:45:59.845+0000] {processor.py:208} INFO - Processing /home/airflow/.local/lib/python3.12/site-packages/airflow/example_dags/example_dynamic_task_mapping.py took 0.064 seconds
[2024-12-02T14:46:38.222+0000] {processor.py:186} INFO - Started process (PID=578) to work on /home/airflow/.local/lib/python3.12/site-packages/airflow/example_dags/example_dynamic_task_mapping.py
[2024-12-02T14:46:38.223+0000] {processor.py:914} INFO - Processing file /home/airflow/.local/lib/python3.12/site-packages/airflow/example_dags/example_dynamic_task_mapping.py for tasks to queue
[2024-12-02T14:46:38.225+0000] {logging_mixin.py:190} INFO - [2024-12-02T14:46:38.224+0000] {dagbag.py:588} INFO - Filling up the DagBag from /home/airflow/.local/lib/python3.12/site-packages/airflow/example_dags/example_dynamic_task_mapping.py
[2024-12-02T14:46:38.235+0000] {processor.py:925} INFO - DAG(s) 'example_dynamic_task_mapping' retrieved from /home/airflow/.local/lib/python3.12/site-packages/airflow/example_dags/example_dynamic_task_mapping.py
[2024-12-02T14:46:38.256+0000] {logging_mixin.py:190} INFO - [2024-12-02T14:46:38.256+0000] {dag.py:3239} INFO - Sync 1 DAGs
[2024-12-02T14:46:38.272+0000] {logging_mixin.py:190} INFO - [2024-12-02T14:46:38.272+0000] {dag.py:4180} INFO - Setting next_dagrun for example_dynamic_task_mapping to None, run_after=None
[2024-12-02T14:46:38.295+0000] {processor.py:208} INFO - Processing /home/airflow/.local/lib/python3.12/site-packages/airflow/example_dags/example_dynamic_task_mapping.py took 0.079 seconds
[2024-12-02T14:47:10.412+0000] {processor.py:186} INFO - Started process (PID=641) to work on /home/airflow/.local/lib/python3.12/site-packages/airflow/example_dags/example_dynamic_task_mapping.py
[2024-12-02T14:47:10.413+0000] {processor.py:914} INFO - Processing file /home/airflow/.local/lib/python3.12/site-packages/airflow/example_dags/example_dynamic_task_mapping.py for tasks to queue
[2024-12-02T14:47:10.414+0000] {logging_mixin.py:190} INFO - [2024-12-02T14:47:10.414+0000] {dagbag.py:588} INFO - Filling up the DagBag from /home/airflow/.local/lib/python3.12/site-packages/airflow/example_dags/example_dynamic_task_mapping.py
[2024-12-02T14:47:10.421+0000] {processor.py:925} INFO - DAG(s) 'example_dynamic_task_mapping' retrieved from /home/airflow/.local/lib/python3.12/site-packages/airflow/example_dags/example_dynamic_task_mapping.py
[2024-12-02T14:47:10.436+0000] {logging_mixin.py:190} INFO - [2024-12-02T14:47:10.435+0000] {dag.py:3239} INFO - Sync 1 DAGs
[2024-12-02T14:47:10.446+0000] {logging_mixin.py:190} INFO - [2024-12-02T14:47:10.446+0000] {dag.py:4180} INFO - Setting next_dagrun for example_dynamic_task_mapping to None, run_after=None
[2024-12-02T14:47:10.459+0000] {processor.py:208} INFO - Processing /home/airflow/.local/lib/python3.12/site-packages/airflow/example_dags/example_dynamic_task_mapping.py took 0.051 seconds
[2024-12-02T14:47:41.682+0000] {processor.py:186} INFO - Started process (PID=711) to work on /home/airflow/.local/lib/python3.12/site-packages/airflow/example_dags/example_dynamic_task_mapping.py
[2024-12-02T14:47:41.683+0000] {processor.py:914} INFO - Processing file /home/airflow/.local/lib/python3.12/site-packages/airflow/example_dags/example_dynamic_task_mapping.py for tasks to queue
[2024-12-02T14:47:41.686+0000] {logging_mixin.py:190} INFO - [2024-12-02T14:47:41.685+0000] {dagbag.py:588} INFO - Filling up the DagBag from /home/airflow/.local/lib/python3.12/site-packages/airflow/example_dags/example_dynamic_task_mapping.py
[2024-12-02T14:47:41.692+0000] {processor.py:925} INFO - DAG(s) 'example_dynamic_task_mapping' retrieved from /home/airflow/.local/lib/python3.12/site-packages/airflow/example_dags/example_dynamic_task_mapping.py
[2024-12-02T14:47:41.708+0000] {logging_mixin.py:190} INFO - [2024-12-02T14:47:41.708+0000] {dag.py:3239} INFO - Sync 1 DAGs
[2024-12-02T14:47:41.719+0000] {logging_mixin.py:190} INFO - [2024-12-02T14:47:41.719+0000] {dag.py:4180} INFO - Setting next_dagrun for example_dynamic_task_mapping to None, run_after=None
[2024-12-02T14:47:41.734+0000] {processor.py:208} INFO - Processing /home/airflow/.local/lib/python3.12/site-packages/airflow/example_dags/example_dynamic_task_mapping.py took 0.056 seconds
[2024-12-02T14:48:13.082+0000] {processor.py:186} INFO - Started process (PID=775) to work on /home/airflow/.local/lib/python3.12/site-packages/airflow/example_dags/example_dynamic_task_mapping.py
[2024-12-02T14:48:13.083+0000] {processor.py:914} INFO - Processing file /home/airflow/.local/lib/python3.12/site-packages/airflow/example_dags/example_dynamic_task_mapping.py for tasks to queue
[2024-12-02T14:48:13.086+0000] {logging_mixin.py:190} INFO - [2024-12-02T14:48:13.085+0000] {dagbag.py:588} INFO - Filling up the DagBag from /home/airflow/.local/lib/python3.12/site-packages/airflow/example_dags/example_dynamic_task_mapping.py
[2024-12-02T14:48:13.093+0000] {processor.py:925} INFO - DAG(s) 'example_dynamic_task_mapping' retrieved from /home/airflow/.local/lib/python3.12/site-packages/airflow/example_dags/example_dynamic_task_mapping.py
[2024-12-02T14:48:13.112+0000] {logging_mixin.py:190} INFO - [2024-12-02T14:48:13.112+0000] {dag.py:3239} INFO - Sync 1 DAGs
[2024-12-02T14:48:13.124+0000] {logging_mixin.py:190} INFO - [2024-12-02T14:48:13.123+0000] {dag.py:4180} INFO - Setting next_dagrun for example_dynamic_task_mapping to None, run_after=None
[2024-12-02T14:48:13.142+0000] {processor.py:208} INFO - Processing /home/airflow/.local/lib/python3.12/site-packages/airflow/example_dags/example_dynamic_task_mapping.py took 0.065 seconds
[2024-12-02T14:48:43.676+0000] {processor.py:186} INFO - Started process (PID=839) to work on /home/airflow/.local/lib/python3.12/site-packages/airflow/example_dags/example_dynamic_task_mapping.py
[2024-12-02T14:48:43.677+0000] {processor.py:914} INFO - Processing file /home/airflow/.local/lib/python3.12/site-packages/airflow/example_dags/example_dynamic_task_mapping.py for tasks to queue
[2024-12-02T14:48:43.679+0000] {logging_mixin.py:190} INFO - [2024-12-02T14:48:43.679+0000] {dagbag.py:588} INFO - Filling up the DagBag from /home/airflow/.local/lib/python3.12/site-packages/airflow/example_dags/example_dynamic_task_mapping.py
[2024-12-02T14:48:43.686+0000] {processor.py:925} INFO - DAG(s) 'example_dynamic_task_mapping' retrieved from /home/airflow/.local/lib/python3.12/site-packages/airflow/example_dags/example_dynamic_task_mapping.py
[2024-12-02T14:48:43.707+0000] {logging_mixin.py:190} INFO - [2024-12-02T14:48:43.707+0000] {dag.py:3239} INFO - Sync 1 DAGs
[2024-12-02T14:48:43.721+0000] {logging_mixin.py:190} INFO - [2024-12-02T14:48:43.721+0000] {dag.py:4180} INFO - Setting next_dagrun for example_dynamic_task_mapping to None, run_after=None
[2024-12-02T14:48:43.737+0000] {processor.py:208} INFO - Processing /home/airflow/.local/lib/python3.12/site-packages/airflow/example_dags/example_dynamic_task_mapping.py took 0.064 seconds
[2024-12-02T14:49:19.474+0000] {processor.py:186} INFO - Started process (PID=904) to work on /home/airflow/.local/lib/python3.12/site-packages/airflow/example_dags/example_dynamic_task_mapping.py
[2024-12-02T14:49:19.475+0000] {processor.py:914} INFO - Processing file /home/airflow/.local/lib/python3.12/site-packages/airflow/example_dags/example_dynamic_task_mapping.py for tasks to queue
[2024-12-02T14:49:19.477+0000] {logging_mixin.py:190} INFO - [2024-12-02T14:49:19.477+0000] {dagbag.py:588} INFO - Filling up the DagBag from /home/airflow/.local/lib/python3.12/site-packages/airflow/example_dags/example_dynamic_task_mapping.py
[2024-12-02T14:49:19.485+0000] {processor.py:925} INFO - DAG(s) 'example_dynamic_task_mapping' retrieved from /home/airflow/.local/lib/python3.12/site-packages/airflow/example_dags/example_dynamic_task_mapping.py
[2024-12-02T14:49:19.505+0000] {logging_mixin.py:190} INFO - [2024-12-02T14:49:19.505+0000] {dag.py:3239} INFO - Sync 1 DAGs
[2024-12-02T14:49:19.518+0000] {logging_mixin.py:190} INFO - [2024-12-02T14:49:19.518+0000] {dag.py:4180} INFO - Setting next_dagrun for example_dynamic_task_mapping to None, run_after=None
[2024-12-02T14:49:19.533+0000] {processor.py:208} INFO - Processing /home/airflow/.local/lib/python3.12/site-packages/airflow/example_dags/example_dynamic_task_mapping.py took 0.064 seconds
[2024-12-02T14:49:51.284+0000] {processor.py:186} INFO - Started process (PID=968) to work on /home/airflow/.local/lib/python3.12/site-packages/airflow/example_dags/example_dynamic_task_mapping.py
[2024-12-02T14:49:51.285+0000] {processor.py:914} INFO - Processing file /home/airflow/.local/lib/python3.12/site-packages/airflow/example_dags/example_dynamic_task_mapping.py for tasks to queue
[2024-12-02T14:49:51.287+0000] {logging_mixin.py:190} INFO - [2024-12-02T14:49:51.287+0000] {dagbag.py:588} INFO - Filling up the DagBag from /home/airflow/.local/lib/python3.12/site-packages/airflow/example_dags/example_dynamic_task_mapping.py
[2024-12-02T14:49:51.294+0000] {processor.py:925} INFO - DAG(s) 'example_dynamic_task_mapping' retrieved from /home/airflow/.local/lib/python3.12/site-packages/airflow/example_dags/example_dynamic_task_mapping.py
[2024-12-02T14:49:51.312+0000] {logging_mixin.py:190} INFO - [2024-12-02T14:49:51.311+0000] {dag.py:3239} INFO - Sync 1 DAGs
[2024-12-02T14:49:51.323+0000] {logging_mixin.py:190} INFO - [2024-12-02T14:49:51.323+0000] {dag.py:4180} INFO - Setting next_dagrun for example_dynamic_task_mapping to None, run_after=None
[2024-12-02T14:49:51.337+0000] {processor.py:208} INFO - Processing /home/airflow/.local/lib/python3.12/site-packages/airflow/example_dags/example_dynamic_task_mapping.py took 0.057 seconds
[2024-12-02T14:50:22.361+0000] {processor.py:186} INFO - Started process (PID=1032) to work on /home/airflow/.local/lib/python3.12/site-packages/airflow/example_dags/example_dynamic_task_mapping.py
[2024-12-02T14:50:22.362+0000] {processor.py:914} INFO - Processing file /home/airflow/.local/lib/python3.12/site-packages/airflow/example_dags/example_dynamic_task_mapping.py for tasks to queue
[2024-12-02T14:50:22.364+0000] {logging_mixin.py:190} INFO - [2024-12-02T14:50:22.364+0000] {dagbag.py:588} INFO - Filling up the DagBag from /home/airflow/.local/lib/python3.12/site-packages/airflow/example_dags/example_dynamic_task_mapping.py
[2024-12-02T14:50:22.371+0000] {processor.py:925} INFO - DAG(s) 'example_dynamic_task_mapping' retrieved from /home/airflow/.local/lib/python3.12/site-packages/airflow/example_dags/example_dynamic_task_mapping.py
[2024-12-02T14:50:22.387+0000] {logging_mixin.py:190} INFO - [2024-12-02T14:50:22.387+0000] {dag.py:3239} INFO - Sync 1 DAGs
[2024-12-02T14:50:22.397+0000] {logging_mixin.py:190} INFO - [2024-12-02T14:50:22.397+0000] {dag.py:4180} INFO - Setting next_dagrun for example_dynamic_task_mapping to None, run_after=None
[2024-12-02T14:50:22.411+0000] {processor.py:208} INFO - Processing /home/airflow/.local/lib/python3.12/site-packages/airflow/example_dags/example_dynamic_task_mapping.py took 0.054 seconds
[2024-12-02T14:50:53.935+0000] {processor.py:186} INFO - Started process (PID=1096) to work on /home/airflow/.local/lib/python3.12/site-packages/airflow/example_dags/example_dynamic_task_mapping.py
[2024-12-02T14:50:53.936+0000] {processor.py:914} INFO - Processing file /home/airflow/.local/lib/python3.12/site-packages/airflow/example_dags/example_dynamic_task_mapping.py for tasks to queue
[2024-12-02T14:50:53.938+0000] {logging_mixin.py:190} INFO - [2024-12-02T14:50:53.938+0000] {dagbag.py:588} INFO - Filling up the DagBag from /home/airflow/.local/lib/python3.12/site-packages/airflow/example_dags/example_dynamic_task_mapping.py
[2024-12-02T14:50:53.944+0000] {processor.py:925} INFO - DAG(s) 'example_dynamic_task_mapping' retrieved from /home/airflow/.local/lib/python3.12/site-packages/airflow/example_dags/example_dynamic_task_mapping.py
[2024-12-02T14:50:53.960+0000] {logging_mixin.py:190} INFO - [2024-12-02T14:50:53.960+0000] {dag.py:3239} INFO - Sync 1 DAGs
[2024-12-02T14:50:53.971+0000] {logging_mixin.py:190} INFO - [2024-12-02T14:50:53.971+0000] {dag.py:4180} INFO - Setting next_dagrun for example_dynamic_task_mapping to None, run_after=None
[2024-12-02T14:50:53.985+0000] {processor.py:208} INFO - Processing /home/airflow/.local/lib/python3.12/site-packages/airflow/example_dags/example_dynamic_task_mapping.py took 0.054 seconds
