[2024-12-02T14:42:16.208+0000] {processor.py:186} INFO - Started process (PID=82) to work on /home/airflow/.local/lib/python3.12/site-packages/airflow/example_dags/tutorial.py
[2024-12-02T14:42:16.209+0000] {processor.py:914} INFO - Processing file /home/airflow/.local/lib/python3.12/site-packages/airflow/example_dags/tutorial.py for tasks to queue
[2024-12-02T14:42:16.213+0000] {logging_mixin.py:190} INFO - [2024-12-02T14:42:16.213+0000] {dagbag.py:588} INFO - Filling up the DagBag from /home/airflow/.local/lib/python3.12/site-packages/airflow/example_dags/tutorial.py
[2024-12-02T14:42:16.228+0000] {processor.py:925} INFO - DAG(s) 'tutorial' retrieved from /home/airflow/.local/lib/python3.12/site-packages/airflow/example_dags/tutorial.py
[2024-12-02T14:42:16.269+0000] {logging_mixin.py:190} INFO - [2024-12-02T14:42:16.268+0000] {dag.py:3239} INFO - Sync 1 DAGs
[2024-12-02T14:42:16.312+0000] {logging_mixin.py:190} INFO - [2024-12-02T14:42:16.312+0000] {dag.py:4180} INFO - Setting next_dagrun for tutorial to 2024-12-01 00:00:00+00:00, run_after=2024-12-02 00:00:00+00:00
[2024-12-02T14:42:16.349+0000] {processor.py:208} INFO - Processing /home/airflow/.local/lib/python3.12/site-packages/airflow/example_dags/tutorial.py took 0.147 seconds
[2024-12-02T14:42:47.164+0000] {processor.py:186} INFO - Started process (PID=145) to work on /home/airflow/.local/lib/python3.12/site-packages/airflow/example_dags/tutorial.py
[2024-12-02T14:42:47.165+0000] {processor.py:914} INFO - Processing file /home/airflow/.local/lib/python3.12/site-packages/airflow/example_dags/tutorial.py for tasks to queue
[2024-12-02T14:42:47.168+0000] {logging_mixin.py:190} INFO - [2024-12-02T14:42:47.167+0000] {dagbag.py:588} INFO - Filling up the DagBag from /home/airflow/.local/lib/python3.12/site-packages/airflow/example_dags/tutorial.py
[2024-12-02T14:42:47.176+0000] {processor.py:925} INFO - DAG(s) 'tutorial' retrieved from /home/airflow/.local/lib/python3.12/site-packages/airflow/example_dags/tutorial.py
[2024-12-02T14:42:47.196+0000] {logging_mixin.py:190} INFO - [2024-12-02T14:42:47.196+0000] {dag.py:3239} INFO - Sync 1 DAGs
[2024-12-02T14:42:47.221+0000] {logging_mixin.py:190} INFO - [2024-12-02T14:42:47.220+0000] {dag.py:4180} INFO - Setting next_dagrun for tutorial to 2024-12-01 00:00:00+00:00, run_after=2024-12-02 00:00:00+00:00
[2024-12-02T14:42:47.258+0000] {processor.py:208} INFO - Processing /home/airflow/.local/lib/python3.12/site-packages/airflow/example_dags/tutorial.py took 0.098 seconds
[2024-12-02T14:43:18.059+0000] {processor.py:186} INFO - Started process (PID=162) to work on /home/airflow/.local/lib/python3.12/site-packages/airflow/example_dags/tutorial.py
[2024-12-02T14:43:18.061+0000] {processor.py:914} INFO - Processing file /home/airflow/.local/lib/python3.12/site-packages/airflow/example_dags/tutorial.py for tasks to queue
[2024-12-02T14:43:18.064+0000] {logging_mixin.py:190} INFO - [2024-12-02T14:43:18.064+0000] {dagbag.py:588} INFO - Filling up the DagBag from /home/airflow/.local/lib/python3.12/site-packages/airflow/example_dags/tutorial.py
[2024-12-02T14:43:18.076+0000] {processor.py:925} INFO - DAG(s) 'tutorial' retrieved from /home/airflow/.local/lib/python3.12/site-packages/airflow/example_dags/tutorial.py
[2024-12-02T14:43:18.101+0000] {logging_mixin.py:190} INFO - [2024-12-02T14:43:18.101+0000] {dag.py:3239} INFO - Sync 1 DAGs
[2024-12-02T14:43:18.136+0000] {logging_mixin.py:190} INFO - [2024-12-02T14:43:18.135+0000] {dag.py:4180} INFO - Setting next_dagrun for tutorial to 2024-12-01 00:00:00+00:00, run_after=2024-12-02 00:00:00+00:00
[2024-12-02T14:43:18.170+0000] {processor.py:208} INFO - Processing /home/airflow/.local/lib/python3.12/site-packages/airflow/example_dags/tutorial.py took 0.117 seconds
[2024-12-02T14:43:49.649+0000] {processor.py:186} INFO - Started process (PID=226) to work on /home/airflow/.local/lib/python3.12/site-packages/airflow/example_dags/tutorial.py
[2024-12-02T14:43:49.650+0000] {processor.py:914} INFO - Processing file /home/airflow/.local/lib/python3.12/site-packages/airflow/example_dags/tutorial.py for tasks to queue
[2024-12-02T14:43:49.652+0000] {logging_mixin.py:190} INFO - [2024-12-02T14:43:49.652+0000] {dagbag.py:588} INFO - Filling up the DagBag from /home/airflow/.local/lib/python3.12/site-packages/airflow/example_dags/tutorial.py
[2024-12-02T14:43:49.660+0000] {processor.py:925} INFO - DAG(s) 'tutorial' retrieved from /home/airflow/.local/lib/python3.12/site-packages/airflow/example_dags/tutorial.py
[2024-12-02T14:43:49.676+0000] {logging_mixin.py:190} INFO - [2024-12-02T14:43:49.675+0000] {dag.py:3239} INFO - Sync 1 DAGs
[2024-12-02T14:43:49.694+0000] {logging_mixin.py:190} INFO - [2024-12-02T14:43:49.694+0000] {dag.py:4180} INFO - Setting next_dagrun for tutorial to 2024-12-01 00:00:00+00:00, run_after=2024-12-02 00:00:00+00:00
[2024-12-02T14:43:49.711+0000] {processor.py:208} INFO - Processing /home/airflow/.local/lib/python3.12/site-packages/airflow/example_dags/tutorial.py took 0.066 seconds
[2024-12-02T14:44:20.792+0000] {processor.py:186} INFO - Started process (PID=288) to work on /home/airflow/.local/lib/python3.12/site-packages/airflow/example_dags/tutorial.py
[2024-12-02T14:44:20.793+0000] {processor.py:914} INFO - Processing file /home/airflow/.local/lib/python3.12/site-packages/airflow/example_dags/tutorial.py for tasks to queue
[2024-12-02T14:44:20.795+0000] {logging_mixin.py:190} INFO - [2024-12-02T14:44:20.795+0000] {dagbag.py:588} INFO - Filling up the DagBag from /home/airflow/.local/lib/python3.12/site-packages/airflow/example_dags/tutorial.py
[2024-12-02T14:44:20.802+0000] {processor.py:925} INFO - DAG(s) 'tutorial' retrieved from /home/airflow/.local/lib/python3.12/site-packages/airflow/example_dags/tutorial.py
[2024-12-02T14:44:20.823+0000] {logging_mixin.py:190} INFO - [2024-12-02T14:44:20.823+0000] {dag.py:3239} INFO - Sync 1 DAGs
[2024-12-02T14:44:20.847+0000] {logging_mixin.py:190} INFO - [2024-12-02T14:44:20.846+0000] {dag.py:4180} INFO - Setting next_dagrun for tutorial to 2024-12-01 00:00:00+00:00, run_after=2024-12-02 00:00:00+00:00
[2024-12-02T14:44:20.868+0000] {processor.py:208} INFO - Processing /home/airflow/.local/lib/python3.12/site-packages/airflow/example_dags/tutorial.py took 0.080 seconds
[2024-12-02T14:44:51.700+0000] {processor.py:186} INFO - Started process (PID=351) to work on /home/airflow/.local/lib/python3.12/site-packages/airflow/example_dags/tutorial.py
[2024-12-02T14:44:51.701+0000] {processor.py:914} INFO - Processing file /home/airflow/.local/lib/python3.12/site-packages/airflow/example_dags/tutorial.py for tasks to queue
[2024-12-02T14:44:51.703+0000] {logging_mixin.py:190} INFO - [2024-12-02T14:44:51.702+0000] {dagbag.py:588} INFO - Filling up the DagBag from /home/airflow/.local/lib/python3.12/site-packages/airflow/example_dags/tutorial.py
[2024-12-02T14:44:51.708+0000] {processor.py:925} INFO - DAG(s) 'tutorial' retrieved from /home/airflow/.local/lib/python3.12/site-packages/airflow/example_dags/tutorial.py
[2024-12-02T14:44:51.725+0000] {logging_mixin.py:190} INFO - [2024-12-02T14:44:51.725+0000] {dag.py:3239} INFO - Sync 1 DAGs
[2024-12-02T14:44:51.742+0000] {logging_mixin.py:190} INFO - [2024-12-02T14:44:51.742+0000] {dag.py:4180} INFO - Setting next_dagrun for tutorial to 2024-12-01 00:00:00+00:00, run_after=2024-12-02 00:00:00+00:00
[2024-12-02T14:44:51.754+0000] {processor.py:208} INFO - Processing /home/airflow/.local/lib/python3.12/site-packages/airflow/example_dags/tutorial.py took 0.058 seconds
[2024-12-02T14:45:22.573+0000] {processor.py:186} INFO - Started process (PID=415) to work on /home/airflow/.local/lib/python3.12/site-packages/airflow/example_dags/tutorial.py
[2024-12-02T14:45:22.574+0000] {processor.py:914} INFO - Processing file /home/airflow/.local/lib/python3.12/site-packages/airflow/example_dags/tutorial.py for tasks to queue
[2024-12-02T14:45:22.576+0000] {logging_mixin.py:190} INFO - [2024-12-02T14:45:22.576+0000] {dagbag.py:588} INFO - Filling up the DagBag from /home/airflow/.local/lib/python3.12/site-packages/airflow/example_dags/tutorial.py
[2024-12-02T14:45:22.583+0000] {processor.py:925} INFO - DAG(s) 'tutorial' retrieved from /home/airflow/.local/lib/python3.12/site-packages/airflow/example_dags/tutorial.py
[2024-12-02T14:45:22.600+0000] {logging_mixin.py:190} INFO - [2024-12-02T14:45:22.600+0000] {dag.py:3239} INFO - Sync 1 DAGs
[2024-12-02T14:45:22.619+0000] {logging_mixin.py:190} INFO - [2024-12-02T14:45:22.619+0000] {dag.py:4180} INFO - Setting next_dagrun for tutorial to 2024-12-01 00:00:00+00:00, run_after=2024-12-02 00:00:00+00:00
[2024-12-02T14:45:22.633+0000] {processor.py:208} INFO - Processing /home/airflow/.local/lib/python3.12/site-packages/airflow/example_dags/tutorial.py took 0.065 seconds
[2024-12-02T14:45:52.792+0000] {processor.py:186} INFO - Started process (PID=479) to work on /home/airflow/.local/lib/python3.12/site-packages/airflow/example_dags/tutorial.py
[2024-12-02T14:45:52.793+0000] {processor.py:914} INFO - Processing file /home/airflow/.local/lib/python3.12/site-packages/airflow/example_dags/tutorial.py for tasks to queue
[2024-12-02T14:45:52.794+0000] {logging_mixin.py:190} INFO - [2024-12-02T14:45:52.794+0000] {dagbag.py:588} INFO - Filling up the DagBag from /home/airflow/.local/lib/python3.12/site-packages/airflow/example_dags/tutorial.py
[2024-12-02T14:45:52.801+0000] {processor.py:925} INFO - DAG(s) 'tutorial' retrieved from /home/airflow/.local/lib/python3.12/site-packages/airflow/example_dags/tutorial.py
[2024-12-02T14:45:52.818+0000] {logging_mixin.py:190} INFO - [2024-12-02T14:45:52.818+0000] {dag.py:3239} INFO - Sync 1 DAGs
[2024-12-02T14:45:52.836+0000] {logging_mixin.py:190} INFO - [2024-12-02T14:45:52.836+0000] {dag.py:4180} INFO - Setting next_dagrun for tutorial to 2024-12-01 00:00:00+00:00, run_after=2024-12-02 00:00:00+00:00
[2024-12-02T14:45:52.853+0000] {processor.py:208} INFO - Processing /home/airflow/.local/lib/python3.12/site-packages/airflow/example_dags/tutorial.py took 0.065 seconds
[2024-12-02T14:46:23.738+0000] {processor.py:186} INFO - Started process (PID=543) to work on /home/airflow/.local/lib/python3.12/site-packages/airflow/example_dags/tutorial.py
[2024-12-02T14:46:23.739+0000] {processor.py:914} INFO - Processing file /home/airflow/.local/lib/python3.12/site-packages/airflow/example_dags/tutorial.py for tasks to queue
[2024-12-02T14:46:23.741+0000] {logging_mixin.py:190} INFO - [2024-12-02T14:46:23.741+0000] {dagbag.py:588} INFO - Filling up the DagBag from /home/airflow/.local/lib/python3.12/site-packages/airflow/example_dags/tutorial.py
[2024-12-02T14:46:23.825+0000] {processor.py:925} INFO - DAG(s) 'tutorial' retrieved from /home/airflow/.local/lib/python3.12/site-packages/airflow/example_dags/tutorial.py
[2024-12-02T14:46:23.858+0000] {logging_mixin.py:190} INFO - [2024-12-02T14:46:23.858+0000] {dag.py:3239} INFO - Sync 1 DAGs
[2024-12-02T14:46:23.992+0000] {logging_mixin.py:190} INFO - [2024-12-02T14:46:23.992+0000] {dag.py:4180} INFO - Setting next_dagrun for tutorial to 2024-12-01 00:00:00+00:00, run_after=2024-12-02 00:00:00+00:00
[2024-12-02T14:46:24.016+0000] {processor.py:208} INFO - Processing /home/airflow/.local/lib/python3.12/site-packages/airflow/example_dags/tutorial.py took 0.284 seconds
[2024-12-02T14:46:54.526+0000] {processor.py:186} INFO - Started process (PID=607) to work on /home/airflow/.local/lib/python3.12/site-packages/airflow/example_dags/tutorial.py
[2024-12-02T14:46:54.527+0000] {processor.py:914} INFO - Processing file /home/airflow/.local/lib/python3.12/site-packages/airflow/example_dags/tutorial.py for tasks to queue
[2024-12-02T14:46:54.529+0000] {logging_mixin.py:190} INFO - [2024-12-02T14:46:54.529+0000] {dagbag.py:588} INFO - Filling up the DagBag from /home/airflow/.local/lib/python3.12/site-packages/airflow/example_dags/tutorial.py
[2024-12-02T14:46:54.537+0000] {processor.py:925} INFO - DAG(s) 'tutorial' retrieved from /home/airflow/.local/lib/python3.12/site-packages/airflow/example_dags/tutorial.py
[2024-12-02T14:46:54.555+0000] {logging_mixin.py:190} INFO - [2024-12-02T14:46:54.555+0000] {dag.py:3239} INFO - Sync 1 DAGs
[2024-12-02T14:46:54.575+0000] {logging_mixin.py:190} INFO - [2024-12-02T14:46:54.575+0000] {dag.py:4180} INFO - Setting next_dagrun for tutorial to 2024-12-01 00:00:00+00:00, run_after=2024-12-02 00:00:00+00:00
[2024-12-02T14:46:54.593+0000] {processor.py:208} INFO - Processing /home/airflow/.local/lib/python3.12/site-packages/airflow/example_dags/tutorial.py took 0.071 seconds
[2024-12-02T14:47:25.337+0000] {processor.py:186} INFO - Started process (PID=671) to work on /home/airflow/.local/lib/python3.12/site-packages/airflow/example_dags/tutorial.py
[2024-12-02T14:47:25.338+0000] {processor.py:914} INFO - Processing file /home/airflow/.local/lib/python3.12/site-packages/airflow/example_dags/tutorial.py for tasks to queue
[2024-12-02T14:47:25.339+0000] {logging_mixin.py:190} INFO - [2024-12-02T14:47:25.339+0000] {dagbag.py:588} INFO - Filling up the DagBag from /home/airflow/.local/lib/python3.12/site-packages/airflow/example_dags/tutorial.py
[2024-12-02T14:47:25.346+0000] {processor.py:925} INFO - DAG(s) 'tutorial' retrieved from /home/airflow/.local/lib/python3.12/site-packages/airflow/example_dags/tutorial.py
[2024-12-02T14:47:25.368+0000] {logging_mixin.py:190} INFO - [2024-12-02T14:47:25.367+0000] {dag.py:3239} INFO - Sync 1 DAGs
[2024-12-02T14:47:25.386+0000] {logging_mixin.py:190} INFO - [2024-12-02T14:47:25.386+0000] {dag.py:4180} INFO - Setting next_dagrun for tutorial to 2024-12-01 00:00:00+00:00, run_after=2024-12-02 00:00:00+00:00
[2024-12-02T14:47:25.400+0000] {processor.py:208} INFO - Processing /home/airflow/.local/lib/python3.12/site-packages/airflow/example_dags/tutorial.py took 0.067 seconds
[2024-12-02T14:47:55.821+0000] {processor.py:186} INFO - Started process (PID=735) to work on /home/airflow/.local/lib/python3.12/site-packages/airflow/example_dags/tutorial.py
[2024-12-02T14:47:55.822+0000] {processor.py:914} INFO - Processing file /home/airflow/.local/lib/python3.12/site-packages/airflow/example_dags/tutorial.py for tasks to queue
[2024-12-02T14:47:55.824+0000] {logging_mixin.py:190} INFO - [2024-12-02T14:47:55.824+0000] {dagbag.py:588} INFO - Filling up the DagBag from /home/airflow/.local/lib/python3.12/site-packages/airflow/example_dags/tutorial.py
[2024-12-02T14:47:55.831+0000] {processor.py:925} INFO - DAG(s) 'tutorial' retrieved from /home/airflow/.local/lib/python3.12/site-packages/airflow/example_dags/tutorial.py
[2024-12-02T14:47:55.849+0000] {logging_mixin.py:190} INFO - [2024-12-02T14:47:55.849+0000] {dag.py:3239} INFO - Sync 1 DAGs
[2024-12-02T14:47:55.872+0000] {logging_mixin.py:190} INFO - [2024-12-02T14:47:55.872+0000] {dag.py:4180} INFO - Setting next_dagrun for tutorial to 2024-12-01 00:00:00+00:00, run_after=2024-12-02 00:00:00+00:00
[2024-12-02T14:47:55.890+0000] {processor.py:208} INFO - Processing /home/airflow/.local/lib/python3.12/site-packages/airflow/example_dags/tutorial.py took 0.073 seconds
[2024-12-02T14:48:26.161+0000] {processor.py:186} INFO - Started process (PID=799) to work on /home/airflow/.local/lib/python3.12/site-packages/airflow/example_dags/tutorial.py
[2024-12-02T14:48:26.162+0000] {processor.py:914} INFO - Processing file /home/airflow/.local/lib/python3.12/site-packages/airflow/example_dags/tutorial.py for tasks to queue
[2024-12-02T14:48:26.164+0000] {logging_mixin.py:190} INFO - [2024-12-02T14:48:26.163+0000] {dagbag.py:588} INFO - Filling up the DagBag from /home/airflow/.local/lib/python3.12/site-packages/airflow/example_dags/tutorial.py
[2024-12-02T14:48:26.170+0000] {processor.py:925} INFO - DAG(s) 'tutorial' retrieved from /home/airflow/.local/lib/python3.12/site-packages/airflow/example_dags/tutorial.py
[2024-12-02T14:48:26.185+0000] {logging_mixin.py:190} INFO - [2024-12-02T14:48:26.185+0000] {dag.py:3239} INFO - Sync 1 DAGs
[2024-12-02T14:48:26.202+0000] {logging_mixin.py:190} INFO - [2024-12-02T14:48:26.202+0000] {dag.py:4180} INFO - Setting next_dagrun for tutorial to 2024-12-01 00:00:00+00:00, run_after=2024-12-02 00:00:00+00:00
[2024-12-02T14:48:26.216+0000] {processor.py:208} INFO - Processing /home/airflow/.local/lib/python3.12/site-packages/airflow/example_dags/tutorial.py took 0.060 seconds
[2024-12-02T14:48:57.007+0000] {processor.py:186} INFO - Started process (PID=863) to work on /home/airflow/.local/lib/python3.12/site-packages/airflow/example_dags/tutorial.py
[2024-12-02T14:48:57.009+0000] {processor.py:914} INFO - Processing file /home/airflow/.local/lib/python3.12/site-packages/airflow/example_dags/tutorial.py for tasks to queue
[2024-12-02T14:48:57.011+0000] {logging_mixin.py:190} INFO - [2024-12-02T14:48:57.011+0000] {dagbag.py:588} INFO - Filling up the DagBag from /home/airflow/.local/lib/python3.12/site-packages/airflow/example_dags/tutorial.py
[2024-12-02T14:48:57.019+0000] {processor.py:925} INFO - DAG(s) 'tutorial' retrieved from /home/airflow/.local/lib/python3.12/site-packages/airflow/example_dags/tutorial.py
[2024-12-02T14:48:57.039+0000] {logging_mixin.py:190} INFO - [2024-12-02T14:48:57.038+0000] {dag.py:3239} INFO - Sync 1 DAGs
[2024-12-02T14:48:57.066+0000] {logging_mixin.py:190} INFO - [2024-12-02T14:48:57.066+0000] {dag.py:4180} INFO - Setting next_dagrun for tutorial to 2024-12-01 00:00:00+00:00, run_after=2024-12-02 00:00:00+00:00
[2024-12-02T14:48:57.089+0000] {processor.py:208} INFO - Processing /home/airflow/.local/lib/python3.12/site-packages/airflow/example_dags/tutorial.py took 0.087 seconds
[2024-12-02T14:49:27.612+0000] {processor.py:186} INFO - Started process (PID=927) to work on /home/airflow/.local/lib/python3.12/site-packages/airflow/example_dags/tutorial.py
[2024-12-02T14:49:27.613+0000] {processor.py:914} INFO - Processing file /home/airflow/.local/lib/python3.12/site-packages/airflow/example_dags/tutorial.py for tasks to queue
[2024-12-02T14:49:27.615+0000] {logging_mixin.py:190} INFO - [2024-12-02T14:49:27.615+0000] {dagbag.py:588} INFO - Filling up the DagBag from /home/airflow/.local/lib/python3.12/site-packages/airflow/example_dags/tutorial.py
[2024-12-02T14:49:27.621+0000] {processor.py:925} INFO - DAG(s) 'tutorial' retrieved from /home/airflow/.local/lib/python3.12/site-packages/airflow/example_dags/tutorial.py
[2024-12-02T14:49:27.638+0000] {logging_mixin.py:190} INFO - [2024-12-02T14:49:27.638+0000] {dag.py:3239} INFO - Sync 1 DAGs
[2024-12-02T14:49:27.657+0000] {logging_mixin.py:190} INFO - [2024-12-02T14:49:27.657+0000] {dag.py:4180} INFO - Setting next_dagrun for tutorial to 2024-12-01 00:00:00+00:00, run_after=2024-12-02 00:00:00+00:00
[2024-12-02T14:49:27.674+0000] {processor.py:208} INFO - Processing /home/airflow/.local/lib/python3.12/site-packages/airflow/example_dags/tutorial.py took 0.066 seconds
[2024-12-02T14:49:58.375+0000] {processor.py:186} INFO - Started process (PID=991) to work on /home/airflow/.local/lib/python3.12/site-packages/airflow/example_dags/tutorial.py
[2024-12-02T14:49:58.376+0000] {processor.py:914} INFO - Processing file /home/airflow/.local/lib/python3.12/site-packages/airflow/example_dags/tutorial.py for tasks to queue
[2024-12-02T14:49:58.378+0000] {logging_mixin.py:190} INFO - [2024-12-02T14:49:58.378+0000] {dagbag.py:588} INFO - Filling up the DagBag from /home/airflow/.local/lib/python3.12/site-packages/airflow/example_dags/tutorial.py
[2024-12-02T14:49:58.385+0000] {processor.py:925} INFO - DAG(s) 'tutorial' retrieved from /home/airflow/.local/lib/python3.12/site-packages/airflow/example_dags/tutorial.py
[2024-12-02T14:49:58.402+0000] {logging_mixin.py:190} INFO - [2024-12-02T14:49:58.402+0000] {dag.py:3239} INFO - Sync 1 DAGs
[2024-12-02T14:49:58.424+0000] {logging_mixin.py:190} INFO - [2024-12-02T14:49:58.424+0000] {dag.py:4180} INFO - Setting next_dagrun for tutorial to 2024-12-01 00:00:00+00:00, run_after=2024-12-02 00:00:00+00:00
[2024-12-02T14:49:58.445+0000] {processor.py:208} INFO - Processing /home/airflow/.local/lib/python3.12/site-packages/airflow/example_dags/tutorial.py took 0.075 seconds
[2024-12-02T14:50:28.983+0000] {processor.py:186} INFO - Started process (PID=1055) to work on /home/airflow/.local/lib/python3.12/site-packages/airflow/example_dags/tutorial.py
[2024-12-02T14:50:28.984+0000] {processor.py:914} INFO - Processing file /home/airflow/.local/lib/python3.12/site-packages/airflow/example_dags/tutorial.py for tasks to queue
[2024-12-02T14:50:28.987+0000] {logging_mixin.py:190} INFO - [2024-12-02T14:50:28.987+0000] {dagbag.py:588} INFO - Filling up the DagBag from /home/airflow/.local/lib/python3.12/site-packages/airflow/example_dags/tutorial.py
[2024-12-02T14:50:28.993+0000] {processor.py:925} INFO - DAG(s) 'tutorial' retrieved from /home/airflow/.local/lib/python3.12/site-packages/airflow/example_dags/tutorial.py
[2024-12-02T14:50:29.009+0000] {logging_mixin.py:190} INFO - [2024-12-02T14:50:29.008+0000] {dag.py:3239} INFO - Sync 1 DAGs
[2024-12-02T14:50:29.026+0000] {logging_mixin.py:190} INFO - [2024-12-02T14:50:29.026+0000] {dag.py:4180} INFO - Setting next_dagrun for tutorial to 2024-12-01 00:00:00+00:00, run_after=2024-12-02 00:00:00+00:00
[2024-12-02T14:50:29.043+0000] {processor.py:208} INFO - Processing /home/airflow/.local/lib/python3.12/site-packages/airflow/example_dags/tutorial.py took 0.063 seconds
[2024-12-02T14:50:59.451+0000] {processor.py:186} INFO - Started process (PID=1119) to work on /home/airflow/.local/lib/python3.12/site-packages/airflow/example_dags/tutorial.py
[2024-12-02T14:50:59.452+0000] {processor.py:914} INFO - Processing file /home/airflow/.local/lib/python3.12/site-packages/airflow/example_dags/tutorial.py for tasks to queue
[2024-12-02T14:50:59.454+0000] {logging_mixin.py:190} INFO - [2024-12-02T14:50:59.454+0000] {dagbag.py:588} INFO - Filling up the DagBag from /home/airflow/.local/lib/python3.12/site-packages/airflow/example_dags/tutorial.py
[2024-12-02T14:50:59.459+0000] {processor.py:925} INFO - DAG(s) 'tutorial' retrieved from /home/airflow/.local/lib/python3.12/site-packages/airflow/example_dags/tutorial.py
[2024-12-02T14:50:59.474+0000] {logging_mixin.py:190} INFO - [2024-12-02T14:50:59.473+0000] {dag.py:3239} INFO - Sync 1 DAGs
[2024-12-02T14:50:59.490+0000] {logging_mixin.py:190} INFO - [2024-12-02T14:50:59.490+0000] {dag.py:4180} INFO - Setting next_dagrun for tutorial to 2024-12-01 00:00:00+00:00, run_after=2024-12-02 00:00:00+00:00
[2024-12-02T14:50:59.503+0000] {processor.py:208} INFO - Processing /home/airflow/.local/lib/python3.12/site-packages/airflow/example_dags/tutorial.py took 0.056 seconds
