[2024-12-01T22:45:26.072+0000] {local_task_job_runner.py:123} INFO - ::group::Pre task execution logs
[2024-12-01T22:45:26.089+0000] {taskinstance.py:2613} INFO - Dependencies all met for dep_context=non-requeueable deps ti=<TaskInstance: retreival_x_data.hashtag_retreive manual__2024-12-01T22:45:18.685775+00:00 [queued]>
[2024-12-01T22:45:26.099+0000] {taskinstance.py:2613} INFO - Dependencies all met for dep_context=requeueable deps ti=<TaskInstance: retreival_x_data.hashtag_retreive manual__2024-12-01T22:45:18.685775+00:00 [queued]>
[2024-12-01T22:45:26.100+0000] {taskinstance.py:2866} INFO - Starting attempt 1 of 1
[2024-12-01T22:45:26.115+0000] {taskinstance.py:2889} INFO - Executing <Task(PythonOperator): hashtag_retreive> on 2024-12-01 22:45:18.685775+00:00
[2024-12-01T22:45:26.130+0000] {warnings.py:112} WARNING - /home/***/.local/lib/python3.12/site-packages/***/task/task_runner/standard_task_runner.py:70: DeprecationWarning: This process (pid=119) is multi-threaded, use of fork() may lead to deadlocks in the child.
  pid = os.fork()

[2024-12-01T22:45:26.132+0000] {standard_task_runner.py:72} INFO - Started process 122 to run task
[2024-12-01T22:45:26.132+0000] {standard_task_runner.py:104} INFO - Running: ['***', 'tasks', 'run', 'retreival_x_data', 'hashtag_retreive', 'manual__2024-12-01T22:45:18.685775+00:00', '--job-id', '96', '--raw', '--subdir', 'DAGS_FOLDER/retreive_data.py', '--cfg-path', '/tmp/tmpc3oek2r4']
[2024-12-01T22:45:26.133+0000] {standard_task_runner.py:105} INFO - Job 96: Subtask hashtag_retreive
[2024-12-01T22:45:26.187+0000] {task_command.py:467} INFO - Running <TaskInstance: retreival_x_data.hashtag_retreive manual__2024-12-01T22:45:18.685775+00:00 [running]> on host 3903981c8fb7
[2024-12-01T22:45:26.288+0000] {taskinstance.py:3132} INFO - Exporting env vars: AIRFLOW_CTX_DAG_OWNER='nou' AIRFLOW_CTX_DAG_ID='retreival_x_data' AIRFLOW_CTX_TASK_ID='hashtag_retreive' AIRFLOW_CTX_EXECUTION_DATE='2024-12-01T22:45:18.685775+00:00' AIRFLOW_CTX_TRY_NUMBER='1' AIRFLOW_CTX_DAG_RUN_ID='manual__2024-12-01T22:45:18.685775+00:00'
[2024-12-01T22:45:26.289+0000] {logging_mixin.py:190} INFO - Task instance is in running state
[2024-12-01T22:45:26.289+0000] {logging_mixin.py:190} INFO -  Previous state of the Task instance: queued
[2024-12-01T22:45:26.290+0000] {logging_mixin.py:190} INFO - Current task name:hashtag_retreive state:running start_date:2024-12-01 22:45:26.090272+00:00
[2024-12-01T22:45:26.290+0000] {logging_mixin.py:190} INFO - Dag name:retreival_x_data and current dag run status:running
[2024-12-01T22:45:26.290+0000] {taskinstance.py:731} INFO - ::endgroup::
[2024-12-01T22:45:26.291+0000] {logging_mixin.py:190} INFO - finsihed task
[2024-12-01T22:46:00.667+0000] {logging_mixin.py:190} INFO - Loading .env file
Loaded .env file


Initializing Twitter Scraper...
Setup WebDriver...
Initializing FirefoxDriver...
WebDriver Setup Complete

Logging in to Twitter...

Login Successful

Scraping Latest Tweets from stocks  invest finance min_faves:1000 search...

Progress: [[----------------------------------------]] 0.00% 0 of 50                                                  

Error scraping tweets: Message: Move target (524, 931) is out of bounds of viewport dimensions (1366, 682)
Stacktrace:
RemoteError@chrome://remote/content/shared/RemoteError.sys.mjs:8:8
WebDriverError@chrome://remote/content/shared/webdriver/Errors.sys.mjs:193:5
MoveTargetOutOfBoundsError@chrome://remote/content/shared/webdriver/Errors.sys.mjs:479:5
assertTargetInViewPort@chrome://remote/content/shared/webdriver/Actions.sys.mjs:3097:11
#assertInViewPortFromContent@chrome://remote/content/marionette/actors/MarionetteCommandsChild.sys.mjs:90:17
dispatch@chrome://remote/content/shared/webdriver/Actions.sys.mjs:1588:11


Scraping Incomplete
Tweets: 0 out of 50

Saving Tweets to CSV...
b'{\n    "Name": [],\n    "Handle": [],\n    "Timestamp": [],\n    "Verified": [],\n    "Content": [],\n    "Comments": [],\n    "Retweets": [],\n    "Likes": [],\n    "Analytics": [],\n    "Tags": [],\n    "Mentions": [],\n    "Emojis": [],\n    "Profile Image": [],\n    "Tweet Link": [],\n    "Tweet ID": [],\n    "Tweeter ID": [],\n    "Following": [],\n    "Followers": []\n}'
<kafka.producer.kafka.KafkaProducer object at 0x7f06cb0fe7e0>
[2024-12-01T22:46:00.670+0000] {logging_mixin.py:190} INFO - The geckodriver version (0.32.0) detected in PATH at /usr/local/bin/geckodriver might not be compatible with the detected firefox version (133.0); currently, geckodriver 0.35.0 is recommended for firefox 133.*, so it is advised to delete the driver in PATH and retry
[2024-12-01T22:46:00.670+0000] {logging_mixin.py:190} INFO - finsihed task
[2024-12-01T22:46:00.671+0000] {python.py:240} INFO - Done. Returned value was: None
[2024-12-01T22:46:00.685+0000] {taskinstance.py:340} INFO - ::group::Post task execution logs
[2024-12-01T22:46:00.687+0000] {taskinstance.py:352} INFO - Marking task as SUCCESS. dag_id=retreival_x_data, task_id=hashtag_retreive, run_id=manual__2024-12-01T22:45:18.685775+00:00, execution_date=20241201T224518, start_date=20241201T224526, end_date=20241201T224600
[2024-12-01T22:46:00.707+0000] {logging_mixin.py:190} INFO - Task instance in success state
[2024-12-01T22:46:00.707+0000] {logging_mixin.py:190} INFO -  Previous state of the Task instance: running
[2024-12-01T22:46:00.708+0000] {logging_mixin.py:190} INFO - Dag name:retreival_x_data queued_at:2024-12-01 22:45:18.867427+00:00
[2024-12-01T22:46:00.708+0000] {logging_mixin.py:190} INFO - Task hostname:3903981c8fb7 operator:PythonOperator
[2024-12-01T22:46:00.733+0000] {local_task_job_runner.py:266} INFO - Task exited with return code 0
[2024-12-01T22:46:00.757+0000] {taskinstance.py:3895} INFO - 0 downstream tasks scheduled from follow-on schedule check
[2024-12-01T22:46:00.759+0000] {local_task_job_runner.py:245} INFO - ::endgroup::
