[2024-12-01T16:10:38.026+0000] {local_task_job_runner.py:123} INFO - ::group::Pre task execution logs
[2024-12-01T16:10:38.041+0000] {taskinstance.py:2613} INFO - Dependencies all met for dep_context=non-requeueable deps ti=<TaskInstance: retreival_x_data.hashtag_retreive manual__2024-12-01T16:10:35.577193+00:00 [queued]>
[2024-12-01T16:10:38.046+0000] {taskinstance.py:2613} INFO - Dependencies all met for dep_context=requeueable deps ti=<TaskInstance: retreival_x_data.hashtag_retreive manual__2024-12-01T16:10:35.577193+00:00 [queued]>
[2024-12-01T16:10:38.047+0000] {taskinstance.py:2866} INFO - Starting attempt 1 of 1
[2024-12-01T16:10:38.057+0000] {taskinstance.py:2889} INFO - Executing <Task(PythonOperator): hashtag_retreive> on 2024-12-01 16:10:35.577193+00:00
[2024-12-01T16:10:38.066+0000] {warnings.py:112} WARNING - /home/***/.local/lib/python3.12/site-packages/***/task/task_runner/standard_task_runner.py:70: DeprecationWarning: This process (pid=9356) is multi-threaded, use of fork() may lead to deadlocks in the child.
  pid = os.fork()

[2024-12-01T16:10:38.068+0000] {standard_task_runner.py:72} INFO - Started process 9359 to run task
[2024-12-01T16:10:38.067+0000] {standard_task_runner.py:104} INFO - Running: ['***', 'tasks', 'run', 'retreival_x_data', 'hashtag_retreive', 'manual__2024-12-01T16:10:35.577193+00:00', '--job-id', '84', '--raw', '--subdir', 'DAGS_FOLDER/retreive_data.py', '--cfg-path', '/tmp/tmpiyrd1wff']
[2024-12-01T16:10:38.068+0000] {standard_task_runner.py:105} INFO - Job 84: Subtask hashtag_retreive
[2024-12-01T16:10:38.104+0000] {task_command.py:467} INFO - Running <TaskInstance: retreival_x_data.hashtag_retreive manual__2024-12-01T16:10:35.577193+00:00 [running]> on host 3903981c8fb7
[2024-12-01T16:10:38.166+0000] {taskinstance.py:3132} INFO - Exporting env vars: AIRFLOW_CTX_DAG_OWNER='nou' AIRFLOW_CTX_DAG_ID='retreival_x_data' AIRFLOW_CTX_TASK_ID='hashtag_retreive' AIRFLOW_CTX_EXECUTION_DATE='2024-12-01T16:10:35.577193+00:00' AIRFLOW_CTX_TRY_NUMBER='1' AIRFLOW_CTX_DAG_RUN_ID='manual__2024-12-01T16:10:35.577193+00:00'
[2024-12-01T16:10:38.167+0000] {logging_mixin.py:190} INFO - Task instance is in running state
[2024-12-01T16:10:38.167+0000] {logging_mixin.py:190} INFO -  Previous state of the Task instance: queued
[2024-12-01T16:10:38.168+0000] {logging_mixin.py:190} INFO - Current task name:hashtag_retreive state:running start_date:2024-12-01 16:10:38.041747+00:00
[2024-12-01T16:10:38.168+0000] {logging_mixin.py:190} INFO - Dag name:retreival_x_data and current dag run status:running
[2024-12-01T16:10:38.168+0000] {taskinstance.py:731} INFO - ::endgroup::
[2024-12-01T16:10:38.169+0000] {logging_mixin.py:190} INFO - finsihed task
[2024-12-01T16:11:26.151+0000] {job.py:229} INFO - Heartbeat recovered after 22.75 seconds
[2024-12-01T16:11:34.917+0000] {logging_mixin.py:190} INFO - Loading .env file
Loaded .env file


Initializing Twitter Scraper...
Setup WebDriver...
Initializing FirefoxDriver...
WebDriver Setup Complete

Logging in to Twitter...

Login Successful

Scraping Latest Tweets from #HalaMadrid...

Progress: [[----------------------------------------]] 0.00% 0 of 50                                                  
Progress: [[----------------------------------------]] 2.00% 1 of 50                                                  
Progress: [[=---------------------------------------]] 4.00% 2 of 50                                                  
Progress: [[==--------------------------------------]] 6.00% 3 of 50                                                  
Progress: [[===-------------------------------------]] 8.00% 4 of 50                                                  
Progress: [[====------------------------------------]] 10.00% 5 of 50                                                  
Progress: [[====------------------------------------]] 12.00% 6 of 50                                                  
Progress: [[=====-----------------------------------]] 14.00% 7 of 50                                                  
Progress: [[======----------------------------------]] 16.00% 8 of 50                                                  
Progress: [[=======---------------------------------]] 18.00% 9 of 50                                                  
Progress: [[========--------------------------------]] 20.00% 10 of 50                                                  
Progress: [[========--------------------------------]] 22.00% 11 of 50                                                  
Progress: [[=========-------------------------------]] 24.00% 12 of 50                                                  
Progress: [[==========------------------------------]] 26.00% 13 of 50                                                  
Progress: [[===========-----------------------------]] 28.00% 14 of 50                                                  
Progress: [[============----------------------------]] 30.00% 15 of 50                                                  
Progress: [[============----------------------------]] 32.00% 16 of 50                                                  
Progress: [[=============---------------------------]] 34.00% 17 of 50                                                  
Progress: [[==============--------------------------]] 36.00% 18 of 50                                                  
Progress: [[===============-------------------------]] 38.00% 19 of 50                                                  

Error scraping tweets: Message: WebDriver session does not exist, or is not active
Stacktrace:
RemoteError@chrome://remote/content/shared/RemoteError.sys.mjs:8:8
WebDriverError@chrome://remote/content/shared/webdriver/Errors.sys.mjs:193:5
InvalidSessionIDError@chrome://remote/content/shared/webdriver/Errors.sys.mjs:448:5
assert.that/<@chrome://remote/content/shared/webdriver/Assert.sys.mjs:515:13
assert.session@chrome://remote/content/shared/webdriver/Assert.sys.mjs:37:4
despatch@chrome://remote/content/marionette/server.sys.mjs:315:19
execute@chrome://remote/content/marionette/server.sys.mjs:289:16
onPacket/<@chrome://remote/content/marionette/server.sys.mjs:262:20
onPacket@chrome://remote/content/marionette/server.sys.mjs:263:9
_onJSONObjectReady/<@chrome://remote/content/marionette/transport.sys.mjs:494:20


Scraping Incomplete
Tweets: 19 out of 50

Saving Tweets to CSV...
Created Folder: tweets/
Error: NoBrokersAvailable
[2024-12-01T16:11:34.928+0000] {logging_mixin.py:190} INFO - The geckodriver version (0.32.0) detected in PATH at /usr/local/bin/geckodriver might not be compatible with the detected firefox version (133.0); currently, geckodriver 0.35.0 is recommended for firefox 133.*, so it is advised to delete the driver in PATH and retry
[2024-12-01T16:11:34.930+0000] {logging_mixin.py:190} INFO - finsihed task
[2024-12-01T16:11:34.932+0000] {python.py:240} INFO - Done. Returned value was: None
[2024-12-01T16:11:35.749+0000] {taskinstance.py:340} INFO - ::group::Post task execution logs
[2024-12-01T16:11:35.750+0000] {taskinstance.py:352} INFO - Marking task as SUCCESS. dag_id=retreival_x_data, task_id=hashtag_retreive, run_id=manual__2024-12-01T16:10:35.577193+00:00, execution_date=20241201T161035, start_date=20241201T161038, end_date=20241201T161135
[2024-12-01T16:11:35.762+0000] {logging_mixin.py:190} INFO - Task instance in success state
[2024-12-01T16:11:35.763+0000] {logging_mixin.py:190} INFO -  Previous state of the Task instance: running
[2024-12-01T16:11:35.763+0000] {logging_mixin.py:190} INFO - Dag name:retreival_x_data queued_at:2024-12-01 16:10:35.591726+00:00
[2024-12-01T16:11:35.763+0000] {logging_mixin.py:190} INFO - Task hostname:3903981c8fb7 operator:PythonOperator
[2024-12-01T16:11:35.793+0000] {local_task_job_runner.py:266} INFO - Task exited with return code 0
[2024-12-01T16:11:35.818+0000] {taskinstance.py:3895} INFO - 0 downstream tasks scheduled from follow-on schedule check
[2024-12-01T16:11:35.819+0000] {local_task_job_runner.py:245} INFO - ::endgroup::
