[2024-12-01T12:35:56.484+0000] {local_task_job_runner.py:123} INFO - ::group::Pre task execution logs
[2024-12-01T12:35:56.525+0000] {taskinstance.py:2613} INFO - Dependencies all met for dep_context=non-requeueable deps ti=<TaskInstance: retreival_x_data.hashtag_retreive scheduled__2024-11-22T00:00:00+00:00 [queued]>
[2024-12-01T12:35:56.538+0000] {taskinstance.py:2613} INFO - Dependencies all met for dep_context=requeueable deps ti=<TaskInstance: retreival_x_data.hashtag_retreive scheduled__2024-11-22T00:00:00+00:00 [queued]>
[2024-12-01T12:35:56.544+0000] {taskinstance.py:2866} INFO - Starting attempt 1 of 1
[2024-12-01T12:35:56.576+0000] {taskinstance.py:2889} INFO - Executing <Task(PythonOperator): hashtag_retreive> on 2024-11-22 00:00:00+00:00
[2024-12-01T12:35:56.602+0000] {warnings.py:112} WARNING - /home/***/.local/lib/python3.12/site-packages/***/task/task_runner/standard_task_runner.py:70: DeprecationWarning: This process (pid=775) is multi-threaded, use of fork() may lead to deadlocks in the child.
  pid = os.fork()

[2024-12-01T12:35:56.607+0000] {standard_task_runner.py:72} INFO - Started process 827 to run task
[2024-12-01T12:35:56.610+0000] {standard_task_runner.py:104} INFO - Running: ['***', 'tasks', 'run', 'retreival_x_data', 'hashtag_retreive', 'scheduled__2024-11-22T00:00:00+00:00', '--job-id', '52', '--raw', '--subdir', 'DAGS_FOLDER/retreive_data.py', '--cfg-path', '/tmp/tmpsw0wt5sz']
[2024-12-01T12:35:56.613+0000] {standard_task_runner.py:105} INFO - Job 52: Subtask hashtag_retreive
[2024-12-01T12:35:56.751+0000] {task_command.py:467} INFO - Running <TaskInstance: retreival_x_data.hashtag_retreive scheduled__2024-11-22T00:00:00+00:00 [running]> on host e824da4198b6
[2024-12-01T12:35:56.887+0000] {taskinstance.py:3132} INFO - Exporting env vars: AIRFLOW_CTX_DAG_OWNER='nou' AIRFLOW_CTX_DAG_ID='retreival_x_data' AIRFLOW_CTX_TASK_ID='hashtag_retreive' AIRFLOW_CTX_EXECUTION_DATE='2024-11-22T00:00:00+00:00' AIRFLOW_CTX_TRY_NUMBER='1' AIRFLOW_CTX_DAG_RUN_ID='scheduled__2024-11-22T00:00:00+00:00'
[2024-12-01T12:35:56.889+0000] {logging_mixin.py:190} INFO - Task instance is in running state
[2024-12-01T12:35:56.891+0000] {logging_mixin.py:190} INFO -  Previous state of the Task instance: queued
[2024-12-01T12:35:56.892+0000] {logging_mixin.py:190} INFO - Current task name:hashtag_retreive state:running start_date:2024-12-01 12:35:56.527548+00:00
[2024-12-01T12:35:56.893+0000] {logging_mixin.py:190} INFO - Dag name:retreival_x_data and current dag run status:running
[2024-12-01T12:35:56.895+0000] {taskinstance.py:731} INFO - ::endgroup::
[2024-12-01T12:35:56.949+0000] {logging_mixin.py:190} INFO - rer
[2024-12-01T12:35:56.950+0000] {python.py:240} INFO - Done. Returned value was: None
[2024-12-01T12:35:56.964+0000] {taskinstance.py:340} INFO - ::group::Post task execution logs
[2024-12-01T12:35:56.965+0000] {taskinstance.py:352} INFO - Marking task as SUCCESS. dag_id=retreival_x_data, task_id=hashtag_retreive, run_id=scheduled__2024-11-22T00:00:00+00:00, execution_date=20241122T000000, start_date=20241201T123556, end_date=20241201T123556
[2024-12-01T12:35:56.982+0000] {logging_mixin.py:190} INFO - Task instance in success state
[2024-12-01T12:35:56.983+0000] {logging_mixin.py:190} INFO -  Previous state of the Task instance: running
[2024-12-01T12:35:56.983+0000] {logging_mixin.py:190} INFO - Dag name:retreival_x_data queued_at:2024-12-01 12:35:40.684686+00:00
[2024-12-01T12:35:56.984+0000] {logging_mixin.py:190} INFO - Task hostname:e824da4198b6 operator:PythonOperator
[2024-12-01T12:35:57.027+0000] {local_task_job_runner.py:266} INFO - Task exited with return code 0
[2024-12-01T12:35:57.047+0000] {taskinstance.py:3895} INFO - 0 downstream tasks scheduled from follow-on schedule check
[2024-12-01T12:35:57.049+0000] {local_task_job_runner.py:245} INFO - ::endgroup::
