[2024-12-01T16:16:41.758+0000] {local_task_job_runner.py:123} INFO - ::group::Pre task execution logs
[2024-12-01T16:16:41.773+0000] {taskinstance.py:2613} INFO - Dependencies all met for dep_context=non-requeueable deps ti=<TaskInstance: retreival_x_data.hashtag_retreive manual__2024-12-01T16:16:40.013600+00:00 [queued]>
[2024-12-01T16:16:41.779+0000] {taskinstance.py:2613} INFO - Dependencies all met for dep_context=requeueable deps ti=<TaskInstance: retreival_x_data.hashtag_retreive manual__2024-12-01T16:16:40.013600+00:00 [queued]>
[2024-12-01T16:16:41.779+0000] {taskinstance.py:2866} INFO - Starting attempt 1 of 1
[2024-12-01T16:16:41.800+0000] {taskinstance.py:2889} INFO - Executing <Task(PythonOperator): hashtag_retreive> on 2024-12-01 16:16:40.013600+00:00
[2024-12-01T16:16:41.808+0000] {warnings.py:112} WARNING - /home/***/.local/lib/python3.12/site-packages/***/task/task_runner/standard_task_runner.py:70: DeprecationWarning: This process (pid=10313) is multi-threaded, use of fork() may lead to deadlocks in the child.
  pid = os.fork()

[2024-12-01T16:16:41.809+0000] {standard_task_runner.py:72} INFO - Started process 10316 to run task
[2024-12-01T16:16:41.810+0000] {standard_task_runner.py:104} INFO - Running: ['***', 'tasks', 'run', 'retreival_x_data', 'hashtag_retreive', 'manual__2024-12-01T16:16:40.013600+00:00', '--job-id', '87', '--raw', '--subdir', 'DAGS_FOLDER/retreive_data.py', '--cfg-path', '/tmp/tmpfxqrmv31']
[2024-12-01T16:16:41.810+0000] {standard_task_runner.py:105} INFO - Job 87: Subtask hashtag_retreive
[2024-12-01T16:16:41.851+0000] {task_command.py:467} INFO - Running <TaskInstance: retreival_x_data.hashtag_retreive manual__2024-12-01T16:16:40.013600+00:00 [running]> on host 3903981c8fb7
[2024-12-01T16:16:41.936+0000] {taskinstance.py:3132} INFO - Exporting env vars: AIRFLOW_CTX_DAG_OWNER='nou' AIRFLOW_CTX_DAG_ID='retreival_x_data' AIRFLOW_CTX_TASK_ID='hashtag_retreive' AIRFLOW_CTX_EXECUTION_DATE='2024-12-01T16:16:40.013600+00:00' AIRFLOW_CTX_TRY_NUMBER='1' AIRFLOW_CTX_DAG_RUN_ID='manual__2024-12-01T16:16:40.013600+00:00'
[2024-12-01T16:16:41.937+0000] {logging_mixin.py:190} INFO - Task instance is in running state
[2024-12-01T16:16:41.937+0000] {logging_mixin.py:190} INFO -  Previous state of the Task instance: queued
[2024-12-01T16:16:41.938+0000] {logging_mixin.py:190} INFO - Current task name:hashtag_retreive state:running start_date:2024-12-01 16:16:41.773662+00:00
[2024-12-01T16:16:41.938+0000] {logging_mixin.py:190} INFO - Dag name:retreival_x_data and current dag run status:running
[2024-12-01T16:16:41.938+0000] {taskinstance.py:731} INFO - ::endgroup::
[2024-12-01T16:16:41.939+0000] {logging_mixin.py:190} INFO - finsihed task
[2024-12-01T16:17:51.655+0000] {logging_mixin.py:190} INFO - Loading .env file
Loaded .env file


Initializing Twitter Scraper...
Setup WebDriver...
Initializing FirefoxDriver...
WebDriver Setup Complete

Logging in to Twitter...

Login Successful

Scraping Latest Tweets from #HalaMadrid...

Progress: [[----------------------------------------]] 0.00% 0 of 50                                                  
Progress: [[----------------------------------------]] 2.00% 1 of 50                                                  
Progress: [[=---------------------------------------]] 4.00% 2 of 50                                                  
Progress: [[==--------------------------------------]] 6.00% 3 of 50                                                  
Progress: [[===-------------------------------------]] 8.00% 4 of 50                                                  
Progress: [[====------------------------------------]] 10.00% 5 of 50                                                  
Progress: [[====------------------------------------]] 12.00% 6 of 50                                                  
Progress: [[=====-----------------------------------]] 14.00% 7 of 50                                                  
Progress: [[======----------------------------------]] 16.00% 8 of 50                                                  
Progress: [[=======---------------------------------]] 18.00% 9 of 50                                                  
Progress: [[========--------------------------------]] 20.00% 10 of 50                                                  
Progress: [[========--------------------------------]] 22.00% 11 of 50                                                  
Progress: [[=========-------------------------------]] 24.00% 12 of 50                                                  
Progress: [[==========------------------------------]] 26.00% 13 of 50                                                  
Progress: [[===========-----------------------------]] 28.00% 14 of 50                                                  
Progress: [[============----------------------------]] 30.00% 15 of 50                                                  
Progress: [[============----------------------------]] 32.00% 16 of 50                                                  
Progress: [[=============---------------------------]] 34.00% 17 of 50                                                  
Progress: [[==============--------------------------]] 36.00% 18 of 50                                                  
Progress: [[===============-------------------------]] 38.00% 19 of 50                                                  
Progress: [[================------------------------]] 40.00% 20 of 50                                                  
Progress: [[================------------------------]] 40.00% 20 of 50                                                  
Progress: [[================------------------------]] 42.00% 21 of 50                                                  
Progress: [[=================-----------------------]] 44.00% 22 of 50                                                  
Progress: [[==================----------------------]] 46.00% 23 of 50                                                  
Progress: [[===================---------------------]] 48.00% 24 of 50                                                  
Progress: [[====================--------------------]] 50.00% 25 of 50                                                  
Progress: [[====================--------------------]] 52.00% 26 of 50                                                  
Progress: [[=====================-------------------]] 54.00% 27 of 50                                                  
Progress: [[======================------------------]] 56.00% 28 of 50                                                  
Progress: [[=======================-----------------]] 58.00% 29 of 50                                                  
Progress: [[========================----------------]] 60.00% 30 of 50                                                  
Progress: [[========================----------------]] 62.00% 31 of 50                                                  
Progress: [[=========================---------------]] 64.00% 32 of 50                                                  
Progress: [[==========================--------------]] 66.00% 33 of 50                                                  
Progress: [[===========================-------------]] 68.00% 34 of 50                                                  
Progress: [[============================------------]] 70.00% 35 of 50                                                  
Progress: [[============================------------]] 72.00% 36 of 50                                                  
Progress: [[=============================-----------]] 74.00% 37 of 50                                                  
Progress: [[=============================-----------]] 74.00% 37 of 50                                                  
Progress: [[==============================----------]] 76.00% 38 of 50                                                  
Progress: [[===============================---------]] 78.00% 39 of 50                                                  
Progress: [[================================--------]] 80.00% 40 of 50                                                  
Progress: [[================================--------]] 82.00% 41 of 50                                                  
Progress: [[=================================-------]] 84.00% 42 of 50                                                  
Progress: [[==================================------]] 86.00% 43 of 50                                                  
Progress: [[===================================-----]] 88.00% 44 of 50                                                  
Progress: [[====================================----]] 90.00% 45 of 50                                                  
Progress: [[====================================----]] 92.00% 46 of 50                                                  
Progress: [[=====================================---]] 94.00% 47 of 50                                                  
Progress: [[======================================--]] 96.00% 48 of 50                                                  
Progress: [[=======================================-]] 98.00% 49 of 50                                                  
Progress: [[========================================]] 100.00% 50 of 50                                                  
Scraping Complete
Tweets: 50 out of 50

Saving Tweets to CSV...
<kafka.producer.kafka.KafkaProducer object at 0x7f67a369bd10>
[2024-12-01T16:17:51.656+0000] {logging_mixin.py:190} INFO - The geckodriver version (0.32.0) detected in PATH at /usr/local/bin/geckodriver might not be compatible with the detected firefox version (133.0); currently, geckodriver 0.35.0 is recommended for firefox 133.*, so it is advised to delete the driver in PATH and retry
[2024-12-01T16:17:51.656+0000] {logging_mixin.py:190} INFO - finsihed task
[2024-12-01T16:17:51.657+0000] {python.py:240} INFO - Done. Returned value was: None
[2024-12-01T16:17:51.872+0000] {taskinstance.py:340} INFO - ::group::Post task execution logs
[2024-12-01T16:17:51.873+0000] {taskinstance.py:352} INFO - Marking task as SUCCESS. dag_id=retreival_x_data, task_id=hashtag_retreive, run_id=manual__2024-12-01T16:16:40.013600+00:00, execution_date=20241201T161640, start_date=20241201T161641, end_date=20241201T161751
[2024-12-01T16:17:51.884+0000] {logging_mixin.py:190} INFO - Task instance in success state
[2024-12-01T16:17:51.884+0000] {logging_mixin.py:190} INFO -  Previous state of the Task instance: running
[2024-12-01T16:17:51.885+0000] {logging_mixin.py:190} INFO - Dag name:retreival_x_data queued_at:2024-12-01 16:16:40.047290+00:00
[2024-12-01T16:17:51.885+0000] {logging_mixin.py:190} INFO - Task hostname:3903981c8fb7 operator:PythonOperator
[2024-12-01T16:17:51.907+0000] {local_task_job_runner.py:266} INFO - Task exited with return code 0
[2024-12-01T16:17:51.921+0000] {taskinstance.py:3895} INFO - 0 downstream tasks scheduled from follow-on schedule check
[2024-12-01T16:17:51.922+0000] {local_task_job_runner.py:245} INFO - ::endgroup::
